2025-12-26 16:16:00 | ERROR | 并行多次程序.py:30 : 脚本文件不存在: C:\Users\admin\Desktop\yiyuan_spider\执行脚本\淘系_生意参谋\tb_tk_淘宝联盟_数据分析_cps订单明细_订单结算明细报表_202505.py
2025-12-26 16:25:00 | ERROR | apscheduler并发执行.py:30 : 脚本文件不存在: C:\Users\admin\Desktop\yiyuan_spider\执行脚本\淘系_生意参谋\tb_tk_淘宝联盟_数据分析_cps订单明细_订单结算明细报表_202505.py
2025-12-26 16:52:00 | ERROR | apscheduler并发执行.py:35 : 脚本文件不存在: C:\Users\admin\Desktop\yiyuan_spider\执行脚本\test\test\test004.py
2025-12-26 19:11:10 | ERROR | script_scheduler.py:63 : 脚本执行失败: 执行脚本/淘系_淘宝联盟/tb_tk_淘宝联盟_商品分析_202504.py
2025-12-26 19:11:10 | ERROR | script_scheduler.py:64 : 错误: [32m2025-12-26 19:11:00.526[0m | [1mINFO    [0m | [36mextra.select_shop_date[0m:[36mselect_shop_date[0m:[36m34[0m - [1m
************************************************************************************************************************[0m
[32m2025-12-26 19:11:00.527[0m | [1mINFO    [0m | [36mextra.select_shop_date[0m:[36mselect_shop_date[0m:[36m35[0m - [1m开始采集：tb_tk_淘宝联盟_商品分析_202504[0m
[32m2025-12-26 19:11:00.527[0m | [1mINFO    [0m | [36mextra.select_shop_date[0m:[36mselect_shop_date[0m:[36m36[0m - [1m接收到的命令行参数: ['C:\\Users\\admin\\Desktop\\yiyuan_spider\\执行脚本\\淘系_淘宝联盟\\tb_tk_淘宝联盟_商品分析_202504.py'][0m
[32m2025-12-26 19:11:00.528[0m | [1mINFO    [0m | [36mextra.select_shop_date[0m:[36mselect_shop_date[0m:[36m67[0m - [1m采集日期列表['2025-12-25', '2025-12-24', '2025-12-23'],采集店铺['林内热水器旗舰店', '林内官方旗舰店'][0m
[32m2025-12-26 19:11:00.832[0m | [1mINFO    [0m | [36mextra.extra_reqlog[0m:[36mreq_log[0m:[36m12[0m - [1m在<frame at 0x00000238FBD79590, file 'C:\\Users\\admin\\Desktop\\yiyuan_spider\\API\\API_TaoKe\\API_TaoKe_Good.py', line 120, code goods_task_status_list>发起了调用,请求成功（status_code:200）[0m
[32m2025-12-26 19:11:00.832[0m | [1mINFO    [0m | [36mAPI.API_TaoKe.API_TaoKe_Base[0m:[36mget_task_status_list[0m:[36m29[0m - [1m{'2025-12-23 00:00:00~2025-12-23 23:59:59-普通招商/全部活动-商品分析': 699306183, '2025-12-24 00:00:00~2025-12-24 23:59:59-普通招商/全部活动-商品分析': 699306182, '2025-12-25 00:00:00~2025-12-25 23:59:59-普通招商/全部活动-商品分析': 699306181, '2025-12-23 00:00:00~2025-12-23 23:59:59-超级淘客/全部活动-商品分析': 699306121, '2025-12-24 00:00:00~2025-12-24 23:59:59-超级淘客/全部活动-商品分析': 699306120, '2025-12-25 00:00:00~2025-12-25 23:59:59-超级淘客/全部活动-商品分析': 699306119, '2025-12-24 00:00:00~2025-12-24 23:59:59-超级U选/全部活动-商品分析': 699305979, '2025-12-25 00:00:00~2025-12-25 23:59:59-超级U选/全部活动-商品分析': 699305978, '2025-12-23 00:00:00~2025-12-23 23:59:59-超级U选/全部活动-商品分析': 699305980, '2025-12-23 00:00:00~2025-12-23 23:59:59-商品分析': 699299195}[0m
[32m2025-12-26 19:11:00.833[0m | [1mINFO    [0m | [36mAPI.API_TaoKe.API_TaoKe_Good[0m:[36mcreate_goods_analysis_task[0m:[36m78[0m - [1m
------------------------------------------------------------------------------------------------------------------------
在创建 2025-12-25 00:00:00~2025-12-25 23:59:59-超级U选/全部活动 报告[0m
[32m2025-12-26 19:11:00.833[0m | [1mINFO    [0m | [36mAPI.API_TaoKe.API_TaoKe_Good[0m:[36mcreate_goods_analysis_task[0m:[36m81[0m - [1m报告已存在，且完成2025-12-25 00:00:00~2025-12-25 23:59:59-超级U选/全部活动-商品分析[0m
[32m2025-12-26 19:11:00.833[0m | [1mINFO    [0m | [36mAPI.API_TaoKe.API_TaoKe_Good[0m:[36mcreate_goods_analysis_task[0m:[36m78[0m - [1m
------------------------------------------------------------------------------------------------------------------------
在创建 2025-12-24 00:00:00~2025-12-24 23:59:59-超级U选/全部活动 报告[0m
[32m2025-12-26 19:11:00.833[0m | [1mINFO    [0m | [36mAPI.API_TaoKe.API_TaoKe_Good[0m:[36mcreate_goods_analysis_task[0m:[36m81[0m - [1m报告已存在，且完成2025-12-24 00:00:00~2025-12-24 23:59:59-超级U选/全部活动-商品分析[0m
[32m2025-12-26 19:11:00.833[0m | [1mINFO    [0m | [36mAPI.API_TaoKe.API_TaoKe_Good[0m:[36mcreate_goods_analysis_task[0m:[36m78[0m - [1m
------------------------------------------------------------------------------------------------------------------------
在创建 2025-12-23 00:00:00~2025-12-23 23:59:59-超级U选/全部活动 报告[0m
[32m2025-12-26 19:11:00.833[0m | [1mINFO    [0m | [36mAPI.API_TaoKe.API_TaoKe_Good[0m:[36mcreate_goods_analysis_task[0m:[36m81[0m - [1m报告已存在，且完成2025-12-23 00:00:00~2025-12-23 23:59:59-超级U选/全部活动-商品分析[0m
[32m2025-12-26 19:11:00.833[0m | [1mINFO    [0m | [36m__main__[0m:[36m<module>[0m:[36m63[0m - [1m
========================================================================================================================
正在采集林内官方旗舰店，2025-12-24的数据[0m
[32m2025-12-26 19:11:00.944[0m | [1mINFO    [0m | [36mextra.extra_reqlog[0m:[36mreq_log[0m:[36m12[0m - [1m在<frame at 0x00000238FBD79590, file 'C:\\Users\\admin\\Desktop\\yiyuan_spider\\API\\API_TaoKe\\API_TaoKe_Good.py', line 120, code goods_task_status_list>发起了调用,请求成功（status_code:200）[0m
[32m2025-12-26 19:11:00.944[0m | [1mINFO    [0m | [36mAPI.API_TaoKe.API_TaoKe_Base[0m:[36mget_task_status_list[0m:[36m29[0m - [1m{'2025-12-23 00:00:00~2025-12-23 23:59:59-普通招商/全部活动-商品分析': 699306183, '2025-12-24 00:00:00~2025-12-24 23:59:59-普通招商/全部活动-商品分析': 699306182, '2025-12-25 00:00:00~2025-12-25 23:59:59-普通招商/全部活动-商品分析': 699306181, '2025-12-23 00:00:00~2025-12-23 23:59:59-超级淘客/全部活动-商品分析': 699306121, '2025-12-24 00:00:00~2025-12-24 23:59:59-超级淘客/全部活动-商品分析': 699306120, '2025-12-25 00:00:00~2025-12-25 23:59:59-超级淘客/全部活动-商品分析': 699306119, '2025-12-24 00:00:00~2025-12-24 23:59:59-超级U选/全部活动-商品分析': 699305979, '2025-12-25 00:00:00~2025-12-25 23:59:59-超级U选/全部活动-商品分析': 699305978, '2025-12-23 00:00:00~2025-12-23 23:59:59-超级U选/全部活动-商品分析': 699305980, '2025-12-23 00:00:00~2025-12-23 23:59:59-商品分析': 699299195}[0m
[32m2025-12-26 19:11:01.055[0m | [1mINFO    [0m | [36mextra.extra_reqlog[0m:[36mreq_log[0m:[36m12[0m - [1m在<frame at 0x00000238FBF34610, file 'C:\\Users\\admin\\Desktop\\yiyuan_spider\\API\\API_TaoKe\\API_TaoKe_Good.py', line 167, code fetch_goods_file_link>发起了调用,请求成功（status_code:200）[0m
[32m2025-12-26 19:11:01.056[0m | [1mINFO    [0m | [36mextra.downloader[0m:[36m_make_request_get[0m:[36m93[0m - [1mhttps://union-file-center.oss-cn-zhangjiakou.aliyuncs.com/online_5a0be551799d5e28036ec906228e841b?Expires=1766747472&OSSAccessKeyId=LTAI4FmnP9ZhkUeeAQpo4VPC&Signature=hXODOIoQKWAsFL8SVYncT0yHoiY%3D&response-content-disposition=attachment%3B%20filename%3D2025-12-24%2000%253A00%253A00%257E2025-12-24%2023%253A59%253A59-%25E8%25B6%2585%25E7%25BA%25A7U%25E9%2580%2589%252F%25E5%2585%25A8%25E9%2583%25A8%25E6%25B4%25BB%25E5%258A%25A8-%25E5%2595%2586%25E5%2593%2581%25E5%2588%2586%25E6%259E%2590.csv&response-content-type=text%2Fplain%3B%20charset%3DUTF-8[0m
[32m2025-12-26 19:11:01.463[0m | [1mINFO    [0m | [36mextra.extra_reqlog[0m:[36mreq_log[0m:[36m12[0m - [1m在<frame at 0x00000238FBF31300, file 'C:\\Users\\admin\\Desktop\\yiyuan_spider\\extra\\downloader.py', line 95, code _make_request_get>发起了调用,请求成功（status_code:200）[0m
[32m2025-12-26 19:11:01.535[0m | [1mINFO    [0m | [36m__main__[0m:[36m<module>[0m:[36m78[0m - [1m['林内热水器旗舰店', '林内官方旗舰店'],2025-12-24已入库[0m
[32m2025-12-26 19:11:01.535[0m | [1mINFO    [0m | [36m__main__[0m:[36m<module>[0m:[36m63[0m - [1m
========================================================================================================================
正在采集林内官方旗舰店，2025-12-25的数据[0m
[32m2025-12-26 19:11:01.663[0m | [1mINFO    [0m | [36mextra.extra_reqlog[0m:[36mreq_log[0m:[36m12[0m - [1m在<frame at 0x00000238FBD79590, file 'C:\\Users\\admin\\Desktop\\yiyuan_spider\\API\\API_TaoKe\\API_TaoKe_Good.py', line 120, code goods_task_status_list>发起了调用,请求成功（status_code:200）[0m
[32m2025-12-26 19:11:01.664[0m | [1mINFO    [0m | [36mAPI.API_TaoKe.API_TaoKe_Base[0m:[36mget_task_status_list[0m:[36m29[0m - [1m{'2025-12-23 00:00:00~2025-12-23 23:59:59-普通招商/全部活动-商品分析': 699306183, '2025-12-24 00:00:00~2025-12-24 23:59:59-普通招商/全部活动-商品分析': 699306182, '2025-12-25 00:00:00~2025-12-25 23:59:59-普通招商/全部活动-商品分析': 699306181, '2025-12-23 00:00:00~2025-12-23 23:59:59-超级淘客/全部活动-商品分析': 699306121, '2025-12-24 00:00:00~2025-12-24 23:59:59-超级淘客/全部活动-商品分析': 699306120, '2025-12-25 00:00:00~2025-12-25 23:59:59-超级淘客/全部活动-商品分析': 699306119, '2025-12-24 00:00:00~2025-12-24 23:59:59-超级U选/全部活动-商品分析': 699305979, '2025-12-25 00:00:00~2025-12-25 23:59:59-超级U选/全部活动-商品分析': 699305978, '2025-12-23 00:00:00~2025-12-23 23:59:59-超级U选/全部活动-商品分析': 699305980, '2025-12-23 00:00:00~2025-12-23 23:59:59-商品分析': 699299195}[0m
[32m2025-12-26 19:11:01.774[0m | [1mINFO    [0m | [36mextra.extra_reqlog[0m:[36mreq_log[0m:[36m12[0m - [1m在<frame at 0x00000238FBF34610, file 'C:\\Users\\admin\\Desktop\\yiyuan_spider\\API\\API_TaoKe\\API_TaoKe_Good.py', line 167, code fetch_goods_file_link>发起了调用,请求成功（status_code:200）[0m
[32m2025-12-26 19:11:01.774[0m | [1mINFO    [0m | [36mextra.downloader[0m:[36m_make_request_get[0m:[36m93[0m - [1mhttps://union-file-center.oss-cn-zhangjiakou.aliyuncs.com/online_dd321abc3c7a316c114449feb27885ee?Expires=1766747473&OSSAccessKeyId=LTAI4FmnP9ZhkUeeAQpo4VPC&Signature=elcvZc%2F2fx%2FkUlkV7sbgWVXeakY%3D&response-content-disposition=attachment%3B%20filename%3D2025-12-25%2000%253A00%253A00%257E2025-12-25%2023%253A59%253A59-%25E8%25B6%2585%25E7%25BA%25A7U%25E9%2580%2589%252F%25E5%2585%25A8%25E9%2583%25A8%25E6%25B4%25BB%25E5%258A%25A8-%25E5%2595%2586%25E5%2593%2581%25E5%2588%2586%25E6%259E%2590.csv&response-content-type=text%2Fplain%3B%20charset%3DUTF-8[0m
[32m2025-12-26 19:11:02.490[0m | [1mINFO    [0m | [36mextra.extra_reqlog[0m:[36mreq_log[0m:[36m12[0m - [1m在<frame at 0x00000238FBF31300, file 'C:\\Users\\admin\\Desktop\\yiyuan_spider\\extra\\downloader.py', line 95, code _make_request_get>发起了调用,请求成功（status_code:200）[0m
[32m2025-12-26 19:11:02.555[0m | [1mINFO    [0m | [36m__main__[0m:[36m<module>[0m:[36m78[0m - [1m['林内热水器旗舰店', '林内官方旗舰店'],2025-12-25已入库[0m
[32m2025-12-26 19:11:02.555[0m | [1mINFO    [0m | [36m__main__[0m:[36m<module>[0m:[36m63[0m - [1m
========================================================================================================================
正在采集林内官方旗舰店，2025-12-23的数据[0m
[32m2025-12-26 19:11:02.680[0m | [1mINFO    [0m | [36mextra.extra_reqlog[0m:[36mreq_log[0m:[36m12[0m - [1m在<frame at 0x00000238FBD79590, file 'C:\\Users\\admin\\Desktop\\yiyuan_spider\\API\\API_TaoKe\\API_TaoKe_Good.py', line 120, code goods_task_status_list>发起了调用,请求成功（status_code:200）[0m
[32m2025-12-26 19:11:02.681[0m | [1mINFO    [0m | [36mAPI.API_TaoKe.API_TaoKe_Base[0m:[36mget_task_status_list[0m:[36m29[0m - [1m{'2025-12-23 00:00:00~2025-12-23 23:59:59-普通招商/全部活动-商品分析': 699306183, '2025-12-24 00:00:00~2025-12-24 23:59:59-普通招商/全部活动-商品分析': 699306182, '2025-12-25 00:00:00~2025-12-25 23:59:59-普通招商/全部活动-商品分析': 699306181, '2025-12-23 00:00:00~2025-12-23 23:59:59-超级淘客/全部活动-商品分析': 699306121, '2025-12-24 00:00:00~2025-12-24 23:59:59-超级淘客/全部活动-商品分析': 699306120, '2025-12-25 00:00:00~2025-12-25 23:59:59-超级淘客/全部活动-商品分析': 699306119, '2025-12-24 00:00:00~2025-12-24 23:59:59-超级U选/全部活动-商品分析': 699305979, '2025-12-25 00:00:00~2025-12-25 23:59:59-超级U选/全部活动-商品分析': 699305978, '2025-12-23 00:00:00~2025-12-23 23:59:59-超级U选/全部活动-商品分析': 699305980, '2025-12-23 00:00:00~2025-12-23 23:59:59-商品分析': 699299195}[0m
[32m2025-12-26 19:11:02.812[0m | [1mINFO    [0m | [36mextra.extra_reqlog[0m:[36mreq_log[0m:[36m12[0m - [1m在<frame at 0x00000238FBF34610, file 'C:\\Users\\admin\\Desktop\\yiyuan_spider\\API\\API_TaoKe\\API_TaoKe_Good.py', line 167, code fetch_goods_file_link>发起了调用,请求成功（status_code:200）[0m
[32m2025-12-26 19:11:02.812[0m | [1mINFO    [0m | [36mextra.downloader[0m:[36m_make_request_get[0m:[36m93[0m - [1mhttps://union-file-center.oss-cn-zhangjiakou.aliyuncs.com/online_7d78521d55da7265742bfb4602838500?Expires=1766747474&OSSAccessKeyId=LTAI4FmnP9ZhkUeeAQpo4VPC&Signature=c%2BgfHf%2FAVIlxnykoj3eSV9SRZck%3D&response-content-disposition=attachment%3B%20filename%3D2025-12-23%2000%253A00%253A00%257E2025-12-23%2023%253A59%253A59-%25E8%25B6%2585%25E7%25BA%25A7U%25E9%2580%2589%252F%25E5%2585%25A8%25E9%2583%25A8%25E6%25B4%25BB%25E5%258A%25A8-%25E5%2595%2586%25E5%2593%2581%25E5%2588%2586%25E6%259E%2590.csv&response-content-type=text%2Fplain%3B%20charset%3DUTF-8[0m
[32m2025-12-26 19:11:03.508[0m | [1mINFO    [0m | [36mextra.extra_reqlog[0m:[36mreq_log[0m:[36m12[0m - [1m在<frame at 0x00000238FBF31300, file 'C:\\Users\\admin\\Desktop\\yiyuan_spider\\extra\\downloader.py', line 95, code _make_request_get>发起了调用,请求成功（status_code:200）[0m
[32m2025-12-26 19:11:03.588[0m | [1mINFO    [0m | [36m__main__[0m:[36m<module>[0m:[36m78[0m - [1m['林内热水器旗舰店', '林内官方旗舰店'],2025-12-23已入库[0m
[32m2025-12-26 19:11:03.731[0m | [1mINFO    [0m | [36mextra.extra_reqlog[0m:[36mreq_log[0m:[36m12[0m - [1m在<frame at 0x00000238FBD79590, file 'C:\\Users\\admin\\Desktop\\yiyuan_spider\\API\\API_TaoKe\\API_TaoKe_Good.py', line 120, code goods_task_status_list>发起了调用,请求成功（status_code:200）[0m
[32m2025-12-26 19:11:03.731[0m | [1mINFO    [0m | [36mAPI.API_TaoKe.API_TaoKe_Base[0m:[36mget_task_status_list[0m:[36m29[0m - [1m{'2025-12-23 00:00:00~2025-12-23 23:59:59-普通招商/全部活动-商品分析': 699306183, '2025-12-24 00:00:00~2025-12-24 23:59:59-普通招商/全部活动-商品分析': 699306182, '2025-12-25 00:00:00~2025-12-25 23:59:59-普通招商/全部活动-商品分析': 699306181, '2025-12-23 00:00:00~2025-12-23 23:59:59-超级淘客/全部活动-商品分析': 699306121, '2025-12-24 00:00:00~2025-12-24 23:59:59-超级淘客/全部活动-商品分析': 699306120, '2025-12-25 00:00:00~2025-12-25 23:59:59-超级淘客/全部活动-商品分析': 699306119, '2025-12-24 00:00:00~2025-12-24 23:59:59-超级U选/全部活动-商品分析': 699305979, '2025-12-25 00:00:00~2025-12-25 23:59:59-超级U选/全部活动-商品分析': 699305978, '2025-12-23 00:00:00~2025-12-23 23:59:59-超级U选/全部活动-商品分析': 699305980, '2025-12-23 00:00:00~2025-12-23 23:59:59-商品分析': 699299195}[0m
[32m2025-12-26 19:11:03.732[0m | [1mINFO    [0m | [36mAPI.API_TaoKe.API_TaoKe_Good[0m:[36mcreate_goods_analysis_task[0m:[36m78[0m - [1m
------------------------------------------------------------------------------------------------------------------------
在创建 2025-12-25 00:00:00~2025-12-25 23:59:59-超级淘客/全部活动 报告[0m
[32m2025-12-26 19:11:03.732[0m | [1mINFO    [0m | [36mAPI.API_TaoKe.API_TaoKe_Good[0m:[36mcreate_goods_analysis_task[0m:[36m81[0m - [1m报告已存在，且完成2025-12-25 00:00:00~2025-12-25 23:59:59-超级淘客/全部活动-商品分析[0m
[32m2025-12-26 19:11:03.732[0m | [1mINFO    [0m | [36mAPI.API_TaoKe.API_TaoKe_Good[0m:[36mcreate_goods_analysis_task[0m:[36m78[0m - [1m
------------------------------------------------------------------------------------------------------------------------
在创建 2025-12-24 00:00:00~2025-12-24 23:59:59-超级淘客/全部活动 报告[0m
[32m2025-12-26 19:11:03.732[0m | [1mINFO    [0m | [36mAPI.API_TaoKe.API_TaoKe_Good[0m:[36mcreate_goods_analysis_task[0m:[36m81[0m - [1m报告已存在，且完成2025-12-24 00:00:00~2025-12-24 23:59:59-超级淘客/全部活动-商品分析[0m
[32m2025-12-26 19:11:03.733[0m | [1mINFO    [0m | [36mAPI.API_TaoKe.API_TaoKe_Good[0m:[36mcreate_goods_analysis_task[0m:[36m78[0m - [1m
------------------------------------------------------------------------------------------------------------------------
在创建 2025-12-23 00:00:00~2025-12-23 23:59:59-超级淘客/全部活动 报告[0m
[32m2025-12-26 19:11:03.733[0m | [1mINFO    [0m | [36mAPI.API_TaoKe.API_TaoKe_Good[0m:[36mcreate_goods_analysis_task[0m:[36m81[0m - [1m报告已存在，且完成2025-12-23 00:00:00~2025-12-23 23:59:59-超级淘客/全部活动-商品分析[0m
[32m2025-12-26 19:11:03.733[0m | [1mINFO    [0m | [36m__main__[0m:[36m<module>[0m:[36m63[0m - [1m
========================================================================================================================
正在采集林内官方旗舰店，2025-12-24的数据[0m
[32m2025-12-26 19:11:03.856[0m | [1mINFO    [0m | [36mextra.extra_reqlog[0m:[36mreq_log[0m:[36m12[0m - [1m在<frame at 0x00000238FBD79590, file 'C:\\Users\\admin\\Desktop\\yiyuan_spider\\API\\API_TaoKe\\API_TaoKe_Good.py', line 120, code goods_task_status_list>发起了调用,请求成功（status_code:200）[0m
[32m2025-12-26 19:11:03.857[0m | [1mINFO    [0m | [36mAPI.API_TaoKe.API_TaoKe_Base[0m:[36mget_task_status_list[0m:[36m29[0m - [1m{'2025-12-23 00:00:00~2025-12-23 23:59:59-普通招商/全部活动-商品分析': 699306183, '2025-12-24 00:00:00~2025-12-24 23:59:59-普通招商/全部活动-商品分析': 699306182, '2025-12-25 00:00:00~2025-12-25 23:59:59-普通招商/全部活动-商品分析': 699306181, '2025-12-23 00:00:00~2025-12-23 23:59:59-超级淘客/全部活动-商品分析': 699306121, '2025-12-24 00:00:00~2025-12-24 23:59:59-超级淘客/全部活动-商品分析': 699306120, '2025-12-25 00:00:00~2025-12-25 23:59:59-超级淘客/全部活动-商品分析': 699306119, '2025-12-24 00:00:00~2025-12-24 23:59:59-超级U选/全部活动-商品分析': 699305979, '2025-12-25 00:00:00~2025-12-25 23:59:59-超级U选/全部活动-商品分析': 699305978, '2025-12-23 00:00:00~2025-12-23 23:59:59-超级U选/全部活动-商品分析': 699305980, '2025-12-23 00:00:00~2025-12-23 23:59:59-商品分析': 699299195}[0m
[32m2025-12-26 19:11:03.977[0m | [1mINFO    [0m | [36mextra.extra_reqlog[0m:[36mreq_log[0m:[36m12[0m - [1m在<frame at 0x00000238FBF34610, file 'C:\\Users\\admin\\Desktop\\yiyuan_spider\\API\\API_TaoKe\\API_TaoKe_Good.py', line 167, code fetch_goods_file_link>发起了调用,请求成功（status_code:200）[0m
[32m2025-12-26 19:11:03.977[0m | [1mINFO    [0m | [36mextra.downloader[0m:[36m_make_request_get[0m:[36m93[0m - [1mhttps://union-file-center.oss-cn-zhangjiakou.aliyuncs.com/online_1a6d51c062a9b8ac607e99ae455c6ced?Expires=1766747475&OSSAccessKeyId=LTAI4FmnP9ZhkUeeAQpo4VPC&Signature=%2FHsfxN2o2%2B0bSOF1iVex%2FIlRT8A%3D&response-content-disposition=attachment%3B%20filename%3D2025-12-24%2000%253A00%253A00%257E2025-12-24%2023%253A59%253A59-%25E8%25B6%2585%25E7%25BA%25A7%25E6%25B7%2598%25E5%25AE%25A2%252F%25E5%2585%25A8%25E9%2583%25A8%25E6%25B4%25BB%25E5%258A%25A8-%25E5%2595%2586%25E5%2593%2581%25E5%2588%2586%25E6%259E%2590.csv&response-content-type=text%2Fplain%3B%20charset%3DUTF-8[0m
[32m2025-12-26 19:11:04.372[0m | [1mINFO    [0m | [36mextra.extra_reqlog[0m:[36mreq_log[0m:[36m12[0m - [1m在<frame at 0x00000238FBF31300, file 'C:\\Users\\admin\\Desktop\\yiyuan_spider\\extra\\downloader.py', line 95, code _make_request_get>发起了调用,请求成功（status_code:200）[0m
[32m2025-12-26 19:11:04.458[0m | [1mINFO    [0m | [36m__main__[0m:[36m<module>[0m:[36m78[0m - [1m['林内热水器旗舰店', '林内官方旗舰店'],2025-12-24已入库[0m
[32m2025-12-26 19:11:04.458[0m | [1mINFO    [0m | [36m__main__[0m:[36m<module>[0m:[36m63[0m - [1m
========================================================================================================================
正在采集林内官方旗舰店，2025-12-25的数据[0m
[32m2025-12-26 19:11:04.578[0m | [1mINFO    [0m | [36mextra.extra_reqlog[0m:[36mreq_log[0m:[36m12[0m - [1m在<frame at 0x00000238FBD79590, file 'C:\\Users\\admin\\Desktop\\yiyuan_spider\\API\\API_TaoKe\\API_TaoKe_Good.py', line 120, code goods_task_status_list>发起了调用,请求成功（status_code:200）[0m
[32m2025-12-26 19:11:04.579[0m | [1mINFO    [0m | [36mAPI.API_TaoKe.API_TaoKe_Base[0m:[36mget_task_status_list[0m:[36m29[0m - [1m{'2025-12-23 00:00:00~2025-12-23 23:59:59-普通招商/全部活动-商品分析': 699306183, '2025-12-24 00:00:00~2025-12-24 23:59:59-普通招商/全部活动-商品分析': 699306182, '2025-12-25 00:00:00~2025-12-25 23:59:59-普通招商/全部活动-商品分析': 699306181, '2025-12-23 00:00:00~2025-12-23 23:59:59-超级淘客/全部活动-商品分析': 699306121, '2025-12-24 00:00:00~2025-12-24 23:59:59-超级淘客/全部活动-商品分析': 699306120, '2025-12-25 00:00:00~2025-12-25 23:59:59-超级淘客/全部活动-商品分析': 699306119, '2025-12-24 00:00:00~2025-12-24 23:59:59-超级U选/全部活动-商品分析': 699305979, '2025-12-25 00:00:00~2025-12-25 23:59:59-超级U选/全部活动-商品分析': 699305978, '2025-12-23 00:00:00~2025-12-23 23:59:59-超级U选/全部活动-商品分析': 699305980, '2025-12-23 00:00:00~2025-12-23 23:59:59-商品分析': 699299195}[0m
[32m2025-12-26 19:11:04.711[0m | [1mINFO    [0m | [36mextra.extra_reqlog[0m:[36mreq_log[0m:[36m12[0m - [1m在<frame at 0x00000238FBF34610, file 'C:\\Users\\admin\\Desktop\\yiyuan_spider\\API\\API_TaoKe\\API_TaoKe_Good.py', line 167, code fetch_goods_file_link>发起了调用,请求成功（status_code:200）[0m
[32m2025-12-26 19:11:04.712[0m | [1mINFO    [0m | [36mextra.downloader[0m:[36m_make_request_get[0m:[36m93[0m - [1mhttps://union-file-center.oss-cn-zhangjiakou.aliyuncs.com/online_c4db76fbaded88e8ad2fe84570714144?Expires=1766747476&OSSAccessKeyId=LTAI4FmnP9ZhkUeeAQpo4VPC&Signature=s%2BO%2BMNhatmSJE3zzleTW09BrKhA%3D&response-content-disposition=attachment%3B%20filename%3D2025-12-25%2000%253A00%253A00%257E2025-12-25%2023%253A59%253A59-%25E8%25B6%2585%25E7%25BA%25A7%25E6%25B7%2598%25E5%25AE%25A2%252F%25E5%2585%25A8%25E9%2583%25A8%25E6%25B4%25BB%25E5%258A%25A8-%25E5%2595%2586%25E5%2593%2581%25E5%2588%2586%25E6%259E%2590.csv&response-content-type=text%2Fplain%3B%20charset%3DUTF-8[0m
[32m2025-12-26 19:11:05.474[0m | [1mINFO    [0m | [36mextra.extra_reqlog[0m:[36mreq_log[0m:[36m12[0m - [1m在<frame at 0x00000238FBF31300, file 'C:\\Users\\admin\\Desktop\\yiyuan_spider\\extra\\downloader.py', line 95, code _make_request_get>发起了调用,请求成功（status_code:200）[0m
[32m2025-12-26 19:11:05.572[0m | [1mINFO    [0m | [36m__main__[0m:[36m<module>[0m:[36m78[0m - [1m['林内热水器旗舰店', '林内官方旗舰店'],2025-12-25已入库[0m
[32m2025-12-26 19:11:05.573[0m | [1mINFO    [0m | [36m__main__[0m:[36m<module>[0m:[36m63[0m - [1m
========================================================================================================================
正在采集林内官方旗舰店，2025-12-23的数据[0m
[32m2025-12-26 19:11:05.695[0m | [1mINFO    [0m | [36mextra.extra_reqlog[0m:[36mreq_log[0m:[36m12[0m - [1m在<frame at 0x00000238FBD79590, file 'C:\\Users\\admin\\Desktop\\yiyuan_spider\\API\\API_TaoKe\\API_TaoKe_Good.py', line 120, code goods_task_status_list>发起了调用,请求成功（status_code:200）[0m
[32m2025-12-26 19:11:05.698[0m | [1mINFO    [0m | [36mAPI.API_TaoKe.API_TaoKe_Base[0m:[36mget_task_status_list[0m:[36m29[0m - [1m{'2025-12-23 00:00:00~2025-12-23 23:59:59-普通招商/全部活动-商品分析': 699306183, '2025-12-24 00:00:00~2025-12-24 23:59:59-普通招商/全部活动-商品分析': 699306182, '2025-12-25 00:00:00~2025-12-25 23:59:59-普通招商/全部活动-商品分析': 699306181, '2025-12-23 00:00:00~2025-12-23 23:59:59-超级淘客/全部活动-商品分析': 699306121, '2025-12-24 00:00:00~2025-12-24 23:59:59-超级淘客/全部活动-商品分析': 699306120, '2025-12-25 00:00:00~2025-12-25 23:59:59-超级淘客/全部活动-商品分析': 699306119, '2025-12-24 00:00:00~2025-12-24 23:59:59-超级U选/全部活动-商品分析': 699305979, '2025-12-25 00:00:00~2025-12-25 23:59:59-超级U选/全部活动-商品分析': 699305978, '2025-12-23 00:00:00~2025-12-23 23:59:59-超级U选/全部活动-商品分析': 699305980, '2025-12-23 00:00:00~2025-12-23 23:59:59-商品分析': 699299195}[0m
[32m2025-12-26 19:11:05.832[0m | [1mINFO    [0m | [36mextra.extra_reqlog[0m:[36mreq_log[0m:[36m12[0m - [1m在<frame at 0x00000238FBF34610, file 'C:\\Users\\admin\\Desktop\\yiyuan_spider\\API\\API_TaoKe\\API_TaoKe_Good.py', line 167, code fetch_goods_file_link>发起了调用,请求成功（status_code:200）[0m
[32m2025-12-26 19:11:05.832[0m | [1mINFO    [0m | [36mextra.downloader[0m:[36m_make_request_get[0m:[36m93[0m - [1mhttps://union-file-center.oss-cn-zhangjiakou.aliyuncs.com/online_be83f884b124100f1160d5690cdf9d4f?Expires=1766747477&OSSAccessKeyId=LTAI4FmnP9ZhkUeeAQpo4VPC&Signature=tm%2BACx3gSvYQqZJj%2Fga0okn0hEM%3D&response-content-disposition=attachment%3B%20filename%3D2025-12-23%2000%253A00%253A00%257E2025-12-23%2023%253A59%253A59-%25E8%25B6%2585%25E7%25BA%25A7%25E6%25B7%2598%25E5%25AE%25A2%252F%25E5%2585%25A8%25E9%2583%25A8%25E6%25B4%25BB%25E5%258A%25A8-%25E5%2595%2586%25E5%2593%2581%25E5%2588%2586%25E6%259E%2590.csv&response-content-type=text%2Fplain%3B%20charset%3DUTF-8[0m
[32m2025-12-26 19:11:06.241[0m | [1mINFO    [0m | [36mextra.extra_reqlog[0m:[36mreq_log[0m:[36m12[0m - [1m在<frame at 0x00000238FBF31300, file 'C:\\Users\\admin\\Desktop\\yiyuan_spider\\extra\\downloader.py', line 95, code _make_request_get>发起了调用,请求成功（status_code:200）[0m
[32m2025-12-26 19:11:06.322[0m | [1mINFO    [0m | [36m__main__[0m:[36m<module>[0m:[36m78[0m - [1m['林内热水器旗舰店', '林内官方旗舰店'],2025-12-23已入库[0m
[32m2025-12-26 19:11:06.457[0m | [1mINFO    [0m | [36mextra.extra_reqlog[0m:[36mreq_log[0m:[36m12[0m - [1m在<frame at 0x00000238FBD79590, file 'C:\\Users\\admin\\Desktop\\yiyuan_spider\\API\\API_TaoKe\\API_TaoKe_Good.py', line 120, code goods_task_status_list>发起了调用,请求成功（status_code:200）[0m
[32m2025-12-26 19:11:06.458[0m | [1mINFO    [0m | [36mAPI.API_TaoKe.API_TaoKe_Base[0m:[36mget_task_status_list[0m:[36m29[0m - [1m{'2025-12-23 00:00:00~2025-12-23 23:59:59-普通招商/全部活动-商品分析': 699306183, '2025-12-24 00:00:00~2025-12-24 23:59:59-普通招商/全部活动-商品分析': 699306182, '2025-12-25 00:00:00~2025-12-25 23:59:59-普通招商/全部活动-商品分析': 699306181, '2025-12-23 00:00:00~2025-12-23 23:59:59-超级淘客/全部活动-商品分析': 699306121, '2025-12-24 00:00:00~2025-12-24 23:59:59-超级淘客/全部活动-商品分析': 699306120, '2025-12-25 00:00:00~2025-12-25 23:59:59-超级淘客/全部活动-商品分析': 699306119, '2025-12-24 00:00:00~2025-12-24 23:59:59-超级U选/全部活动-商品分析': 699305979, '2025-12-25 00:00:00~2025-12-25 23:59:59-超级U选/全部活动-商品分析': 699305978, '2025-12-23 00:00:00~2025-12-23 23:59:59-超级U选/全部活动-商品分析': 699305980, '2025-12-23 00:00:00~2025-12-23 23:59:59-商品分析': 699299195}[0m
[32m2025-12-26 19:11:06.458[0m | [1mINFO    [0m | [36mAPI.API_TaoKe.API_TaoKe_Good[0m:[36mcreate_goods_analysis_task[0m:[36m78[0m - [1m
------------------------------------------------------------------------------------------------------------------------
在创建 2025-12-25 00:00:00~2025-12-25 23:59:59-普通招商/全部活动 报告[0m
[32m2025-12-26 19:11:06.459[0m | [1mINFO    [0m | [36mAPI.API_TaoKe.API_TaoKe_Good[0m:[36mcreate_goods_analysis_task[0m:[36m81[0m - [1m报告已存在，且完成2025-12-25 00:00:00~2025-12-25 23:59:59-普通招商/全部活动-商品分析[0m
[32m2025-12-26 19:11:06.459[0m | [1mINFO    [0m | [36mAPI.API_TaoKe.API_TaoKe_Good[0m:[36mcreate_goods_analysis_task[0m:[36m78[0m - [1m
------------------------------------------------------------------------------------------------------------------------
在创建 2025-12-24 00:00:00~2025-12-24 23:59:59-普通招商/全部活动 报告[0m
[32m2025-12-26 19:11:06.459[0m | [1mINFO    [0m | [36mAPI.API_TaoKe.API_TaoKe_Good[0m:[36mcreate_goods_analysis_task[0m:[36m81[0m - [1m报告已存在，且完成2025-12-24 00:00:00~2025-12-24 23:59:59-普通招商/全部活动-商品分析[0m
[32m2025-12-26 19:11:06.460[0m | [1mINFO    [0m | [36mAPI.API_TaoKe.API_TaoKe_Good[0m:[36mcreate_goods_analysis_task[0m:[36m78[0m - [1m
------------------------------------------------------------------------------------------------------------------------
在创建 2025-12-23 00:00:00~2025-12-23 23:59:59-普通招商/全部活动 报告[0m
[32m2025-12-26 19:11:06.460[0m | [1mINFO    [0m | [36mAPI.API_TaoKe.API_TaoKe_Good[0m:[36mcreate_goods_analysis_task[0m:[36m81[0m - [1m报告已存在，且完成2025-12-23 00:00:00~2025-12-23 23:59:59-普通招商/全部活动-商品分析[0m
[32m2025-12-26 19:11:06.460[0m | [1mINFO    [0m | [36m__main__[0m:[36m<module>[0m:[36m63[0m - [1m
========================================================================================================================
正在采集林内官方旗舰店，2025-12-24的数据[0m
[32m2025-12-26 19:11:06.574[0m | [1mINFO    [0m | [36mextra.extra_reqlog[0m:[36mreq_log[0m:[36m12[0m - [1m在<frame at 0x00000238FBD79590, file 'C:\\Users\\admin\\Desktop\\yiyuan_spider\\API\\API_TaoKe\\API_TaoKe_Good.py', line 120, code goods_task_status_list>发起了调用,请求成功（status_code:200）[0m
[32m2025-12-26 19:11:06.574[0m | [1mINFO    [0m | [36mAPI.API_TaoKe.API_TaoKe_Base[0m:[36mget_task_status_list[0m:[36m29[0m - [1m{'2025-12-23 00:00:00~2025-12-23 23:59:59-普通招商/全部活动-商品分析': 699306183, '2025-12-24 00:00:00~2025-12-24 23:59:59-普通招商/全部活动-商品分析': 699306182, '2025-12-25 00:00:00~2025-12-25 23:59:59-普通招商/全部活动-商品分析': 699306181, '2025-12-23 00:00:00~2025-12-23 23:59:59-超级淘客/全部活动-商品分析': 699306121, '2025-12-24 00:00:00~2025-12-24 23:59:59-超级淘客/全部活动-商品分析': 699306120, '2025-12-25 00:00:00~2025-12-25 23:59:59-超级淘客/全部活动-商品分析': 699306119, '2025-12-24 00:00:00~2025-12-24 23:59:59-超级U选/全部活动-商品分析': 699305979, '2025-12-25 00:00:00~2025-12-25 23:59:59-超级U选/全部活动-商品分析': 699305978, '2025-12-23 00:00:00~2025-12-23 23:59:59-超级U选/全部活动-商品分析': 699305980, '2025-12-23 00:00:00~2025-12-23 23:59:59-商品分析': 699299195}[0m
[32m2025-12-26 19:11:06.693[0m | [1mINFO    [0m | [36mextra.extra_reqlog[0m:[36mreq_log[0m:[36m12[0m - [1m在<frame at 0x00000238FBF34610, file 'C:\\Users\\admin\\Desktop\\yiyuan_spider\\API\\API_TaoKe\\API_TaoKe_Good.py', line 167, code fetch_goods_file_link>发起了调用,请求成功（status_code:200）[0m
[32m2025-12-26 19:11:06.694[0m | [1mINFO    [0m | [36mextra.downloader[0m:[36m_make_request_get[0m:[36m93[0m - [1mhttps://union-file-center.oss-cn-zhangjiakou.aliyuncs.com/online_270638eadcbf213d1037f7fb0de8237a?Expires=1766747478&OSSAccessKeyId=LTAI4FmnP9ZhkUeeAQpo4VPC&Signature=%2B80kkwvuXjTkJNd%2FShU6nwsox6M%3D&response-content-disposition=attachment%3B%20filename%3D2025-12-24%2000%253A00%253A00%257E2025-12-24%2023%253A59%253A59-%25E6%2599%25AE%25E9%2580%259A%25E6%258B%259B%25E5%2595%2586%252F%25E5%2585%25A8%25E9%2583%25A8%25E6%25B4%25BB%25E5%258A%25A8-%25E5%2595%2586%25E5%2593%2581%25E5%2588%2586%25E6%259E%2590.csv&response-content-type=text%2Fplain%3B%20charset%3DUTF-8[0m
[32m2025-12-26 19:11:07.372[0m | [1mINFO    [0m | [36mextra.extra_reqlog[0m:[36mreq_log[0m:[36m12[0m - [1m在<frame at 0x00000238FBF31300, file 'C:\\Users\\admin\\Desktop\\yiyuan_spider\\extra\\downloader.py', line 95, code _make_request_get>发起了调用,请求成功（status_code:200）[0m
[32m2025-12-26 19:11:07.484[0m | [1mINFO    [0m | [36m__main__[0m:[36m<module>[0m:[36m78[0m - [1m['林内热水器旗舰店', '林内官方旗舰店'],2025-12-24已入库[0m
[32m2025-12-26 19:11:07.484[0m | [1mINFO    [0m | [36m__main__[0m:[36m<module>[0m:[36m63[0m - [1m
========================================================================================================================
正在采集林内官方旗舰店，2025-12-25的数据[0m
[32m2025-12-26 19:11:07.609[0m | [1mINFO    [0m | [36mextra.extra_reqlog[0m:[36mreq_log[0m:[36m12[0m - [1m在<frame at 0x00000238FBD79590, file 'C:\\Users\\admin\\Desktop\\yiyuan_spider\\API\\API_TaoKe\\API_TaoKe_Good.py', line 120, code goods_task_status_list>发起了调用,请求成功（status_code:200）[0m
[32m2025-12-26 19:11:07.610[0m | [1mINFO    [0m | [36mAPI.API_TaoKe.API_TaoKe_Base[0m:[36mget_task_status_list[0m:[36m29[0m - [1m{'2025-12-23 00:00:00~2025-12-23 23:59:59-普通招商/全部活动-商品分析': 699306183, '2025-12-24 00:00:00~2025-12-24 23:59:59-普通招商/全部活动-商品分析': 699306182, '2025-12-25 00:00:00~2025-12-25 23:59:59-普通招商/全部活动-商品分析': 699306181, '2025-12-23 00:00:00~2025-12-23 23:59:59-超级淘客/全部活动-商品分析': 699306121, '2025-12-24 00:00:00~2025-12-24 23:59:59-超级淘客/全部活动-商品分析': 699306120, '2025-12-25 00:00:00~2025-12-25 23:59:59-超级淘客/全部活动-商品分析': 699306119, '2025-12-24 00:00:00~2025-12-24 23:59:59-超级U选/全部活动-商品分析': 699305979, '2025-12-25 00:00:00~2025-12-25 23:59:59-超级U选/全部活动-商品分析': 699305978, '2025-12-23 00:00:00~2025-12-23 23:59:59-超级U选/全部活动-商品分析': 699305980, '2025-12-23 00:00:00~2025-12-23 23:59:59-商品分析': 699299195}[0m
[32m2025-12-26 19:11:07.718[0m | [1mINFO    [0m | [36mextra.extra_reqlog[0m:[36mreq_log[0m:[36m12[0m - [1m在<frame at 0x00000238FBF34610, file 'C:\\Users\\admin\\Desktop\\yiyuan_spider\\API\\API_TaoKe\\API_TaoKe_Good.py', line 167, code fetch_goods_file_link>发起了调用,请求成功（status_code:200）[0m
[32m2025-12-26 19:11:07.718[0m | [1mINFO    [0m | [36mextra.downloader[0m:[36m_make_request_get[0m:[36m93[0m - [1mhttps://union-file-center.oss-cn-zhangjiakou.aliyuncs.com/online_8914b1beb8cf9c0df9b5a962e1b283b7?Expires=1766747479&OSSAccessKeyId=LTAI4FmnP9ZhkUeeAQpo4VPC&Signature=ULmAr0lDFM7UPQytNQaqFcgGhUU%3D&response-content-disposition=attachment%3B%20filename%3D2025-12-25%2000%253A00%253A00%257E2025-12-25%2023%253A59%253A59-%25E6%2599%25AE%25E9%2580%259A%25E6%258B%259B%25E5%2595%2586%252F%25E5%2585%25A8%25E9%2583%25A8%25E6%25B4%25BB%25E5%258A%25A8-%25E5%2595%2586%25E5%2593%2581%25E5%2588%2586%25E6%259E%2590.csv&response-content-type=text%2Fplain%3B%20charset%3DUTF-8[0m
[32m2025-12-26 19:11:08.098[0m | [1mINFO    [0m | [36mextra.extra_reqlog[0m:[36mreq_log[0m:[36m12[0m - [1m在<frame at 0x00000238FBF31300, file 'C:\\Users\\admin\\Desktop\\yiyuan_spider\\extra\\downloader.py', line 95, code _make_request_get>发起了调用,请求成功（status_code:200）[0m
[32m2025-12-26 19:11:08.214[0m | [1mINFO    [0m | [36m__main__[0m:[36m<module>[0m:[36m78[0m - [1m['林内热水器旗舰店', '林内官方旗舰店'],2025-12-25已入库[0m
[32m2025-12-26 19:11:08.214[0m | [1mINFO    [0m | [36m__main__[0m:[36m<module>[0m:[36m63[0m - [1m
========================================================================================================================
正在采集林内官方旗舰店，2025-12-23的数据[0m
[32m2025-12-26 19:11:08.326[0m | [1mINFO    [0m | [36mextra.extra_reqlog[0m:[36mreq_log[0m:[36m12[0m - [1m在<frame at 0x00000238FBD79590, file 'C:\\Users\\admin\\Desktop\\yiyuan_spider\\API\\API_TaoKe\\API_TaoKe_Good.py', line 120, code goods_task_status_list>发起了调用,请求成功（status_code:200）[0m
[32m2025-12-26 19:11:08.327[0m | [1mINFO    [0m | [36mAPI.API_TaoKe.API_TaoKe_Base[0m:[36mget_task_status_list[0m:[36m29[0m - [1m{'2025-12-23 00:00:00~2025-12-23 23:59:59-普通招商/全部活动-商品分析': 699306183, '2025-12-24 00:00:00~2025-12-24 23:59:59-普通招商/全部活动-商品分析': 699306182, '2025-12-25 00:00:00~2025-12-25 23:59:59-普通招商/全部活动-商品分析': 699306181, '2025-12-23 00:00:00~2025-12-23 23:59:59-超级淘客/全部活动-商品分析': 699306121, '2025-12-24 00:00:00~2025-12-24 23:59:59-超级淘客/全部活动-商品分析': 699306120, '2025-12-25 00:00:00~2025-12-25 23:59:59-超级淘客/全部活动-商品分析': 699306119, '2025-12-24 00:00:00~2025-12-24 23:59:59-超级U选/全部活动-商品分析': 699305979, '2025-12-25 00:00:00~2025-12-25 23:59:59-超级U选/全部活动-商品分析': 699305978, '2025-12-23 00:00:00~2025-12-23 23:59:59-超级U选/全部活动-商品分析': 699305980, '2025-12-23 00:00:00~2025-12-23 23:59:59-商品分析': 699299195}[0m
[32m2025-12-26 19:11:08.453[0m | [1mINFO    [0m | [36mextra.extra_reqlog[0m:[36mreq_log[0m:[36m12[0m - [1m在<frame at 0x00000238FBF34610, file 'C:\\Users\\admin\\Desktop\\yiyuan_spider\\API\\API_TaoKe\\API_TaoKe_Good.py', line 167, code fetch_goods_file_link>发起了调用,请求成功（status_code:200）[0m
[32m2025-12-26 19:11:08.453[0m | [1mINFO    [0m | [36mextra.downloader[0m:[36m_make_request_get[0m:[36m93[0m - [1mhttps://union-file-center.oss-cn-zhangjiakou.aliyuncs.com/online_3e524cb605e8d9def775f60560725f21?Expires=1766747480&OSSAccessKeyId=LTAI4FmnP9ZhkUeeAQpo4VPC&Signature=%2BSMR7YaGBHJYXvmWgnOTkUyOZAs%3D&response-content-disposition=attachment%3B%20filename%3D2025-12-23%2000%253A00%253A00%257E2025-12-23%2023%253A59%253A59-%25E6%2599%25AE%25E9%2580%259A%25E6%258B%259B%25E5%2595%2586%252F%25E5%2585%25A8%25E9%2583%25A8%25E6%25B4%25BB%25E5%258A%25A8-%25E5%2595%2586%25E5%2593%2581%25E5%2588%2586%25E6%259E%2590.csv&response-content-type=text%2Fplain%3B%20charset%3DUTF-8[0m
[32m2025-12-26 19:11:09.156[0m | [1mINFO    [0m | [36mextra.extra_reqlog[0m:[36mreq_log[0m:[36m12[0m - [1m在<frame at 0x00000238FBF31300, file 'C:\\Users\\admin\\Desktop\\yiyuan_spider\\extra\\downloader.py', line 95, code _make_request_get>发起了调用,请求成功（status_code:200）[0m
[32m2025-12-26 19:11:09.223[0m | [1mINFO    [0m | [36m__main__[0m:[36m<module>[0m:[36m78[0m - [1m['林内热水器旗舰店', '林内官方旗舰店'],2025-12-23已入库[0m
[32m2025-12-26 19:11:09.223[0m | [1mINFO    [0m | [36m__main__[0m:[36m<module>[0m:[36m85[0m - [1m----------------------------------------------------------------------------------------------------[0m
[32m2025-12-26 19:11:09.366[0m | [1mINFO    [0m | [36mextra.extra_reqlog[0m:[36mreq_log[0m:[36m12[0m - [1m在<frame at 0x00000238FBD79590, file 'C:\\Users\\admin\\Desktop\\yiyuan_spider\\API\\API_TaoKe\\API_TaoKe_Good.py', line 120, code goods_task_status_list>发起了调用,请求成功（status_code:200）[0m
[32m2025-12-26 19:11:09.366[0m | [1mINFO    [0m | [36mAPI.API_TaoKe.API_TaoKe_Base[0m:[36mget_task_status_list[0m:[36m29[0m - [1m{'2025-12-23 00:00:00~2025-12-23 23:59:59-普通招商/全部活动-商品分析': 699307153, '2025-12-24 00:00:00~2025-12-24 23:59:59-普通招商/全部活动-商品分析': 699307152, '2025-12-25 00:00:00~2025-12-25 23:59:59-普通招商/全部活动-商品分析': 699307150, '2025-12-23 00:00:00~2025-12-23 23:59:59-超级淘客/全部活动-商品分析': 699306903, '2025-12-24 00:00:00~2025-12-24 23:59:59-超级淘客/全部活动-商品分析': 699306902, '2025-12-25 00:00:00~2025-12-25 23:59:59-超级淘客/全部活动-商品分析': 699306901, '2025-12-23 00:00:00~2025-12-23 23:59:59-超级U选/全部活动-商品分析': 699306538, '2025-12-24 00:00:00~2025-12-24 23:59:59-超级U选/全部活动-商品分析': 699306537, '2025-12-25 00:00:00~2025-12-25 23:59:59-超级U选/全部活动-商品分析': 699306536, '2025-12-23 00:00:00~2025-12-23 23:59:59-商品分析': 699299713}[0m
[32m2025-12-26 19:11:09.366[0m | [1mINFO    [0m | [36mAPI.API_TaoKe.API_TaoKe_Good[0m:[36mcreate_goods_analysis_task[0m:[36m78[0m - [1m
------------------------------------------------------------------------------------------------------------------------
在创建 2025-12-25 00:00:00~2025-12-25 23:59:59-超级U选/全部活动 报告[0m
[32m2025-12-26 19:11:09.366[0m | [1mINFO    [0m | [36mAPI.API_TaoKe.API_TaoKe_Good[0m:[36mcreate_goods_analysis_task[0m:[36m81[0m - [1m报告已存在，且完成2025-12-25 00:00:00~2025-12-25 23:59:59-超级U选/全部活动-商品分析[0m
[32m2025-12-26 19:11:09.366[0m | [1mINFO    [0m | [36mAPI.API_TaoKe.API_TaoKe_Good[0m:[36mcreate_goods_analysis_task[0m:[36m78[0m - [1m
------------------------------------------------------------------------------------------------------------------------
在创建 2025-12-24 00:00:00~2025-12-24 23:59:59-超级U选/全部活动 报告[0m
[32m2025-12-26 19:11:09.367[0m | [1mINFO    [0m | [36mAPI.API_TaoKe.API_TaoKe_Good[0m:[36mcreate_goods_analysis_task[0m:[36m81[0m - [1m报告已存在，且完成2025-12-24 00:00:00~2025-12-24 23:59:59-超级U选/全部活动-商品分析[0m
[32m2025-12-26 19:11:09.367[0m | [1mINFO    [0m | [36mAPI.API_TaoKe.API_TaoKe_Good[0m:[36mcreate_goods_analysis_task[0m:[36m78[0m - [1m
------------------------------------------------------------------------------------------------------------------------
在创建 2025-12-23 00:00:00~2025-12-23 23:59:59-超级U选/全部活动 报告[0m
[32m2025-12-26 19:11:09.367[0m | [1mINFO    [0m | [36mAPI.API_TaoKe.API_TaoKe_Good[0m:[36mcreate_goods_analysis_task[0m:[36m81[0m - [1m报告已存在，且完成2025-12-23 00:00:00~2025-12-23 23:59:59-超级U选/全部活动-商品分析[0m
[32m2025-12-26 19:11:09.367[0m | [1mINFO    [0m | [36m__main__[0m:[36m<module>[0m:[36m63[0m - [1m
========================================================================================================================
正在采集林内热水器旗舰店，2025-12-24的数据[0m
[32m2025-12-26 19:11:09.526[0m | [1mINFO    [0m | [36mextra.extra_reqlog[0m:[36mreq_log[0m:[36m12[0m - [1m在<frame at 0x00000238FBD79590, file 'C:\\Users\\admin\\Desktop\\yiyuan_spider\\API\\API_TaoKe\\API_TaoKe_Good.py', line 120, code goods_task_status_list>发起了调用,请求成功（status_code:200）[0m
[32m2025-12-26 19:11:09.527[0m | [1mINFO    [0m | [36mAPI.API_TaoKe.API_TaoKe_Base[0m:[36mget_task_status_list[0m:[36m29[0m - [1m{'2025-12-23 00:00:00~2025-12-23 23:59:59-普通招商/全部活动-商品分析': 699307153, '2025-12-24 00:00:00~2025-12-24 23:59:59-普通招商/全部活动-商品分析': 699307152, '2025-12-25 00:00:00~2025-12-25 23:59:59-普通招商/全部活动-商品分析': 699307150, '2025-12-23 00:00:00~2025-12-23 23:59:59-超级淘客/全部活动-商品分析': 699306903, '2025-12-24 00:00:00~2025-12-24 23:59:59-超级淘客/全部活动-商品分析': 699306902, '2025-12-25 00:00:00~2025-12-25 23:59:59-超级淘客/全部活动-商品分析': 699306901, '2025-12-23 00:00:00~2025-12-23 23:59:59-超级U选/全部活动-商品分析': 699306538, '2025-12-24 00:00:00~2025-12-24 23:59:59-超级U选/全部活动-商品分析': 699306537, '2025-12-25 00:00:00~2025-12-25 23:59:59-超级U选/全部活动-商品分析': 699306536, '2025-12-23 00:00:00~2025-12-23 23:59:59-商品分析': 699299713}[0m
[32m2025-12-26 19:11:09.685[0m | [1mINFO    [0m | [36mextra.extra_reqlog[0m:[36mreq_log[0m:[36m12[0m - [1m在<frame at 0x00000238FBF34610, file 'C:\\Users\\admin\\Desktop\\yiyuan_spider\\API\\API_TaoKe\\API_TaoKe_Good.py', line 167, code fetch_goods_file_link>发起了调用,请求成功（status_code:200）[0m
[32m2025-12-26 19:11:09.686[0m | [1mINFO    [0m | [36mextra.downloader[0m:[36m_make_request_get[0m:[36m93[0m - [1mhttps://union-file-center.oss-cn-zhangjiakou.aliyuncs.com/online_86fa4c87c78c5a471860a9697e719a82?Expires=1766747481&OSSAccessKeyId=LTAI4FmnP9ZhkUeeAQpo4VPC&Signature=yYV5j3g6a2jiMEXcODQXtnUozow%3D&response-content-disposition=attachment%3B%20filename%3D2025-12-24%2000%253A00%253A00%257E2025-12-24%2023%253A59%253A59-%25E8%25B6%2585%25E7%25BA%25A7U%25E9%2580%2589%252F%25E5%2585%25A8%25E9%2583%25A8%25E6%25B4%25BB%25E5%258A%25A8-%25E5%2595%2586%25E5%2593%2581%25E5%2588%2586%25E6%259E%2590.csv&response-content-type=text%2Fplain%3B%20charset%3DUTF-8[0m
Traceback (most recent call last):
  File "C:\Users\admin\Desktop\yiyuan_spider\执行脚本\淘系_淘宝联盟\tb_tk_淘宝联盟_商品分析_202504.py", line 67, in <module>
    items = Obj.fetch_goods_file_link(finish_id)
  File "C:\Users\admin\Desktop\yiyuan_spider\API\API_TaoKe\API_TaoKe_Good.py", line 169, in fetch_goods_file_link
    items = Downloader(api=file_link).download_csv()
  File "C:\Users\admin\Desktop\yiyuan_spider\extra\downloader.py", line 207, in download_csv
    res = self.download_web()
  File "C:\Users\admin\Desktop\yiyuan_spider\extra\downloader.py", line 146, in download_web
    res = self._make_request_get()  # 发送请求
  File "C:\Users\admin\Desktop\yiyuan_spider\extra\downloader.py", line 94, in _make_request_get
    res = requests.get(self.url, headers=self.default_headers)
  File "C:\other\Python\Python310\lib\site-packages\requests\api.py", line 73, in get
    return request("get", url, params=params, **kwargs)
  File "C:\other\Python\Python310\lib\site-packages\requests\api.py", line 59, in request
    return session.request(method=method, url=url, **kwargs)
  File "C:\other\Python\Python310\lib\site-packages\requests\sessions.py", line 589, in request
    resp = self.send(prep, **send_kwargs)
  File "C:\other\Python\Python310\lib\site-packages\requests\sessions.py", line 703, in send
    r = adapter.send(request, **kwargs)
  File "C:\other\Python\Python310\lib\site-packages\requests\adapters.py", line 667, in send
    resp = conn.urlopen(
  File "C:\other\Python\Python310\lib\site-packages\urllib3\connectionpool.py", line 787, in urlopen
    response = self._make_request(
  File "C:\other\Python\Python310\lib\site-packages\urllib3\connectionpool.py", line 464, in _make_request
    self._validate_conn(conn)
  File "C:\other\Python\Python310\lib\site-packages\urllib3\connectionpool.py", line 1093, in _validate_conn
    conn.connect()
  File "C:\other\Python\Python310\lib\site-packages\urllib3\connection.py", line 790, in connect
    sock_and_verified = _ssl_wrap_socket_and_match_hostname(
  File "C:\other\Python\Python310\lib\site-packages\urllib3\connection.py", line 969, in _ssl_wrap_socket_and_match_hostname
    ssl_sock = ssl_wrap_socket(
  File "C:\other\Python\Python310\lib\site-packages\urllib3\util\ssl_.py", line 480, in ssl_wrap_socket
    ssl_sock = _ssl_wrap_socket_impl(sock, context, tls_in_tls, server_hostname)
  File "C:\other\Python\Python310\lib\site-packages\urllib3\util\ssl_.py", line 524, in _ssl_wrap_socket_impl
    return ssl_context.wrap_socket(sock, server_hostname=server_hostname)
  File "C:\other\Python\Python310\lib\ssl.py", line 513, in wrap_socket
    return self.sslsocket_class._create(
  File "C:\other\Python\Python310\lib\ssl.py", line 1071, in _create
    self.do_handshake()
  File "C:\other\Python\Python310\lib\ssl.py", line 1342, in do_handshake
    self._sslobj.do_handshake()
KeyboardInterrupt

