2026-01-20 09:11:55 | ERROR | db_manager.py:131 : 执行 SQL 语句时发生错误: (1064, "You have an error in your SQL syntax; check the manual that corresponds to your MySQL server version for the right syntax to use near '00:00:00, 21038110002373, 'HG100X1', 1, 1349.0, '合肥美的洗衣机有限公å' at line 1")
2026-01-20 09:17:53 | ERROR | db_manager.py:131 : 执行 SQL 语句时发生错误: (1064, "You have an error in your SQL syntax; check the manual that corresponds to your MySQL server version for the right syntax to use near '00:00:00, 21038110002373, 'HG100X1', 1, 1349.0, '合肥美的洗衣机有限公å' at line 1")
2026-01-20 09:22:16 | ERROR | db_manager.py:134 : 执行 SQL 语句时发生错误: (1064, "You have an error in your SQL syntax; check the manual that corresponds to your MySQL server version for the right syntax to use near '00:00:00, 21038110002373, 'HG100X1', 1, 1349.0, '合肥美的洗衣机有限公å' at line 1")
2026-01-20 09:48:43 | ERROR | db_manager.py:134 : 执行 SQL 语句时发生错误: (1064, "You have an error in your SQL syntax; check the manual that corresponds to your MySQL server version for the right syntax to use near '13:36:29, 21038520000002, 'MX-XB01', 1, 399.0, '合肥美的洗衣机有限公å\x8f' at line 1")
2026-01-20 09:55:46 | ERROR | db_manager.py:134 : 执行 SQL 语句时发生错误: (1064, "You have an error in your SQL syntax; check the manual that corresponds to your MySQL server version for the right syntax to use near '13:36:29, 21038520000002, 'MX-XB01', 1, 399.0, '合肥美的洗衣机有限公å\x8f' at line 1")
2026-01-20 10:00:40 | ERROR | db_manager.py:134 : 执行 SQL 语句时发生错误: (1064, "You have an error in your SQL syntax; check the manual that corresponds to your MySQL server version for the right syntax to use near '13:36:29, 21038520000002, 'MX-XB01', 1, 399.0, '合肥美的洗衣机有限公å\x8f' at line 1")
2026-01-20 10:03:55 | ERROR | db_manager.py:134 : 执行 SQL 语句时发生错误: (1064, "You have an error in your SQL syntax; check the manual that corresponds to your MySQL server version for the right syntax to use near '13:36:29, 21038520000002, 'MX-XB01', 1, 399.0, '合肥美的洗衣机有限公å\x8f' at line 1")
2026-01-20 10:09:29 | ERROR | db_manager.py:134 : 执行 SQL 语句时发生错误: (1064, "You have an error in your SQL syntax; check the manual that corresponds to your MySQL server version for the right syntax to use near '13:36:29, 21038520000002, 'MX-XB01', 1, 399.0, '合肥美的洗衣机有限公å\x8f' at line 1")
2026-01-20 10:13:34 | ERROR | db_manager.py:134 : 执行 SQL 语句时发生错误: (1064, "You have an error in your SQL syntax; check the manual that corresponds to your MySQL server version for the right syntax to use near '13:36:29, 21038520000002, 'MX-XB01', 1, 399, '合肥美的洗衣机有限公司'' at line 1")
2026-01-20 10:13:44 | ERROR | db_manager.py:134 : 执行 SQL 语句时发生错误: (1064, "You have an error in your SQL syntax; check the manual that corresponds to your MySQL server version for the right syntax to use near '13:36:29, 21038520000002, 'MX-XB01', 1, 399, '合肥美的洗衣机有限公司'' at line 1")
2026-01-20 10:14:27 | ERROR | db_manager.py:134 : 执行 SQL 语句时发生错误: (1064, "You have an error in your SQL syntax; check the manual that corresponds to your MySQL server version for the right syntax to use near '13:36:29, 21038520000002, 'MX-XB01', 1, 399, '合肥美的洗衣机有限公司'' at line 1")
2026-01-20 10:18:20 | ERROR | db_manager.py:134 : 执行 SQL 语句时发生错误: (1064, "You have an error in your SQL syntax; check the manual that corresponds to your MySQL server version for the right syntax to use near '13:36:29, 21038520000002, 'MX-XB01', 1, 399, '合肥美的洗衣机有限公司'' at line 1")
2026-01-20 10:18:46 | ERROR | db_manager.py:134 : 执行 SQL 语句时发生错误: (1064, "You have an error in your SQL syntax; check the manual that corresponds to your MySQL server version for the right syntax to use near '13:36:29, 21038520000002, 'MX-XB01', 1, 399, '合肥美的洗衣机有限公司'' at line 1")
2026-01-20 10:19:07 | ERROR | db_manager.py:134 : 执行 SQL 语句时发生错误: (1064, "You have an error in your SQL syntax; check the manual that corresponds to your MySQL server version for the right syntax to use near '13:36:29, 21038520000002, 'MX-XB01', 1, 399, '合肥美的洗衣机有限公司'' at line 1")
2026-01-20 10:20:23 | ERROR | db_manager.py:134 : 执行 SQL 语句时发生错误: (1064, "You have an error in your SQL syntax; check the manual that corresponds to your MySQL server version for the right syntax to use near '13:36:29, 21038520000002, 'MX-XB01', 1, 399, '合肥美的洗衣机有限公司'' at line 1")
2026-01-20 10:20:59 | ERROR | db_manager.py:134 : 执行 SQL 语句时发生错误: (1064, "You have an error in your SQL syntax; check the manual that corresponds to your MySQL server version for the right syntax to use near '13:36:29, 21038520000002, 'MX-XB01', 1, 399, '合肥美的洗衣机有限公司'' at line 1")
2026-01-20 10:30:18 | ERROR | db_manager.py:138 : 执行 SQL 语句时发生错误: (1406, "Data too long for column '物料名称' at row 14620")
2026-01-20 10:41:59 | ERROR | db_manager.py:138 : 执行 SQL 语句时发生错误: (1406, "Data too long for column '平台订单号' at row 228153")
2026-01-20 17:39:57 | ERROR | db_manager.py:138 : 执行 SQL 语句时发生错误: (1406, "Data too long for column '备注' at row 60")
2026-01-20 17:41:05 | ERROR | db_manager.py:138 : 执行 SQL 语句时发生错误: (1265, "Data truncated for column '单据类型编号' at row 467")
2026-01-20 17:41:51 | ERROR | db_manager.py:138 : 执行 SQL 语句时发生错误: (1265, "Data truncated for column '单据类型编号' at row 467")
2026-01-20 17:42:21 | ERROR | db_manager.py:138 : 执行 SQL 语句时发生错误: (1265, "Data truncated for column '单据类型编号' at row 467")
2026-01-20 17:53:31 | ERROR | db_manager.py:138 : 执行 SQL 语句时发生错误: (1064, "You have an error in your SQL syntax; check the manual that corresponds to your MySQL server version for the right syntax to use near '17:05:41, '2023-03-10 19:50:00', '2023-03-12 10:30:30', '-', '-', '美的(Midea)' at line 1")
2026-01-20 17:55:20 | ERROR | db_manager.py:138 : 执行 SQL 语句时发生错误: (1292, "Incorrect datetime value: '-' for column '订单取消时间' at row 1")
2026-01-20 17:57:40 | ERROR | db_manager.py:138 : 执行 SQL 语句时发生错误: (1292, "Incorrect datetime value: '-' for column '采购单支付时间' at row 1")
2026-01-20 17:58:06 | ERROR | db_manager.py:138 : 执行 SQL 语句时发生错误: (1265, "Data truncated for column '采购单实际支付总额' at row 1")
2026-01-20 17:59:41 | ERROR | db_manager.py:138 : 执行 SQL 语句时发生错误: (1265, "Data truncated for column '国补优惠金额' at row 1")
2026-01-20 18:00:10 | ERROR | db_manager.py:138 : 执行 SQL 语句时发生错误: (1292, "Incorrect datetime value: '-' for column '订单出库时间' at row 2")
2026-01-20 18:00:23 | ERROR | db_manager.py:138 : 执行 SQL 语句时发生错误: (1292, "Incorrect datetime value: '-' for column '订单完成时间' at row 2")
2026-01-20 18:00:36 | ERROR | db_manager.py:138 : 执行 SQL 语句时发生错误: (1265, "Data truncated for column '产品采购价' at row 446")
2026-01-20 18:01:40 | ERROR | db_manager.py:138 : 执行 SQL 语句时发生错误: (1406, "Data too long for column '订单备注' at row 1076")
2026-01-20 18:02:13 | ERROR | db_manager.py:138 : 执行 SQL 语句时发生错误: (1406, "Data too long for column '买家留言' at row 1076")
2026-01-20 18:39:25 | ERROR | db_manager.py:138 : 执行 SQL 语句时发生错误: (1406, "Data too long for column '备注' at row 2242")
2026-01-20 18:47:37 | ERROR | db_manager.py:138 : 执行 SQL 语句时发生错误: (1406, "Data too long for column '买家备注' at row 1031")
2026-01-20 18:55:10 | ERROR | db_manager.py:138 : 执行 SQL 语句时发生错误: (1265, "Data truncated for column '补贴总金额' at row 1")
2026-01-20 18:55:31 | ERROR | db_manager.py:138 : 执行 SQL 语句时发生错误: (1265, "Data truncated for column '采购总价' at row 1")
2026-01-20 18:56:34 | ERROR | db_manager.py:138 : 执行 SQL 语句时发生错误: (1265, "Data truncated for column '补贴总金额' at row 1")
2026-01-20 18:57:23 | ERROR | db_manager.py:138 : 执行 SQL 语句时发生错误: (1265, "Data truncated for column '采购总价' at row 1")
2026-01-20 18:58:13 | ERROR | db_manager.py:138 : 执行 SQL 语句时发生错误: (1265, "Data truncated for column '商品行状态' at row 39476")
2026-01-20 19:00:24 | ERROR | db_manager.py:138 : 执行 SQL 语句时发生错误: (1265, "Data truncated for column '是否开票' at row 39476")
