2026-01-21 19:06:58 | ERROR | db_manager.py:144 : 执行 SQL 语句时发生错误: (1265, "Data truncated for column '列表金额' at row 1")
2026-01-21 19:06:58 | ERROR | db_manager.py:353 : 数据更新失败: (1265, "Data truncated for column '列表金额' at row 1")
2026-01-21 19:14:03 | ERROR | db_manager.py:144 : 执行 SQL 语句时发生错误: (1292, "Incorrect datetime value: ''2025-10-24 00:00:00'' for column '单据日期' at row 1")
2026-01-21 19:14:03 | ERROR | db_manager.py:353 : 数据更新失败: (1292, "Incorrect datetime value: ''2025-10-24 00:00:00'' for column '单据日期' at row 1")
2026-01-21 19:55:36 | ERROR | db_manager.py:359 : 数据更新失败: name 'values_list' is not defined
2026-01-21 20:01:12 | ERROR | db_manager.py:359 : 数据更新失败: name 'values_list' is not defined
2026-01-21 20:02:26 | ERROR | db_manager.py:150 : 执行 SQL 语句时发生错误: (1265, "Data truncated for column '单据类型编号' at row 1")
2026-01-21 20:02:26 | ERROR | db_manager.py:359 : 数据更新失败: (1265, "Data truncated for column '单据类型编号' at row 1")
2026-01-21 20:03:03 | ERROR | db_manager.py:150 : 执行 SQL 语句时发生错误: (1265, "Data truncated for column '单据类型编号' at row 1")
2026-01-21 20:03:03 | ERROR | db_manager.py:359 : 数据更新失败: (1265, "Data truncated for column '单据类型编号' at row 1")
2026-01-21 20:03:57 | ERROR | db_manager.py:150 : 执行 SQL 语句时发生错误: (1265, "Data truncated for column '列表金额' at row 1")
2026-01-21 20:03:57 | ERROR | db_manager.py:359 : 数据更新失败: (1265, "Data truncated for column '列表金额' at row 1")
2026-01-21 20:05:13 | ERROR | db_manager.py:150 : 执行 SQL 语句时发生错误: (1265, "Data truncated for column '营销大类编码' at row 1")
2026-01-21 20:05:13 | ERROR | db_manager.py:359 : 数据更新失败: (1265, "Data truncated for column '营销大类编码' at row 1")
2026-01-21 20:05:34 | ERROR | db_manager.py:150 : 执行 SQL 语句时发生错误: (1265, "Data truncated for column '商品价格' at row 1")
2026-01-21 20:05:34 | ERROR | db_manager.py:359 : 数据更新失败: (1265, "Data truncated for column '商品价格' at row 1")
2026-01-21 20:38:32 | ERROR | db_manager.py:151 : 执行 SQL 语句时发生错误: (1406, "Data too long for column '商品名称' at row 770")
2026-01-21 20:38:32 | ERROR | db_manager.py:360 : 数据更新失败: (1406, "Data too long for column '商品名称' at row 770")
2026-01-21 20:42:54 | ERROR | db_manager.py:151 : 执行 SQL 语句时发生错误: (1406, "Data too long for column '备注' at row 117")
2026-01-21 20:42:54 | ERROR | db_manager.py:360 : 数据更新失败: (1406, "Data too long for column '备注' at row 117")
2026-01-21 20:47:53 | ERROR | db_manager.py:151 : 执行 SQL 语句时发生错误: (1265, "Data truncated for column '营销大类编码' at row 413")
2026-01-21 20:47:53 | ERROR | db_manager.py:360 : 数据更新失败: (1265, "Data truncated for column '营销大类编码' at row 413")
