2026-01-23 10:23:11 | ERROR | db_manager.py:167 : 执行 SQL 语句时发生错误: (1292, "Incorrect datetime value: '求和项:收入金额（+元）' for column '发生时间' at row 3662")
2026-01-23 10:23:11 | ERROR | db_manager.py:377 : 数据更新失败: (1292, "Incorrect datetime value: '求和项:收入金额（+元）' for column '发生时间' at row 3662")
2026-01-23 11:09:41 | ERROR | db_manager.py:167 : 执行 SQL 语句时发生错误: (1292, "Incorrect datetime value: '求和项:收入金额（+元）' for column '发生时间' at row 3518")
2026-01-23 11:09:41 | ERROR | db_manager.py:377 : 数据更新失败: (1292, "Incorrect datetime value: '求和项:收入金额（+元）' for column '发生时间' at row 3518")
2026-01-23 11:24:00 | ERROR | db_manager.py:167 : 执行 SQL 语句时发生错误: (1406, "Data too long for column '备注' at row 3449")
2026-01-23 11:24:00 | ERROR | db_manager.py:377 : 数据更新失败: (1406, "Data too long for column '备注' at row 3449")
2026-01-23 14:01:43 | ERROR | db_manager.py:167 : 执行 SQL 语句时发生错误: (1406, "Data too long for column '备注' at row 2384")
2026-01-23 14:01:43 | ERROR | db_manager.py:378 : 数据更新失败: (1406, "Data too long for column '备注' at row 2384")
2026-01-23 16:51:40 | ERROR | db_manager.py:167 : 执行 SQL 语句时发生错误: (1406, "Data too long for column '备注' at row 1")
2026-01-23 16:51:40 | ERROR | db_manager.py:378 : 数据更新失败: (1406, "Data too long for column '备注' at row 1")
2026-01-23 17:13:56 | ERROR | db_manager.py:167 : 执行 SQL 语句时发生错误: (1292, "Incorrect datetime value: '45879.4869328704' for column '下单时间' at row 2")
2026-01-23 17:13:56 | ERROR | db_manager.py:378 : 数据更新失败: (1292, "Incorrect datetime value: '45879.4869328704' for column '下单时间' at row 2")
2026-01-23 17:17:03 | ERROR | db_manager.py:167 : 执行 SQL 语句时发生错误: (1292, "Incorrect datetime value: '45823.5233101852' for column '下单时间' at row 21")
2026-01-23 17:17:03 | ERROR | db_manager.py:378 : 数据更新失败: (1292, "Incorrect datetime value: '45823.5233101852' for column '下单时间' at row 21")
2026-01-23 17:24:58 | ERROR | db_manager.py:378 : 数据更新失败: 无法解析日期字符串 '%Y-%m-%d %H:%M:%S'，支持的格式包括: %Y-%m-%d, %Y/%m/%d, %Y-%m-%d %H:%M:%S, %Y/%m/%d %H:%M:%S, %Y-%m-%dT%H:%M:%S, %Y-%m-%d %H:%M, %Y/%m/%d %H:%M, %Y%m%d, %Y.%m.%d, %Y.%m.%d %H:%M:%S, %m/%d/%Y, %m/%d/%Y %H:%M:%S, %d/%m/%Y, %d/%m/%Y %H:%M:%S
2026-01-23 17:34:10 | ERROR | db_manager.py:167 : 执行 SQL 语句时发生错误: (1292, "Incorrect datetime value: '45763.6187962963' for column '下单时间' at row 10")
2026-01-23 17:34:10 | ERROR | db_manager.py:378 : 数据更新失败: (1292, "Incorrect datetime value: '45763.6187962963' for column '下单时间' at row 10")
2026-01-23 17:39:40 | ERROR | db_manager.py:167 : 执行 SQL 语句时发生错误: (1292, "Incorrect datetime value: '45793.1947453704' for column '动账时间' at row 726")
2026-01-23 17:39:40 | ERROR | db_manager.py:378 : 数据更新失败: (1292, "Incorrect datetime value: '45793.1947453704' for column '动账时间' at row 726")
2026-01-23 18:05:29 | ERROR | db_manager.py:167 : 执行 SQL 语句时发生错误: (1406, "Data too long for column '备注.1' at row 492")
2026-01-23 18:05:29 | ERROR | db_manager.py:378 : 数据更新失败: (1406, "Data too long for column '备注.1' at row 492")
2026-01-23 18:14:11 | ERROR | excel_to_db.py:105 : 读取Excel文件失败: [Errno 13] Permission denied: 'C:\\Users\\admin\\Desktop\\财务账单_其他平台\\抖音账单\\1\\~$【抖音】美的康趣专卖店_308322524473165_销售账单2022年9月（含推广）.xlsx'
2026-01-23 18:14:44 | ERROR | db_manager.py:167 : 执行 SQL 语句时发生错误: (1406, "Data too long for column '备注.1' at row 492")
2026-01-23 18:14:44 | ERROR | db_manager.py:378 : 数据更新失败: (1406, "Data too long for column '备注.1' at row 492")
2026-01-23 18:16:20 | ERROR | db_manager.py:167 : 执行 SQL 语句时发生错误: (1406, "Data too long for column '备注.1' at row 1213")
2026-01-23 18:16:20 | ERROR | db_manager.py:378 : 数据更新失败: (1406, "Data too long for column '备注.1' at row 1213")
2026-01-23 18:18:06 | ERROR | db_manager.py:167 : 执行 SQL 语句时发生错误: (1406, "Data too long for column '备注.1' at row 396")
2026-01-23 18:18:06 | ERROR | db_manager.py:378 : 数据更新失败: (1406, "Data too long for column '备注.1' at row 396")
2026-01-23 18:30:35 | ERROR | db_manager.py:167 : 执行 SQL 语句时发生错误: (1265, "Data truncated for column '渠道分成' at row 1182")
2026-01-23 18:30:35 | ERROR | db_manager.py:378 : 数据更新失败: (1265, "Data truncated for column '渠道分成' at row 1182")
2026-01-23 18:33:18 | ERROR | db_manager.py:167 : 执行 SQL 语句时发生错误: (1292, "Incorrect datetime value: '45795.9823726852' for column '下单时间' at row 1")
2026-01-23 18:33:18 | ERROR | db_manager.py:378 : 数据更新失败: (1292, "Incorrect datetime value: '45795.9823726852' for column '下单时间' at row 1")
2026-01-23 18:35:37 | ERROR | db_manager.py:167 : 执行 SQL 语句时发生错误: (1292, "Incorrect datetime value: '45985.0545023148' for column '下单时间' at row 1")
2026-01-23 18:35:37 | ERROR | db_manager.py:378 : 数据更新失败: (1292, "Incorrect datetime value: '45985.0545023148' for column '下单时间' at row 1")
2026-01-23 18:37:28 | ERROR | db_manager.py:167 : 执行 SQL 语句时发生错误: (1292, "Incorrect datetime value: '45792.5838194444' for column '下单时间' at row 5")
2026-01-23 18:37:28 | ERROR | db_manager.py:378 : 数据更新失败: (1292, "Incorrect datetime value: '45792.5838194444' for column '下单时间' at row 5")
2026-01-23 18:40:02 | ERROR | db_manager.py:167 : 执行 SQL 语句时发生错误: (1292, "Incorrect datetime value: '45913.0260069444' for column '动账时间' at row 2")
2026-01-23 18:40:02 | ERROR | db_manager.py:378 : 数据更新失败: (1292, "Incorrect datetime value: '45913.0260069444' for column '动账时间' at row 2")
2026-01-23 18:44:28 | ERROR | db_manager.py:167 : 执行 SQL 语句时发生错误: (1292, "Incorrect datetime value: '45929.6812962963' for column '下单时间' at row 1")
2026-01-23 18:44:28 | ERROR | db_manager.py:378 : 数据更新失败: (1292, "Incorrect datetime value: '45929.6812962963' for column '下单时间' at row 1")
