2026-01-27 09:08:57 | ERROR | db_manager.py:167 : 执行 SQL 语句时发生错误: (1292, "Incorrect datetime value: '12月已结算' for column '费用结算时间' at row 1")
2026-01-27 09:08:57 | ERROR | db_manager.py:378 : 数据更新失败: (1292, "Incorrect datetime value: '12月已结算' for column '费用结算时间' at row 1")
2026-01-27 09:12:35 | ERROR | db_manager.py:167 : 执行 SQL 语句时发生错误: (1265, "Data truncated for column '商品数量' at row 983")
2026-01-27 09:12:35 | ERROR | db_manager.py:378 : 数据更新失败: (1265, "Data truncated for column '商品数量' at row 983")
2026-01-27 09:28:03 | ERROR | db_manager.py:167 : 执行 SQL 语句时发生错误: (1406, "Data too long for column 'Unnamed: 15' at row 1457")
2026-01-27 09:28:04 | ERROR | db_manager.py:378 : 数据更新失败: (1406, "Data too long for column 'Unnamed: 15' at row 1457")
2026-01-27 09:30:59 | ERROR | db_manager.py:167 : 执行 SQL 语句时发生错误: (1292, "Incorrect date value: '955496' for column '规格ID' at row 1")
2026-01-27 09:30:59 | ERROR | db_manager.py:378 : 数据更新失败: (1292, "Incorrect date value: '955496' for column '规格ID' at row 1")
2026-01-27 09:50:07 | ERROR | db_manager.py:167 : 执行 SQL 语句时发生错误: (1292, "Incorrect date value: '955496' for column '规格ID' at row 1")
2026-01-27 09:50:07 | ERROR | db_manager.py:378 : 数据更新失败: (1292, "Incorrect date value: '955496' for column '规格ID' at row 1")
2026-01-27 09:54:56 | ERROR | db_manager.py:167 : 执行 SQL 语句时发生错误: (1292, "Incorrect datetime value: '230' for column '市场推广费' at row 1")
2026-01-27 09:54:56 | ERROR | db_manager.py:378 : 数据更新失败: (1292, "Incorrect datetime value: '230' for column '市场推广费' at row 1")
2026-01-27 09:55:32 | ERROR | db_manager.py:167 : 执行 SQL 语句时发生错误: (1265, "Data truncated for column '实付金额' at row 788")
2026-01-27 09:55:32 | ERROR | db_manager.py:378 : 数据更新失败: (1265, "Data truncated for column '实付金额' at row 788")
2026-01-27 10:00:49 | ERROR | db_manager.py:167 : 执行 SQL 语句时发生错误: (1265, "Data truncated for column '商品交易金额' at row 1")
2026-01-27 10:00:49 | ERROR | db_manager.py:378 : 数据更新失败: (1265, "Data truncated for column '商品交易金额' at row 1")
2026-01-27 10:01:32 | ERROR | db_manager.py:167 : 执行 SQL 语句时发生错误: (1292, "Incorrect datetime value: '出价时间' for column '出价时间' at row 1")
2026-01-27 10:01:32 | ERROR | db_manager.py:378 : 数据更新失败: (1292, "Incorrect datetime value: '出价时间' for column '出价时间' at row 1")
2026-01-27 10:02:06 | ERROR | db_manager.py:167 : 执行 SQL 语句时发生错误: (1292, "Incorrect datetime value: '出价时间' for column '出价时间' at row 1")
2026-01-27 10:02:06 | ERROR | db_manager.py:378 : 数据更新失败: (1292, "Incorrect datetime value: '出价时间' for column '出价时间' at row 1")
2026-01-27 10:07:55 | ERROR | db_manager.py:167 : 执行 SQL 语句时发生错误: (1292, "Incorrect datetime value: '45292' for column '日期' at row 1")
2026-01-27 10:07:55 | ERROR | db_manager.py:378 : 数据更新失败: (1292, "Incorrect datetime value: '45292' for column '日期' at row 1")
2026-01-27 10:09:59 | ERROR | db_manager.py:167 : 执行 SQL 语句时发生错误: (1292, "Incorrect date value: '45292' for column '日期' at row 1")
2026-01-27 10:09:59 | ERROR | db_manager.py:378 : 数据更新失败: (1292, "Incorrect date value: '45292' for column '日期' at row 1")
2026-01-27 10:10:48 | ERROR | db_manager.py:167 : 执行 SQL 语句时发生错误: (1292, "Incorrect date value: '45323' for column '日期' at row 1")
2026-01-27 10:10:48 | ERROR | db_manager.py:378 : 数据更新失败: (1292, "Incorrect date value: '45323' for column '日期' at row 1")
2026-01-27 13:50:33 | ERROR | db_manager.py:167 : 执行 SQL 语句时发生错误: (1292, "Incorrect datetime value: '12月已结算' for column '费用结算时间' at row 1")
2026-01-27 13:50:33 | ERROR | db_manager.py:378 : 数据更新失败: (1292, "Incorrect datetime value: '12月已结算' for column '费用结算时间' at row 1")
2026-01-27 14:51:27 | ERROR | db_manager.py:167 : 执行 SQL 语句时发生错误: (1406, "Data too long for column '备注' at row 337")
2026-01-27 14:51:27 | ERROR | db_manager.py:378 : 数据更新失败: (1406, "Data too long for column '备注' at row 337")
2026-01-27 15:03:11 | ERROR | db_manager.py:168 : 执行 SQL 语句时发生错误: (1265, "Data truncated for column '营销大类编码' at row 475")
2026-01-27 15:03:11 | ERROR | db_manager.py:379 : 数据更新失败: (1265, "Data truncated for column '营销大类编码' at row 475")
2026-01-27 15:12:19 | ERROR | db_manager.py:168 : 执行 SQL 语句时发生错误: (1406, "Data too long for column '票据号' at row 49")
2026-01-27 15:12:19 | ERROR | db_manager.py:379 : 数据更新失败: (1406, "Data too long for column '票据号' at row 49")
