2026-01-26 13:47:51 | INFO | db_manager.py:170 : 结束时间：2026-01-26 13:47:51
2026-01-26 13:47:51 | INFO | 【手工】rinnai_ks_快手小店_售后_售后工作台_售后单_202501.py:9 : 
************************************************************************************************************************
2026-01-26 13:47:51 | INFO | excel_to_db.py:57 : 成功读取文件: E:\1\售后单批量导出-20260126-134456.xlsx, 共 59 行数据
2026-01-26 13:47:51 | INFO | db_manager.py:112 : 总共 59 条数据，开始时间：2026-01-26 13:47:51
2026-01-26 13:47:51 | INFO | db_manager.py:119 : 开始时间：2026-01-26 13:47:51
2026-01-26 13:47:51 | INFO | db_manager.py:163 : 已处理 59/59 条数据
2026-01-26 13:47:51 | INFO | 【手工】rinnai_ks_快手小店_售后_售后工作台_售后单_202501.py:27 : ----------------------------------------------------------------------------------------------------
2026-01-26 13:47:51 | INFO | 【手工】rinnai_ks_快手小店_售后_售后工作台_售后单_202501.py:28 : 
************************************************************************************************************************
2026-01-26 13:48:34 | INFO | db_manager.py:170 : 结束时间：2026-01-26 13:48:34
2026-01-26 13:48:34 | INFO | 【手工】rinnai_ks_快手小店_订单查询_订单列表_202501.py:9 : 
************************************************************************************************************************
2026-01-26 13:48:34 | WARNING | excel_to_db.py:119 : msoffcrypto方法失败: name 'tempfile' is not defined
2026-01-26 13:48:34 | WARNING | excel_to_db.py:128 : 临时解密方法失败: 'OOXMLFile' object has no attribute 'save'
2026-01-26 13:48:36 | INFO | excel_to_db.py:238 :                   订单号  赠品订单号  活动订单编号  ... 服务门店名称 服务门店地址  国补/类国补/消费券
0    2526500483340427    NaN     NaN  ...    NaN    NaN          ¥0
1    2526400252165885    NaN     NaN  ...    NaN    NaN          ¥0
2    2525900255884733    NaN     NaN  ...    NaN    NaN          ¥0
3    2525902009963354    NaN     NaN  ...    NaN    NaN          ¥0
4    2525900501092739    NaN     NaN  ...    NaN    NaN          ¥0
..                ...    ...     ...  ...    ...    ...         ...
123  2527201855816157    NaN     NaN  ...    NaN    NaN          ¥0
124  2527201932619302    NaN     NaN  ...    NaN    NaN          ¥0
125  2527201934035302    NaN     NaN  ...    NaN    NaN          ¥0
126  2527100489156959    NaN     NaN  ...    NaN    NaN          ¥0
127  2526602082457234    NaN     NaN  ...    NaN    NaN          ¥0

[128 rows x 61 columns]
2026-01-26 13:48:36 | INFO | excel_to_db.py:240 : 文件已解密并保存到桌面: C:\Users\admin\Desktop\unlocked_快手小店批量导出-2026-01-26+13_44.xlsx
2026-01-26 13:48:36 | INFO | excel_to_db.py:135 : win32com读取加密Excel文件方法成功
2026-01-26 13:48:36 | INFO | excel_to_db.py:57 : 成功读取文件: E:\1\快手小店批量导出-2026-01-26+13_44.xlsx, 共 128 行数据
2026-01-26 13:48:36 | INFO | db_manager.py:112 : 总共 128 条数据，开始时间：2026-01-26 13:48:36
2026-01-26 13:48:36 | INFO | db_manager.py:119 : 开始时间：2026-01-26 13:48:36
2026-01-26 13:48:36 | INFO | db_manager.py:163 : 已处理 128/128 条数据
2026-01-26 13:48:36 | INFO | 【手工】rinnai_ks_快手小店_订单查询_订单列表_202501.py:29 : ----------------------------------------------------------------------------------------------------
2026-01-26 13:48:36 | INFO | 【手工】rinnai_ks_快手小店_订单查询_订单列表_202501.py:30 : 
************************************************************************************************************************
2026-01-26 18:29:37 | INFO | db_manager.py:170 : 结束时间：2026-01-26 18:29:37
2026-01-26 18:29:38 | INFO | 【手工】caiwu_上海康趣_其他账单_202601.py:12 : 
************************************************************************************************************************
2026-01-26 18:29:38 | INFO | 【手工】caiwu_上海康趣_其他账单_202601.py:22 : C:\Users\admin\Desktop\财务账单一元\土巴兔合并文件.xlsx
2026-01-26 18:29:39 | INFO | excel_to_db.py:57 : 成功读取文件: C:\Users\admin\Desktop\财务账单一元\土巴兔合并文件.xlsx, 共 10229 行数据
2026-01-26 18:29:39 | INFO | 【手工】caiwu_上海康趣_其他账单_202601.py:27 : C:\Users\admin\Desktop\财务账单一元\土巴兔合并文件.xlsx开始入库
2026-01-26 18:29:39 | INFO | db_manager.py:183 : 【caiwu_上海康趣_土巴兔账单_202601】不存在,为您重新创建: (1146, "Table 'caiwu_hzbc.caiwu_上海康趣_土巴兔账单_202601' doesn't exist")
2026-01-26 18:29:39 | INFO | db_manager.py:370 : 开始批量插入数据
2026-01-26 18:29:39 | INFO | db_manager.py:183 : 【caiwu_上海康趣_土巴兔账单_202601】不存在,为您重新创建: (1146, "Table 'caiwu_hzbc.caiwu_上海康趣_土巴兔账单_202601' doesn't exist")
2026-01-26 18:29:39 | INFO | db_manager.py:258 : 表 `caiwu_上海康趣_土巴兔账单_202601` 创建成功
2026-01-26 18:29:39 | INFO | db_manager.py:112 : 总共 10229 条数据，开始时间：2026-01-26 18:29:39
2026-01-26 18:29:39 | INFO | db_manager.py:119 : 开始时间：2026-01-26 18:29:39
2026-01-26 18:29:40 | INFO | db_manager.py:163 : 已处理 10229/10229 条数据
2026-01-26 18:29:40 | INFO | db_manager.py:372 : 批量插入完成
2026-01-26 18:29:40 | INFO | 【手工】caiwu_上海康趣_其他账单_202601.py:40 : ----------------------------------------------------------------------------------------------------
2026-01-26 18:29:40 | INFO | 【手工】caiwu_上海康趣_其他账单_202601.py:41 : 
************************************************************************************************************************
2026-01-26 18:31:04 | INFO | db_manager.py:170 : 结束时间：2026-01-26 18:31:04
2026-01-26 18:31:05 | INFO | 【手工】caiwu_上海康趣_其他账单_202601.py:12 : 
************************************************************************************************************************
2026-01-26 18:31:05 | INFO | 【手工】caiwu_上海康趣_其他账单_202601.py:22 : C:\Users\admin\Desktop\财务账单一元\美团-康趣电器专营店2024年1月-2025年3月.xlsx
2026-01-26 18:31:05 | INFO | excel_to_db.py:57 : 成功读取文件: C:\Users\admin\Desktop\财务账单一元\美团-康趣电器专营店2024年1月-2025年3月.xlsx, 共 1149 行数据
2026-01-26 18:31:05 | INFO | 【手工】caiwu_上海康趣_其他账单_202601.py:27 : C:\Users\admin\Desktop\财务账单一元\美团-康趣电器专营店2024年1月-2025年3月.xlsx开始入库
2026-01-26 18:31:05 | INFO | db_manager.py:183 : 【caiwu_上海康趣_美团账单_202601】不存在,为您重新创建: (1146, "Table 'caiwu_hzbc.caiwu_上海康趣_美团账单_202601' doesn't exist")
2026-01-26 18:31:05 | INFO | db_manager.py:370 : 开始批量插入数据
2026-01-26 18:31:05 | INFO | db_manager.py:183 : 【caiwu_上海康趣_美团账单_202601】不存在,为您重新创建: (1146, "Table 'caiwu_hzbc.caiwu_上海康趣_美团账单_202601' doesn't exist")
2026-01-26 18:31:05 | INFO | db_manager.py:258 : 表 `caiwu_上海康趣_美团账单_202601` 创建成功
2026-01-26 18:31:05 | INFO | db_manager.py:112 : 总共 1149 条数据，开始时间：2026-01-26 18:31:05
2026-01-26 18:31:05 | INFO | db_manager.py:119 : 开始时间：2026-01-26 18:31:05
2026-01-26 18:31:05 | ERROR | db_manager.py:167 : 执行 SQL 语句时发生错误: (1292, "Incorrect datetime value: '-' for column '订单创建时间' at row 33")
2026-01-26 18:31:05 | ERROR | db_manager.py:378 : 数据更新失败: (1292, "Incorrect datetime value: '-' for column '订单创建时间' at row 33")
2026-01-26 18:31:38 | INFO | db_manager.py:170 : 结束时间：2026-01-26 18:31:38
2026-01-26 18:31:38 | INFO | 【手工】caiwu_上海康趣_其他账单_202601.py:12 : 
************************************************************************************************************************
2026-01-26 18:31:38 | INFO | 【手工】caiwu_上海康趣_其他账单_202601.py:22 : C:\Users\admin\Desktop\财务账单一元\美团-康趣电器专营店2024年1月-2025年3月.xlsx
2026-01-26 18:31:38 | INFO | excel_to_db.py:57 : 成功读取文件: C:\Users\admin\Desktop\财务账单一元\美团-康趣电器专营店2024年1月-2025年3月.xlsx, 共 1149 行数据
2026-01-26 18:31:38 | INFO | 【手工】caiwu_上海康趣_其他账单_202601.py:27 : C:\Users\admin\Desktop\财务账单一元\美团-康趣电器专营店2024年1月-2025年3月.xlsx开始入库
2026-01-26 18:31:38 | INFO | db_manager.py:360 : 开始测试插入2条数据到表 caiwu_上海康趣_美团账单_202601
2026-01-26 18:31:38 | INFO | db_manager.py:112 : 总共 2 条数据，开始时间：2026-01-26 18:31:38
2026-01-26 18:31:38 | INFO | db_manager.py:119 : 开始时间：2026-01-26 18:31:38
2026-01-26 18:31:38 | INFO | db_manager.py:163 : 已处理 2/2 条数据
2026-01-26 18:31:38 | INFO | db_manager.py:362 : caiwu_上海康趣_美团账单_202601测试插入成功
2026-01-26 18:31:38 | INFO | db_manager.py:365 : 开始删除指定日期范围内的数据
2026-01-26 18:31:39 | INFO | db_manager.py:367 : 删除成功，已删除【delete from caiwu_上海康趣_美团账单_202601 where `文件名称`='C:\Users\admin\Desktop\财务账单一元\美团-康趣电器专营店2024年1月-2025年3月.xlsx' 
2026-01-26 18:31:39 | INFO | db_manager.py:370 : 开始批量插入数据
2026-01-26 18:31:39 | INFO | db_manager.py:112 : 总共 1149 条数据，开始时间：2026-01-26 18:31:39
2026-01-26 18:31:39 | INFO | db_manager.py:119 : 开始时间：2026-01-26 18:31:39
2026-01-26 18:31:39 | ERROR | db_manager.py:167 : 执行 SQL 语句时发生错误: (1265, "Data truncated for column '运费/运费退款' at row 33")
2026-01-26 18:31:39 | ERROR | db_manager.py:378 : 数据更新失败: (1265, "Data truncated for column '运费/运费退款' at row 33")
2026-01-26 18:32:52 | INFO | db_manager.py:170 : 结束时间：2026-01-26 18:32:52
2026-01-26 18:32:52 | INFO | 【手工】caiwu_上海康趣_其他账单_202601.py:12 : 
************************************************************************************************************************
2026-01-26 18:32:52 | INFO | 【手工】caiwu_上海康趣_其他账单_202601.py:22 : C:\Users\admin\Desktop\财务账单一元\美团-康趣电器专营店2024年1月-2025年3月.xlsx
2026-01-26 18:32:52 | INFO | excel_to_db.py:57 : 成功读取文件: C:\Users\admin\Desktop\财务账单一元\美团-康趣电器专营店2024年1月-2025年3月.xlsx, 共 1149 行数据
2026-01-26 18:32:52 | INFO | 【手工】caiwu_上海康趣_其他账单_202601.py:27 : C:\Users\admin\Desktop\财务账单一元\美团-康趣电器专营店2024年1月-2025年3月.xlsx开始入库
2026-01-26 18:32:52 | INFO | db_manager.py:360 : 开始测试插入2条数据到表 caiwu_上海康趣账单_美团_202601
2026-01-26 18:32:52 | INFO | db_manager.py:112 : 总共 2 条数据，开始时间：2026-01-26 18:32:52
2026-01-26 18:32:52 | INFO | db_manager.py:119 : 开始时间：2026-01-26 18:32:52
2026-01-26 18:32:52 | INFO | db_manager.py:163 : 已处理 2/2 条数据
2026-01-26 18:32:52 | INFO | db_manager.py:362 : caiwu_上海康趣账单_美团_202601测试插入成功
2026-01-26 18:32:52 | INFO | db_manager.py:365 : 开始删除指定日期范围内的数据
2026-01-26 18:32:52 | INFO | db_manager.py:367 : 删除成功，已删除【delete from caiwu_上海康趣账单_美团_202601 where `文件名称`='C:\Users\admin\Desktop\财务账单一元\美团-康趣电器专营店2024年1月-2025年3月.xlsx' 
2026-01-26 18:32:52 | INFO | db_manager.py:370 : 开始批量插入数据
2026-01-26 18:32:52 | INFO | db_manager.py:112 : 总共 1149 条数据，开始时间：2026-01-26 18:32:52
2026-01-26 18:32:52 | INFO | db_manager.py:119 : 开始时间：2026-01-26 18:32:52
2026-01-26 18:32:53 | INFO | db_manager.py:163 : 已处理 1149/1149 条数据
2026-01-26 18:32:53 | INFO | db_manager.py:372 : 批量插入完成
2026-01-26 18:32:53 | INFO | 【手工】caiwu_上海康趣_其他账单_202601.py:40 : ----------------------------------------------------------------------------------------------------
2026-01-26 18:32:53 | INFO | 【手工】caiwu_上海康趣_其他账单_202601.py:41 : 
************************************************************************************************************************
2026-01-26 18:35:52 | INFO | db_manager.py:170 : 结束时间：2026-01-26 18:35:52
2026-01-26 18:35:52 | INFO | 【手工】caiwu_上海康趣_其他账单_202601.py:12 : 
************************************************************************************************************************
2026-01-26 18:35:52 | INFO | 【手工】caiwu_上海康趣_其他账单_202601.py:22 : C:\Users\admin\Desktop\财务账单一元\美福供应商-上海康趣电子商务有限公司汇总.xlsx
2026-01-26 18:35:52 | INFO | excel_to_db.py:57 : 成功读取文件: C:\Users\admin\Desktop\财务账单一元\美福供应商-上海康趣电子商务有限公司汇总.xlsx, 共 107 行数据
2026-01-26 18:35:52 | INFO | 【手工】caiwu_上海康趣_其他账单_202601.py:27 : C:\Users\admin\Desktop\财务账单一元\美福供应商-上海康趣电子商务有限公司汇总.xlsx开始入库
2026-01-26 18:35:52 | INFO | db_manager.py:183 : 【caiwu_上海康趣账单_美福_202601】不存在,为您重新创建: (1146, "Table 'caiwu_hzbc.caiwu_上海康趣账单_美福_202601' doesn't exist")
2026-01-26 18:35:52 | INFO | db_manager.py:370 : 开始批量插入数据
2026-01-26 18:35:52 | INFO | db_manager.py:183 : 【caiwu_上海康趣账单_美福_202601】不存在,为您重新创建: (1146, "Table 'caiwu_hzbc.caiwu_上海康趣账单_美福_202601' doesn't exist")
2026-01-26 18:35:52 | INFO | db_manager.py:258 : 表 `caiwu_上海康趣账单_美福_202601` 创建成功
2026-01-26 18:35:52 | INFO | db_manager.py:112 : 总共 107 条数据，开始时间：2026-01-26 18:35:52
2026-01-26 18:35:52 | INFO | db_manager.py:119 : 开始时间：2026-01-26 18:35:52
2026-01-26 18:35:52 | INFO | db_manager.py:163 : 已处理 107/107 条数据
2026-01-26 18:35:52 | INFO | db_manager.py:372 : 批量插入完成
2026-01-26 18:35:52 | INFO | 【手工】caiwu_上海康趣_其他账单_202601.py:40 : ----------------------------------------------------------------------------------------------------
2026-01-26 18:35:52 | INFO | 【手工】caiwu_上海康趣_其他账单_202601.py:41 : 
************************************************************************************************************************
2026-01-26 18:41:03 | INFO | db_manager.py:170 : 结束时间：2026-01-26 18:41:03
2026-01-26 18:41:03 | INFO | 【手工】caiwu_上海康趣_其他账单_202601.py:12 : 
************************************************************************************************************************
2026-01-26 18:41:03 | INFO | 【手工】caiwu_上海康趣_其他账单_202601.py:22 : C:\Users\admin\Desktop\财务账单一元\京东到家-上海康趣美的旗舰店202401-202502账单汇总.xlsx
2026-01-26 18:41:17 | INFO | excel_to_db.py:57 : 成功读取文件: C:\Users\admin\Desktop\财务账单一元\京东到家-上海康趣美的旗舰店202401-202502账单汇总.xlsx, 共 50123 行数据
2026-01-26 18:41:18 | INFO | 【手工】caiwu_上海康趣_其他账单_202601.py:27 : C:\Users\admin\Desktop\财务账单一元\京东到家-上海康趣美的旗舰店202401-202502账单汇总.xlsx开始入库
2026-01-26 18:41:18 | INFO | db_manager.py:183 : 【caiwu_上海康趣账单_京东到家_202601】不存在,为您重新创建: (1146, "Table 'caiwu_hzbc.caiwu_上海康趣账单_京东到家_202601' doesn't exist")
2026-01-26 18:41:18 | INFO | db_manager.py:370 : 开始批量插入数据
2026-01-26 18:41:18 | INFO | db_manager.py:183 : 【caiwu_上海康趣账单_京东到家_202601】不存在,为您重新创建: (1146, "Table 'caiwu_hzbc.caiwu_上海康趣账单_京东到家_202601' doesn't exist")
2026-01-26 18:41:18 | INFO | db_manager.py:258 : 表 `caiwu_上海康趣账单_京东到家_202601` 创建成功
2026-01-26 18:41:18 | INFO | db_manager.py:112 : 总共 50123 条数据，开始时间：2026-01-26 18:41:18
2026-01-26 18:41:18 | INFO | db_manager.py:119 : 开始时间：2026-01-26 18:41:18
2026-01-26 18:41:23 | ERROR | db_manager.py:167 : 执行 SQL 语句时发生错误: (1292, "Incorrect date value: '388532' for column '商家id' at row 1")
2026-01-26 18:41:23 | ERROR | db_manager.py:378 : 数据更新失败: (1292, "Incorrect date value: '388532' for column '商家id' at row 1")
2026-01-26 18:41:51 | INFO | db_manager.py:170 : 结束时间：2026-01-26 18:41:51
2026-01-26 18:41:51 | INFO | 【手工】caiwu_上海康趣_其他账单_202601.py:12 : 
************************************************************************************************************************
2026-01-26 18:41:51 | INFO | 【手工】caiwu_上海康趣_其他账单_202601.py:22 : C:\Users\admin\Desktop\财务账单一元\京东到家-上海康趣美的旗舰店202401-202502账单汇总.xlsx
2026-01-26 18:42:06 | INFO | excel_to_db.py:57 : 成功读取文件: C:\Users\admin\Desktop\财务账单一元\京东到家-上海康趣美的旗舰店202401-202502账单汇总.xlsx, 共 50123 行数据
2026-01-26 18:42:07 | INFO | 【手工】caiwu_上海康趣_其他账单_202601.py:27 : C:\Users\admin\Desktop\财务账单一元\京东到家-上海康趣美的旗舰店202401-202502账单汇总.xlsx开始入库
2026-01-26 18:42:07 | INFO | db_manager.py:360 : 开始测试插入2条数据到表 caiwu_上海康趣账单_京东到家_202601
2026-01-26 18:42:07 | INFO | db_manager.py:112 : 总共 2 条数据，开始时间：2026-01-26 18:42:07
2026-01-26 18:42:07 | INFO | db_manager.py:119 : 开始时间：2026-01-26 18:42:07
2026-01-26 18:42:07 | INFO | db_manager.py:163 : 已处理 2/2 条数据
2026-01-26 18:42:07 | INFO | db_manager.py:362 : caiwu_上海康趣账单_京东到家_202601测试插入成功
2026-01-26 18:42:07 | INFO | db_manager.py:365 : 开始删除指定日期范围内的数据
2026-01-26 18:42:07 | INFO | db_manager.py:367 : 删除成功，已删除【delete from caiwu_上海康趣账单_京东到家_202601 where `文件名称`='C:\Users\admin\Desktop\财务账单一元\京东到家-上海康趣美的旗舰店202401-202502账单汇总.xlsx' 
2026-01-26 18:42:07 | INFO | db_manager.py:370 : 开始批量插入数据
2026-01-26 18:42:07 | INFO | db_manager.py:112 : 总共 50123 条数据，开始时间：2026-01-26 18:42:07
2026-01-26 18:42:07 | INFO | db_manager.py:119 : 开始时间：2026-01-26 18:42:07
2026-01-26 18:42:20 | ERROR | db_manager.py:167 : 执行 SQL 语句时发生错误: (1265, "Data truncated for column '下单期间' at row 204")
2026-01-26 18:42:20 | ERROR | db_manager.py:378 : 数据更新失败: (1265, "Data truncated for column '下单期间' at row 204")
2026-01-26 18:43:19 | INFO | db_manager.py:170 : 结束时间：2026-01-26 18:43:19
2026-01-26 18:43:19 | INFO | 【手工】caiwu_上海康趣_其他账单_202601.py:12 : 
************************************************************************************************************************
2026-01-26 18:43:19 | INFO | 【手工】caiwu_上海康趣_其他账单_202601.py:22 : C:\Users\admin\Desktop\财务账单一元\京东到家-上海康趣美的旗舰店202401-202502账单汇总.xlsx
2026-01-26 18:43:33 | INFO | excel_to_db.py:57 : 成功读取文件: C:\Users\admin\Desktop\财务账单一元\京东到家-上海康趣美的旗舰店202401-202502账单汇总.xlsx, 共 50123 行数据
2026-01-26 18:43:34 | INFO | 【手工】caiwu_上海康趣_其他账单_202601.py:27 : C:\Users\admin\Desktop\财务账单一元\京东到家-上海康趣美的旗舰店202401-202502账单汇总.xlsx开始入库
2026-01-26 18:43:34 | INFO | db_manager.py:360 : 开始测试插入2条数据到表 caiwu_上海康趣账单_京东到家_202601
2026-01-26 18:43:34 | INFO | db_manager.py:112 : 总共 2 条数据，开始时间：2026-01-26 18:43:34
2026-01-26 18:43:34 | INFO | db_manager.py:119 : 开始时间：2026-01-26 18:43:34
2026-01-26 18:43:34 | INFO | db_manager.py:163 : 已处理 2/2 条数据
2026-01-26 18:43:34 | INFO | db_manager.py:362 : caiwu_上海康趣账单_京东到家_202601测试插入成功
2026-01-26 18:43:34 | INFO | db_manager.py:365 : 开始删除指定日期范围内的数据
2026-01-26 18:43:34 | INFO | db_manager.py:367 : 删除成功，已删除【delete from caiwu_上海康趣账单_京东到家_202601 where `文件名称`='C:\Users\admin\Desktop\财务账单一元\京东到家-上海康趣美的旗舰店202401-202502账单汇总.xlsx' 
2026-01-26 18:43:34 | INFO | db_manager.py:370 : 开始批量插入数据
2026-01-26 18:43:34 | INFO | db_manager.py:112 : 总共 50123 条数据，开始时间：2026-01-26 18:43:34
2026-01-26 18:43:34 | INFO | db_manager.py:119 : 开始时间：2026-01-26 18:43:34
2026-01-26 18:43:42 | ERROR | db_manager.py:167 : 执行 SQL 语句时发生错误: (1265, "Data truncated for column '门店id' at row 204")
2026-01-26 18:43:42 | ERROR | db_manager.py:378 : 数据更新失败: (1265, "Data truncated for column '门店id' at row 204")
2026-01-26 18:44:12 | INFO | db_manager.py:170 : 结束时间：2026-01-26 18:44:12
2026-01-26 18:44:12 | INFO | 【手工】caiwu_上海康趣_其他账单_202601.py:12 : 
************************************************************************************************************************
2026-01-26 18:44:12 | INFO | 【手工】caiwu_上海康趣_其他账单_202601.py:22 : C:\Users\admin\Desktop\财务账单一元\京东到家-上海康趣美的旗舰店202401-202502账单汇总.xlsx
2026-01-26 18:44:26 | INFO | excel_to_db.py:57 : 成功读取文件: C:\Users\admin\Desktop\财务账单一元\京东到家-上海康趣美的旗舰店202401-202502账单汇总.xlsx, 共 50123 行数据
2026-01-26 18:44:27 | INFO | 【手工】caiwu_上海康趣_其他账单_202601.py:27 : C:\Users\admin\Desktop\财务账单一元\京东到家-上海康趣美的旗舰店202401-202502账单汇总.xlsx开始入库
2026-01-26 18:44:27 | INFO | db_manager.py:360 : 开始测试插入2条数据到表 caiwu_上海康趣账单_京东到家_202601
2026-01-26 18:44:27 | INFO | db_manager.py:112 : 总共 2 条数据，开始时间：2026-01-26 18:44:27
2026-01-26 18:44:27 | INFO | db_manager.py:119 : 开始时间：2026-01-26 18:44:27
2026-01-26 18:44:27 | INFO | db_manager.py:163 : 已处理 2/2 条数据
2026-01-26 18:44:27 | INFO | db_manager.py:362 : caiwu_上海康趣账单_京东到家_202601测试插入成功
2026-01-26 18:44:27 | INFO | db_manager.py:365 : 开始删除指定日期范围内的数据
2026-01-26 18:44:27 | INFO | db_manager.py:367 : 删除成功，已删除【delete from caiwu_上海康趣账单_京东到家_202601 where `文件名称`='C:\Users\admin\Desktop\财务账单一元\京东到家-上海康趣美的旗舰店202401-202502账单汇总.xlsx' 
2026-01-26 18:44:27 | INFO | db_manager.py:370 : 开始批量插入数据
2026-01-26 18:44:27 | INFO | db_manager.py:112 : 总共 50123 条数据，开始时间：2026-01-26 18:44:27
2026-01-26 18:44:27 | INFO | db_manager.py:119 : 开始时间：2026-01-26 18:44:27
2026-01-26 18:44:35 | ERROR | db_manager.py:167 : 执行 SQL 语句时发生错误: (1265, "Data truncated for column '商家承担运费补贴' at row 204")
2026-01-26 18:44:35 | ERROR | db_manager.py:378 : 数据更新失败: (1265, "Data truncated for column '商家承担运费补贴' at row 204")
2026-01-26 18:45:40 | INFO | db_manager.py:170 : 结束时间：2026-01-26 18:45:40
2026-01-26 18:45:40 | INFO | 【手工】caiwu_上海康趣_其他账单_202601.py:12 : 
************************************************************************************************************************
2026-01-26 18:45:40 | INFO | 【手工】caiwu_上海康趣_其他账单_202601.py:22 : C:\Users\admin\Desktop\财务账单一元\京东到家-上海康趣美的旗舰店202401-202502账单汇总.xlsx
2026-01-26 18:45:54 | INFO | excel_to_db.py:57 : 成功读取文件: C:\Users\admin\Desktop\财务账单一元\京东到家-上海康趣美的旗舰店202401-202502账单汇总.xlsx, 共 50123 行数据
2026-01-26 18:45:55 | INFO | 【手工】caiwu_上海康趣_其他账单_202601.py:27 : C:\Users\admin\Desktop\财务账单一元\京东到家-上海康趣美的旗舰店202401-202502账单汇总.xlsx开始入库
2026-01-26 18:45:55 | INFO | db_manager.py:360 : 开始测试插入2条数据到表 caiwu_上海康趣账单_京东到家_202601
2026-01-26 18:45:55 | INFO | db_manager.py:112 : 总共 2 条数据，开始时间：2026-01-26 18:45:55
2026-01-26 18:45:55 | INFO | db_manager.py:119 : 开始时间：2026-01-26 18:45:55
2026-01-26 18:45:55 | INFO | db_manager.py:163 : 已处理 2/2 条数据
2026-01-26 18:45:55 | INFO | db_manager.py:362 : caiwu_上海康趣账单_京东到家_202601测试插入成功
2026-01-26 18:45:55 | INFO | db_manager.py:365 : 开始删除指定日期范围内的数据
2026-01-26 18:45:55 | INFO | db_manager.py:367 : 删除成功，已删除【delete from caiwu_上海康趣账单_京东到家_202601 where `文件名称`='C:\Users\admin\Desktop\财务账单一元\京东到家-上海康趣美的旗舰店202401-202502账单汇总.xlsx' 
2026-01-26 18:45:55 | INFO | db_manager.py:370 : 开始批量插入数据
2026-01-26 18:45:55 | INFO | db_manager.py:112 : 总共 50123 条数据，开始时间：2026-01-26 18:45:55
2026-01-26 18:45:55 | INFO | db_manager.py:119 : 开始时间：2026-01-26 18:45:55
2026-01-26 18:46:07 | INFO | db_manager.py:163 : 已处理 50123/50123 条数据
2026-01-26 18:46:07 | INFO | db_manager.py:372 : 批量插入完成
2026-01-26 18:46:07 | INFO | 【手工】caiwu_上海康趣_其他账单_202601.py:40 : ----------------------------------------------------------------------------------------------------
2026-01-26 18:46:07 | INFO | 【手工】caiwu_上海康趣_其他账单_202601.py:41 : 
************************************************************************************************************************
2026-01-26 18:46:22 | INFO | db_manager.py:170 : 结束时间：2026-01-26 18:46:22
2026-01-26 18:46:22 | INFO | 【手工】caiwu_上海康趣_其他账单_202601.py:12 : 
************************************************************************************************************************
2026-01-26 18:46:22 | INFO | 【手工】caiwu_上海康趣_其他账单_202601.py:22 : C:\Users\admin\Desktop\财务账单一元\盒马云超-美的橙祈专卖店汇总.xlsx
2026-01-26 18:46:22 | INFO | excel_to_db.py:57 : 成功读取文件: C:\Users\admin\Desktop\财务账单一元\盒马云超-美的橙祈专卖店汇总.xlsx, 共 74 行数据
2026-01-26 18:46:22 | INFO | 【手工】caiwu_上海康趣_其他账单_202601.py:27 : C:\Users\admin\Desktop\财务账单一元\盒马云超-美的橙祈专卖店汇总.xlsx开始入库
2026-01-26 18:46:22 | INFO | db_manager.py:183 : 【caiwu_上海康趣账单_盒马云超_202601】不存在,为您重新创建: (1146, "Table 'caiwu_hzbc.caiwu_上海康趣账单_盒马云超_202601' doesn't exist")
2026-01-26 18:46:22 | INFO | db_manager.py:370 : 开始批量插入数据
2026-01-26 18:46:22 | INFO | db_manager.py:183 : 【caiwu_上海康趣账单_盒马云超_202601】不存在,为您重新创建: (1146, "Table 'caiwu_hzbc.caiwu_上海康趣账单_盒马云超_202601' doesn't exist")
2026-01-26 18:46:22 | INFO | db_manager.py:258 : 表 `caiwu_上海康趣账单_盒马云超_202601` 创建成功
2026-01-26 18:46:22 | INFO | db_manager.py:112 : 总共 74 条数据，开始时间：2026-01-26 18:46:22
2026-01-26 18:46:22 | INFO | db_manager.py:119 : 开始时间：2026-01-26 18:46:22
2026-01-26 18:46:22 | INFO | db_manager.py:163 : 已处理 74/74 条数据
2026-01-26 18:46:22 | INFO | db_manager.py:372 : 批量插入完成
2026-01-26 18:46:22 | INFO | 【手工】caiwu_上海康趣_其他账单_202601.py:40 : ----------------------------------------------------------------------------------------------------
2026-01-26 18:46:22 | INFO | 【手工】caiwu_上海康趣_其他账单_202601.py:41 : 
************************************************************************************************************************
