2025-08-05 14:22:38 | INFO | data_collector.py:36 : ****************************************************************************************************
2025-08-05 14:22:38 | INFO | data_collector.py:37 : 开始采集：tb_tk_淘宝联盟_商品分析_202504
2025-08-05 14:22:38 | INFO | data_collector.py:38 : 接收到的命令行参数: ['C:\\Users\\Administrator\\Desktop\\yiyuan_spider\\淘系_淘宝联盟\\tb_tk_淘宝联盟_商品分析_202504.py']
2025-08-05 14:22:38 | INFO | data_collector.py:75 : 采集日期列表['2025-08-04'],采集店铺['林内官方旗舰店']
2025-08-05 14:28:07 | INFO | data_collector.py:36 : ****************************************************************************************************
2025-08-05 14:28:07 | INFO | data_collector.py:37 : 开始采集：tb_tk_淘宝联盟_商品分析_202504
2025-08-05 14:28:07 | INFO | data_collector.py:38 : 接收到的命令行参数: ['C:\\Users\\Administrator\\Desktop\\yiyuan_spider\\淘系_淘宝联盟\\tb_tk_淘宝联盟_商品分析_202504.py']
2025-08-05 14:28:07 | INFO | data_collector.py:75 : 采集日期列表['2025-08-04'],采集店铺['林内官方旗舰店']
2025-08-05 14:28:33 | INFO | data_collector.py:36 : ****************************************************************************************************
2025-08-05 14:28:33 | INFO | data_collector.py:37 : 开始采集：tb_tk_淘宝联盟_商品分析_202504
2025-08-05 14:28:33 | INFO | data_collector.py:38 : 接收到的命令行参数: ['C:\\Users\\Administrator\\Desktop\\yiyuan_spider\\淘系_淘宝联盟\\tb_tk_淘宝联盟_商品分析_202504.py']
2025-08-05 14:28:33 | INFO | data_collector.py:75 : 采集日期列表['2025-08-04'],采集店铺['林内官方旗舰店']
2025-08-05 14:28:33 | INFO | extra_reqlog.py:12 : 在<frame at 0x000001DD0B35ECD0, file 'C:\\Users\\Administrator\\Desktop\\yiyuan_spider\\TaoBaoLianMengApi\\TaoKeBaseApi.py', line 56, code task_status_list>发起了调用,请求成功（status_code:200）
2025-08-05 14:28:33 | INFO | TaoKeBaseApi.py:87 : {'data': {'result': [{'process': '100', 'fileName': '2025-08-02 00:00:00~2025-08-02 23:59:59-商品分析', 'bizType': 126, 'createTime': '2025-08-05 13:18:02', 'id': 651193771, 'memberId': 34274104, 'status': 1}, {'process': '100', 'fileName': '2025-08-01 00:00:00~2025-08-01 23:59:59-商品分析', 'bizType': 126, 'createTime': '2025-08-05 13:17:46', 'id': 650866037, 'memberId': 34274104, 'status': 1}], 'prePage': 1, 'nextPage': 1, 'pageNo': 1, 'totalPages': 1, 'allDone': True, 'pageSize': 40, 'hasNext': False, 'totalCount': 2, 'hasPre': False}, 'success': True, 'resultCode': 200, 'bizErrorCode': 0}
2025-08-05 14:28:33 | INFO | TaoKeBaseApi.py:99 : {'2025-08-02 00:00:00~2025-08-02 23:59:59-商品分析': 651193771, '2025-08-01 00:00:00~2025-08-01 23:59:59-商品分析': 650866037}
2025-08-05 14:28:33 | INFO | tb_tk_淘宝联盟_商品分析_202504.py:20 : 
************************************************************************************************************************
在创建 2025-08-04 00:00:00~2025-08-04 23:59:59-商品分析 报告
2025-08-05 14:28:33 | INFO | extra_reqlog.py:12 : 在<frame at 0x000001DD0B611590, file 'C:\\Users\\Administrator\\Desktop\\yiyuan_spider\\TaoBaoLianMengApi\\TaoKeDataAnalysisApi.py', line 49, code goods_analysis__goods_management>发起了调用,请求成功（status_code:200）
2025-08-05 14:28:33 | SUCCESS | TaoKeDataAnalysisApi.py:50 : 成功！！！创建任务日期:2025-08-04
2025-08-05 14:28:33 | INFO | tb_tk_淘宝联盟_商品分析_202504.py:32 : 任务已创建，651222896
2025-08-05 14:29:03 | INFO | tb_tk_淘宝联盟_商品分析_202504.py:83 : 待采集['2025-08-04']
2025-08-05 14:29:03 | INFO | tb_tk_淘宝联盟_商品分析_202504.py:86 : 
========================================================================================================================
正在采集林内官方旗舰店，2025-08-04的数据
2025-08-05 14:29:03 | INFO | extra_reqlog.py:12 : 在<frame at 0x000001DD0B35ECD0, file 'C:\\Users\\Administrator\\Desktop\\yiyuan_spider\\TaoBaoLianMengApi\\TaoKeBaseApi.py', line 56, code task_status_list>发起了调用,请求成功（status_code:200）
2025-08-05 14:29:03 | INFO | TaoKeBaseApi.py:87 : {'data': {'result': [{'process': '50', 'fileName': '2025-08-04 00:00:00~2025-08-04 23:59:59-商品分析', 'bizType': 126, 'createTime': '2025-08-05 14:28:33', 'id': 651222896, 'memberId': 34274104, 'status': 3}, {'process': '100', 'fileName': '2025-08-02 00:00:00~2025-08-02 23:59:59-商品分析', 'bizType': 126, 'createTime': '2025-08-05 13:18:02', 'id': 651193771, 'memberId': 34274104, 'status': 1}, {'process': '100', 'fileName': '2025-08-01 00:00:00~2025-08-01 23:59:59-商品分析', 'bizType': 126, 'createTime': '2025-08-05 13:17:46', 'id': 650866037, 'memberId': 34274104, 'status': 1}], 'prePage': 1, 'pageNo': 1, 'nextPage': 1, 'totalPages': 1, 'allDone': False, 'pageSize': 40, 'hasNext': False, 'totalCount': 3, 'hasPre': False}, 'success': True, 'resultCode': 200, 'bizErrorCode': 0}
2025-08-05 14:29:03 | INFO | TaoKeBaseApi.py:99 : {'2025-08-02 00:00:00~2025-08-02 23:59:59-商品分析': 651193771, '2025-08-01 00:00:00~2025-08-01 23:59:59-商品分析': 650866037}
2025-08-05 14:29:03 | INFO | extra_reqlog.py:12 : 在<frame at 0x000001DD0B611590, file 'C:\\Users\\Administrator\\Desktop\\yiyuan_spider\\TaoBaoLianMengApi\\TaoKeDataAnalysisApi.py', line 49, code goods_analysis__goods_management>发起了调用,请求成功（status_code:200）
2025-08-05 14:29:03 | SUCCESS | TaoKeDataAnalysisApi.py:50 : 成功！！！创建任务日期:2025-08-04
2025-08-05 14:29:03 | INFO | tb_tk_淘宝联盟_商品分析_202504.py:49 : 任务已经存在
2025-08-05 14:29:33 | INFO | tb_tk_淘宝联盟_商品分析_202504.py:83 : 待采集['2025-08-04']
2025-08-05 14:29:33 | INFO | tb_tk_淘宝联盟_商品分析_202504.py:86 : 
========================================================================================================================
正在采集林内官方旗舰店，2025-08-04的数据
2025-08-05 14:29:34 | INFO | extra_reqlog.py:12 : 在<frame at 0x000001DD0B35ECD0, file 'C:\\Users\\Administrator\\Desktop\\yiyuan_spider\\TaoBaoLianMengApi\\TaoKeBaseApi.py', line 56, code task_status_list>发起了调用,请求成功（status_code:200）
2025-08-05 14:29:34 | INFO | TaoKeBaseApi.py:87 : {'data': {'result': [{'process': '100', 'fileName': '2025-08-04 00:00:00~2025-08-04 23:59:59-商品分析', 'bizType': 126, 'createTime': '2025-08-05 14:29:03', 'id': 651222896, 'memberId': 34274104, 'status': 1}, {'process': '100', 'fileName': '2025-08-02 00:00:00~2025-08-02 23:59:59-商品分析', 'bizType': 126, 'createTime': '2025-08-05 13:18:02', 'id': 651193771, 'memberId': 34274104, 'status': 1}, {'process': '100', 'fileName': '2025-08-01 00:00:00~2025-08-01 23:59:59-商品分析', 'bizType': 126, 'createTime': '2025-08-05 13:17:46', 'id': 650866037, 'memberId': 34274104, 'status': 1}], 'prePage': 1, 'pageNo': 1, 'nextPage': 1, 'totalPages': 1, 'allDone': True, 'pageSize': 40, 'hasNext': False, 'totalCount': 3, 'hasPre': False}, 'success': True, 'resultCode': 200, 'bizErrorCode': 0}
2025-08-05 14:29:34 | INFO | TaoKeBaseApi.py:99 : {'2025-08-04 00:00:00~2025-08-04 23:59:59-商品分析': 651222896, '2025-08-02 00:00:00~2025-08-02 23:59:59-商品分析': 651193771, '2025-08-01 00:00:00~2025-08-01 23:59:59-商品分析': 650866037}
2025-08-05 14:29:34 | INFO | extra_reqlog.py:12 : 在<frame at 0x000001DD0B611B60, file 'C:\\Users\\Administrator\\Desktop\\yiyuan_spider\\TaoBaoLianMengApi\\TaoKeBaseApi.py', line 124, code fetch_report_shop_data>发起了调用,请求成功（status_code:200）
2025-08-05 14:29:34 | INFO | downloader.py:75 : https://union-file-center.oss-cn-zhangjiakou.aliyuncs.com/online_6ac591ae7ec1dd5631aaaf33e9df5ded?Expires=1754375383&OSSAccessKeyId=LTAI4FmnP9ZhkUeeAQpo4VPC&Signature=hZJKvReWp80yZhdP0RbyqmqReoI%3D&response-content-disposition=attachment%3B%20filename%3D2025-08-04%2000%253A00%253A00%257E2025-08-04%2023%253A59%253A59-%25E5%2595%2586%25E5%2593%2581%25E5%2588%2586%25E6%259E%2590.csv&response-content-type=text%2Fplain%3B%20charset%3DUTF-8
2025-08-05 14:29:34 | INFO | extra_reqlog.py:12 : 在<frame at 0x000001DD0B60EF20, file 'C:\\Users\\Administrator\\Desktop\\yiyuan_spider\\extra\\downloader.py', line 77, code make_request_get>发起了调用,请求成功（status_code:200）
2025-08-05 14:29:34 | ERROR | database_manager.py:114 : 创建表 `tb_tk_淘宝联盟_商品分析_202504` 失败: (1170, "BLOB/TEXT column 'key' used in key specification without a key length")
2025-08-05 14:33:07 | INFO | data_collector.py:36 : 
************************************************************************************************************************
2025-08-05 14:33:07 | INFO | data_collector.py:37 : 开始采集：tb_tk_淘宝联盟_商品分析_202504
2025-08-05 14:33:07 | INFO | data_collector.py:38 : 接收到的命令行参数: ['C:\\Users\\Administrator\\Desktop\\yiyuan_spider\\淘系_淘宝联盟\\tb_tk_淘宝联盟_商品分析_202504.py']
2025-08-05 14:33:07 | INFO | data_collector.py:75 : 采集日期列表['2025-08-04'],采集店铺['林内官方旗舰店']
2025-08-05 14:33:07 | INFO | extra_reqlog.py:12 : 在<frame at 0x000001BC1A0FE320, file 'C:\\Users\\Administrator\\Desktop\\yiyuan_spider\\TaoBaoLianMengApi\\TaoKeBaseApi.py', line 56, code task_status_list>发起了调用,请求成功（status_code:200）
2025-08-05 14:33:07 | INFO | TaoKeBaseApi.py:87 : {'data': {'result': [{'process': '100', 'fileName': '2025-08-04 00:00:00~2025-08-04 23:59:59-商品分析', 'bizType': 126, 'createTime': '2025-08-05 14:29:03', 'id': 651222896, 'memberId': 34274104, 'status': 1}, {'process': '100', 'fileName': '2025-08-02 00:00:00~2025-08-02 23:59:59-商品分析', 'bizType': 126, 'createTime': '2025-08-05 13:18:02', 'id': 651193771, 'memberId': 34274104, 'status': 1}, {'process': '100', 'fileName': '2025-08-01 00:00:00~2025-08-01 23:59:59-商品分析', 'bizType': 126, 'createTime': '2025-08-05 13:17:46', 'id': 650866037, 'memberId': 34274104, 'status': 1}], 'prePage': 1, 'nextPage': 1, 'pageNo': 1, 'totalPages': 1, 'allDone': True, 'pageSize': 40, 'hasNext': False, 'totalCount': 3, 'hasPre': False}, 'success': True, 'resultCode': 200, 'bizErrorCode': 0}
2025-08-05 14:33:07 | INFO | TaoKeBaseApi.py:99 : {'2025-08-04 00:00:00~2025-08-04 23:59:59-商品分析': 651222896, '2025-08-02 00:00:00~2025-08-02 23:59:59-商品分析': 651193771, '2025-08-01 00:00:00~2025-08-01 23:59:59-商品分析': 650866037}
2025-08-05 14:33:07 | INFO | tb_tk_淘宝联盟_商品分析_202504.py:20 : 
************************************************************************************************************************
在创建 2025-08-04 00:00:00~2025-08-04 23:59:59-商品分析 报告
2025-08-05 14:33:07 | INFO | tb_tk_淘宝联盟_商品分析_202504.py:24 : 报告已存在，且完成2025-08-04 00:00:00~2025-08-04 23:59:59-商品分析
2025-08-05 14:33:37 | INFO | tb_tk_淘宝联盟_商品分析_202504.py:83 : 待采集['2025-08-04']
2025-08-05 14:33:37 | INFO | tb_tk_淘宝联盟_商品分析_202504.py:86 : 
========================================================================================================================
正在采集林内官方旗舰店，2025-08-04的数据
2025-08-05 14:33:37 | INFO | extra_reqlog.py:12 : 在<frame at 0x000001BC1A0FE320, file 'C:\\Users\\Administrator\\Desktop\\yiyuan_spider\\TaoBaoLianMengApi\\TaoKeBaseApi.py', line 56, code task_status_list>发起了调用,请求成功（status_code:200）
2025-08-05 14:33:37 | INFO | TaoKeBaseApi.py:87 : {'data': {'result': [{'process': '100', 'fileName': '2025-08-04 00:00:00~2025-08-04 23:59:59-商品分析', 'bizType': 126, 'createTime': '2025-08-05 14:29:03', 'id': 651222896, 'status': 1, 'memberId': 34274104}, {'process': '100', 'fileName': '2025-08-02 00:00:00~2025-08-02 23:59:59-商品分析', 'bizType': 126, 'createTime': '2025-08-05 13:18:02', 'id': 651193771, 'status': 1, 'memberId': 34274104}, {'process': '100', 'fileName': '2025-08-01 00:00:00~2025-08-01 23:59:59-商品分析', 'bizType': 126, 'createTime': '2025-08-05 13:17:46', 'id': 650866037, 'status': 1, 'memberId': 34274104}], 'prePage': 1, 'pageNo': 1, 'nextPage': 1, 'totalPages': 1, 'allDone': True, 'pageSize': 40, 'hasNext': False, 'totalCount': 3, 'hasPre': False}, 'success': True, 'resultCode': 200, 'bizErrorCode': 0}
2025-08-05 14:33:37 | INFO | TaoKeBaseApi.py:99 : {'2025-08-04 00:00:00~2025-08-04 23:59:59-商品分析': 651222896, '2025-08-02 00:00:00~2025-08-02 23:59:59-商品分析': 651193771, '2025-08-01 00:00:00~2025-08-01 23:59:59-商品分析': 650866037}
2025-08-05 14:33:38 | INFO | extra_reqlog.py:12 : 在<frame at 0x000001BC1A3B5590, file 'C:\\Users\\Administrator\\Desktop\\yiyuan_spider\\TaoBaoLianMengApi\\TaoKeBaseApi.py', line 124, code fetch_report_shop_data>发起了调用,请求成功（status_code:200）
2025-08-05 14:33:38 | INFO | downloader.py:75 : https://union-file-center.oss-cn-zhangjiakou.aliyuncs.com/online_6ac591ae7ec1dd5631aaaf33e9df5ded?Expires=1754375627&OSSAccessKeyId=LTAI4FmnP9ZhkUeeAQpo4VPC&Signature=PNTuholUCP%2F%2FXflMllEZkhApWw8%3D&response-content-disposition=attachment%3B%20filename%3D2025-08-04%2000%253A00%253A00%257E2025-08-04%2023%253A59%253A59-%25E5%2595%2586%25E5%2593%2581%25E5%2588%2586%25E6%259E%2590.csv&response-content-type=text%2Fplain%3B%20charset%3DUTF-8
2025-08-05 14:33:38 | INFO | extra_reqlog.py:12 : 在<frame at 0x000001BC1A3B2D40, file 'C:\\Users\\Administrator\\Desktop\\yiyuan_spider\\extra\\downloader.py', line 77, code make_request_get>发起了调用,请求成功（status_code:200）
2025-08-05 15:04:01 | INFO | data_collector.py:36 : 
************************************************************************************************************************
2025-08-05 15:04:01 | INFO | data_collector.py:37 : 开始采集：tb_tk_淘宝联盟_商品分析_202504
2025-08-05 15:04:01 | INFO | data_collector.py:38 : 接收到的命令行参数: ['C:\\Users\\Administrator\\Desktop\\yiyuan_spider\\淘系_淘宝联盟\\tb_tk_淘宝联盟_商品分析_202504.py']
2025-08-05 15:04:01 | INFO | data_collector.py:75 : 采集日期列表['2025-08-04'],采集店铺['林内官方旗舰店']
2025-08-05 15:04:01 | INFO | extra_reqlog.py:12 : 在<frame at 0x000001ADAAFC6CD0, file 'C:\\Users\\Administrator\\Desktop\\yiyuan_spider\\TaoBaoLianMengApi\\TaoKeBaseApi.py', line 56, code task_status_list>发起了调用,请求成功（status_code:200）
2025-08-05 15:04:01 | INFO | TaoKeBaseApi.py:87 : {'data': {'result': [{'process': '100', 'fileName': '2025-08-04 00:00:00~2025-08-04 23:59:59-商品分析', 'bizType': 126, 'createTime': '2025-08-05 14:29:03', 'id': 651222896, 'status': 1, 'memberId': 34274104}, {'process': '100', 'fileName': '2025-08-02 00:00:00~2025-08-02 23:59:59-商品分析', 'bizType': 126, 'createTime': '2025-08-05 13:18:02', 'id': 651193771, 'status': 1, 'memberId': 34274104}, {'process': '100', 'fileName': '2025-08-01 00:00:00~2025-08-01 23:59:59-商品分析', 'bizType': 126, 'createTime': '2025-08-05 13:17:46', 'id': 650866037, 'status': 1, 'memberId': 34274104}], 'prePage': 1, 'nextPage': 1, 'pageNo': 1, 'totalPages': 1, 'allDone': True, 'pageSize': 40, 'hasNext': False, 'totalCount': 3, 'hasPre': False}, 'success': True, 'resultCode': 200, 'bizErrorCode': 0}
2025-08-05 15:04:01 | INFO | TaoKeBaseApi.py:99 : {'2025-08-04 00:00:00~2025-08-04 23:59:59-商品分析': 651222896, '2025-08-02 00:00:00~2025-08-02 23:59:59-商品分析': 651193771, '2025-08-01 00:00:00~2025-08-01 23:59:59-商品分析': 650866037}
2025-08-05 15:04:01 | INFO | tb_tk_淘宝联盟_商品分析_202504.py:20 : 
------------------------------------------------------------------------------------------------------------------------
在创建 2025-08-04 00:00:00~2025-08-04 23:59:59-商品分析 报告
2025-08-05 15:04:01 | INFO | tb_tk_淘宝联盟_商品分析_202504.py:24 : 报告已存在，且完成2025-08-04 00:00:00~2025-08-04 23:59:59-商品分析
2025-08-05 15:04:31 | INFO | tb_tk_淘宝联盟_商品分析_202504.py:83 : 待采集['2025-08-04']
2025-08-05 15:04:31 | INFO | tb_tk_淘宝联盟_商品分析_202504.py:86 : 
========================================================================================================================
正在采集林内官方旗舰店，2025-08-04的数据
2025-08-05 15:04:32 | INFO | extra_reqlog.py:12 : 在<frame at 0x000001ADAAFC6CD0, file 'C:\\Users\\Administrator\\Desktop\\yiyuan_spider\\TaoBaoLianMengApi\\TaoKeBaseApi.py', line 56, code task_status_list>发起了调用,请求成功（status_code:200）
2025-08-05 15:04:32 | INFO | TaoKeBaseApi.py:87 : {'data': {'result': [{'process': '100', 'fileName': '2025-08-04 00:00:00~2025-08-04 23:59:59-商品分析', 'bizType': 126, 'createTime': '2025-08-05 14:29:03', 'id': 651222896, 'memberId': 34274104, 'status': 1}, {'process': '100', 'fileName': '2025-08-02 00:00:00~2025-08-02 23:59:59-商品分析', 'bizType': 126, 'createTime': '2025-08-05 13:18:02', 'id': 651193771, 'memberId': 34274104, 'status': 1}, {'process': '100', 'fileName': '2025-08-01 00:00:00~2025-08-01 23:59:59-商品分析', 'bizType': 126, 'createTime': '2025-08-05 13:17:46', 'id': 650866037, 'memberId': 34274104, 'status': 1}], 'prePage': 1, 'nextPage': 1, 'pageNo': 1, 'totalPages': 1, 'allDone': True, 'pageSize': 40, 'hasNext': False, 'totalCount': 3, 'hasPre': False}, 'success': True, 'resultCode': 200, 'bizErrorCode': 0}
2025-08-05 15:04:32 | INFO | TaoKeBaseApi.py:99 : {'2025-08-04 00:00:00~2025-08-04 23:59:59-商品分析': 651222896, '2025-08-02 00:00:00~2025-08-02 23:59:59-商品分析': 651193771, '2025-08-01 00:00:00~2025-08-01 23:59:59-商品分析': 650866037}
2025-08-05 15:04:32 | INFO | extra_reqlog.py:12 : 在<frame at 0x000001ADAB285970, file 'C:\\Users\\Administrator\\Desktop\\yiyuan_spider\\TaoBaoLianMengApi\\TaoKeBaseApi.py', line 124, code fetch_report_shop_data>发起了调用,请求成功（status_code:200）
2025-08-05 15:04:32 | INFO | downloader.py:75 : https://union-file-center.oss-cn-zhangjiakou.aliyuncs.com/online_6ac591ae7ec1dd5631aaaf33e9df5ded?Expires=1754377481&OSSAccessKeyId=LTAI4FmnP9ZhkUeeAQpo4VPC&Signature=HNCLqoMNUoEhp4uuhr2D5XddxW0%3D&response-content-disposition=attachment%3B%20filename%3D2025-08-04%2000%253A00%253A00%257E2025-08-04%2023%253A59%253A59-%25E5%2595%2586%25E5%2593%2581%25E5%2588%2586%25E6%259E%2590.csv&response-content-type=text%2Fplain%3B%20charset%3DUTF-8
2025-08-05 15:04:32 | INFO | extra_reqlog.py:12 : 在<frame at 0x000001ADAB282D40, file 'C:\\Users\\Administrator\\Desktop\\yiyuan_spider\\extra\\downloader.py', line 77, code make_request_get>发起了调用,请求成功（status_code:200）
2025-08-05 15:13:25 | INFO | data_collector.py:36 : 
************************************************************************************************************************
2025-08-05 15:13:25 | INFO | data_collector.py:37 : 开始采集：tb_tk_淘宝联盟_商品分析_202504
2025-08-05 15:13:25 | INFO | data_collector.py:38 : 接收到的命令行参数: ['C:\\Users\\Administrator\\Desktop\\yiyuan_spider\\淘系_淘宝联盟\\tb_tk_淘宝联盟_商品分析_202504.py']
2025-08-05 15:13:25 | INFO | data_collector.py:75 : 采集日期列表['2025-08-04'],采集店铺['林内官方旗舰店']
2025-08-05 15:13:25 | INFO | extra_reqlog.py:12 : 在<frame at 0x00000265CE5FC420, file 'C:\\Users\\Administrator\\Desktop\\yiyuan_spider\\TaoBaoLianMengApi\\TaoKeBaseApi.py', line 56, code task_status_list>发起了调用,请求成功（status_code:200）
2025-08-05 15:13:25 | INFO | TaoKeBaseApi.py:87 : {'data': {'result': [{'process': '100', 'fileName': '2025-08-04 00:00:00~2025-08-04 23:59:59-商品分析', 'bizType': 126, 'createTime': '2025-08-05 14:29:03', 'id': 651222896, 'status': 1, 'memberId': 34274104}, {'process': '100', 'fileName': '2025-08-02 00:00:00~2025-08-02 23:59:59-商品分析', 'bizType': 126, 'createTime': '2025-08-05 13:18:02', 'id': 651193771, 'status': 1, 'memberId': 34274104}, {'process': '100', 'fileName': '2025-08-01 00:00:00~2025-08-01 23:59:59-商品分析', 'bizType': 126, 'createTime': '2025-08-05 13:17:46', 'id': 650866037, 'status': 1, 'memberId': 34274104}], 'prePage': 1, 'nextPage': 1, 'pageNo': 1, 'totalPages': 1, 'allDone': True, 'pageSize': 40, 'hasNext': False, 'totalCount': 3, 'hasPre': False}, 'success': True, 'resultCode': 200, 'bizErrorCode': 0}
2025-08-05 15:13:25 | INFO | TaoKeBaseApi.py:99 : {'2025-08-04 00:00:00~2025-08-04 23:59:59-商品分析': 651222896, '2025-08-02 00:00:00~2025-08-02 23:59:59-商品分析': 651193771, '2025-08-01 00:00:00~2025-08-01 23:59:59-商品分析': 650866037}
2025-08-05 15:13:25 | INFO | tb_tk_淘宝联盟_商品分析_202504.py:20 : 
------------------------------------------------------------------------------------------------------------------------
在创建 2025-08-04 00:00:00~2025-08-04 23:59:59-商品分析 报告
2025-08-05 15:13:25 | INFO | tb_tk_淘宝联盟_商品分析_202504.py:24 : 报告已存在，且完成2025-08-04 00:00:00~2025-08-04 23:59:59-商品分析
2025-08-05 15:13:25 | INFO | tb_tk_淘宝联盟_商品分析_202504.py:82 : 待采集['2025-08-04']
2025-08-05 15:13:25 | INFO | tb_tk_淘宝联盟_商品分析_202504.py:85 : 
========================================================================================================================
正在采集林内官方旗舰店，2025-08-04的数据
2025-08-05 15:13:25 | INFO | extra_reqlog.py:12 : 在<frame at 0x00000265CE5FC420, file 'C:\\Users\\Administrator\\Desktop\\yiyuan_spider\\TaoBaoLianMengApi\\TaoKeBaseApi.py', line 56, code task_status_list>发起了调用,请求成功（status_code:200）
2025-08-05 15:13:25 | INFO | TaoKeBaseApi.py:87 : {'data': {'result': [{'process': '100', 'fileName': '2025-08-04 00:00:00~2025-08-04 23:59:59-商品分析', 'bizType': 126, 'createTime': '2025-08-05 14:29:03', 'id': 651222896, 'memberId': 34274104, 'status': 1}, {'process': '100', 'fileName': '2025-08-02 00:00:00~2025-08-02 23:59:59-商品分析', 'bizType': 126, 'createTime': '2025-08-05 13:18:02', 'id': 651193771, 'memberId': 34274104, 'status': 1}, {'process': '100', 'fileName': '2025-08-01 00:00:00~2025-08-01 23:59:59-商品分析', 'bizType': 126, 'createTime': '2025-08-05 13:17:46', 'id': 650866037, 'memberId': 34274104, 'status': 1}], 'prePage': 1, 'pageNo': 1, 'nextPage': 1, 'totalPages': 1, 'allDone': True, 'pageSize': 40, 'hasNext': False, 'totalCount': 3, 'hasPre': False}, 'success': True, 'resultCode': 200, 'bizErrorCode': 0}
2025-08-05 15:13:25 | INFO | TaoKeBaseApi.py:99 : {'2025-08-04 00:00:00~2025-08-04 23:59:59-商品分析': 651222896, '2025-08-02 00:00:00~2025-08-02 23:59:59-商品分析': 651193771, '2025-08-01 00:00:00~2025-08-01 23:59:59-商品分析': 650866037}
2025-08-05 15:13:26 | INFO | extra_reqlog.py:12 : 在<frame at 0x00000265CE81C230, file 'C:\\Users\\Administrator\\Desktop\\yiyuan_spider\\TaoBaoLianMengApi\\TaoKeBaseApi.py', line 124, code fetch_report_shop_data>发起了调用,请求成功（status_code:200）
2025-08-05 15:14:50 | INFO | TaoKeBaseApi.py:126 : https://union-file-center.oss-cn-zhangjiakou.aliyuncs.com/online_6ac591ae7ec1dd5631aaaf33e9df5ded?Expires=1754378015&OSSAccessKeyId=LTAI4FmnP9ZhkUeeAQpo4VPC&Signature=6AzVMUr1hXr4v6QylImwfqdHmNM%3D&response-content-disposition=attachment%3B%20filename%3D2025-08-04%2000%253A00%253A00%257E2025-08-04%2023%253A59%253A59-%25E5%2595%2586%25E5%2593%2581%25E5%2588%2586%25E6%259E%2590.csv&response-content-type=text%2Fplain%3B%20charset%3DUTF-8
2025-08-05 15:14:54 | INFO | downloader.py:75 : https://union-file-center.oss-cn-zhangjiakou.aliyuncs.com/online_6ac591ae7ec1dd5631aaaf33e9df5ded?Expires=1754378015&OSSAccessKeyId=LTAI4FmnP9ZhkUeeAQpo4VPC&Signature=6AzVMUr1hXr4v6QylImwfqdHmNM%3D&response-content-disposition=attachment%3B%20filename%3D2025-08-04%2000%253A00%253A00%257E2025-08-04%2023%253A59%253A59-%25E5%2595%2586%25E5%2593%2581%25E5%2588%2586%25E6%259E%2590.csv&response-content-type=text%2Fplain%3B%20charset%3DUTF-8
2025-08-05 15:14:55 | ERROR | extra_reqlog.py:15 : 在<frame at 0x00000265CE802980, file 'C:\\Users\\Administrator\\Desktop\\yiyuan_spider\\extra\\downloader.py', line 77, code make_request_get>发起了调用,请求失败（status_code:403）
2025-08-05 15:20:21 | INFO | data_collector.py:36 : 
************************************************************************************************************************
2025-08-05 15:20:21 | INFO | data_collector.py:37 : 开始采集：tb_tk_淘宝联盟_商品分析_202504
2025-08-05 15:20:21 | INFO | data_collector.py:38 : 接收到的命令行参数: ['C:\\Users\\Administrator\\Desktop\\yiyuan_spider\\淘系_淘宝联盟\\tb_tk_淘宝联盟_商品分析_202504.py']
2025-08-05 15:20:21 | INFO | data_collector.py:75 : 采集日期列表['2025-08-04'],采集店铺['林内官方旗舰店']
2025-08-05 15:20:22 | INFO | extra_reqlog.py:12 : 在<frame at 0x00000254AA3309F0, file 'C:\\Users\\Administrator\\Desktop\\yiyuan_spider\\TaoBaoLianMengApi\\TaoKeBaseApi.py', line 56, code task_status_list>发起了调用,请求成功（status_code:200）
2025-08-05 15:20:22 | INFO | TaoKeBaseApi.py:87 : {'data': {'result': [{'process': '100', 'fileName': '2025-08-02 00:00:00~2025-08-02 23:59:59-商品分析', 'bizType': 126, 'createTime': '2025-08-05 15:19:28', 'id': 651243004, 'memberId': 34274104, 'status': 1}], 'prePage': 1, 'nextPage': 1, 'pageNo': 1, 'totalPages': 1, 'allDone': True, 'pageSize': 40, 'hasNext': False, 'totalCount': 1, 'hasPre': False}, 'success': True, 'resultCode': 200, 'bizErrorCode': 0}
2025-08-05 15:20:22 | INFO | TaoKeBaseApi.py:99 : {'2025-08-02 00:00:00~2025-08-02 23:59:59-商品分析': 651243004}
2025-08-05 15:20:22 | INFO | tb_tk_淘宝联盟_商品分析_202504.py:20 : 
------------------------------------------------------------------------------------------------------------------------
在创建 2025-08-04 00:00:00~2025-08-04 23:59:59-商品分析 报告
2025-08-05 15:20:22 | INFO | extra_reqlog.py:12 : 在<frame at 0x00000254AA333870, file 'C:\\Users\\Administrator\\Desktop\\yiyuan_spider\\TaoBaoLianMengApi\\TaoKeDataAnalysisApi.py', line 49, code goods_analysis__goods_management>发起了调用,请求成功（status_code:200）
2025-08-05 15:20:22 | SUCCESS | TaoKeDataAnalysisApi.py:50 : 成功！！！创建任务日期:2025-08-04
2025-08-05 15:20:22 | INFO | tb_tk_淘宝联盟_商品分析_202504.py:32 : 任务已创建，651243252
2025-08-05 15:20:22 | INFO | tb_tk_淘宝联盟_商品分析_202504.py:82 : 待采集['2025-08-04']
2025-08-05 15:20:22 | INFO | tb_tk_淘宝联盟_商品分析_202504.py:85 : 
========================================================================================================================
正在采集林内官方旗舰店，2025-08-04的数据
2025-08-05 15:20:22 | INFO | extra_reqlog.py:12 : 在<frame at 0x00000254AA3309F0, file 'C:\\Users\\Administrator\\Desktop\\yiyuan_spider\\TaoBaoLianMengApi\\TaoKeBaseApi.py', line 56, code task_status_list>发起了调用,请求成功（status_code:200）
2025-08-05 15:20:22 | INFO | TaoKeBaseApi.py:87 : {'data': {'result': [{'process': '0', 'fileName': '2025-08-04 00:00:00~2025-08-04 23:59:59-商品分析', 'bizType': 126, 'createTime': '2025-08-05 15:20:22', 'id': 651243252, 'memberId': 34274104, 'status': 3}, {'process': '100', 'fileName': '2025-08-02 00:00:00~2025-08-02 23:59:59-商品分析', 'bizType': 126, 'createTime': '2025-08-05 15:19:28', 'id': 651243004, 'memberId': 34274104, 'status': 1}], 'prePage': 1, 'pageNo': 1, 'nextPage': 1, 'totalPages': 1, 'allDone': False, 'pageSize': 40, 'hasNext': False, 'totalCount': 2, 'hasPre': False}, 'success': True, 'resultCode': 200, 'bizErrorCode': 0}
2025-08-05 15:20:22 | INFO | TaoKeBaseApi.py:99 : {'2025-08-02 00:00:00~2025-08-02 23:59:59-商品分析': 651243004}
2025-08-05 15:20:22 | INFO | extra_reqlog.py:12 : 在<frame at 0x00000254AA333870, file 'C:\\Users\\Administrator\\Desktop\\yiyuan_spider\\TaoBaoLianMengApi\\TaoKeDataAnalysisApi.py', line 49, code goods_analysis__goods_management>发起了调用,请求成功（status_code:200）
2025-08-05 15:20:22 | SUCCESS | TaoKeDataAnalysisApi.py:50 : 成功！！！创建任务日期:2025-08-04
2025-08-05 15:20:22 | INFO | tb_tk_淘宝联盟_商品分析_202504.py:49 : 任务已经存在
2025-08-05 15:20:52 | INFO | tb_tk_淘宝联盟_商品分析_202504.py:82 : 待采集['2025-08-04']
2025-08-05 15:20:52 | INFO | tb_tk_淘宝联盟_商品分析_202504.py:85 : 
========================================================================================================================
正在采集林内官方旗舰店，2025-08-04的数据
2025-08-05 15:20:53 | INFO | extra_reqlog.py:12 : 在<frame at 0x00000254AA3309F0, file 'C:\\Users\\Administrator\\Desktop\\yiyuan_spider\\TaoBaoLianMengApi\\TaoKeBaseApi.py', line 56, code task_status_list>发起了调用,请求成功（status_code:200）
2025-08-05 15:20:53 | INFO | TaoKeBaseApi.py:87 : {'data': {'result': [{'process': '100', 'fileName': '2025-08-04 00:00:00~2025-08-04 23:59:59-商品分析', 'bizType': 126, 'createTime': '2025-08-05 15:20:22', 'id': 651243252, 'memberId': 34274104, 'status': 1}, {'process': '100', 'fileName': '2025-08-02 00:00:00~2025-08-02 23:59:59-商品分析', 'bizType': 126, 'createTime': '2025-08-05 15:19:28', 'id': 651243004, 'memberId': 34274104, 'status': 1}], 'prePage': 1, 'pageNo': 1, 'nextPage': 1, 'totalPages': 1, 'allDone': True, 'pageSize': 40, 'hasNext': False, 'totalCount': 2, 'hasPre': False}, 'success': True, 'resultCode': 200, 'bizErrorCode': 0}
2025-08-05 15:20:53 | INFO | TaoKeBaseApi.py:99 : {'2025-08-04 00:00:00~2025-08-04 23:59:59-商品分析': 651243252, '2025-08-02 00:00:00~2025-08-02 23:59:59-商品分析': 651243004}
2025-08-05 15:20:53 | INFO | extra_reqlog.py:12 : 在<frame at 0x00000254AA333C50, file 'C:\\Users\\Administrator\\Desktop\\yiyuan_spider\\TaoBaoLianMengApi\\TaoKeBaseApi.py', line 124, code fetch_report_shop_data>发起了调用,请求成功（status_code:200）
2025-08-05 15:21:06 | INFO | TaoKeBaseApi.py:126 : https://union-file-center.oss-cn-zhangjiakou.aliyuncs.com/online_6ac591ae7ec1dd5631aaaf33e9df5ded?Expires=1754378462&OSSAccessKeyId=LTAI4FmnP9ZhkUeeAQpo4VPC&Signature=z0viJ4b1Zh6LwFI6uDtDETECI%2BQ%3D&response-content-disposition=attachment%3B%20filename%3D2025-08-04%2000%253A00%253A00%257E2025-08-04%2023%253A59%253A59-%25E5%2595%2586%25E5%2593%2581%25E5%2588%2586%25E6%259E%2590.csv&response-content-type=text%2Fplain%3B%20charset%3DUTF-8
2025-08-05 15:21:10 | INFO | downloader.py:75 : https://union-file-center.oss-cn-zhangjiakou.aliyuncs.com/online_6ac591ae7ec1dd5631aaaf33e9df5ded?Expires=1754378462&OSSAccessKeyId=LTAI4FmnP9ZhkUeeAQpo4VPC&Signature=z0viJ4b1Zh6LwFI6uDtDETECI%2BQ%3D&response-content-disposition=attachment%3B%20filename%3D2025-08-04%2000%253A00%253A00%257E2025-08-04%2023%253A59%253A59-%25E5%2595%2586%25E5%2593%2581%25E5%2588%2586%25E6%259E%2590.csv&response-content-type=text%2Fplain%3B%20charset%3DUTF-8
2025-08-05 15:21:11 | ERROR | extra_reqlog.py:15 : 在<frame at 0x00000254AA505F40, file 'C:\\Users\\Administrator\\Desktop\\yiyuan_spider\\extra\\downloader.py', line 77, code make_request_get>发起了调用,请求失败（status_code:403）
2025-08-05 15:28:05 | INFO | data_collector.py:36 : 
************************************************************************************************************************
2025-08-05 15:28:05 | INFO | data_collector.py:37 : 开始采集：tb_tk_淘宝联盟_商品分析_202504
2025-08-05 15:28:05 | INFO | data_collector.py:38 : 接收到的命令行参数: ['C:\\Users\\Administrator\\Desktop\\yiyuan_spider\\淘系_淘宝联盟\\tb_tk_淘宝联盟_商品分析_202504.py']
2025-08-05 15:28:05 | INFO | data_collector.py:75 : 采集日期列表['2025-08-04'],采集店铺['林内热水器旗舰店']
2025-08-05 15:28:05 | INFO | extra_reqlog.py:12 : 在<frame at 0x00000246B2326CD0, file 'C:\\Users\\Administrator\\Desktop\\yiyuan_spider\\TaoBaoLianMengApi\\TaoKeBaseApi.py', line 56, code task_status_list>发起了调用,请求成功（status_code:200）
2025-08-05 15:28:05 | INFO | TaoKeBaseApi.py:87 : {'data': {'result': [{'process': '100', 'fileName': '2025-08-02 00:00:00~2025-08-02 23:59:59-商品分析', 'bizType': 126, 'createTime': '2025-08-05 15:23:40', 'id': 651244255, 'memberId': 1220600123, 'status': 1}], 'prePage': 1, 'pageNo': 1, 'nextPage': 1, 'totalPages': 1, 'allDone': True, 'pageSize': 40, 'hasNext': False, 'totalCount': 1, 'hasPre': False}, 'success': True, 'resultCode': 200, 'bizErrorCode': 0}
2025-08-05 15:28:05 | INFO | TaoKeBaseApi.py:99 : {'2025-08-02 00:00:00~2025-08-02 23:59:59-商品分析': 651244255}
2025-08-05 15:28:05 | INFO | tb_tk_淘宝联盟_商品分析_202504.py:20 : 
------------------------------------------------------------------------------------------------------------------------
在创建 2025-08-04 00:00:00~2025-08-04 23:59:59-商品分析 报告
2025-08-05 15:28:06 | INFO | extra_reqlog.py:12 : 在<frame at 0x00000246B25E5590, file 'C:\\Users\\Administrator\\Desktop\\yiyuan_spider\\TaoBaoLianMengApi\\TaoKeDataAnalysisApi.py', line 49, code goods_analysis__goods_management>发起了调用,请求成功（status_code:200）
2025-08-05 15:28:06 | SUCCESS | TaoKeDataAnalysisApi.py:50 : 成功！！！创建任务日期:2025-08-04
2025-08-05 15:28:06 | INFO | tb_tk_淘宝联盟_商品分析_202504.py:32 : 任务已创建，651246058
2025-08-05 15:28:06 | INFO | tb_tk_淘宝联盟_商品分析_202504.py:82 : 待采集['2025-08-04']
2025-08-05 15:28:06 | INFO | tb_tk_淘宝联盟_商品分析_202504.py:85 : 
========================================================================================================================
正在采集林内热水器旗舰店，2025-08-04的数据
2025-08-05 15:28:06 | INFO | extra_reqlog.py:12 : 在<frame at 0x00000246B2326CD0, file 'C:\\Users\\Administrator\\Desktop\\yiyuan_spider\\TaoBaoLianMengApi\\TaoKeBaseApi.py', line 56, code task_status_list>发起了调用,请求成功（status_code:200）
2025-08-05 15:28:06 | INFO | TaoKeBaseApi.py:87 : {'data': {'result': [{'process': '0', 'fileName': '2025-08-04 00:00:00~2025-08-04 23:59:59-商品分析', 'bizType': 126, 'createTime': '2025-08-05 15:28:05', 'id': 651246058, 'memberId': 1220600123, 'status': 3}, {'process': '100', 'fileName': '2025-08-02 00:00:00~2025-08-02 23:59:59-商品分析', 'bizType': 126, 'createTime': '2025-08-05 15:23:40', 'id': 651244255, 'memberId': 1220600123, 'status': 1}], 'prePage': 1, 'nextPage': 1, 'pageNo': 1, 'totalPages': 1, 'allDone': False, 'pageSize': 40, 'hasNext': False, 'totalCount': 2, 'hasPre': False}, 'success': True, 'resultCode': 200, 'bizErrorCode': 0}
2025-08-05 15:28:06 | INFO | TaoKeBaseApi.py:99 : {'2025-08-02 00:00:00~2025-08-02 23:59:59-商品分析': 651244255}
2025-08-05 15:28:06 | INFO | extra_reqlog.py:12 : 在<frame at 0x00000246B25E5590, file 'C:\\Users\\Administrator\\Desktop\\yiyuan_spider\\TaoBaoLianMengApi\\TaoKeDataAnalysisApi.py', line 49, code goods_analysis__goods_management>发起了调用,请求成功（status_code:200）
2025-08-05 15:28:06 | SUCCESS | TaoKeDataAnalysisApi.py:50 : 成功！！！创建任务日期:2025-08-04
2025-08-05 15:28:06 | INFO | tb_tk_淘宝联盟_商品分析_202504.py:49 : 任务已经存在
2025-08-05 15:28:36 | INFO | tb_tk_淘宝联盟_商品分析_202504.py:82 : 待采集['2025-08-04']
2025-08-05 15:28:36 | INFO | tb_tk_淘宝联盟_商品分析_202504.py:85 : 
========================================================================================================================
正在采集林内热水器旗舰店，2025-08-04的数据
2025-08-05 15:28:36 | INFO | extra_reqlog.py:12 : 在<frame at 0x00000246B2326CD0, file 'C:\\Users\\Administrator\\Desktop\\yiyuan_spider\\TaoBaoLianMengApi\\TaoKeBaseApi.py', line 56, code task_status_list>发起了调用,请求成功（status_code:200）
2025-08-05 15:28:36 | INFO | TaoKeBaseApi.py:87 : {'data': {'result': [{'process': '100', 'fileName': '2025-08-04 00:00:00~2025-08-04 23:59:59-商品分析', 'bizType': 126, 'createTime': '2025-08-05 15:28:05', 'id': 651246058, 'status': 1, 'memberId': 1220600123}, {'process': '100', 'fileName': '2025-08-02 00:00:00~2025-08-02 23:59:59-商品分析', 'bizType': 126, 'createTime': '2025-08-05 15:23:40', 'id': 651244255, 'status': 1, 'memberId': 1220600123}], 'prePage': 1, 'pageNo': 1, 'nextPage': 1, 'totalPages': 1, 'allDone': True, 'pageSize': 40, 'hasNext': False, 'totalCount': 2, 'hasPre': False}, 'success': True, 'resultCode': 200, 'bizErrorCode': 0}
2025-08-05 15:28:36 | INFO | TaoKeBaseApi.py:99 : {'2025-08-04 00:00:00~2025-08-04 23:59:59-商品分析': 651246058, '2025-08-02 00:00:00~2025-08-02 23:59:59-商品分析': 651244255}
2025-08-05 15:28:36 | INFO | extra_reqlog.py:12 : 在<frame at 0x00000246B25E5970, file 'C:\\Users\\Administrator\\Desktop\\yiyuan_spider\\TaoBaoLianMengApi\\TaoKeBaseApi.py', line 124, code fetch_report_shop_data>发起了调用,请求成功（status_code:200）
2025-08-05 15:28:36 | INFO | TaoKeBaseApi.py:126 : https://union-file-center.oss-cn-zhangjiakou.aliyuncs.com/online_c5eeb0c3d65b0687f22263b005e9b5e6?Expires=1754378925&OSSAccessKeyId=LTAI4FmnP9ZhkUeeAQpo4VPC&Signature=8ZCer3Ilhl5O9d%2BWEe2mj%2F3lQtE%3D&response-content-disposition=attachment%3B%20filename%3D2025-08-04%2000%253A00%253A00%257E2025-08-04%2023%253A59%253A59-%25E5%2595%2586%25E5%2593%2581%25E5%2588%2586%25E6%259E%2590.csv&response-content-type=text%2Fplain%3B%20charset%3DUTF-8
2025-08-05 15:28:36 | INFO | downloader.py:75 : https://union-file-center.oss-cn-zhangjiakou.aliyuncs.com/online_c5eeb0c3d65b0687f22263b005e9b5e6?Expires=1754378925&OSSAccessKeyId=LTAI4FmnP9ZhkUeeAQpo4VPC&Signature=8ZCer3Ilhl5O9d%2BWEe2mj%2F3lQtE%3D&response-content-disposition=attachment%3B%20filename%3D2025-08-04%2000%253A00%253A00%257E2025-08-04%2023%253A59%253A59-%25E5%2595%2586%25E5%2593%2581%25E5%2588%2586%25E6%259E%2590.csv&response-content-type=text%2Fplain%3B%20charset%3DUTF-8
2025-08-05 15:28:36 | INFO | extra_reqlog.py:12 : 在<frame at 0x00000246B25DEB60, file 'C:\\Users\\Administrator\\Desktop\\yiyuan_spider\\extra\\downloader.py', line 77, code make_request_get>发起了调用,请求成功（status_code:200）
2025-08-05 15:40:38 | INFO | data_collector.py:36 : 
************************************************************************************************************************
2025-08-05 15:40:38 | INFO | data_collector.py:37 : 开始采集：tb_tk_淘宝联盟_商品分析_202504
2025-08-05 15:40:38 | INFO | data_collector.py:38 : 接收到的命令行参数: ['C:\\Users\\Administrator\\Desktop\\yiyuan_spider\\淘系_淘宝联盟\\tb_tk_淘宝联盟_商品分析_202504.py']
2025-08-05 15:40:38 | INFO | data_collector.py:75 : 采集日期列表['2025-08-04'],采集店铺['林内热水器旗舰店']
2025-08-05 15:40:38 | INFO | extra_reqlog.py:12 : 在<frame at 0x000001E29C936CD0, file 'C:\\Users\\Administrator\\Desktop\\yiyuan_spider\\TaoBaoLianMengApi\\TaoKeBaseApi.py', line 56, code task_status_list>发起了调用,请求成功（status_code:200）
2025-08-05 15:40:38 | INFO | TaoKeBaseApi.py:87 : {'data': {'result': [{'process': '100', 'fileName': '2025-08-04 00:00:00~2025-08-04 23:59:59-商品分析', 'bizType': 126, 'createTime': '2025-08-05 15:28:05', 'id': 651246058, 'memberId': 1220600123, 'status': 1}, {'process': '100', 'fileName': '2025-08-02 00:00:00~2025-08-02 23:59:59-商品分析', 'bizType': 126, 'createTime': '2025-08-05 15:23:40', 'id': 651244255, 'memberId': 1220600123, 'status': 1}], 'prePage': 1, 'pageNo': 1, 'nextPage': 1, 'totalPages': 1, 'allDone': True, 'pageSize': 40, 'hasNext': False, 'totalCount': 2, 'hasPre': False}, 'success': True, 'resultCode': 200, 'bizErrorCode': 0}
2025-08-05 15:40:38 | INFO | TaoKeBaseApi.py:99 : {'2025-08-04 00:00:00~2025-08-04 23:59:59-商品分析': 651246058, '2025-08-02 00:00:00~2025-08-02 23:59:59-商品分析': 651244255}
2025-08-05 15:40:38 | INFO | tb_tk_淘宝联盟_商品分析_202504.py:20 : 
------------------------------------------------------------------------------------------------------------------------
在创建 2025-08-04 00:00:00~2025-08-04 23:59:59-商品分析 报告
2025-08-05 15:40:38 | INFO | tb_tk_淘宝联盟_商品分析_202504.py:24 : 报告已存在，且完成2025-08-04 00:00:00~2025-08-04 23:59:59-商品分析
2025-08-05 15:40:38 | INFO | tb_tk_淘宝联盟_商品分析_202504.py:82 : 待采集['2025-08-04']
2025-08-05 15:40:38 | INFO | tb_tk_淘宝联盟_商品分析_202504.py:85 : 
========================================================================================================================
正在采集林内热水器旗舰店，2025-08-04的数据
2025-08-05 15:40:38 | INFO | extra_reqlog.py:12 : 在<frame at 0x000001E29C936CD0, file 'C:\\Users\\Administrator\\Desktop\\yiyuan_spider\\TaoBaoLianMengApi\\TaoKeBaseApi.py', line 56, code task_status_list>发起了调用,请求成功（status_code:200）
2025-08-05 15:40:38 | INFO | TaoKeBaseApi.py:87 : {'data': {'result': [{'process': '100', 'fileName': '2025-08-04 00:00:00~2025-08-04 23:59:59-商品分析', 'bizType': 126, 'createTime': '2025-08-05 15:28:05', 'id': 651246058, 'memberId': 1220600123, 'status': 1}, {'process': '100', 'fileName': '2025-08-02 00:00:00~2025-08-02 23:59:59-商品分析', 'bizType': 126, 'createTime': '2025-08-05 15:23:40', 'id': 651244255, 'memberId': 1220600123, 'status': 1}], 'prePage': 1, 'pageNo': 1, 'nextPage': 1, 'totalPages': 1, 'allDone': True, 'pageSize': 40, 'hasNext': False, 'totalCount': 2, 'hasPre': False}, 'success': True, 'resultCode': 200, 'bizErrorCode': 0}
2025-08-05 15:40:38 | INFO | TaoKeBaseApi.py:99 : {'2025-08-04 00:00:00~2025-08-04 23:59:59-商品分析': 651246058, '2025-08-02 00:00:00~2025-08-02 23:59:59-商品分析': 651244255}
2025-08-05 15:40:39 | INFO | extra_reqlog.py:12 : 在<frame at 0x000001E29CBF5970, file 'C:\\Users\\Administrator\\Desktop\\yiyuan_spider\\TaoBaoLianMengApi\\TaoKeBaseApi.py', line 124, code fetch_report_shop_data>发起了调用,请求成功（status_code:200）
2025-08-05 15:40:39 | INFO | TaoKeBaseApi.py:126 : https://union-file-center.oss-cn-zhangjiakou.aliyuncs.com/online_c5eeb0c3d65b0687f22263b005e9b5e6?Expires=1754379648&OSSAccessKeyId=LTAI4FmnP9ZhkUeeAQpo4VPC&Signature=JuVKXlgtZbkfp7wiQoTlBvrJFPE%3D&response-content-disposition=attachment%3B%20filename%3D2025-08-04%2000%253A00%253A00%257E2025-08-04%2023%253A59%253A59-%25E5%2595%2586%25E5%2593%2581%25E5%2588%2586%25E6%259E%2590.csv&response-content-type=text%2Fplain%3B%20charset%3DUTF-8
2025-08-05 15:40:39 | INFO | downloader.py:75 : https://union-file-center.oss-cn-zhangjiakou.aliyuncs.com/online_c5eeb0c3d65b0687f22263b005e9b5e6?Expires=1754379648&OSSAccessKeyId=LTAI4FmnP9ZhkUeeAQpo4VPC&Signature=JuVKXlgtZbkfp7wiQoTlBvrJFPE%3D&response-content-disposition=attachment%3B%20filename%3D2025-08-04%2000%253A00%253A00%257E2025-08-04%2023%253A59%253A59-%25E5%2595%2586%25E5%2593%2581%25E5%2588%2586%25E6%259E%2590.csv&response-content-type=text%2Fplain%3B%20charset%3DUTF-8
2025-08-05 15:40:39 | INFO | extra_reqlog.py:12 : 在<frame at 0x000001E29CBEED40, file 'C:\\Users\\Administrator\\Desktop\\yiyuan_spider\\extra\\downloader.py', line 77, code make_request_get>发起了调用,请求成功（status_code:200）
2025-08-05 15:42:23 | INFO | data_collector.py:36 : 
************************************************************************************************************************
2025-08-05 15:42:23 | INFO | data_collector.py:37 : 开始采集：tb_tk_淘宝联盟_商品分析_202504
2025-08-05 15:42:23 | INFO | data_collector.py:38 : 接收到的命令行参数: ['C:\\Users\\Administrator\\Desktop\\yiyuan_spider\\淘系_淘宝联盟\\tb_tk_淘宝联盟_商品分析_202504.py']
2025-08-05 15:42:23 | INFO | data_collector.py:75 : 采集日期列表['2025-08-04'],采集店铺['林内热水器旗舰店']
2025-08-05 15:42:23 | INFO | extra_reqlog.py:12 : 在<frame at 0x00000207B5B3EAE0, file 'C:\\Users\\Administrator\\Desktop\\yiyuan_spider\\TaoBaoLianMengApi\\TaoKeBaseApi.py', line 56, code task_status_list>发起了调用,请求成功（status_code:200）
2025-08-05 15:42:23 | INFO | TaoKeBaseApi.py:87 : {'data': {'result': [{'process': '100', 'fileName': '2025-08-04 00:00:00~2025-08-04 23:59:59-商品分析', 'bizType': 126, 'createTime': '2025-08-05 15:28:05', 'id': 651246058, 'memberId': 1220600123, 'status': 1}, {'process': '100', 'fileName': '2025-08-02 00:00:00~2025-08-02 23:59:59-商品分析', 'bizType': 126, 'createTime': '2025-08-05 15:23:40', 'id': 651244255, 'memberId': 1220600123, 'status': 1}], 'prePage': 1, 'pageNo': 1, 'nextPage': 1, 'totalPages': 1, 'allDone': True, 'pageSize': 40, 'hasNext': False, 'totalCount': 2, 'hasPre': False}, 'success': True, 'resultCode': 200, 'bizErrorCode': 0}
2025-08-05 15:42:23 | INFO | TaoKeBaseApi.py:99 : {'2025-08-04 00:00:00~2025-08-04 23:59:59-商品分析': 651246058, '2025-08-02 00:00:00~2025-08-02 23:59:59-商品分析': 651244255}
2025-08-05 15:42:23 | INFO | tb_tk_淘宝联盟_商品分析_202504.py:20 : 
------------------------------------------------------------------------------------------------------------------------
在创建 2025-08-04 00:00:00~2025-08-04 23:59:59-商品分析 报告
2025-08-05 15:42:23 | INFO | tb_tk_淘宝联盟_商品分析_202504.py:24 : 报告已存在，且完成2025-08-04 00:00:00~2025-08-04 23:59:59-商品分析
2025-08-05 15:42:23 | INFO | tb_tk_淘宝联盟_商品分析_202504.py:82 : 待采集['2025-08-04']
2025-08-05 15:42:23 | INFO | tb_tk_淘宝联盟_商品分析_202504.py:85 : 
========================================================================================================================
正在采集林内热水器旗舰店，2025-08-04的数据
2025-08-05 15:42:23 | INFO | extra_reqlog.py:12 : 在<frame at 0x00000207B5B3EAE0, file 'C:\\Users\\Administrator\\Desktop\\yiyuan_spider\\TaoBaoLianMengApi\\TaoKeBaseApi.py', line 56, code task_status_list>发起了调用,请求成功（status_code:200）
2025-08-05 15:42:23 | INFO | TaoKeBaseApi.py:87 : {'data': {'result': [{'process': '100', 'fileName': '2025-08-04 00:00:00~2025-08-04 23:59:59-商品分析', 'bizType': 126, 'createTime': '2025-08-05 15:28:05', 'id': 651246058, 'memberId': 1220600123, 'status': 1}, {'process': '100', 'fileName': '2025-08-02 00:00:00~2025-08-02 23:59:59-商品分析', 'bizType': 126, 'createTime': '2025-08-05 15:23:40', 'id': 651244255, 'memberId': 1220600123, 'status': 1}], 'prePage': 1, 'pageNo': 1, 'nextPage': 1, 'totalPages': 1, 'allDone': True, 'pageSize': 40, 'hasNext': False, 'totalCount': 2, 'hasPre': False}, 'success': True, 'resultCode': 200, 'bizErrorCode': 0}
2025-08-05 15:42:23 | INFO | TaoKeBaseApi.py:99 : {'2025-08-04 00:00:00~2025-08-04 23:59:59-商品分析': 651246058, '2025-08-02 00:00:00~2025-08-02 23:59:59-商品分析': 651244255}
2025-08-05 15:42:23 | INFO | extra_reqlog.py:12 : 在<frame at 0x00000207B5DED780, file 'C:\\Users\\Administrator\\Desktop\\yiyuan_spider\\TaoBaoLianMengApi\\TaoKeBaseApi.py', line 124, code fetch_report_shop_data>发起了调用,请求成功（status_code:200）
2025-08-05 15:42:23 | INFO | TaoKeBaseApi.py:126 : https://union-file-center.oss-cn-zhangjiakou.aliyuncs.com/online_c5eeb0c3d65b0687f22263b005e9b5e6?Expires=1754379752&OSSAccessKeyId=LTAI4FmnP9ZhkUeeAQpo4VPC&Signature=MhBDe56709PvfXc%2BU80WKysPps4%3D&response-content-disposition=attachment%3B%20filename%3D2025-08-04%2000%253A00%253A00%257E2025-08-04%2023%253A59%253A59-%25E5%2595%2586%25E5%2593%2581%25E5%2588%2586%25E6%259E%2590.csv&response-content-type=text%2Fplain%3B%20charset%3DUTF-8
2025-08-05 15:42:23 | INFO | downloader.py:75 : https://union-file-center.oss-cn-zhangjiakou.aliyuncs.com/online_c5eeb0c3d65b0687f22263b005e9b5e6?Expires=1754379752&OSSAccessKeyId=LTAI4FmnP9ZhkUeeAQpo4VPC&Signature=MhBDe56709PvfXc%2BU80WKysPps4%3D&response-content-disposition=attachment%3B%20filename%3D2025-08-04%2000%253A00%253A00%257E2025-08-04%2023%253A59%253A59-%25E5%2595%2586%25E5%2593%2581%25E5%2588%2586%25E6%259E%2590.csv&response-content-type=text%2Fplain%3B%20charset%3DUTF-8
2025-08-05 15:42:24 | INFO | extra_reqlog.py:12 : 在<frame at 0x00000207B5DEAB60, file 'C:\\Users\\Administrator\\Desktop\\yiyuan_spider\\extra\\downloader.py', line 77, code make_request_get>发起了调用,请求成功（status_code:200）
2025-08-05 15:43:25 | INFO | data_collector.py:36 : 
************************************************************************************************************************
2025-08-05 15:43:25 | INFO | data_collector.py:37 : 开始采集：tb_tk_淘宝联盟_商品分析_202504
2025-08-05 15:43:25 | INFO | data_collector.py:38 : 接收到的命令行参数: ['C:\\Users\\Administrator\\Desktop\\yiyuan_spider\\淘系_淘宝联盟\\tb_tk_淘宝联盟_商品分析_202504.py']
2025-08-05 15:43:25 | INFO | data_collector.py:75 : 采集日期列表['2025-08-04'],采集店铺['林内热水器旗舰店']
2025-08-05 15:43:25 | INFO | extra_reqlog.py:12 : 在<frame at 0x000001B9864BEAE0, file 'C:\\Users\\Administrator\\Desktop\\yiyuan_spider\\TaoBaoLianMengApi\\TaoKeBaseApi.py', line 56, code task_status_list>发起了调用,请求成功（status_code:200）
2025-08-05 15:43:25 | INFO | TaoKeBaseApi.py:87 : {'data': {'result': [{'process': '100', 'fileName': '2025-08-04 00:00:00~2025-08-04 23:59:59-商品分析', 'bizType': 126, 'createTime': '2025-08-05 15:28:05', 'id': 651246058, 'memberId': 1220600123, 'status': 1}, {'process': '100', 'fileName': '2025-08-02 00:00:00~2025-08-02 23:59:59-商品分析', 'bizType': 126, 'createTime': '2025-08-05 15:23:40', 'id': 651244255, 'memberId': 1220600123, 'status': 1}], 'prePage': 1, 'pageNo': 1, 'nextPage': 1, 'totalPages': 1, 'allDone': True, 'pageSize': 40, 'hasNext': False, 'totalCount': 2, 'hasPre': False}, 'success': True, 'resultCode': 200, 'bizErrorCode': 0}
2025-08-05 15:43:25 | INFO | TaoKeBaseApi.py:99 : {'2025-08-04 00:00:00~2025-08-04 23:59:59-商品分析': 651246058, '2025-08-02 00:00:00~2025-08-02 23:59:59-商品分析': 651244255}
2025-08-05 15:43:25 | INFO | tb_tk_淘宝联盟_商品分析_202504.py:20 : 
------------------------------------------------------------------------------------------------------------------------
在创建 2025-08-04 00:00:00~2025-08-04 23:59:59-商品分析 报告
2025-08-05 15:43:25 | INFO | tb_tk_淘宝联盟_商品分析_202504.py:24 : 报告已存在，且完成2025-08-04 00:00:00~2025-08-04 23:59:59-商品分析
2025-08-05 15:43:25 | INFO | tb_tk_淘宝联盟_商品分析_202504.py:82 : 待采集['2025-08-04']
2025-08-05 15:43:25 | INFO | tb_tk_淘宝联盟_商品分析_202504.py:85 : 
========================================================================================================================
正在采集林内热水器旗舰店，2025-08-04的数据
2025-08-05 15:43:25 | INFO | extra_reqlog.py:12 : 在<frame at 0x000001B9864BEAE0, file 'C:\\Users\\Administrator\\Desktop\\yiyuan_spider\\TaoBaoLianMengApi\\TaoKeBaseApi.py', line 56, code task_status_list>发起了调用,请求成功（status_code:200）
2025-08-05 15:43:25 | INFO | TaoKeBaseApi.py:87 : {'data': {'result': [{'process': '100', 'fileName': '2025-08-04 00:00:00~2025-08-04 23:59:59-商品分析', 'bizType': 126, 'createTime': '2025-08-05 15:28:05', 'id': 651246058, 'status': 1, 'memberId': 1220600123}, {'process': '100', 'fileName': '2025-08-02 00:00:00~2025-08-02 23:59:59-商品分析', 'bizType': 126, 'createTime': '2025-08-05 15:23:40', 'id': 651244255, 'status': 1, 'memberId': 1220600123}], 'prePage': 1, 'pageNo': 1, 'nextPage': 1, 'totalPages': 1, 'allDone': True, 'pageSize': 40, 'hasNext': False, 'totalCount': 2, 'hasPre': False}, 'success': True, 'resultCode': 200, 'bizErrorCode': 0}
2025-08-05 15:43:25 | INFO | TaoKeBaseApi.py:99 : {'2025-08-04 00:00:00~2025-08-04 23:59:59-商品分析': 651246058, '2025-08-02 00:00:00~2025-08-02 23:59:59-商品分析': 651244255}
2025-08-05 15:43:25 | INFO | extra_reqlog.py:12 : 在<frame at 0x000001B986771780, file 'C:\\Users\\Administrator\\Desktop\\yiyuan_spider\\TaoBaoLianMengApi\\TaoKeBaseApi.py', line 124, code fetch_report_shop_data>发起了调用,请求成功（status_code:200）
2025-08-05 15:43:25 | INFO | TaoKeBaseApi.py:126 : https://union-file-center.oss-cn-zhangjiakou.aliyuncs.com/online_c5eeb0c3d65b0687f22263b005e9b5e6?Expires=1754379814&OSSAccessKeyId=LTAI4FmnP9ZhkUeeAQpo4VPC&Signature=d7oXCFnngnFvJ03XytJO8c07voA%3D&response-content-disposition=attachment%3B%20filename%3D2025-08-04%2000%253A00%253A00%257E2025-08-04%2023%253A59%253A59-%25E5%2595%2586%25E5%2593%2581%25E5%2588%2586%25E6%259E%2590.csv&response-content-type=text%2Fplain%3B%20charset%3DUTF-8
2025-08-05 15:43:25 | INFO | downloader.py:75 : https://union-file-center.oss-cn-zhangjiakou.aliyuncs.com/online_c5eeb0c3d65b0687f22263b005e9b5e6?Expires=1754379814&OSSAccessKeyId=LTAI4FmnP9ZhkUeeAQpo4VPC&Signature=d7oXCFnngnFvJ03XytJO8c07voA%3D&response-content-disposition=attachment%3B%20filename%3D2025-08-04%2000%253A00%253A00%257E2025-08-04%2023%253A59%253A59-%25E5%2595%2586%25E5%2593%2581%25E5%2588%2586%25E6%259E%2590.csv&response-content-type=text%2Fplain%3B%20charset%3DUTF-8
2025-08-05 15:43:26 | INFO | extra_reqlog.py:12 : 在<frame at 0x000001B98676AD40, file 'C:\\Users\\Administrator\\Desktop\\yiyuan_spider\\extra\\downloader.py', line 77, code make_request_get>发起了调用,请求成功（status_code:200）
2025-08-05 15:44:26 | INFO | data_collector.py:36 : 
************************************************************************************************************************
2025-08-05 15:44:26 | INFO | data_collector.py:37 : 开始采集：tb_tk_淘宝联盟_商品分析_202504
2025-08-05 15:44:26 | INFO | data_collector.py:38 : 接收到的命令行参数: ['C:\\Users\\Administrator\\Desktop\\yiyuan_spider\\淘系_淘宝联盟\\tb_tk_淘宝联盟_商品分析_202504.py']
2025-08-05 15:44:26 | INFO | data_collector.py:75 : 采集日期列表['2025-08-04'],采集店铺['林内热水器旗舰店']
2025-08-05 15:44:27 | INFO | extra_reqlog.py:12 : 在<frame at 0x000001B7714EEAE0, file 'C:\\Users\\Administrator\\Desktop\\yiyuan_spider\\TaoBaoLianMengApi\\TaoKeBaseApi.py', line 56, code task_status_list>发起了调用,请求成功（status_code:200）
2025-08-05 15:44:27 | INFO | TaoKeBaseApi.py:87 : {'data': {'result': [{'process': '100', 'fileName': '2025-08-04 00:00:00~2025-08-04 23:59:59-商品分析', 'bizType': 126, 'createTime': '2025-08-05 15:28:05', 'id': 651246058, 'memberId': 1220600123, 'status': 1}, {'process': '100', 'fileName': '2025-08-02 00:00:00~2025-08-02 23:59:59-商品分析', 'bizType': 126, 'createTime': '2025-08-05 15:23:40', 'id': 651244255, 'memberId': 1220600123, 'status': 1}], 'prePage': 1, 'pageNo': 1, 'nextPage': 1, 'totalPages': 1, 'allDone': True, 'pageSize': 40, 'hasNext': False, 'totalCount': 2, 'hasPre': False}, 'success': True, 'resultCode': 200, 'bizErrorCode': 0}
2025-08-05 15:44:27 | INFO | TaoKeBaseApi.py:99 : {'2025-08-04 00:00:00~2025-08-04 23:59:59-商品分析': 651246058, '2025-08-02 00:00:00~2025-08-02 23:59:59-商品分析': 651244255}
2025-08-05 15:44:27 | INFO | tb_tk_淘宝联盟_商品分析_202504.py:20 : 
------------------------------------------------------------------------------------------------------------------------
在创建 2025-08-04 00:00:00~2025-08-04 23:59:59-商品分析 报告
2025-08-05 15:44:27 | INFO | tb_tk_淘宝联盟_商品分析_202504.py:24 : 报告已存在，且完成2025-08-04 00:00:00~2025-08-04 23:59:59-商品分析
2025-08-05 15:44:27 | INFO | tb_tk_淘宝联盟_商品分析_202504.py:82 : 待采集['2025-08-04']
2025-08-05 15:44:27 | INFO | tb_tk_淘宝联盟_商品分析_202504.py:85 : 
========================================================================================================================
正在采集林内热水器旗舰店，2025-08-04的数据
2025-08-05 15:44:27 | INFO | extra_reqlog.py:12 : 在<frame at 0x000001B7714EEAE0, file 'C:\\Users\\Administrator\\Desktop\\yiyuan_spider\\TaoBaoLianMengApi\\TaoKeBaseApi.py', line 56, code task_status_list>发起了调用,请求成功（status_code:200）
2025-08-05 15:44:27 | INFO | TaoKeBaseApi.py:87 : {'data': {'result': [{'process': '100', 'fileName': '2025-08-04 00:00:00~2025-08-04 23:59:59-商品分析', 'bizType': 126, 'createTime': '2025-08-05 15:28:05', 'id': 651246058, 'memberId': 1220600123, 'status': 1}, {'process': '100', 'fileName': '2025-08-02 00:00:00~2025-08-02 23:59:59-商品分析', 'bizType': 126, 'createTime': '2025-08-05 15:23:40', 'id': 651244255, 'memberId': 1220600123, 'status': 1}], 'prePage': 1, 'pageNo': 1, 'nextPage': 1, 'totalPages': 1, 'allDone': True, 'pageSize': 40, 'hasNext': False, 'totalCount': 2, 'hasPre': False}, 'success': True, 'resultCode': 200, 'bizErrorCode': 0}
2025-08-05 15:44:27 | INFO | TaoKeBaseApi.py:99 : {'2025-08-04 00:00:00~2025-08-04 23:59:59-商品分析': 651246058, '2025-08-02 00:00:00~2025-08-02 23:59:59-商品分析': 651244255}
2025-08-05 15:44:27 | INFO | extra_reqlog.py:12 : 在<frame at 0x000001B77179D780, file 'C:\\Users\\Administrator\\Desktop\\yiyuan_spider\\TaoBaoLianMengApi\\TaoKeBaseApi.py', line 124, code fetch_report_shop_data>发起了调用,请求成功（status_code:200）
2025-08-05 15:44:27 | INFO | TaoKeBaseApi.py:126 : https://union-file-center.oss-cn-zhangjiakou.aliyuncs.com/online_c5eeb0c3d65b0687f22263b005e9b5e6?Expires=1754379876&OSSAccessKeyId=LTAI4FmnP9ZhkUeeAQpo4VPC&Signature=t9m16SkngwDW0l6er614IsdPELg%3D&response-content-disposition=attachment%3B%20filename%3D2025-08-04%2000%253A00%253A00%257E2025-08-04%2023%253A59%253A59-%25E5%2595%2586%25E5%2593%2581%25E5%2588%2586%25E6%259E%2590.csv&response-content-type=text%2Fplain%3B%20charset%3DUTF-8
2025-08-05 15:44:27 | INFO | downloader.py:75 : https://union-file-center.oss-cn-zhangjiakou.aliyuncs.com/online_c5eeb0c3d65b0687f22263b005e9b5e6?Expires=1754379876&OSSAccessKeyId=LTAI4FmnP9ZhkUeeAQpo4VPC&Signature=t9m16SkngwDW0l6er614IsdPELg%3D&response-content-disposition=attachment%3B%20filename%3D2025-08-04%2000%253A00%253A00%257E2025-08-04%2023%253A59%253A59-%25E5%2595%2586%25E5%2593%2581%25E5%2588%2586%25E6%259E%2590.csv&response-content-type=text%2Fplain%3B%20charset%3DUTF-8
2025-08-05 15:44:27 | INFO | extra_reqlog.py:12 : 在<frame at 0x000001B77179AD40, file 'C:\\Users\\Administrator\\Desktop\\yiyuan_spider\\extra\\downloader.py', line 77, code make_request_get>发起了调用,请求成功（status_code:200）
2025-08-05 15:45:08 | INFO | data_collector.py:36 : 
************************************************************************************************************************
2025-08-05 15:45:08 | INFO | data_collector.py:37 : 开始采集：tb_tk_淘宝联盟_商品分析_202504
2025-08-05 15:45:08 | INFO | data_collector.py:38 : 接收到的命令行参数: ['C:\\Users\\Administrator\\Desktop\\yiyuan_spider\\淘系_淘宝联盟\\tb_tk_淘宝联盟_商品分析_202504.py']
2025-08-05 15:45:08 | INFO | data_collector.py:75 : 采集日期列表['2025-08-04'],采集店铺['林内热水器旗舰店']
2025-08-05 15:45:09 | INFO | extra_reqlog.py:12 : 在<frame at 0x0000027EB4C3EAE0, file 'C:\\Users\\Administrator\\Desktop\\yiyuan_spider\\TaoBaoLianMengApi\\TaoKeBaseApi.py', line 56, code task_status_list>发起了调用,请求成功（status_code:200）
2025-08-05 15:45:09 | INFO | TaoKeBaseApi.py:87 : {'data': {'result': [{'process': '100', 'fileName': '2025-08-04 00:00:00~2025-08-04 23:59:59-商品分析', 'bizType': 126, 'createTime': '2025-08-05 15:28:05', 'id': 651246058, 'memberId': 1220600123, 'status': 1}, {'process': '100', 'fileName': '2025-08-02 00:00:00~2025-08-02 23:59:59-商品分析', 'bizType': 126, 'createTime': '2025-08-05 15:23:40', 'id': 651244255, 'memberId': 1220600123, 'status': 1}], 'prePage': 1, 'pageNo': 1, 'nextPage': 1, 'totalPages': 1, 'allDone': True, 'pageSize': 40, 'hasNext': False, 'totalCount': 2, 'hasPre': False}, 'success': True, 'resultCode': 200, 'bizErrorCode': 0}
2025-08-05 15:45:09 | INFO | TaoKeBaseApi.py:99 : {'2025-08-04 00:00:00~2025-08-04 23:59:59-商品分析': 651246058, '2025-08-02 00:00:00~2025-08-02 23:59:59-商品分析': 651244255}
2025-08-05 15:45:09 | INFO | tb_tk_淘宝联盟_商品分析_202504.py:20 : 
------------------------------------------------------------------------------------------------------------------------
在创建 2025-08-04 00:00:00~2025-08-04 23:59:59-商品分析 报告
2025-08-05 15:45:09 | INFO | tb_tk_淘宝联盟_商品分析_202504.py:24 : 报告已存在，且完成2025-08-04 00:00:00~2025-08-04 23:59:59-商品分析
2025-08-05 15:45:09 | INFO | tb_tk_淘宝联盟_商品分析_202504.py:82 : 待采集['2025-08-04']
2025-08-05 15:45:09 | INFO | tb_tk_淘宝联盟_商品分析_202504.py:85 : 
========================================================================================================================
正在采集林内热水器旗舰店，2025-08-04的数据
2025-08-05 15:45:09 | INFO | extra_reqlog.py:12 : 在<frame at 0x0000027EB4C3EAE0, file 'C:\\Users\\Administrator\\Desktop\\yiyuan_spider\\TaoBaoLianMengApi\\TaoKeBaseApi.py', line 56, code task_status_list>发起了调用,请求成功（status_code:200）
2025-08-05 15:45:09 | INFO | TaoKeBaseApi.py:87 : {'data': {'result': [{'process': '100', 'fileName': '2025-08-04 00:00:00~2025-08-04 23:59:59-商品分析', 'bizType': 126, 'createTime': '2025-08-05 15:28:05', 'id': 651246058, 'memberId': 1220600123, 'status': 1}, {'process': '100', 'fileName': '2025-08-02 00:00:00~2025-08-02 23:59:59-商品分析', 'bizType': 126, 'createTime': '2025-08-05 15:23:40', 'id': 651244255, 'memberId': 1220600123, 'status': 1}], 'prePage': 1, 'pageNo': 1, 'nextPage': 1, 'totalPages': 1, 'allDone': True, 'pageSize': 40, 'hasNext': False, 'totalCount': 2, 'hasPre': False}, 'success': True, 'resultCode': 200, 'bizErrorCode': 0}
2025-08-05 15:45:09 | INFO | TaoKeBaseApi.py:99 : {'2025-08-04 00:00:00~2025-08-04 23:59:59-商品分析': 651246058, '2025-08-02 00:00:00~2025-08-02 23:59:59-商品分析': 651244255}
2025-08-05 15:45:09 | INFO | extra_reqlog.py:12 : 在<frame at 0x0000027EB4EF13A0, file 'C:\\Users\\Administrator\\Desktop\\yiyuan_spider\\TaoBaoLianMengApi\\TaoKeBaseApi.py', line 124, code fetch_report_shop_data>发起了调用,请求成功（status_code:200）
2025-08-05 15:45:09 | INFO | TaoKeBaseApi.py:126 : https://union-file-center.oss-cn-zhangjiakou.aliyuncs.com/online_c5eeb0c3d65b0687f22263b005e9b5e6?Expires=1754379918&OSSAccessKeyId=LTAI4FmnP9ZhkUeeAQpo4VPC&Signature=G7nAHwRMaJ09abfGJZc9%2BNt6UBM%3D&response-content-disposition=attachment%3B%20filename%3D2025-08-04%2000%253A00%253A00%257E2025-08-04%2023%253A59%253A59-%25E5%2595%2586%25E5%2593%2581%25E5%2588%2586%25E6%259E%2590.csv&response-content-type=text%2Fplain%3B%20charset%3DUTF-8
2025-08-05 15:45:09 | INFO | downloader.py:75 : https://union-file-center.oss-cn-zhangjiakou.aliyuncs.com/online_c5eeb0c3d65b0687f22263b005e9b5e6?Expires=1754379918&OSSAccessKeyId=LTAI4FmnP9ZhkUeeAQpo4VPC&Signature=G7nAHwRMaJ09abfGJZc9%2BNt6UBM%3D&response-content-disposition=attachment%3B%20filename%3D2025-08-04%2000%253A00%253A00%257E2025-08-04%2023%253A59%253A59-%25E5%2595%2586%25E5%2593%2581%25E5%2588%2586%25E6%259E%2590.csv&response-content-type=text%2Fplain%3B%20charset%3DUTF-8
2025-08-05 15:45:09 | INFO | extra_reqlog.py:12 : 在<frame at 0x0000027EB4EEEB60, file 'C:\\Users\\Administrator\\Desktop\\yiyuan_spider\\extra\\downloader.py', line 77, code make_request_get>发起了调用,请求成功（status_code:200）
2025-08-05 15:58:59 | INFO | data_collector.py:36 : 
************************************************************************************************************************
2025-08-05 15:58:59 | INFO | data_collector.py:37 : 开始采集：tb_tk_淘宝联盟_商品分析_202504
2025-08-05 15:58:59 | INFO | data_collector.py:38 : 接收到的命令行参数: ['C:\\Users\\Administrator\\Desktop\\yiyuan_spider\\淘系_淘宝联盟\\tb_tk_淘宝联盟_商品分析_202504.py']
2025-08-05 15:58:59 | INFO | data_collector.py:75 : 采集日期列表['2025-08-04'],采集店铺['林内热水器旗舰店']
2025-08-05 15:58:59 | INFO | extra_reqlog.py:12 : 在<frame at 0x000002179365ECD0, file 'C:\\Users\\Administrator\\Desktop\\yiyuan_spider\\TaoBaoLianMengApi\\TaoKeBaseApi.py', line 56, code task_status_list>发起了调用,请求成功（status_code:200）
2025-08-05 15:58:59 | INFO | TaoKeBaseApi.py:87 : {'data': {'result': [{'process': '100', 'fileName': '2025-08-04 00:00:00~2025-08-04 23:59:59-商品分析', 'bizType': 126, 'createTime': '2025-08-05 15:28:05', 'id': 651246058, 'memberId': 1220600123, 'status': 1}, {'process': '100', 'fileName': '2025-08-02 00:00:00~2025-08-02 23:59:59-商品分析', 'bizType': 126, 'createTime': '2025-08-05 15:23:40', 'id': 651244255, 'memberId': 1220600123, 'status': 1}], 'prePage': 1, 'pageNo': 1, 'nextPage': 1, 'totalPages': 1, 'allDone': True, 'pageSize': 40, 'hasNext': False, 'totalCount': 2, 'hasPre': False}, 'success': True, 'resultCode': 200, 'bizErrorCode': 0}
2025-08-05 15:58:59 | INFO | TaoKeBaseApi.py:99 : {'2025-08-04 00:00:00~2025-08-04 23:59:59-商品分析': 651246058, '2025-08-02 00:00:00~2025-08-02 23:59:59-商品分析': 651244255}
2025-08-05 15:58:59 | INFO | tb_tk_淘宝联盟_商品分析_202504.py:20 : 
------------------------------------------------------------------------------------------------------------------------
在创建 2025-08-04 00:00:00~2025-08-04 23:59:59-商品分析 报告
2025-08-05 15:58:59 | INFO | tb_tk_淘宝联盟_商品分析_202504.py:24 : 报告已存在，且完成2025-08-04 00:00:00~2025-08-04 23:59:59-商品分析
2025-08-05 15:58:59 | INFO | tb_tk_淘宝联盟_商品分析_202504.py:82 : 待采集['2025-08-04']
2025-08-05 15:58:59 | INFO | tb_tk_淘宝联盟_商品分析_202504.py:85 : 
========================================================================================================================
正在采集林内热水器旗舰店，2025-08-04的数据
2025-08-05 15:58:59 | INFO | extra_reqlog.py:12 : 在<frame at 0x000002179365ECD0, file 'C:\\Users\\Administrator\\Desktop\\yiyuan_spider\\TaoBaoLianMengApi\\TaoKeBaseApi.py', line 56, code task_status_list>发起了调用,请求成功（status_code:200）
2025-08-05 15:58:59 | INFO | TaoKeBaseApi.py:87 : {'data': {'result': [{'process': '100', 'fileName': '2025-08-04 00:00:00~2025-08-04 23:59:59-商品分析', 'bizType': 126, 'createTime': '2025-08-05 15:28:05', 'id': 651246058, 'memberId': 1220600123, 'status': 1}, {'process': '100', 'fileName': '2025-08-02 00:00:00~2025-08-02 23:59:59-商品分析', 'bizType': 126, 'createTime': '2025-08-05 15:23:40', 'id': 651244255, 'memberId': 1220600123, 'status': 1}], 'prePage': 1, 'nextPage': 1, 'pageNo': 1, 'totalPages': 1, 'allDone': True, 'pageSize': 40, 'hasNext': False, 'totalCount': 2, 'hasPre': False}, 'success': True, 'resultCode': 200, 'bizErrorCode': 0}
2025-08-05 15:58:59 | INFO | TaoKeBaseApi.py:99 : {'2025-08-04 00:00:00~2025-08-04 23:59:59-商品分析': 651246058, '2025-08-02 00:00:00~2025-08-02 23:59:59-商品分析': 651244255}
2025-08-05 15:58:59 | INFO | extra_reqlog.py:12 : 在<frame at 0x0000021793909440, file 'C:\\Users\\Administrator\\Desktop\\yiyuan_spider\\TaoBaoLianMengApi\\TaoKeBaseApi.py', line 124, code fetch_report_shop_data>发起了调用,请求成功（status_code:200）
2025-08-05 15:58:59 | INFO | TaoKeBaseApi.py:126 : https://union-file-center.oss-cn-zhangjiakou.aliyuncs.com/online_c5eeb0c3d65b0687f22263b005e9b5e6?Expires=1754380748&OSSAccessKeyId=LTAI4FmnP9ZhkUeeAQpo4VPC&Signature=cRXtIC%2BbQxPC4ifCbTQHBYMKDaI%3D&response-content-disposition=attachment%3B%20filename%3D2025-08-04%2000%253A00%253A00%257E2025-08-04%2023%253A59%253A59-%25E5%2595%2586%25E5%2593%2581%25E5%2588%2586%25E6%259E%2590.csv&response-content-type=text%2Fplain%3B%20charset%3DUTF-8
2025-08-05 15:58:59 | INFO | downloader.py:75 : https://union-file-center.oss-cn-zhangjiakou.aliyuncs.com/online_c5eeb0c3d65b0687f22263b005e9b5e6?Expires=1754380748&OSSAccessKeyId=LTAI4FmnP9ZhkUeeAQpo4VPC&Signature=cRXtIC%2BbQxPC4ifCbTQHBYMKDaI%3D&response-content-disposition=attachment%3B%20filename%3D2025-08-04%2000%253A00%253A00%257E2025-08-04%2023%253A59%253A59-%25E5%2595%2586%25E5%2593%2581%25E5%2588%2586%25E6%259E%2590.csv&response-content-type=text%2Fplain%3B%20charset%3DUTF-8
2025-08-05 15:58:59 | INFO | extra_reqlog.py:12 : 在<frame at 0x0000021793912D40, file 'C:\\Users\\Administrator\\Desktop\\yiyuan_spider\\extra\\downloader.py', line 77, code make_request_get>发起了调用,请求成功（status_code:200）
2025-08-05 16:03:38 | INFO | data_collector.py:36 : 
************************************************************************************************************************
2025-08-05 16:03:38 | INFO | data_collector.py:37 : 开始采集：tb_tk_淘宝联盟_商品分析_202504
2025-08-05 16:03:38 | INFO | data_collector.py:38 : 接收到的命令行参数: ['C:\\Users\\Administrator\\Desktop\\yiyuan_spider\\淘系_淘宝联盟\\tb_tk_淘宝联盟_商品分析_202504.py']
2025-08-05 16:03:38 | INFO | data_collector.py:75 : 采集日期列表['2025-08-04'],采集店铺['林内热水器旗舰店']
2025-08-05 16:03:38 | INFO | extra_reqlog.py:12 : 在<frame at 0x0000027496106CD0, file 'C:\\Users\\Administrator\\Desktop\\yiyuan_spider\\TaoBaoLianMengApi\\TaoKeBaseApi.py', line 56, code task_status_list>发起了调用,请求成功（status_code:200）
2025-08-05 16:03:38 | INFO | TaoKeBaseApi.py:87 : {'data': {'result': [{'process': '100', 'fileName': '2025-08-04 00:00:00~2025-08-04 23:59:59-商品分析', 'bizType': 126, 'createTime': '2025-08-05 15:28:05', 'id': 651246058, 'memberId': 1220600123, 'status': 1}, {'process': '100', 'fileName': '2025-08-02 00:00:00~2025-08-02 23:59:59-商品分析', 'bizType': 126, 'createTime': '2025-08-05 15:23:40', 'id': 651244255, 'memberId': 1220600123, 'status': 1}], 'prePage': 1, 'pageNo': 1, 'nextPage': 1, 'totalPages': 1, 'allDone': True, 'pageSize': 40, 'hasNext': False, 'totalCount': 2, 'hasPre': False}, 'success': True, 'resultCode': 200, 'bizErrorCode': 0}
2025-08-05 16:03:38 | INFO | TaoKeBaseApi.py:99 : {'2025-08-04 00:00:00~2025-08-04 23:59:59-商品分析': 651246058, '2025-08-02 00:00:00~2025-08-02 23:59:59-商品分析': 651244255}
2025-08-05 16:03:38 | INFO | tb_tk_淘宝联盟_商品分析_202504.py:20 : 
------------------------------------------------------------------------------------------------------------------------
在创建 2025-08-04 00:00:00~2025-08-04 23:59:59-商品分析 报告
2025-08-05 16:03:38 | INFO | tb_tk_淘宝联盟_商品分析_202504.py:24 : 报告已存在，且完成2025-08-04 00:00:00~2025-08-04 23:59:59-商品分析
2025-08-05 16:03:38 | INFO | tb_tk_淘宝联盟_商品分析_202504.py:82 : 待采集['2025-08-04']
2025-08-05 16:03:38 | INFO | tb_tk_淘宝联盟_商品分析_202504.py:85 : 
========================================================================================================================
正在采集林内热水器旗舰店，2025-08-04的数据
2025-08-05 16:03:38 | INFO | extra_reqlog.py:12 : 在<frame at 0x0000027496106CD0, file 'C:\\Users\\Administrator\\Desktop\\yiyuan_spider\\TaoBaoLianMengApi\\TaoKeBaseApi.py', line 56, code task_status_list>发起了调用,请求成功（status_code:200）
2025-08-05 16:03:38 | INFO | TaoKeBaseApi.py:87 : {'data': {'result': [{'process': '100', 'fileName': '2025-08-04 00:00:00~2025-08-04 23:59:59-商品分析', 'bizType': 126, 'createTime': '2025-08-05 15:28:05', 'id': 651246058, 'memberId': 1220600123, 'status': 1}, {'process': '100', 'fileName': '2025-08-02 00:00:00~2025-08-02 23:59:59-商品分析', 'bizType': 126, 'createTime': '2025-08-05 15:23:40', 'id': 651244255, 'memberId': 1220600123, 'status': 1}], 'prePage': 1, 'nextPage': 1, 'pageNo': 1, 'totalPages': 1, 'allDone': True, 'pageSize': 40, 'hasNext': False, 'totalCount': 2, 'hasPre': False}, 'success': True, 'resultCode': 200, 'bizErrorCode': 0}
2025-08-05 16:03:38 | INFO | TaoKeBaseApi.py:99 : {'2025-08-04 00:00:00~2025-08-04 23:59:59-商品分析': 651246058, '2025-08-02 00:00:00~2025-08-02 23:59:59-商品分析': 651244255}
2025-08-05 16:03:39 | INFO | extra_reqlog.py:12 : 在<frame at 0x00000274963B9440, file 'C:\\Users\\Administrator\\Desktop\\yiyuan_spider\\TaoBaoLianMengApi\\TaoKeBaseApi.py', line 124, code fetch_report_shop_data>发起了调用,请求成功（status_code:200）
2025-08-05 16:03:39 | INFO | TaoKeBaseApi.py:126 : https://union-file-center.oss-cn-zhangjiakou.aliyuncs.com/online_c5eeb0c3d65b0687f22263b005e9b5e6?Expires=1754381028&OSSAccessKeyId=LTAI4FmnP9ZhkUeeAQpo4VPC&Signature=nfGlytuEbeaudQ6Mc9jzwtvg%2FSc%3D&response-content-disposition=attachment%3B%20filename%3D2025-08-04%2000%253A00%253A00%257E2025-08-04%2023%253A59%253A59-%25E5%2595%2586%25E5%2593%2581%25E5%2588%2586%25E6%259E%2590.csv&response-content-type=text%2Fplain%3B%20charset%3DUTF-8
2025-08-05 16:03:39 | INFO | downloader.py:75 : https://union-file-center.oss-cn-zhangjiakou.aliyuncs.com/online_c5eeb0c3d65b0687f22263b005e9b5e6?Expires=1754381028&OSSAccessKeyId=LTAI4FmnP9ZhkUeeAQpo4VPC&Signature=nfGlytuEbeaudQ6Mc9jzwtvg%2FSc%3D&response-content-disposition=attachment%3B%20filename%3D2025-08-04%2000%253A00%253A00%257E2025-08-04%2023%253A59%253A59-%25E5%2595%2586%25E5%2593%2581%25E5%2588%2586%25E6%259E%2590.csv&response-content-type=text%2Fplain%3B%20charset%3DUTF-8
2025-08-05 16:03:39 | INFO | extra_reqlog.py:12 : 在<frame at 0x00000274963BED40, file 'C:\\Users\\Administrator\\Desktop\\yiyuan_spider\\extra\\downloader.py', line 77, code make_request_get>发起了调用,请求成功（status_code:200）
2025-08-05 16:06:40 | INFO | data_collector.py:36 : 
************************************************************************************************************************
2025-08-05 16:06:40 | INFO | data_collector.py:37 : 开始采集：tb_tk_淘宝联盟_商品分析_202504
2025-08-05 16:06:40 | INFO | data_collector.py:38 : 接收到的命令行参数: ['C:\\Users\\Administrator\\Desktop\\yiyuan_spider\\淘系_淘宝联盟\\tb_tk_淘宝联盟_商品分析_202504.py']
2025-08-05 16:06:40 | INFO | data_collector.py:75 : 采集日期列表['2025-08-04'],采集店铺['林内热水器旗舰店']
2025-08-05 16:06:40 | INFO | extra_reqlog.py:12 : 在<frame at 0x000001E2A3EFACD0, file 'C:\\Users\\Administrator\\Desktop\\yiyuan_spider\\TaoBaoLianMengApi\\TaoKeBaseApi.py', line 56, code task_status_list>发起了调用,请求成功（status_code:200）
2025-08-05 16:06:40 | INFO | TaoKeBaseApi.py:87 : {'data': {'result': [{'process': '100', 'fileName': '2025-08-04 00:00:00~2025-08-04 23:59:59-商品分析', 'bizType': 126, 'createTime': '2025-08-05 15:28:05', 'id': 651246058, 'memberId': 1220600123, 'status': 1}, {'process': '100', 'fileName': '2025-08-02 00:00:00~2025-08-02 23:59:59-商品分析', 'bizType': 126, 'createTime': '2025-08-05 15:23:40', 'id': 651244255, 'memberId': 1220600123, 'status': 1}], 'prePage': 1, 'pageNo': 1, 'nextPage': 1, 'totalPages': 1, 'allDone': True, 'pageSize': 40, 'hasNext': False, 'totalCount': 2, 'hasPre': False}, 'success': True, 'resultCode': 200, 'bizErrorCode': 0}
2025-08-05 16:06:40 | INFO | TaoKeBaseApi.py:99 : {'2025-08-04 00:00:00~2025-08-04 23:59:59-商品分析': 651246058, '2025-08-02 00:00:00~2025-08-02 23:59:59-商品分析': 651244255}
2025-08-05 16:06:40 | INFO | tb_tk_淘宝联盟_商品分析_202504.py:20 : 
------------------------------------------------------------------------------------------------------------------------
在创建 2025-08-04 00:00:00~2025-08-04 23:59:59-商品分析 报告
2025-08-05 16:06:40 | INFO | tb_tk_淘宝联盟_商品分析_202504.py:24 : 报告已存在，且完成2025-08-04 00:00:00~2025-08-04 23:59:59-商品分析
2025-08-05 16:06:40 | INFO | tb_tk_淘宝联盟_商品分析_202504.py:82 : 待采集['2025-08-04']
2025-08-05 16:06:40 | INFO | tb_tk_淘宝联盟_商品分析_202504.py:85 : 
========================================================================================================================
正在采集林内热水器旗舰店，2025-08-04的数据
2025-08-05 16:06:40 | INFO | extra_reqlog.py:12 : 在<frame at 0x000001E2A3EFACD0, file 'C:\\Users\\Administrator\\Desktop\\yiyuan_spider\\TaoBaoLianMengApi\\TaoKeBaseApi.py', line 56, code task_status_list>发起了调用,请求成功（status_code:200）
2025-08-05 16:06:40 | INFO | TaoKeBaseApi.py:87 : {'data': {'result': [{'process': '100', 'fileName': '2025-08-04 00:00:00~2025-08-04 23:59:59-商品分析', 'bizType': 126, 'createTime': '2025-08-05 15:28:05', 'id': 651246058, 'memberId': 1220600123, 'status': 1}, {'process': '100', 'fileName': '2025-08-02 00:00:00~2025-08-02 23:59:59-商品分析', 'bizType': 126, 'createTime': '2025-08-05 15:23:40', 'id': 651244255, 'memberId': 1220600123, 'status': 1}], 'prePage': 1, 'nextPage': 1, 'pageNo': 1, 'totalPages': 1, 'allDone': True, 'pageSize': 40, 'hasNext': False, 'totalCount': 2, 'hasPre': False}, 'success': True, 'resultCode': 200, 'bizErrorCode': 0}
2025-08-05 16:06:40 | INFO | TaoKeBaseApi.py:99 : {'2025-08-04 00:00:00~2025-08-04 23:59:59-商品分析': 651246058, '2025-08-02 00:00:00~2025-08-02 23:59:59-商品分析': 651244255}
2025-08-05 16:06:41 | INFO | extra_reqlog.py:12 : 在<frame at 0x000001E2A41AD440, file 'C:\\Users\\Administrator\\Desktop\\yiyuan_spider\\TaoBaoLianMengApi\\TaoKeBaseApi.py', line 124, code fetch_report_shop_data>发起了调用,请求成功（status_code:200）
2025-08-05 16:06:41 | INFO | TaoKeBaseApi.py:126 : https://union-file-center.oss-cn-zhangjiakou.aliyuncs.com/online_c5eeb0c3d65b0687f22263b005e9b5e6?Expires=1754381210&OSSAccessKeyId=LTAI4FmnP9ZhkUeeAQpo4VPC&Signature=8n7IJJjMldTAKkNdn9g9Ol421q0%3D&response-content-disposition=attachment%3B%20filename%3D2025-08-04%2000%253A00%253A00%257E2025-08-04%2023%253A59%253A59-%25E5%2595%2586%25E5%2593%2581%25E5%2588%2586%25E6%259E%2590.csv&response-content-type=text%2Fplain%3B%20charset%3DUTF-8
2025-08-05 16:06:41 | INFO | downloader.py:75 : https://union-file-center.oss-cn-zhangjiakou.aliyuncs.com/online_c5eeb0c3d65b0687f22263b005e9b5e6?Expires=1754381210&OSSAccessKeyId=LTAI4FmnP9ZhkUeeAQpo4VPC&Signature=8n7IJJjMldTAKkNdn9g9Ol421q0%3D&response-content-disposition=attachment%3B%20filename%3D2025-08-04%2000%253A00%253A00%257E2025-08-04%2023%253A59%253A59-%25E5%2595%2586%25E5%2593%2581%25E5%2588%2586%25E6%259E%2590.csv&response-content-type=text%2Fplain%3B%20charset%3DUTF-8
2025-08-05 16:06:41 | INFO | extra_reqlog.py:12 : 在<frame at 0x000001E2A41B2D40, file 'C:\\Users\\Administrator\\Desktop\\yiyuan_spider\\extra\\downloader.py', line 77, code make_request_get>发起了调用,请求成功（status_code:200）
2025-08-05 16:09:02 | INFO | data_collector.py:36 : 
************************************************************************************************************************
2025-08-05 16:09:02 | INFO | data_collector.py:37 : 开始采集：tb_tk_淘宝联盟_商品分析_202504
2025-08-05 16:09:02 | INFO | data_collector.py:38 : 接收到的命令行参数: ['C:\\Users\\Administrator\\Desktop\\yiyuan_spider\\淘系_淘宝联盟\\tb_tk_淘宝联盟_商品分析_202504.py']
2025-08-05 16:09:02 | INFO | data_collector.py:75 : 采集日期列表['2025-08-04'],采集店铺['林内热水器旗舰店']
2025-08-05 16:09:03 | INFO | extra_reqlog.py:12 : 在<frame at 0x000001DE17362CD0, file 'C:\\Users\\Administrator\\Desktop\\yiyuan_spider\\TaoBaoLianMengApi\\TaoKeBaseApi.py', line 56, code task_status_list>发起了调用,请求成功（status_code:200）
2025-08-05 16:09:03 | INFO | TaoKeBaseApi.py:87 : {'data': {'result': [{'process': '100', 'fileName': '2025-08-04 00:00:00~2025-08-04 23:59:59-商品分析', 'bizType': 126, 'createTime': '2025-08-05 15:28:05', 'id': 651246058, 'status': 1, 'memberId': 1220600123}, {'process': '100', 'fileName': '2025-08-02 00:00:00~2025-08-02 23:59:59-商品分析', 'bizType': 126, 'createTime': '2025-08-05 15:23:40', 'id': 651244255, 'status': 1, 'memberId': 1220600123}], 'prePage': 1, 'pageNo': 1, 'nextPage': 1, 'totalPages': 1, 'allDone': True, 'pageSize': 40, 'hasNext': False, 'totalCount': 2, 'hasPre': False}, 'success': True, 'resultCode': 200, 'bizErrorCode': 0}
2025-08-05 16:09:03 | INFO | TaoKeBaseApi.py:99 : {'2025-08-04 00:00:00~2025-08-04 23:59:59-商品分析': 651246058, '2025-08-02 00:00:00~2025-08-02 23:59:59-商品分析': 651244255}
2025-08-05 16:09:03 | INFO | tb_tk_淘宝联盟_商品分析_202504.py:20 : 
------------------------------------------------------------------------------------------------------------------------
在创建 2025-08-04 00:00:00~2025-08-04 23:59:59-商品分析 报告
2025-08-05 16:09:03 | INFO | tb_tk_淘宝联盟_商品分析_202504.py:24 : 报告已存在，且完成2025-08-04 00:00:00~2025-08-04 23:59:59-商品分析
2025-08-05 16:09:03 | INFO | tb_tk_淘宝联盟_商品分析_202504.py:82 : 待采集['2025-08-04']
2025-08-05 16:09:03 | INFO | tb_tk_淘宝联盟_商品分析_202504.py:85 : 
========================================================================================================================
正在采集林内热水器旗舰店，2025-08-04的数据
2025-08-05 16:09:03 | INFO | extra_reqlog.py:12 : 在<frame at 0x000001DE17362CD0, file 'C:\\Users\\Administrator\\Desktop\\yiyuan_spider\\TaoBaoLianMengApi\\TaoKeBaseApi.py', line 56, code task_status_list>发起了调用,请求成功（status_code:200）
2025-08-05 16:09:03 | INFO | TaoKeBaseApi.py:87 : {'data': {'result': [{'process': '100', 'fileName': '2025-08-04 00:00:00~2025-08-04 23:59:59-商品分析', 'bizType': 126, 'createTime': '2025-08-05 15:28:05', 'id': 651246058, 'status': 1, 'memberId': 1220600123}, {'process': '100', 'fileName': '2025-08-02 00:00:00~2025-08-02 23:59:59-商品分析', 'bizType': 126, 'createTime': '2025-08-05 15:23:40', 'id': 651244255, 'status': 1, 'memberId': 1220600123}], 'prePage': 1, 'pageNo': 1, 'nextPage': 1, 'totalPages': 1, 'allDone': True, 'pageSize': 40, 'hasNext': False, 'totalCount': 2, 'hasPre': False}, 'success': True, 'resultCode': 200, 'bizErrorCode': 0}
2025-08-05 16:09:03 | INFO | TaoKeBaseApi.py:99 : {'2025-08-04 00:00:00~2025-08-04 23:59:59-商品分析': 651246058, '2025-08-02 00:00:00~2025-08-02 23:59:59-商品分析': 651244255}
2025-08-05 16:09:03 | INFO | extra_reqlog.py:12 : 在<frame at 0x000001DE17605640, file 'C:\\Users\\Administrator\\Desktop\\yiyuan_spider\\TaoBaoLianMengApi\\TaoKeBaseApi.py', line 124, code fetch_report_shop_data>发起了调用,请求成功（status_code:200）
2025-08-05 16:09:03 | INFO | TaoKeBaseApi.py:126 : https://union-file-center.oss-cn-zhangjiakou.aliyuncs.com/online_c5eeb0c3d65b0687f22263b005e9b5e6?Expires=1754381352&OSSAccessKeyId=LTAI4FmnP9ZhkUeeAQpo4VPC&Signature=dfbEykxdy4Vdu6P5VSyx1WWkf8E%3D&response-content-disposition=attachment%3B%20filename%3D2025-08-04%2000%253A00%253A00%257E2025-08-04%2023%253A59%253A59-%25E5%2595%2586%25E5%2593%2581%25E5%2588%2586%25E6%259E%2590.csv&response-content-type=text%2Fplain%3B%20charset%3DUTF-8
2025-08-05 16:09:03 | INFO | downloader.py:75 : https://union-file-center.oss-cn-zhangjiakou.aliyuncs.com/online_c5eeb0c3d65b0687f22263b005e9b5e6?Expires=1754381352&OSSAccessKeyId=LTAI4FmnP9ZhkUeeAQpo4VPC&Signature=dfbEykxdy4Vdu6P5VSyx1WWkf8E%3D&response-content-disposition=attachment%3B%20filename%3D2025-08-04%2000%253A00%253A00%257E2025-08-04%2023%253A59%253A59-%25E5%2595%2586%25E5%2593%2581%25E5%2588%2586%25E6%259E%2590.csv&response-content-type=text%2Fplain%3B%20charset%3DUTF-8
2025-08-05 16:09:04 | INFO | extra_reqlog.py:12 : 在<frame at 0x000001DE1760EF20, file 'C:\\Users\\Administrator\\Desktop\\yiyuan_spider\\extra\\downloader.py', line 77, code make_request_get>发起了调用,请求成功（status_code:200）
2025-08-05 16:13:57 | INFO | data_collector.py:36 : 
************************************************************************************************************************
2025-08-05 16:13:57 | INFO | data_collector.py:37 : 开始采集：tb_tk_淘宝联盟_商品分析_202504
2025-08-05 16:13:57 | INFO | data_collector.py:38 : 接收到的命令行参数: ['C:\\Users\\Administrator\\Desktop\\yiyuan_spider\\淘系_淘宝联盟\\tb_tk_淘宝联盟_商品分析_202504.py']
2025-08-05 16:13:57 | INFO | data_collector.py:75 : 采集日期列表['2025-08-04'],采集店铺['林内热水器旗舰店']
2025-08-05 16:13:57 | INFO | extra_reqlog.py:12 : 在<frame at 0x000002A89955EAE0, file 'C:\\Users\\Administrator\\Desktop\\yiyuan_spider\\TaoBaoLianMengApi\\TaoKeBaseApi.py', line 56, code task_status_list>发起了调用,请求成功（status_code:200）
2025-08-05 16:13:57 | INFO | TaoKeBaseApi.py:87 : {'data': {'result': [{'process': '100', 'fileName': '2025-08-04 00:00:00~2025-08-04 23:59:59-商品分析', 'bizType': 126, 'createTime': '2025-08-05 15:28:05', 'id': 651246058, 'status': 1, 'memberId': 1220600123}, {'process': '100', 'fileName': '2025-08-02 00:00:00~2025-08-02 23:59:59-商品分析', 'bizType': 126, 'createTime': '2025-08-05 15:23:40', 'id': 651244255, 'status': 1, 'memberId': 1220600123}], 'prePage': 1, 'pageNo': 1, 'nextPage': 1, 'totalPages': 1, 'allDone': True, 'pageSize': 40, 'hasNext': False, 'totalCount': 2, 'hasPre': False}, 'success': True, 'resultCode': 200, 'bizErrorCode': 0}
2025-08-05 16:13:57 | INFO | TaoKeBaseApi.py:99 : {'2025-08-04 00:00:00~2025-08-04 23:59:59-商品分析': 651246058, '2025-08-02 00:00:00~2025-08-02 23:59:59-商品分析': 651244255}
2025-08-05 16:13:57 | INFO | tb_tk_淘宝联盟_商品分析_202504.py:20 : 
------------------------------------------------------------------------------------------------------------------------
在创建 2025-08-04 00:00:00~2025-08-04 23:59:59-商品分析 报告
2025-08-05 16:13:57 | INFO | tb_tk_淘宝联盟_商品分析_202504.py:24 : 报告已存在，且完成2025-08-04 00:00:00~2025-08-04 23:59:59-商品分析
2025-08-05 16:13:57 | INFO | tb_tk_淘宝联盟_商品分析_202504.py:85 : 待采集['2025-08-04']
2025-08-05 16:13:57 | INFO | tb_tk_淘宝联盟_商品分析_202504.py:88 : 
========================================================================================================================
正在采集林内热水器旗舰店，2025-08-04的数据
2025-08-05 16:13:58 | INFO | extra_reqlog.py:12 : 在<frame at 0x000002A89955EAE0, file 'C:\\Users\\Administrator\\Desktop\\yiyuan_spider\\TaoBaoLianMengApi\\TaoKeBaseApi.py', line 56, code task_status_list>发起了调用,请求成功（status_code:200）
2025-08-05 16:13:58 | INFO | TaoKeBaseApi.py:87 : {'data': {'result': [{'process': '100', 'fileName': '2025-08-04 00:00:00~2025-08-04 23:59:59-商品分析', 'bizType': 126, 'createTime': '2025-08-05 15:28:05', 'id': 651246058, 'memberId': 1220600123, 'status': 1}, {'process': '100', 'fileName': '2025-08-02 00:00:00~2025-08-02 23:59:59-商品分析', 'bizType': 126, 'createTime': '2025-08-05 15:23:40', 'id': 651244255, 'memberId': 1220600123, 'status': 1}], 'prePage': 1, 'pageNo': 1, 'nextPage': 1, 'totalPages': 1, 'allDone': True, 'pageSize': 40, 'hasNext': False, 'totalCount': 2, 'hasPre': False}, 'success': True, 'resultCode': 200, 'bizErrorCode': 0}
2025-08-05 16:13:58 | INFO | TaoKeBaseApi.py:99 : {'2025-08-04 00:00:00~2025-08-04 23:59:59-商品分析': 651246058, '2025-08-02 00:00:00~2025-08-02 23:59:59-商品分析': 651244255}
2025-08-05 16:13:58 | INFO | extra_reqlog.py:12 : 在<frame at 0x000002A899819040, file 'C:\\Users\\Administrator\\Desktop\\yiyuan_spider\\TaoBaoLianMengApi\\TaoKeBaseApi.py', line 124, code fetch_report_shop_data>发起了调用,请求成功（status_code:200）
2025-08-05 16:13:58 | INFO | TaoKeBaseApi.py:126 : https://union-file-center.oss-cn-zhangjiakou.aliyuncs.com/online_c5eeb0c3d65b0687f22263b005e9b5e6?Expires=1754381647&OSSAccessKeyId=LTAI4FmnP9ZhkUeeAQpo4VPC&Signature=x3GjMgB7kYhHlIeDL5ZLbX63BNQ%3D&response-content-disposition=attachment%3B%20filename%3D2025-08-04%2000%253A00%253A00%257E2025-08-04%2023%253A59%253A59-%25E5%2595%2586%25E5%2593%2581%25E5%2588%2586%25E6%259E%2590.csv&response-content-type=text%2Fplain%3B%20charset%3DUTF-8
2025-08-05 16:13:58 | INFO | downloader.py:75 : https://union-file-center.oss-cn-zhangjiakou.aliyuncs.com/online_c5eeb0c3d65b0687f22263b005e9b5e6?Expires=1754381647&OSSAccessKeyId=LTAI4FmnP9ZhkUeeAQpo4VPC&Signature=x3GjMgB7kYhHlIeDL5ZLbX63BNQ%3D&response-content-disposition=attachment%3B%20filename%3D2025-08-04%2000%253A00%253A00%257E2025-08-04%2023%253A59%253A59-%25E5%2595%2586%25E5%2593%2581%25E5%2588%2586%25E6%259E%2590.csv&response-content-type=text%2Fplain%3B%20charset%3DUTF-8
2025-08-05 16:13:58 | INFO | extra_reqlog.py:12 : 在<frame at 0x000002A89980AD40, file 'C:\\Users\\Administrator\\Desktop\\yiyuan_spider\\extra\\downloader.py', line 77, code make_request_get>发起了调用,请求成功（status_code:200）
2025-08-05 16:15:46 | INFO | data_collector.py:36 : 
************************************************************************************************************************
2025-08-05 16:15:46 | INFO | data_collector.py:37 : 开始采集：tb_tk_淘宝联盟_商品分析_202504
2025-08-05 16:15:46 | INFO | data_collector.py:38 : 接收到的命令行参数: ['C:\\Users\\Administrator\\Desktop\\yiyuan_spider\\淘系_淘宝联盟\\tb_tk_淘宝联盟_商品分析_202504.py']
2025-08-05 16:15:46 | INFO | data_collector.py:75 : 采集日期列表['2025-08-04'],采集店铺['林内热水器旗舰店']
2025-08-05 16:15:46 | INFO | extra_reqlog.py:12 : 在<frame at 0x00000266EA7D2AE0, file 'C:\\Users\\Administrator\\Desktop\\yiyuan_spider\\TaoBaoLianMengApi\\TaoKeBaseApi.py', line 56, code task_status_list>发起了调用,请求成功（status_code:200）
2025-08-05 16:15:46 | INFO | TaoKeBaseApi.py:87 : {'data': {'result': [{'process': '100', 'fileName': '2025-08-04 00:00:00~2025-08-04 23:59:59-商品分析', 'bizType': 126, 'createTime': '2025-08-05 15:28:05', 'id': 651246058, 'memberId': 1220600123, 'status': 1}, {'process': '100', 'fileName': '2025-08-02 00:00:00~2025-08-02 23:59:59-商品分析', 'bizType': 126, 'createTime': '2025-08-05 15:23:40', 'id': 651244255, 'memberId': 1220600123, 'status': 1}], 'prePage': 1, 'pageNo': 1, 'nextPage': 1, 'totalPages': 1, 'allDone': True, 'pageSize': 40, 'hasNext': False, 'totalCount': 2, 'hasPre': False}, 'success': True, 'resultCode': 200, 'bizErrorCode': 0}
2025-08-05 16:15:46 | INFO | TaoKeBaseApi.py:99 : {'2025-08-04 00:00:00~2025-08-04 23:59:59-商品分析': 651246058, '2025-08-02 00:00:00~2025-08-02 23:59:59-商品分析': 651244255}
2025-08-05 16:15:46 | INFO | tb_tk_淘宝联盟_商品分析_202504.py:21 : 
------------------------------------------------------------------------------------------------------------------------
在创建 2025-08-04 00:00:00~2025-08-04 23:59:59-商品分析 报告
2025-08-05 16:15:46 | INFO | tb_tk_淘宝联盟_商品分析_202504.py:25 : 报告已存在，且完成2025-08-04 00:00:00~2025-08-04 23:59:59-商品分析
2025-08-05 16:15:46 | INFO | tb_tk_淘宝联盟_商品分析_202504.py:86 : 待采集['2025-08-04']
2025-08-05 16:15:46 | INFO | tb_tk_淘宝联盟_商品分析_202504.py:89 : 
========================================================================================================================
正在采集林内热水器旗舰店，2025-08-04的数据
2025-08-05 16:15:47 | INFO | extra_reqlog.py:12 : 在<frame at 0x00000266EA7D2AE0, file 'C:\\Users\\Administrator\\Desktop\\yiyuan_spider\\TaoBaoLianMengApi\\TaoKeBaseApi.py', line 56, code task_status_list>发起了调用,请求成功（status_code:200）
2025-08-05 16:15:47 | INFO | TaoKeBaseApi.py:87 : {'data': {'result': [{'process': '100', 'fileName': '2025-08-04 00:00:00~2025-08-04 23:59:59-商品分析', 'bizType': 126, 'createTime': '2025-08-05 15:28:05', 'id': 651246058, 'memberId': 1220600123, 'status': 1}, {'process': '100', 'fileName': '2025-08-02 00:00:00~2025-08-02 23:59:59-商品分析', 'bizType': 126, 'createTime': '2025-08-05 15:23:40', 'id': 651244255, 'memberId': 1220600123, 'status': 1}], 'prePage': 1, 'nextPage': 1, 'pageNo': 1, 'totalPages': 1, 'allDone': True, 'pageSize': 40, 'hasNext': False, 'totalCount': 2, 'hasPre': False}, 'success': True, 'resultCode': 200, 'bizErrorCode': 0}
2025-08-05 16:15:47 | INFO | TaoKeBaseApi.py:99 : {'2025-08-04 00:00:00~2025-08-04 23:59:59-商品分析': 651246058, '2025-08-02 00:00:00~2025-08-02 23:59:59-商品分析': 651244255}
2025-08-05 16:15:47 | INFO | extra_reqlog.py:12 : 在<frame at 0x00000266EAA89040, file 'C:\\Users\\Administrator\\Desktop\\yiyuan_spider\\TaoBaoLianMengApi\\TaoKeBaseApi.py', line 124, code fetch_report_shop_data>发起了调用,请求成功（status_code:200）
2025-08-05 16:15:47 | INFO | TaoKeBaseApi.py:126 : https://union-file-center.oss-cn-zhangjiakou.aliyuncs.com/online_c5eeb0c3d65b0687f22263b005e9b5e6?Expires=1754381756&OSSAccessKeyId=LTAI4FmnP9ZhkUeeAQpo4VPC&Signature=%2Bc%2F4h%2FDtFje8Id%2B%2BUibLomjjSl0%3D&response-content-disposition=attachment%3B%20filename%3D2025-08-04%2000%253A00%253A00%257E2025-08-04%2023%253A59%253A59-%25E5%2595%2586%25E5%2593%2581%25E5%2588%2586%25E6%259E%2590.csv&response-content-type=text%2Fplain%3B%20charset%3DUTF-8
2025-08-05 16:15:47 | INFO | downloader.py:75 : https://union-file-center.oss-cn-zhangjiakou.aliyuncs.com/online_c5eeb0c3d65b0687f22263b005e9b5e6?Expires=1754381756&OSSAccessKeyId=LTAI4FmnP9ZhkUeeAQpo4VPC&Signature=%2Bc%2F4h%2FDtFje8Id%2B%2BUibLomjjSl0%3D&response-content-disposition=attachment%3B%20filename%3D2025-08-04%2000%253A00%253A00%257E2025-08-04%2023%253A59%253A59-%25E5%2595%2586%25E5%2593%2581%25E5%2588%2586%25E6%259E%2590.csv&response-content-type=text%2Fplain%3B%20charset%3DUTF-8
2025-08-05 16:15:47 | INFO | extra_reqlog.py:12 : 在<frame at 0x00000266EAA7AD40, file 'C:\\Users\\Administrator\\Desktop\\yiyuan_spider\\extra\\downloader.py', line 77, code make_request_get>发起了调用,请求成功（status_code:200）
2025-08-05 16:16:17 | INFO | tb_tk_淘宝联盟_商品分析_202504.py:112 : ['林内热水器旗舰店'],['2025-08-04']已完成
2025-08-05 16:17:28 | INFO | data_collector.py:36 : 
************************************************************************************************************************
2025-08-05 16:17:28 | INFO | data_collector.py:37 : 开始采集：tb_tk_淘宝联盟_商品分析_202504
2025-08-05 16:17:28 | INFO | data_collector.py:38 : 接收到的命令行参数: ['C:\\Users\\Administrator\\Desktop\\yiyuan_spider\\淘系_淘宝联盟\\tb_tk_淘宝联盟_商品分析_202504.py']
2025-08-05 16:17:28 | INFO | data_collector.py:75 : 采集日期列表['2025-08-04'],采集店铺['林内热水器旗舰店']
2025-08-05 16:17:28 | INFO | extra_reqlog.py:12 : 在<frame at 0x000002494ECB2AE0, file 'C:\\Users\\Administrator\\Desktop\\yiyuan_spider\\TaoBaoLianMengApi\\TaoKeBaseApi.py', line 56, code task_status_list>发起了调用,请求成功（status_code:200）
2025-08-05 16:17:28 | INFO | TaoKeBaseApi.py:87 : {'data': {'result': [{'process': '100', 'fileName': '2025-08-04 00:00:00~2025-08-04 23:59:59-商品分析', 'bizType': 126, 'createTime': '2025-08-05 15:28:05', 'id': 651246058, 'memberId': 1220600123, 'status': 1}, {'process': '100', 'fileName': '2025-08-02 00:00:00~2025-08-02 23:59:59-商品分析', 'bizType': 126, 'createTime': '2025-08-05 15:23:40', 'id': 651244255, 'memberId': 1220600123, 'status': 1}], 'prePage': 1, 'pageNo': 1, 'nextPage': 1, 'totalPages': 1, 'allDone': True, 'pageSize': 40, 'hasNext': False, 'totalCount': 2, 'hasPre': False}, 'success': True, 'resultCode': 200, 'bizErrorCode': 0}
2025-08-05 16:17:28 | INFO | TaoKeBaseApi.py:99 : {'2025-08-04 00:00:00~2025-08-04 23:59:59-商品分析': 651246058, '2025-08-02 00:00:00~2025-08-02 23:59:59-商品分析': 651244255}
2025-08-05 16:17:28 | INFO | tb_tk_淘宝联盟_商品分析_202504.py:21 : 
------------------------------------------------------------------------------------------------------------------------
在创建 2025-08-04 00:00:00~2025-08-04 23:59:59-商品分析 报告
2025-08-05 16:17:28 | INFO | tb_tk_淘宝联盟_商品分析_202504.py:25 : 报告已存在，且完成2025-08-04 00:00:00~2025-08-04 23:59:59-商品分析
2025-08-05 16:17:28 | INFO | tb_tk_淘宝联盟_商品分析_202504.py:87 : 待采集['2025-08-04']
2025-08-05 16:17:28 | INFO | tb_tk_淘宝联盟_商品分析_202504.py:90 : 
========================================================================================================================
正在采集林内热水器旗舰店，2025-08-04的数据
2025-08-05 16:17:29 | INFO | extra_reqlog.py:12 : 在<frame at 0x000002494ECB2AE0, file 'C:\\Users\\Administrator\\Desktop\\yiyuan_spider\\TaoBaoLianMengApi\\TaoKeBaseApi.py', line 56, code task_status_list>发起了调用,请求成功（status_code:200）
2025-08-05 16:17:29 | INFO | TaoKeBaseApi.py:87 : {'data': {'result': [{'process': '100', 'fileName': '2025-08-04 00:00:00~2025-08-04 23:59:59-商品分析', 'bizType': 126, 'createTime': '2025-08-05 15:28:05', 'id': 651246058, 'memberId': 1220600123, 'status': 1}, {'process': '100', 'fileName': '2025-08-02 00:00:00~2025-08-02 23:59:59-商品分析', 'bizType': 126, 'createTime': '2025-08-05 15:23:40', 'id': 651244255, 'memberId': 1220600123, 'status': 1}], 'prePage': 1, 'nextPage': 1, 'pageNo': 1, 'totalPages': 1, 'allDone': True, 'pageSize': 40, 'hasNext': False, 'totalCount': 2, 'hasPre': False}, 'success': True, 'resultCode': 200, 'bizErrorCode': 0}
2025-08-05 16:17:29 | INFO | TaoKeBaseApi.py:99 : {'2025-08-04 00:00:00~2025-08-04 23:59:59-商品分析': 651246058, '2025-08-02 00:00:00~2025-08-02 23:59:59-商品分析': 651244255}
2025-08-05 16:17:29 | INFO | extra_reqlog.py:12 : 在<frame at 0x000002494EF69040, file 'C:\\Users\\Administrator\\Desktop\\yiyuan_spider\\TaoBaoLianMengApi\\TaoKeBaseApi.py', line 124, code fetch_report_shop_data>发起了调用,请求成功（status_code:200）
2025-08-05 16:17:29 | INFO | TaoKeBaseApi.py:126 : https://union-file-center.oss-cn-zhangjiakou.aliyuncs.com/online_c5eeb0c3d65b0687f22263b005e9b5e6?Expires=1754381858&OSSAccessKeyId=LTAI4FmnP9ZhkUeeAQpo4VPC&Signature=5aGl0fEnGkJox02KXEddpjwzBrA%3D&response-content-disposition=attachment%3B%20filename%3D2025-08-04%2000%253A00%253A00%257E2025-08-04%2023%253A59%253A59-%25E5%2595%2586%25E5%2593%2581%25E5%2588%2586%25E6%259E%2590.csv&response-content-type=text%2Fplain%3B%20charset%3DUTF-8
2025-08-05 16:17:29 | INFO | downloader.py:75 : https://union-file-center.oss-cn-zhangjiakou.aliyuncs.com/online_c5eeb0c3d65b0687f22263b005e9b5e6?Expires=1754381858&OSSAccessKeyId=LTAI4FmnP9ZhkUeeAQpo4VPC&Signature=5aGl0fEnGkJox02KXEddpjwzBrA%3D&response-content-disposition=attachment%3B%20filename%3D2025-08-04%2000%253A00%253A00%257E2025-08-04%2023%253A59%253A59-%25E5%2595%2586%25E5%2593%2581%25E5%2588%2586%25E6%259E%2590.csv&response-content-type=text%2Fplain%3B%20charset%3DUTF-8
2025-08-05 16:17:29 | INFO | extra_reqlog.py:12 : 在<frame at 0x000002494EF5ED40, file 'C:\\Users\\Administrator\\Desktop\\yiyuan_spider\\extra\\downloader.py', line 77, code make_request_get>发起了调用,请求成功（status_code:200）
2025-08-05 16:17:29 | INFO | tb_tk_淘宝联盟_商品分析_202504.py:113 : ['林内热水器旗舰店'],['2025-08-04']已完成
