2025-08-25 17:49:47 | INFO | 公众号评论获取(from_db).py:185 : 数据已入库
2025-08-25 17:49:47 | INFO | 公众号评论获取(from_db).py:186 : ----------------------------------------------------------------------------------------------------
2025-08-25 17:49:47 | INFO | 公众号评论获取(from_db).py:185 : 数据已入库
2025-08-25 17:49:47 | INFO | 公众号评论获取(from_db).py:186 : ----------------------------------------------------------------------------------------------------
2025-08-25 17:49:47 | INFO | 公众号评论获取(from_db).py:187 : 
************************************************************************************************************************
2025-08-25 17:51:46 | INFO | 公众号评论获取(from_db).py:185 : 数据已入库
2025-08-25 17:51:46 | INFO | 公众号评论获取(from_db).py:186 : ----------------------------------------------------------------------------------------------------
2025-08-25 17:51:46 | INFO | 公众号评论获取(from_db).py:185 : 数据已入库
2025-08-25 17:51:46 | INFO | 公众号评论获取(from_db).py:186 : ----------------------------------------------------------------------------------------------------
2025-08-25 17:51:46 | INFO | 公众号评论获取(from_db).py:187 : 
************************************************************************************************************************
2025-08-25 17:52:37 | INFO | 公众号评论获取(from_db).py:186 : 数据已入库
2025-08-25 17:52:37 | INFO | 公众号评论获取(from_db).py:187 : ----------------------------------------------------------------------------------------------------
2025-08-25 17:52:37 | INFO | 公众号评论获取(from_db).py:186 : 数据已入库
2025-08-25 17:52:37 | INFO | 公众号评论获取(from_db).py:187 : ----------------------------------------------------------------------------------------------------
2025-08-25 17:52:37 | INFO | 公众号评论获取(from_db).py:188 : 
************************************************************************************************************************
2025-08-25 17:54:08 | INFO | database_manager.py:95 : 【gzh_article_comments_202508】不存在,为您重新创建: (1146, "Table 'yiyuan_test.gzh_article_comments_202508' doesn't exist")
2025-08-25 17:54:08 | INFO | database_manager.py:195 : 表 `gzh_article_comments_202508` 创建用户插入和更新触发器成功
2025-08-25 17:54:08 | INFO | database_manager.py:159 : 表 `gzh_article_comments_202508` 创建成功
2025-08-25 17:54:08 | ERROR | database_manager.py:80 : 执行 SQL 语句时发生错误: (1406, "Data too long for column '内容' at row 12")
2025-08-25 17:58:25 | INFO | 公众号评论获取(from_db).py:184 : 数据已入库
2025-08-25 17:58:25 | INFO | 公众号评论获取(from_db).py:185 : ----------------------------------------------------------------------------------------------------
2025-08-25 17:58:25 | INFO | 公众号评论获取(from_db).py:184 : 数据已入库
2025-08-25 17:58:25 | INFO | 公众号评论获取(from_db).py:185 : ----------------------------------------------------------------------------------------------------
2025-08-25 17:58:25 | INFO | 公众号评论获取(from_db).py:186 : 
************************************************************************************************************************
2025-08-25 17:58:48 | INFO | 公众号评论获取(from_db).py:184 : 数据已入库
2025-08-25 17:58:48 | INFO | 公众号评论获取(from_db).py:185 : ----------------------------------------------------------------------------------------------------
2025-08-25 17:58:48 | INFO | 公众号评论获取(from_db).py:184 : 数据已入库
2025-08-25 17:58:48 | INFO | 公众号评论获取(from_db).py:185 : ----------------------------------------------------------------------------------------------------
2025-08-25 17:58:48 | INFO | 公众号评论获取(from_db).py:186 : 
************************************************************************************************************************
2025-08-25 17:59:10 | INFO | 公众号评论获取(from_db).py:184 : 数据已入库
2025-08-25 17:59:10 | INFO | 公众号评论获取(from_db).py:185 : ----------------------------------------------------------------------------------------------------
2025-08-25 17:59:10 | INFO | 公众号评论获取(from_db).py:184 : 数据已入库
2025-08-25 17:59:10 | INFO | 公众号评论获取(from_db).py:185 : ----------------------------------------------------------------------------------------------------
2025-08-25 17:59:10 | INFO | 公众号评论获取(from_db).py:186 : 
************************************************************************************************************************
2025-08-25 18:26:25 | INFO | database_manager.py:95 : 【gzh_article_comments_202508】不存在,为您重新创建: (1146, "Table 'yiyuan_test.gzh_article_comments_202508' doesn't exist")
2025-08-25 18:26:25 | INFO | database_manager.py:195 : 表 `gzh_article_comments_202508` 创建用户插入和更新触发器成功
2025-08-25 18:26:25 | INFO | database_manager.py:159 : 表 `gzh_article_comments_202508` 创建成功
2025-08-25 18:26:25 | ERROR | database_manager.py:80 : 执行 SQL 语句时发生错误: (1406, "Data too long for column '内容' at row 13")
2025-08-25 18:26:51 | INFO | 公众号评论获取(from_db).py:170 : 数据已入库
2025-08-25 18:26:51 | INFO | 公众号评论获取(from_db).py:171 : ----------------------------------------------------------------------------------------------------
2025-08-25 18:26:51 | INFO | 公众号评论获取(from_db).py:170 : 数据已入库
2025-08-25 18:26:51 | INFO | 公众号评论获取(from_db).py:171 : ----------------------------------------------------------------------------------------------------
2025-08-25 18:26:51 | INFO | 公众号评论获取(from_db).py:172 : 
************************************************************************************************************************
2025-08-25 18:31:38 | INFO | 公众号评论获取(from_db).py:169 : 数据已入库
2025-08-25 18:31:38 | INFO | 公众号评论获取(from_db).py:170 : ----------------------------------------------------------------------------------------------------
2025-08-25 18:31:38 | INFO | 公众号评论获取(from_db).py:169 : 数据已入库
2025-08-25 18:31:38 | INFO | 公众号评论获取(from_db).py:170 : ----------------------------------------------------------------------------------------------------
2025-08-25 18:31:38 | INFO | 公众号评论获取(from_db).py:171 : 
************************************************************************************************************************
2025-08-25 18:31:55 | INFO | 公众号评论获取(from_db).py:169 : 数据已入库
2025-08-25 18:31:55 | INFO | 公众号评论获取(from_db).py:170 : ----------------------------------------------------------------------------------------------------
2025-08-25 18:31:55 | INFO | 公众号评论获取(from_db).py:169 : 数据已入库
2025-08-25 18:31:55 | INFO | 公众号评论获取(from_db).py:170 : ----------------------------------------------------------------------------------------------------
2025-08-25 18:31:55 | INFO | 公众号评论获取(from_db).py:171 : 
************************************************************************************************************************
2025-08-25 18:33:26 | INFO | 公众号评论获取(from_db).py:171 : 数据已入库
2025-08-25 18:33:26 | INFO | 公众号评论获取(from_db).py:172 : ----------------------------------------------------------------------------------------------------
2025-08-25 18:33:26 | INFO | 公众号评论获取(from_db).py:171 : 数据已入库
2025-08-25 18:33:26 | INFO | 公众号评论获取(from_db).py:172 : ----------------------------------------------------------------------------------------------------
2025-08-25 18:33:26 | INFO | 公众号评论获取(from_db).py:173 : 
************************************************************************************************************************
2025-08-25 18:37:34 | INFO | 公众号评论获取(from_db).py:171 : 数据已入库
2025-08-25 18:37:34 | INFO | 公众号评论获取(from_db).py:172 : ----------------------------------------------------------------------------------------------------
2025-08-25 18:37:35 | INFO | 公众号评论获取(from_db).py:171 : 数据已入库
2025-08-25 18:37:35 | INFO | 公众号评论获取(from_db).py:172 : ----------------------------------------------------------------------------------------------------
2025-08-25 18:37:35 | INFO | 公众号评论获取(from_db).py:173 : 
************************************************************************************************************************
2025-08-25 18:38:54 | INFO | 公众号评论获取(from_db).py:171 : 数据已入库
2025-08-25 18:38:54 | INFO | 公众号评论获取(from_db).py:172 : ----------------------------------------------------------------------------------------------------
2025-08-25 18:38:54 | INFO | 公众号评论获取(from_db).py:171 : 数据已入库
2025-08-25 18:38:54 | INFO | 公众号评论获取(from_db).py:172 : ----------------------------------------------------------------------------------------------------
2025-08-25 18:38:54 | INFO | 公众号评论获取(from_db).py:173 : 
************************************************************************************************************************
2025-08-25 18:41:20 | INFO | 公众号评论获取(from_db).py:170 : 数据已入库
2025-08-25 18:41:20 | INFO | 公众号评论获取(from_db).py:171 : ----------------------------------------------------------------------------------------------------
