2025-08-23 00:00:28 | INFO | 公众号评论获取(from_db).py:179 : 数据已入库
2025-08-23 00:00:28 | INFO | 公众号评论获取(from_db).py:180 : ----------------------------------------------------------------------------------------------------
2025-08-23 00:00:28 | INFO | 公众号评论获取(from_db).py:179 : 数据已入库
2025-08-23 00:00:28 | INFO | 公众号评论获取(from_db).py:180 : ----------------------------------------------------------------------------------------------------
2025-08-23 00:00:28 | INFO | 公众号评论获取(from_db).py:181 : 
************************************************************************************************************************
2025-08-23 00:04:40 | INFO | database_manager.py:95 : 【gzh_article_comments_202508】不存在,为您重新创建: (1146, "Table 'yiyuan_test.gzh_article_comments_202508' doesn't exist")
2025-08-23 00:04:40 | INFO | database_manager.py:195 : 表 `gzh_article_comments_202508` 创建用户插入和更新触发器成功
2025-08-23 00:04:40 | INFO | database_manager.py:159 : 表 `gzh_article_comments_202508` 创建成功
2025-08-23 00:04:40 | ERROR | database_manager.py:80 : 执行 SQL 语句时发生错误: (1406, "Data too long for column '内容' at row 12")
2025-08-23 00:06:07 | INFO | 公众号评论获取(from_db).py:180 : 数据已入库
2025-08-23 00:06:07 | INFO | 公众号评论获取(from_db).py:181 : ----------------------------------------------------------------------------------------------------
2025-08-23 00:06:07 | INFO | 公众号评论获取(from_db).py:180 : 数据已入库
2025-08-23 00:06:07 | INFO | 公众号评论获取(from_db).py:181 : ----------------------------------------------------------------------------------------------------
2025-08-23 00:06:07 | INFO | 公众号评论获取(from_db).py:182 : 
************************************************************************************************************************
2025-08-23 00:07:52 | INFO | 公众号评论获取(from_db).py:180 : 数据已入库
2025-08-23 00:07:52 | INFO | 公众号评论获取(from_db).py:181 : ----------------------------------------------------------------------------------------------------
2025-08-23 00:07:52 | INFO | 公众号评论获取(from_db).py:180 : 数据已入库
2025-08-23 00:07:52 | INFO | 公众号评论获取(from_db).py:181 : ----------------------------------------------------------------------------------------------------
2025-08-23 00:07:52 | INFO | 公众号评论获取(from_db).py:182 : 
************************************************************************************************************************
