2025-08-26 16:05:34 | INFO | 公众号评论获取(from_db).py:136 : 数据已入库
2025-08-26 16:05:34 | INFO | 公众号评论获取(from_db).py:137 : ----------------------------------------------------------------------------------------------------
2025-08-26 16:05:34 | INFO | 公众号评论获取(from_db).py:136 : 数据已入库
2025-08-26 16:05:34 | INFO | 公众号评论获取(from_db).py:137 : ----------------------------------------------------------------------------------------------------
2025-08-26 16:05:34 | INFO | 公众号评论获取(from_db).py:136 : 数据已入库
2025-08-26 16:05:34 | INFO | 公众号评论获取(from_db).py:137 : ----------------------------------------------------------------------------------------------------
2025-08-26 16:05:34 | INFO | 公众号评论获取(from_db).py:136 : 数据已入库
2025-08-26 16:05:34 | INFO | 公众号评论获取(from_db).py:137 : ----------------------------------------------------------------------------------------------------
2025-08-26 16:05:34 | INFO | 公众号评论获取(from_db).py:136 : 数据已入库
2025-08-26 16:05:34 | INFO | 公众号评论获取(from_db).py:137 : ----------------------------------------------------------------------------------------------------
2025-08-26 16:05:34 | INFO | 公众号评论获取(from_db).py:138 : 
************************************************************************************************************************
2025-08-26 16:06:11 | INFO | 公众号评论获取(from_db).py:136 : 数据已入库
2025-08-26 16:06:11 | INFO | 公众号评论获取(from_db).py:137 : ----------------------------------------------------------------------------------------------------
2025-08-26 16:06:11 | INFO | 公众号评论获取(from_db).py:136 : 数据已入库
2025-08-26 16:06:11 | INFO | 公众号评论获取(from_db).py:137 : ----------------------------------------------------------------------------------------------------
2025-08-26 16:06:11 | INFO | 公众号评论获取(from_db).py:136 : 数据已入库
2025-08-26 16:06:11 | INFO | 公众号评论获取(from_db).py:137 : ----------------------------------------------------------------------------------------------------
2025-08-26 16:06:11 | INFO | 公众号评论获取(from_db).py:136 : 数据已入库
2025-08-26 16:06:11 | INFO | 公众号评论获取(from_db).py:137 : ----------------------------------------------------------------------------------------------------
2025-08-26 16:06:11 | INFO | 公众号评论获取(from_db).py:136 : 数据已入库
2025-08-26 16:06:11 | INFO | 公众号评论获取(from_db).py:137 : ----------------------------------------------------------------------------------------------------
2025-08-26 16:06:11 | INFO | 公众号评论获取(from_db).py:138 : 
************************************************************************************************************************
2025-08-26 16:07:12 | INFO | 公众号评论获取(from_db).py:127 : 数据已入库
2025-08-26 16:07:12 | INFO | 公众号评论获取(from_db).py:128 : ----------------------------------------------------------------------------------------------------
2025-08-26 16:07:12 | INFO | 公众号评论获取(from_db).py:127 : 数据已入库
2025-08-26 16:07:12 | INFO | 公众号评论获取(from_db).py:128 : ----------------------------------------------------------------------------------------------------
2025-08-26 16:07:12 | INFO | 公众号评论获取(from_db).py:127 : 数据已入库
2025-08-26 16:07:12 | INFO | 公众号评论获取(from_db).py:128 : ----------------------------------------------------------------------------------------------------
2025-08-26 16:07:12 | INFO | 公众号评论获取(from_db).py:127 : 数据已入库
2025-08-26 16:07:12 | INFO | 公众号评论获取(from_db).py:128 : ----------------------------------------------------------------------------------------------------
2025-08-26 16:07:12 | INFO | 公众号评论获取(from_db).py:127 : 数据已入库
2025-08-26 16:07:12 | INFO | 公众号评论获取(from_db).py:128 : ----------------------------------------------------------------------------------------------------
2025-08-26 16:07:12 | INFO | 公众号评论获取(from_db).py:129 : 
************************************************************************************************************************
2025-08-26 16:08:11 | INFO | 公众号评论获取(from_db).py:125 : 数据已入库
2025-08-26 16:08:11 | INFO | 公众号评论获取(from_db).py:126 : ----------------------------------------------------------------------------------------------------
2025-08-26 16:08:11 | INFO | 公众号评论获取(from_db).py:125 : 数据已入库
2025-08-26 16:08:11 | INFO | 公众号评论获取(from_db).py:126 : ----------------------------------------------------------------------------------------------------
2025-08-26 16:08:11 | INFO | 公众号评论获取(from_db).py:125 : 数据已入库
2025-08-26 16:08:11 | INFO | 公众号评论获取(from_db).py:126 : ----------------------------------------------------------------------------------------------------
2025-08-26 16:08:11 | INFO | 公众号评论获取(from_db).py:125 : 数据已入库
2025-08-26 16:08:11 | INFO | 公众号评论获取(from_db).py:126 : ----------------------------------------------------------------------------------------------------
2025-08-26 16:08:11 | INFO | 公众号评论获取(from_db).py:125 : 数据已入库
2025-08-26 16:08:11 | INFO | 公众号评论获取(from_db).py:126 : ----------------------------------------------------------------------------------------------------
2025-08-26 16:08:11 | INFO | 公众号评论获取(from_db).py:127 : 
************************************************************************************************************************
2025-08-26 16:09:13 | INFO | 公众号评论获取(from_db).py:125 : 数据已入库
2025-08-26 16:09:13 | INFO | 公众号评论获取(from_db).py:126 : ----------------------------------------------------------------------------------------------------
2025-08-26 16:09:13 | INFO | 公众号评论获取(from_db).py:125 : 数据已入库
2025-08-26 16:09:13 | INFO | 公众号评论获取(from_db).py:126 : ----------------------------------------------------------------------------------------------------
2025-08-26 16:09:14 | INFO | 公众号评论获取(from_db).py:125 : 数据已入库
2025-08-26 16:09:14 | INFO | 公众号评论获取(from_db).py:126 : ----------------------------------------------------------------------------------------------------
2025-08-26 16:09:14 | INFO | 公众号评论获取(from_db).py:125 : 数据已入库
2025-08-26 16:09:14 | INFO | 公众号评论获取(from_db).py:126 : ----------------------------------------------------------------------------------------------------
2025-08-26 16:09:14 | INFO | 公众号评论获取(from_db).py:125 : 数据已入库
2025-08-26 16:09:14 | INFO | 公众号评论获取(from_db).py:126 : ----------------------------------------------------------------------------------------------------
2025-08-26 16:09:14 | INFO | 公众号评论获取(from_db).py:127 : 
************************************************************************************************************************
2025-08-26 16:11:15 | INFO | 公众号评论获取(from_db).py:125 : 数据已入库
2025-08-26 16:11:15 | INFO | 公众号评论获取(from_db).py:126 : ----------------------------------------------------------------------------------------------------
2025-08-26 16:11:33 | INFO | 公众号评论获取(from_db).py:125 : 数据已入库
2025-08-26 16:11:33 | INFO | 公众号评论获取(from_db).py:126 : ----------------------------------------------------------------------------------------------------
2025-08-26 16:12:03 | INFO | 公众号评论获取(from_db).py:125 : 数据已入库
2025-08-26 16:12:03 | INFO | 公众号评论获取(from_db).py:126 : ----------------------------------------------------------------------------------------------------
2025-08-26 16:12:32 | INFO | 公众号评论获取(from_db).py:125 : 数据已入库
2025-08-26 16:12:32 | INFO | 公众号评论获取(from_db).py:126 : ----------------------------------------------------------------------------------------------------
2025-08-26 16:12:47 | INFO | 公众号评论获取(from_db).py:125 : 数据已入库
2025-08-26 16:12:47 | INFO | 公众号评论获取(from_db).py:126 : ----------------------------------------------------------------------------------------------------
2025-08-26 16:12:47 | INFO | 公众号评论获取(from_db).py:127 : 
************************************************************************************************************************
2025-08-26 16:13:07 | INFO | 公众号评论获取(from_db).py:126 : 数据已入库
2025-08-26 16:13:07 | INFO | 公众号评论获取(from_db).py:127 : ----------------------------------------------------------------------------------------------------
2025-08-26 16:13:07 | INFO | 公众号评论获取(from_db).py:128 : 
************************************************************************************************************************
2025-08-26 16:13:51 | INFO | 公众号评论获取(from_db).py:126 : 数据已入库
2025-08-26 16:13:51 | INFO | 公众号评论获取(from_db).py:127 : ----------------------------------------------------------------------------------------------------
2025-08-26 16:13:51 | INFO | 公众号评论获取(from_db).py:128 : 
************************************************************************************************************************
2025-08-26 16:14:45 | INFO | 公众号评论获取(from_db).py:126 : 数据已入库
2025-08-26 16:14:45 | INFO | 公众号评论获取(from_db).py:127 : ----------------------------------------------------------------------------------------------------
2025-08-26 16:14:45 | INFO | 公众号评论获取(from_db).py:128 : 
************************************************************************************************************************
2025-08-26 16:15:01 | INFO | 公众号评论获取(from_db).py:126 : 数据已入库
2025-08-26 16:15:01 | INFO | 公众号评论获取(from_db).py:127 : ----------------------------------------------------------------------------------------------------
2025-08-26 16:15:01 | INFO | 公众号评论获取(from_db).py:128 : 
************************************************************************************************************************
2025-08-26 16:17:25 | INFO | database_manager.py:95 : 【gzh_article_comments_202508】不存在,为您重新创建: (1146, "Table 'yiyuan_test.gzh_article_comments_202508' doesn't exist")
2025-08-26 16:17:25 | INFO | database_manager.py:195 : 表 `gzh_article_comments_202508` 创建用户插入和更新触发器成功
2025-08-26 16:17:25 | INFO | database_manager.py:159 : 表 `gzh_article_comments_202508` 创建成功
2025-08-26 16:17:25 | ERROR | database_manager.py:80 : 执行 SQL 语句时发生错误: (1406, "Data too long for column '内容' at row 12")
2025-08-26 16:18:28 | INFO | 公众号评论获取(from_db).py:126 : 数据已入库
2025-08-26 16:18:28 | INFO | 公众号评论获取(from_db).py:127 : ----------------------------------------------------------------------------------------------------
2025-08-26 16:18:28 | INFO | 公众号评论获取(from_db).py:128 : 
************************************************************************************************************************
2025-08-26 17:32:23 | INFO | 公众号评论获取(from_db).py:123 : 数据已入库
2025-08-26 17:32:23 | INFO | 公众号评论获取(from_db).py:124 : ----------------------------------------------------------------------------------------------------
2025-08-26 17:32:23 | INFO | 公众号评论获取(from_db).py:125 : 
************************************************************************************************************************
2025-08-26 18:16:07 | INFO | 公众号评论获取(from_db).py:177 : 数据已入库
2025-08-26 18:16:07 | INFO | 公众号评论获取(from_db).py:178 : ----------------------------------------------------------------------------------------------------
2025-08-26 18:16:07 | INFO | 公众号评论获取(from_db).py:179 : 
************************************************************************************************************************
2025-08-26 18:18:44 | INFO | 公众号评论获取(from_db).py:185 : 数据已入库
2025-08-26 18:18:44 | INFO | 公众号评论获取(from_db).py:186 : ----------------------------------------------------------------------------------------------------
2025-08-26 18:18:44 | INFO | 公众号评论获取(from_db).py:187 : 
************************************************************************************************************************
2025-08-26 18:24:02 | ERROR | database_manager.py:80 : 执行 SQL 语句时发生错误: (1064, 'You have an error in your SQL syntax; check the manual that corresponds to your MySQL server version for the right syntax to use near \'<em class="replyIcon"></em>, \'未知\', \'广东 2022-05-12 09:04:32\', \'方子如ä\' at line 1')
2025-08-26 18:30:04 | INFO | 公众号评论获取(from_db).py:172 : 数据已入库
2025-08-26 18:30:04 | INFO | 公众号评论获取(from_db).py:173 : ----------------------------------------------------------------------------------------------------
2025-08-26 18:30:04 | INFO | 公众号评论获取(from_db).py:175 : 
************************************************************************************************************************
2025-08-26 18:30:40 | INFO | 公众号评论获取(from_db).py:172 : 数据已入库
2025-08-26 18:30:40 | INFO | 公众号评论获取(from_db).py:173 : ----------------------------------------------------------------------------------------------------
2025-08-26 18:30:40 | INFO | 公众号评论获取(from_db).py:175 : 
************************************************************************************************************************
2025-08-26 18:33:00 | INFO | 公众号评论获取(from_db).py:172 : 数据已入库
2025-08-26 18:33:00 | INFO | 公众号评论获取(from_db).py:173 : ----------------------------------------------------------------------------------------------------
2025-08-26 18:33:00 | INFO | 公众号评论获取(from_db).py:175 : 
************************************************************************************************************************
2025-08-26 18:37:19 | INFO | 公众号评论获取(from_db).py:172 : 数据已入库
2025-08-26 18:37:19 | INFO | 公众号评论获取(from_db).py:173 : ----------------------------------------------------------------------------------------------------
2025-08-26 18:37:19 | INFO | 公众号评论获取(from_db).py:175 : 
************************************************************************************************************************
2025-08-26 18:48:43 | INFO | 公众号评论获取(from_db).py:173 : ----------------------------------------------------------------------------------------------------
2025-08-26 18:48:43 | INFO | 公众号评论获取(from_db).py:175 : 
************************************************************************************************************************
2025-08-26 18:53:23 | INFO | 公众号评论获取(from_db).py:173 : ----------------------------------------------------------------------------------------------------
2025-08-26 18:53:23 | INFO | 公众号评论获取(from_db).py:175 : 
************************************************************************************************************************
2025-08-26 19:00:30 | INFO | 公众号评论获取(from_db).py:181 : ----------------------------------------------------------------------------------------------------
2025-08-26 19:00:30 | INFO | 公众号评论获取(from_db).py:183 : 
************************************************************************************************************************
2025-08-26 19:06:11 | INFO | 公众号评论获取(from_db).py:178 : ----------------------------------------------------------------------------------------------------
2025-08-26 19:06:11 | INFO | 公众号评论获取(from_db).py:180 : 
************************************************************************************************************************
