2025-10-11 09:50:18 | INFO | data_collector.py:34 : 
************************************************************************************************************************
2025-10-11 09:50:18 | INFO | data_collector.py:35 : 开始采集：tb_tk_淘宝联盟_商品分析_202504
2025-10-11 09:50:18 | INFO | data_collector.py:36 : 接收到的命令行参数: ['C:\\Users\\admin\\Desktop\\yiyuan_spider\\执行脚本\\淘系_淘宝联盟\\tb_tk_淘宝联盟_商品分析_202504.py']
2025-10-11 09:50:18 | INFO | data_collector.py:67 : 采集日期列表['2025-10-10', '2025-10-09', '2025-10-08'],采集店铺['林内热水器旗舰店', '林内官方旗舰店']
2025-10-11 09:50:18 | INFO | extra_reqlog.py:12 : 在<frame at 0x00000242D84511B0, file 'C:\\Users\\admin\\Desktop\\yiyuan_spider\\API\\API_TaoKe\\API_TaoKe_Good.py', line 120, code goods_task_status_list>发起了调用,请求成功（status_code:200）
2025-10-11 09:50:18 | INFO | API_TaoKe_Base.py:29 : {'2025-10-07 00:00:00~2025-10-07 23:59:59-商品分析': 674235427}
2025-10-11 09:50:18 | INFO | API_TaoKe_Good.py:78 : 
------------------------------------------------------------------------------------------------------------------------
在创建 2025-10-10 00:00:00~2025-10-10 23:59:59-超级U选/全部活动 报告
2025-10-11 09:50:18 | INFO | extra_reqlog.py:12 : 在<frame at 0x00000242D85ECE40, file 'C:\\Users\\admin\\Desktop\\yiyuan_spider\\API\\API_TaoKe\\API_TaoKe_Good.py', line 65, code tb_tk_goods_analysis>发起了调用,请求成功（status_code:200）
2025-10-11 09:50:18 | SUCCESS | API_TaoKe_Good.py:66 : 成功！！！超级U选/全部活动创建任务日期:2025-10-10
2025-10-11 09:50:18 | INFO | API_TaoKe_Good.py:89 : 任务已创建，674509013
2025-10-11 09:50:18 | INFO | API_TaoKe_Good.py:78 : 
------------------------------------------------------------------------------------------------------------------------
在创建 2025-10-09 00:00:00~2025-10-09 23:59:59-超级U选/全部活动 报告
2025-10-11 09:50:18 | INFO | extra_reqlog.py:12 : 在<frame at 0x00000242D85ECE40, file 'C:\\Users\\admin\\Desktop\\yiyuan_spider\\API\\API_TaoKe\\API_TaoKe_Good.py', line 65, code tb_tk_goods_analysis>发起了调用,请求成功（status_code:200）
2025-10-11 09:50:18 | SUCCESS | API_TaoKe_Good.py:66 : 成功！！！超级U选/全部活动创建任务日期:2025-10-09
2025-10-11 09:50:18 | INFO | API_TaoKe_Good.py:89 : 任务已创建，674509014
2025-10-11 09:50:18 | INFO | API_TaoKe_Good.py:78 : 
------------------------------------------------------------------------------------------------------------------------
在创建 2025-10-08 00:00:00~2025-10-08 23:59:59-超级U选/全部活动 报告
2025-10-11 09:50:19 | INFO | extra_reqlog.py:12 : 在<frame at 0x00000242D85ECE40, file 'C:\\Users\\admin\\Desktop\\yiyuan_spider\\API\\API_TaoKe\\API_TaoKe_Good.py', line 65, code tb_tk_goods_analysis>发起了调用,请求成功（status_code:200）
2025-10-11 09:50:19 | SUCCESS | API_TaoKe_Good.py:66 : 成功！！！超级U选/全部活动创建任务日期:2025-10-08
2025-10-11 09:50:19 | INFO | API_TaoKe_Good.py:89 : 任务已创建，674509015
2025-10-11 09:50:19 | INFO | tb_tk_淘宝联盟_商品分析_202504.py:63 : 
========================================================================================================================
正在采集林内官方旗舰店，2025-10-09的数据
2025-10-11 09:50:19 | INFO | extra_reqlog.py:12 : 在<frame at 0x00000242D84511B0, file 'C:\\Users\\admin\\Desktop\\yiyuan_spider\\API\\API_TaoKe\\API_TaoKe_Good.py', line 120, code goods_task_status_list>发起了调用,请求成功（status_code:200）
2025-10-11 09:50:19 | INFO | API_TaoKe_Base.py:29 : {'2025-10-07 00:00:00~2025-10-07 23:59:59-商品分析': 674235427}
2025-10-11 09:50:19 | INFO | extra_reqlog.py:12 : 在<frame at 0x00000242D85ECE40, file 'C:\\Users\\admin\\Desktop\\yiyuan_spider\\API\\API_TaoKe\\API_TaoKe_Good.py', line 65, code tb_tk_goods_analysis>发起了调用,请求成功（status_code:200）
2025-10-11 09:50:19 | SUCCESS | API_TaoKe_Good.py:66 : 成功！！！超级U选/全部活动创建任务日期:2025-10-09
2025-10-11 09:50:19 | INFO | API_TaoKe_Good.py:143 : 任务已经存在
2025-10-11 09:50:19 | INFO | tb_tk_淘宝联盟_商品分析_202504.py:63 : 
========================================================================================================================
正在采集林内官方旗舰店，2025-10-08的数据
2025-10-11 09:50:19 | INFO | extra_reqlog.py:12 : 在<frame at 0x00000242D84511B0, file 'C:\\Users\\admin\\Desktop\\yiyuan_spider\\API\\API_TaoKe\\API_TaoKe_Good.py', line 120, code goods_task_status_list>发起了调用,请求成功（status_code:200）
2025-10-11 09:50:19 | INFO | API_TaoKe_Base.py:29 : {'2025-10-07 00:00:00~2025-10-07 23:59:59-商品分析': 674235427}
2025-10-11 09:50:19 | INFO | extra_reqlog.py:12 : 在<frame at 0x00000242D85ECE40, file 'C:\\Users\\admin\\Desktop\\yiyuan_spider\\API\\API_TaoKe\\API_TaoKe_Good.py', line 65, code tb_tk_goods_analysis>发起了调用,请求成功（status_code:200）
2025-10-11 09:50:19 | SUCCESS | API_TaoKe_Good.py:66 : 成功！！！超级U选/全部活动创建任务日期:2025-10-08
2025-10-11 09:50:19 | INFO | API_TaoKe_Good.py:143 : 任务已经存在
2025-10-11 09:50:19 | INFO | tb_tk_淘宝联盟_商品分析_202504.py:63 : 
========================================================================================================================
正在采集林内官方旗舰店，2025-10-10的数据
2025-10-11 09:50:19 | INFO | extra_reqlog.py:12 : 在<frame at 0x00000242D84511B0, file 'C:\\Users\\admin\\Desktop\\yiyuan_spider\\API\\API_TaoKe\\API_TaoKe_Good.py', line 120, code goods_task_status_list>发起了调用,请求成功（status_code:200）
2025-10-11 09:50:19 | INFO | API_TaoKe_Base.py:29 : {'2025-10-07 00:00:00~2025-10-07 23:59:59-商品分析': 674235427}
2025-10-11 09:50:19 | INFO | extra_reqlog.py:12 : 在<frame at 0x00000242D85ECE40, file 'C:\\Users\\admin\\Desktop\\yiyuan_spider\\API\\API_TaoKe\\API_TaoKe_Good.py', line 65, code tb_tk_goods_analysis>发起了调用,请求成功（status_code:200）
2025-10-11 09:50:19 | SUCCESS | API_TaoKe_Good.py:66 : 成功！！！超级U选/全部活动创建任务日期:2025-10-10
2025-10-11 09:50:19 | INFO | API_TaoKe_Good.py:143 : 任务已经存在
2025-10-11 09:50:21 | INFO | data_collector.py:34 : 
************************************************************************************************************************
2025-10-11 09:50:21 | INFO | data_collector.py:35 : 开始采集：tb_tk_淘宝联盟_数据分析_cps订单明细_订单结算明细报表_202505
2025-10-11 09:50:21 | INFO | data_collector.py:36 : 接收到的命令行参数: ['C:\\Users\\admin\\Desktop\\yiyuan_spider\\执行脚本\\淘系_淘宝联盟\\tb_tk_淘宝联盟_数据分析_cps订单明细_订单结算明细报表_202505.py']
2025-10-11 09:50:21 | INFO | data_collector.py:67 : 采集日期列表['2025-10-10', '2025-10-09', '2025-10-08', '2025-10-07', '2025-10-06', '2025-10-05', '2025-10-04', '2025-10-03', '2025-10-02', '2025-10-01'],采集店铺['林内热水器旗舰店', '林内官方旗舰店']
2025-10-11 09:50:21 | INFO | extra_reqlog.py:12 : 在<frame at 0x000001F94E1D1120, file 'C:\\Users\\admin\\Desktop\\yiyuan_spider\\API\\API_TaoKe\\API_TaoKe_Cps.py', line 59, code tb_tk_cps_settlement_report>发起了调用,请求成功（status_code:200）
2025-10-11 09:50:21 | SUCCESS | API_TaoKe_Cps.py:60 : 成功！！！创建任务日期:2025-10-01_2025-10-10
2025-10-11 09:50:21 | INFO | extra_reqlog.py:12 : 在<frame at 0x000001F94E214040, file 'C:\\Users\\admin\\Desktop\\yiyuan_spider\\API\\API_TaoKe\\API_TaoKe_Cps.py', line 94, code cps_task_status_list>发起了调用,请求成功（status_code:200）
2025-10-11 09:50:21 | INFO | API_TaoKe_Base.py:29 : {'2025-09-30 00:00:00~2025-10-09 23:59:59-订单结算明细报表': 245239568, '2025-09-29 00:00:00~2025-10-08 23:59:59-订单结算明细报表': 244981696, '2025-09-09 00:00:00~2025-09-30 18:37:50-订单结算明细报表': 244313887, '2025-09-01 00:00:00~2025-09-30 18:04:30-订单结算明细报表': 244311077, '2025-09-27 00:00:00~2025-09-29 23:59:59-订单结算明细报表': 244263748, '2025-09-23 00:00:00~2025-09-30 10:57:26-订单结算明细报表': 244261795, '2025-09-26 00:00:00~2025-09-28 23:59:59-订单结算明细报表': 244111978, '2025-09-25 00:00:00~2025-09-27 23:59:59-订单结算明细报表': 244016824, '2025-09-23 00:00:00~2025-09-25 23:59:59-订单结算明细报表': 243826591}
2025-10-11 09:50:21 | INFO | tb_tk_淘宝联盟_数据分析_cps订单明细_订单结算明细报表_202505.py:41 : 等待30s
2025-10-11 09:50:24 | INFO | data_collector.py:34 : 
************************************************************************************************************************
2025-10-11 09:50:24 | INFO | data_collector.py:35 : 开始采集：tb_tk_淘宝联盟_数据分析_定向计划报表_分天明细_202509
2025-10-11 09:50:24 | INFO | data_collector.py:36 : 接收到的命令行参数: ['C:\\Users\\admin\\Desktop\\yiyuan_spider\\执行脚本\\淘系_淘宝联盟\\tb_tk_淘宝联盟_数据分析_定向计划报表_分天明细_202509.py']
2025-10-11 09:50:24 | INFO | data_collector.py:67 : 采集日期列表['2025-10-10', '2025-10-09', '2025-10-08', '2025-10-07', '2025-10-06', '2025-10-05', '2025-10-04', '2025-10-03', '2025-10-02', '2025-10-01', '2025-09-30', '2025-09-29', '2025-09-28', '2025-09-27', '2025-09-26', '2025-09-25', '2025-09-24', '2025-09-23', '2025-09-22', '2025-09-21', '2025-09-20', '2025-09-19', '2025-09-18', '2025-09-17', '2025-09-16', '2025-09-15', '2025-09-14', '2025-09-13', '2025-09-12', '2025-09-11'],采集店铺['林内热水器旗舰店', '林内官方旗舰店']
2025-10-11 09:50:24 | INFO | tb_tk_淘宝联盟_数据分析_定向计划报表_分天明细_202509.py:22 : 正常采集第【林内官方旗舰店】数据
2025-10-11 09:50:24 | INFO | downloader.py:81 : https://ad.alimama.com/openapi/param2/1/gateway.unionadv/data.event.taoke.campaign.json?t=1760147424318&_tb_token_=e65050b47ee86&itemId=&cStep=0&startDate=2025-09-11&endDate=2025-10-10&campaignTemplateId=992&advPageEnum=adv_992&pageNo=1&pageSize=2000
2025-10-11 09:50:24 | INFO | extra_reqlog.py:12 : 在<frame at 0x000001AEB9594040, file 'C:\\Users\\admin\\Desktop\\yiyuan_spider\\extra\\downloader.py', line 83, code _make_request_get>发起了调用,请求成功（status_code:200）
2025-10-11 09:50:24 | INFO | extra_reqlog.py:12 : 在<frame at 0x000001AEB83FA960, file 'C:\\Users\\admin\\Desktop\\yiyuan_spider\\API\\API_TaoKe\\API_Taoke_DingXiang.py', line 48, code get_campaign>发起了调用,请求成功（status_code:200）
2025-10-11 09:50:24 | INFO | tb_tk_淘宝联盟_数据分析_定向计划报表_分天明细_202509.py:36 : 林内官方旗舰店,['2025-10-10', '2025-10-09', '2025-10-08', '2025-10-07', '2025-10-06', '2025-10-05', '2025-10-04', '2025-10-03', '2025-10-02', '2025-10-01', '2025-09-30', '2025-09-29', '2025-09-28', '2025-09-27', '2025-09-26', '2025-09-25', '2025-09-24', '2025-09-23', '2025-09-22', '2025-09-21', '2025-09-20', '2025-09-19', '2025-09-18', '2025-09-17', '2025-09-16', '2025-09-15', '2025-09-14', '2025-09-13', '2025-09-12', '2025-09-11']已入库
2025-10-11 09:50:24 | INFO | tb_tk_淘宝联盟_数据分析_定向计划报表_分天明细_202509.py:37 : ----------------------------------------------------------------------------------------------------
2025-10-11 09:50:24 | INFO | tb_tk_淘宝联盟_数据分析_定向计划报表_分天明细_202509.py:22 : 正常采集第【林内热水器旗舰店】数据
2025-10-11 09:50:24 | INFO | downloader.py:81 : https://ad.alimama.com/openapi/param2/1/gateway.unionadv/data.event.taoke.campaign.json?t=1760147424739&_tb_token_=7e76f7f75bb93&itemId=&cStep=0&startDate=2025-09-11&endDate=2025-10-10&campaignTemplateId=992&advPageEnum=adv_992&pageNo=1&pageSize=2000
2025-10-11 09:50:25 | INFO | extra_reqlog.py:12 : 在<frame at 0x000001AEB9594040, file 'C:\\Users\\admin\\Desktop\\yiyuan_spider\\extra\\downloader.py', line 83, code _make_request_get>发起了调用,请求成功（status_code:200）
2025-10-11 09:50:25 | INFO | extra_reqlog.py:12 : 在<frame at 0x000001AEB83FA960, file 'C:\\Users\\admin\\Desktop\\yiyuan_spider\\API\\API_TaoKe\\API_Taoke_DingXiang.py', line 48, code get_campaign>发起了调用,请求成功（status_code:200）
2025-10-11 09:50:25 | INFO | tb_tk_淘宝联盟_数据分析_定向计划报表_分天明细_202509.py:36 : 林内热水器旗舰店,['2025-10-10', '2025-10-09', '2025-10-08', '2025-10-07', '2025-10-06', '2025-10-05', '2025-10-04', '2025-10-03', '2025-10-02', '2025-10-01', '2025-09-30', '2025-09-29', '2025-09-28', '2025-09-27', '2025-09-26', '2025-09-25', '2025-09-24', '2025-09-23', '2025-09-22', '2025-09-21', '2025-09-20', '2025-09-19', '2025-09-18', '2025-09-17', '2025-09-16', '2025-09-15', '2025-09-14', '2025-09-13', '2025-09-12', '2025-09-11']已入库
2025-10-11 09:50:25 | INFO | tb_tk_淘宝联盟_数据分析_定向计划报表_分天明细_202509.py:37 : ----------------------------------------------------------------------------------------------------
2025-10-11 09:50:25 | INFO | tb_tk_淘宝联盟_数据分析_定向计划报表_分天明细_202509.py:38 : 
************************************************************************************************************************
2025-10-11 09:50:26 | INFO | data_collector.py:34 : 
************************************************************************************************************************
2025-10-11 09:50:26 | INFO | data_collector.py:35 : 开始采集：tb_tk_淘宝联盟_服务商合作_普通招商_我报名的活动_报名的商品_202509
2025-10-11 09:50:26 | INFO | data_collector.py:36 : 接收到的命令行参数: ['C:\\Users\\admin\\Desktop\\yiyuan_spider\\执行脚本\\淘系_淘宝联盟\\tb_tk_淘宝联盟_服务商合作_普通招商_我报名的活动_报名的商品.py']
2025-10-11 09:50:26 | INFO | data_collector.py:67 : 采集日期列表['2025-10-10'],采集店铺['林内热水器旗舰店', '林内官方旗舰店']
2025-10-11 09:50:26 | INFO | tb_tk_淘宝联盟_服务商合作_普通招商_我报名的活动_报名的商品.py:81 : 正常采集第1页数据
2025-10-11 09:50:28 | INFO | extra_reqlog.py:12 : 在<frame at 0x000001F538E19440, file 'C:\\Users\\admin\\Desktop\\yiyuan_spider\\API\\API_TaoKe\\API_TaoKe_MyProducts.py', line 45, code tb_tk_my_enrolled_products>发起了调用,请求成功（status_code:200）
2025-10-11 09:50:28 | SUCCESS | API_TaoKe_MyProducts.py:46 : 第1获取成功！！！
2025-10-11 09:50:28 | INFO | tb_tk_淘宝联盟_服务商合作_普通招商_我报名的活动_报名的商品.py:97 : ----------------------------------------------------------------------------------------------------
2025-10-11 09:50:28 | INFO | tb_tk_淘宝联盟_服务商合作_普通招商_我报名的活动_报名的商品.py:81 : 正常采集第1页数据
2025-10-11 09:50:29 | INFO | extra_reqlog.py:12 : 在<frame at 0x000001F538E19440, file 'C:\\Users\\admin\\Desktop\\yiyuan_spider\\API\\API_TaoKe\\API_TaoKe_MyProducts.py', line 45, code tb_tk_my_enrolled_products>发起了调用,请求成功（status_code:200）
2025-10-11 09:50:29 | SUCCESS | API_TaoKe_MyProducts.py:46 : 第1获取成功！！！
2025-10-11 09:50:29 | INFO | tb_tk_淘宝联盟_服务商合作_普通招商_我报名的活动_报名的商品.py:97 : ----------------------------------------------------------------------------------------------------
2025-10-11 09:50:29 | INFO | tb_tk_淘宝联盟_服务商合作_普通招商_我报名的活动_报名的商品.py:98 : 
************************************************************************************************************************
2025-10-11 09:50:49 | INFO | tb_tk_淘宝联盟_商品分析_202504.py:63 : 
========================================================================================================================
正在采集林内官方旗舰店，2025-10-09的数据
2025-10-11 09:50:49 | INFO | extra_reqlog.py:12 : 在<frame at 0x00000242D84511B0, file 'C:\\Users\\admin\\Desktop\\yiyuan_spider\\API\\API_TaoKe\\API_TaoKe_Good.py', line 120, code goods_task_status_list>发起了调用,请求成功（status_code:200）
2025-10-11 09:50:49 | INFO | API_TaoKe_Base.py:29 : {'2025-10-08 00:00:00~2025-10-08 23:59:59-超级U选/全部活动-商品分析': 674509015, '2025-10-09 00:00:00~2025-10-09 23:59:59-超级U选/全部活动-商品分析': 674509014, '2025-10-10 00:00:00~2025-10-10 23:59:59-超级U选/全部活动-商品分析': 674509013, '2025-10-07 00:00:00~2025-10-07 23:59:59-商品分析': 674235427}
2025-10-11 09:50:50 | INFO | extra_reqlog.py:12 : 在<frame at 0x00000242D8610040, file 'C:\\Users\\admin\\Desktop\\yiyuan_spider\\API\\API_TaoKe\\API_TaoKe_Good.py', line 167, code fetch_goods_file_link>发起了调用,请求成功（status_code:200）
2025-10-11 09:50:50 | INFO | downloader.py:81 : https://union-file-center.oss-cn-zhangjiakou.aliyuncs.com/online_a0cfb83beac302d6edbcfbc5268d6aef?Expires=1760147546&OSSAccessKeyId=LTAI4FmnP9ZhkUeeAQpo4VPC&Signature=s0LV%2B1yAxlGVp%2BX8fhFDjUIDwvA%3D&response-content-disposition=attachment%3B%20filename%3D2025-10-09%2000%253A00%253A00%257E2025-10-09%2023%253A59%253A59-%25E8%25B6%2585%25E7%25BA%25A7U%25E9%2580%2589%252F%25E5%2585%25A8%25E9%2583%25A8%25E6%25B4%25BB%25E5%258A%25A8-%25E5%2595%2586%25E5%2593%2581%25E5%2588%2586%25E6%259E%2590.csv&response-content-type=text%2Fplain%3B%20charset%3DUTF-8
2025-10-11 09:50:50 | INFO | extra_reqlog.py:12 : 在<frame at 0x00000242D85FCB80, file 'C:\\Users\\admin\\Desktop\\yiyuan_spider\\extra\\downloader.py', line 83, code _make_request_get>发起了调用,请求成功（status_code:200）
2025-10-11 09:50:50 | INFO | tb_tk_淘宝联盟_商品分析_202504.py:79 : ['林内热水器旗舰店', '林内官方旗舰店'],2025-10-09已入库
2025-10-11 09:50:50 | INFO | tb_tk_淘宝联盟_商品分析_202504.py:63 : 
========================================================================================================================
正在采集林内官方旗舰店，2025-10-08的数据
2025-10-11 09:50:50 | INFO | extra_reqlog.py:12 : 在<frame at 0x00000242D84511B0, file 'C:\\Users\\admin\\Desktop\\yiyuan_spider\\API\\API_TaoKe\\API_TaoKe_Good.py', line 120, code goods_task_status_list>发起了调用,请求成功（status_code:200）
2025-10-11 09:50:50 | INFO | API_TaoKe_Base.py:29 : {'2025-10-08 00:00:00~2025-10-08 23:59:59-超级U选/全部活动-商品分析': 674509015, '2025-10-09 00:00:00~2025-10-09 23:59:59-超级U选/全部活动-商品分析': 674509014, '2025-10-10 00:00:00~2025-10-10 23:59:59-超级U选/全部活动-商品分析': 674509013, '2025-10-07 00:00:00~2025-10-07 23:59:59-商品分析': 674235427}
2025-10-11 09:50:50 | INFO | extra_reqlog.py:12 : 在<frame at 0x00000242D8610040, file 'C:\\Users\\admin\\Desktop\\yiyuan_spider\\API\\API_TaoKe\\API_TaoKe_Good.py', line 167, code fetch_goods_file_link>发起了调用,请求成功（status_code:200）
2025-10-11 09:50:50 | INFO | downloader.py:81 : https://union-file-center.oss-cn-zhangjiakou.aliyuncs.com/online_3503e99066a5dd94c66a663f8ffde220?Expires=1760147547&OSSAccessKeyId=LTAI4FmnP9ZhkUeeAQpo4VPC&Signature=sxNyLYL6ybPlKpU0Eol%2Fso7WUc8%3D&response-content-disposition=attachment%3B%20filename%3D2025-10-08%2000%253A00%253A00%257E2025-10-08%2023%253A59%253A59-%25E8%25B6%2585%25E7%25BA%25A7U%25E9%2580%2589%252F%25E5%2585%25A8%25E9%2583%25A8%25E6%25B4%25BB%25E5%258A%25A8-%25E5%2595%2586%25E5%2593%2581%25E5%2588%2586%25E6%259E%2590.csv&response-content-type=text%2Fplain%3B%20charset%3DUTF-8
2025-10-11 09:50:50 | INFO | extra_reqlog.py:12 : 在<frame at 0x00000242D85FCB80, file 'C:\\Users\\admin\\Desktop\\yiyuan_spider\\extra\\downloader.py', line 83, code _make_request_get>发起了调用,请求成功（status_code:200）
2025-10-11 09:50:50 | INFO | tb_tk_淘宝联盟_商品分析_202504.py:79 : ['林内热水器旗舰店', '林内官方旗舰店'],2025-10-08已入库
2025-10-11 09:50:50 | INFO | tb_tk_淘宝联盟_商品分析_202504.py:63 : 
========================================================================================================================
正在采集林内官方旗舰店，2025-10-10的数据
2025-10-11 09:50:51 | INFO | extra_reqlog.py:12 : 在<frame at 0x00000242D84511B0, file 'C:\\Users\\admin\\Desktop\\yiyuan_spider\\API\\API_TaoKe\\API_TaoKe_Good.py', line 120, code goods_task_status_list>发起了调用,请求成功（status_code:200）
2025-10-11 09:50:51 | INFO | API_TaoKe_Base.py:29 : {'2025-10-08 00:00:00~2025-10-08 23:59:59-超级U选/全部活动-商品分析': 674509015, '2025-10-09 00:00:00~2025-10-09 23:59:59-超级U选/全部活动-商品分析': 674509014, '2025-10-10 00:00:00~2025-10-10 23:59:59-超级U选/全部活动-商品分析': 674509013, '2025-10-07 00:00:00~2025-10-07 23:59:59-商品分析': 674235427}
2025-10-11 09:50:51 | INFO | extra_reqlog.py:12 : 在<frame at 0x00000242D8610040, file 'C:\\Users\\admin\\Desktop\\yiyuan_spider\\API\\API_TaoKe\\API_TaoKe_Good.py', line 167, code fetch_goods_file_link>发起了调用,请求成功（status_code:200）
2025-10-11 09:50:51 | INFO | downloader.py:81 : https://union-file-center.oss-cn-zhangjiakou.aliyuncs.com/online_25b8988fb32bad8c37ab1cddc190547f?Expires=1760147547&OSSAccessKeyId=LTAI4FmnP9ZhkUeeAQpo4VPC&Signature=pRJVgd3YR8KSTCtmHQvkC4RfGDo%3D&response-content-disposition=attachment%3B%20filename%3D2025-10-10%2000%253A00%253A00%257E2025-10-10%2023%253A59%253A59-%25E8%25B6%2585%25E7%25BA%25A7U%25E9%2580%2589%252F%25E5%2585%25A8%25E9%2583%25A8%25E6%25B4%25BB%25E5%258A%25A8-%25E5%2595%2586%25E5%2593%2581%25E5%2588%2586%25E6%259E%2590.csv&response-content-type=text%2Fplain%3B%20charset%3DUTF-8
2025-10-11 09:50:51 | INFO | extra_reqlog.py:12 : 在<frame at 0x00000242D85FCB80, file 'C:\\Users\\admin\\Desktop\\yiyuan_spider\\extra\\downloader.py', line 83, code _make_request_get>发起了调用,请求成功（status_code:200）
2025-10-11 09:50:51 | INFO | tb_tk_淘宝联盟_商品分析_202504.py:79 : ['林内热水器旗舰店', '林内官方旗舰店'],2025-10-10已入库
2025-10-11 09:50:51 | INFO | extra_reqlog.py:12 : 在<frame at 0x00000242D84511B0, file 'C:\\Users\\admin\\Desktop\\yiyuan_spider\\API\\API_TaoKe\\API_TaoKe_Good.py', line 120, code goods_task_status_list>发起了调用,请求成功（status_code:200）
2025-10-11 09:50:51 | INFO | API_TaoKe_Base.py:29 : {'2025-10-08 00:00:00~2025-10-08 23:59:59-超级U选/全部活动-商品分析': 674509015, '2025-10-09 00:00:00~2025-10-09 23:59:59-超级U选/全部活动-商品分析': 674509014, '2025-10-10 00:00:00~2025-10-10 23:59:59-超级U选/全部活动-商品分析': 674509013, '2025-10-07 00:00:00~2025-10-07 23:59:59-商品分析': 674235427}
2025-10-11 09:50:51 | INFO | API_TaoKe_Good.py:78 : 
------------------------------------------------------------------------------------------------------------------------
在创建 2025-10-10 00:00:00~2025-10-10 23:59:59-超级淘客/全部活动 报告
2025-10-11 09:50:51 | INFO | extra_reqlog.py:12 : 在<frame at 0x00000242D85ECE40, file 'C:\\Users\\admin\\Desktop\\yiyuan_spider\\API\\API_TaoKe\\API_TaoKe_Good.py', line 65, code tb_tk_goods_analysis>发起了调用,请求成功（status_code:200）
2025-10-11 09:50:51 | SUCCESS | API_TaoKe_Good.py:66 : 成功！！！超级淘客/全部活动创建任务日期:2025-10-10
2025-10-11 09:50:51 | INFO | API_TaoKe_Good.py:89 : 任务已创建，674509329
2025-10-11 09:50:51 | INFO | API_TaoKe_Good.py:78 : 
------------------------------------------------------------------------------------------------------------------------
在创建 2025-10-09 00:00:00~2025-10-09 23:59:59-超级淘客/全部活动 报告
2025-10-11 09:50:52 | INFO | extra_reqlog.py:12 : 在<frame at 0x000001F94E214040, file 'C:\\Users\\admin\\Desktop\\yiyuan_spider\\API\\API_TaoKe\\API_TaoKe_Cps.py', line 94, code cps_task_status_list>发起了调用,请求成功（status_code:200）
2025-10-11 09:50:52 | INFO | API_TaoKe_Base.py:29 : {'2025-09-30 00:00:00~2025-10-09 23:59:59-订单结算明细报表': 245239568, '2025-09-29 00:00:00~2025-10-08 23:59:59-订单结算明细报表': 244981696, '2025-09-09 00:00:00~2025-09-30 18:37:50-订单结算明细报表': 244313887, '2025-09-01 00:00:00~2025-09-30 18:04:30-订单结算明细报表': 244311077, '2025-09-27 00:00:00~2025-09-29 23:59:59-订单结算明细报表': 244263748, '2025-09-23 00:00:00~2025-09-30 10:57:26-订单结算明细报表': 244261795, '2025-09-26 00:00:00~2025-09-28 23:59:59-订单结算明细报表': 244111978, '2025-09-25 00:00:00~2025-09-27 23:59:59-订单结算明细报表': 244016824, '2025-09-23 00:00:00~2025-09-25 23:59:59-订单结算明细报表': 243826591}
2025-10-11 09:50:52 | INFO | tb_tk_淘宝联盟_数据分析_cps订单明细_订单结算明细报表_202505.py:48 : {}
2025-10-11 09:50:52 | INFO | tb_tk_淘宝联盟_数据分析_cps订单明细_订单结算明细报表_202505.py:50 : 
========================================================================================================================
开始采集林内官方旗舰店，2025-10-01_2025-10-10的数据
2025-10-11 09:50:52 | INFO | extra_reqlog.py:12 : 在<frame at 0x00000242D85ECE40, file 'C:\\Users\\admin\\Desktop\\yiyuan_spider\\API\\API_TaoKe\\API_TaoKe_Good.py', line 65, code tb_tk_goods_analysis>发起了调用,请求成功（status_code:200）
2025-10-11 09:50:52 | SUCCESS | API_TaoKe_Good.py:66 : 成功！！！超级淘客/全部活动创建任务日期:2025-10-09
2025-10-11 09:50:52 | INFO | API_TaoKe_Good.py:89 : 任务已创建，674509330
2025-10-11 09:50:52 | INFO | API_TaoKe_Good.py:78 : 
------------------------------------------------------------------------------------------------------------------------
在创建 2025-10-08 00:00:00~2025-10-08 23:59:59-超级淘客/全部活动 报告
2025-10-11 09:50:52 | INFO | extra_reqlog.py:12 : 在<frame at 0x00000242D85ECE40, file 'C:\\Users\\admin\\Desktop\\yiyuan_spider\\API\\API_TaoKe\\API_TaoKe_Good.py', line 65, code tb_tk_goods_analysis>发起了调用,请求成功（status_code:200）
2025-10-11 09:50:52 | SUCCESS | API_TaoKe_Good.py:66 : 成功！！！超级淘客/全部活动创建任务日期:2025-10-08
2025-10-11 09:50:52 | INFO | API_TaoKe_Good.py:89 : 任务已创建，674509331
2025-10-11 09:50:52 | INFO | tb_tk_淘宝联盟_商品分析_202504.py:63 : 
========================================================================================================================
正在采集林内官方旗舰店，2025-10-09的数据
2025-10-11 09:50:52 | INFO | extra_reqlog.py:12 : 在<frame at 0x00000242D84511B0, file 'C:\\Users\\admin\\Desktop\\yiyuan_spider\\API\\API_TaoKe\\API_TaoKe_Good.py', line 120, code goods_task_status_list>发起了调用,请求成功（status_code:200）
2025-10-11 09:50:52 | INFO | API_TaoKe_Base.py:29 : {'2025-10-08 00:00:00~2025-10-08 23:59:59-超级U选/全部活动-商品分析': 674509015, '2025-10-09 00:00:00~2025-10-09 23:59:59-超级U选/全部活动-商品分析': 674509014, '2025-10-10 00:00:00~2025-10-10 23:59:59-超级U选/全部活动-商品分析': 674509013, '2025-10-07 00:00:00~2025-10-07 23:59:59-商品分析': 674235427}
2025-10-11 09:50:52 | INFO | extra_reqlog.py:12 : 在<frame at 0x00000242D85ECE40, file 'C:\\Users\\admin\\Desktop\\yiyuan_spider\\API\\API_TaoKe\\API_TaoKe_Good.py', line 65, code tb_tk_goods_analysis>发起了调用,请求成功（status_code:200）
2025-10-11 09:50:52 | SUCCESS | API_TaoKe_Good.py:66 : 成功！！！超级淘客/全部活动创建任务日期:2025-10-09
2025-10-11 09:50:52 | INFO | API_TaoKe_Good.py:143 : 任务已经存在
2025-10-11 09:50:52 | INFO | tb_tk_淘宝联盟_商品分析_202504.py:63 : 
========================================================================================================================
正在采集林内官方旗舰店，2025-10-08的数据
2025-10-11 09:50:52 | INFO | extra_reqlog.py:12 : 在<frame at 0x00000242D84511B0, file 'C:\\Users\\admin\\Desktop\\yiyuan_spider\\API\\API_TaoKe\\API_TaoKe_Good.py', line 120, code goods_task_status_list>发起了调用,请求成功（status_code:200）
2025-10-11 09:50:52 | INFO | API_TaoKe_Base.py:29 : {'2025-10-08 00:00:00~2025-10-08 23:59:59-超级U选/全部活动-商品分析': 674509015, '2025-10-09 00:00:00~2025-10-09 23:59:59-超级U选/全部活动-商品分析': 674509014, '2025-10-10 00:00:00~2025-10-10 23:59:59-超级U选/全部活动-商品分析': 674509013, '2025-10-07 00:00:00~2025-10-07 23:59:59-商品分析': 674235427}
2025-10-11 09:50:52 | INFO | extra_reqlog.py:12 : 在<frame at 0x00000242D85ECE40, file 'C:\\Users\\admin\\Desktop\\yiyuan_spider\\API\\API_TaoKe\\API_TaoKe_Good.py', line 65, code tb_tk_goods_analysis>发起了调用,请求成功（status_code:200）
2025-10-11 09:50:52 | SUCCESS | API_TaoKe_Good.py:66 : 成功！！！超级淘客/全部活动创建任务日期:2025-10-08
2025-10-11 09:50:52 | INFO | API_TaoKe_Good.py:143 : 任务已经存在
2025-10-11 09:50:52 | INFO | tb_tk_淘宝联盟_商品分析_202504.py:63 : 
========================================================================================================================
正在采集林内官方旗舰店，2025-10-10的数据
2025-10-11 09:50:52 | INFO | extra_reqlog.py:12 : 在<frame at 0x00000242D84511B0, file 'C:\\Users\\admin\\Desktop\\yiyuan_spider\\API\\API_TaoKe\\API_TaoKe_Good.py', line 120, code goods_task_status_list>发起了调用,请求成功（status_code:200）
2025-10-11 09:50:52 | INFO | API_TaoKe_Base.py:29 : {'2025-10-08 00:00:00~2025-10-08 23:59:59-超级U选/全部活动-商品分析': 674509015, '2025-10-09 00:00:00~2025-10-09 23:59:59-超级U选/全部活动-商品分析': 674509014, '2025-10-10 00:00:00~2025-10-10 23:59:59-超级U选/全部活动-商品分析': 674509013, '2025-10-07 00:00:00~2025-10-07 23:59:59-商品分析': 674235427}
2025-10-11 09:50:53 | INFO | extra_reqlog.py:12 : 在<frame at 0x00000242D85ECE40, file 'C:\\Users\\admin\\Desktop\\yiyuan_spider\\API\\API_TaoKe\\API_TaoKe_Good.py', line 65, code tb_tk_goods_analysis>发起了调用,请求成功（status_code:200）
2025-10-11 09:50:53 | SUCCESS | API_TaoKe_Good.py:66 : 成功！！！超级淘客/全部活动创建任务日期:2025-10-10
2025-10-11 09:50:53 | INFO | API_TaoKe_Good.py:143 : 任务已经存在
2025-10-11 09:50:57 | INFO | extra_reqlog.py:12 : 在<frame at 0x000001F94E214230, file 'C:\\Users\\admin\\Desktop\\yiyuan_spider\\API\\API_TaoKe\\API_TaoKe_Cps.py', line 121, code fetch_cps_file_link>发起了调用,请求成功（status_code:200）
2025-10-11 09:50:57 | INFO | API_TaoKe_Cps.py:123 : None
2025-10-11 09:50:57 | INFO | downloader.py:81 : None
2025-10-11 09:50:57 | ERROR | downloader.py:86 : 网络请求失败: Invalid URL 'None': No scheme supplied. Perhaps you meant https://None?
2025-10-11 09:50:57 | ERROR | downloader.py:139 : 网络请求失败: Invalid URL 'None': No scheme supplied. Perhaps you meant https://None?
2025-10-11 09:50:57 | ERROR | downloader.py:206 : 下载csv文件失败: Invalid URL 'None': No scheme supplied. Perhaps you meant https://None?
2025-10-11 09:51:09 | INFO | data_collector.py:34 : 
************************************************************************************************************************
2025-10-11 09:51:09 | INFO | data_collector.py:35 : 开始采集：tb_tk_淘宝联盟_数据分析_定向计划报表_分天明细_202509
2025-10-11 09:51:09 | INFO | data_collector.py:36 : 接收到的命令行参数: ['C:\\Users\\admin\\Desktop\\yiyuan_spider\\执行脚本\\淘系_淘宝联盟\\tb_tk_淘宝联盟_数据分析_定向计划报表_分天明细_202509.py']
2025-10-11 09:51:09 | INFO | data_collector.py:67 : 采集日期列表['2025-10-10', '2025-10-09', '2025-10-08', '2025-10-07', '2025-10-06', '2025-10-05', '2025-10-04', '2025-10-03', '2025-10-02', '2025-10-01', '2025-09-30', '2025-09-29', '2025-09-28', '2025-09-27', '2025-09-26', '2025-09-25', '2025-09-24', '2025-09-23', '2025-09-22', '2025-09-21', '2025-09-20', '2025-09-19', '2025-09-18', '2025-09-17', '2025-09-16', '2025-09-15', '2025-09-14', '2025-09-13', '2025-09-12', '2025-09-11'],采集店铺['林内热水器旗舰店', '林内官方旗舰店']
2025-10-11 09:51:09 | INFO | tb_tk_淘宝联盟_数据分析_定向计划报表_分天明细_202509.py:22 : 正常采集第【林内官方旗舰店】数据
2025-10-11 09:51:09 | INFO | downloader.py:81 : https://ad.alimama.com/openapi/param2/1/gateway.unionadv/data.event.taoke.campaign.json?t=1760147469679&_tb_token_=e65050b47ee86&itemId=&cStep=0&startDate=2025-09-11&endDate=2025-10-10&campaignTemplateId=992&advPageEnum=adv_992&pageNo=1&pageSize=2000
2025-10-11 09:51:09 | INFO | extra_reqlog.py:12 : 在<frame at 0x000001DA5E024040, file 'C:\\Users\\admin\\Desktop\\yiyuan_spider\\extra\\downloader.py', line 83, code _make_request_get>发起了调用,请求成功（status_code:200）
2025-10-11 09:51:09 | INFO | extra_reqlog.py:12 : 在<frame at 0x000001DA5CE37230, file 'C:\\Users\\admin\\Desktop\\yiyuan_spider\\API\\API_TaoKe\\API_Taoke_DingXiang.py', line 48, code get_campaign>发起了调用,请求成功（status_code:200）
2025-10-11 09:51:10 | INFO | tb_tk_淘宝联盟_数据分析_定向计划报表_分天明细_202509.py:36 : 林内官方旗舰店,['2025-10-10', '2025-10-09', '2025-10-08', '2025-10-07', '2025-10-06', '2025-10-05', '2025-10-04', '2025-10-03', '2025-10-02', '2025-10-01', '2025-09-30', '2025-09-29', '2025-09-28', '2025-09-27', '2025-09-26', '2025-09-25', '2025-09-24', '2025-09-23', '2025-09-22', '2025-09-21', '2025-09-20', '2025-09-19', '2025-09-18', '2025-09-17', '2025-09-16', '2025-09-15', '2025-09-14', '2025-09-13', '2025-09-12', '2025-09-11']已入库
2025-10-11 09:51:10 | INFO | tb_tk_淘宝联盟_数据分析_定向计划报表_分天明细_202509.py:37 : ----------------------------------------------------------------------------------------------------
2025-10-11 09:51:10 | INFO | tb_tk_淘宝联盟_数据分析_定向计划报表_分天明细_202509.py:22 : 正常采集第【林内热水器旗舰店】数据
2025-10-11 09:51:10 | INFO | downloader.py:81 : https://ad.alimama.com/openapi/param2/1/gateway.unionadv/data.event.taoke.campaign.json?t=1760147470059&_tb_token_=7e76f7f75bb93&itemId=&cStep=0&startDate=2025-09-11&endDate=2025-10-10&campaignTemplateId=992&advPageEnum=adv_992&pageNo=1&pageSize=2000
2025-10-11 09:51:10 | INFO | extra_reqlog.py:12 : 在<frame at 0x000001DA5E024040, file 'C:\\Users\\admin\\Desktop\\yiyuan_spider\\extra\\downloader.py', line 83, code _make_request_get>发起了调用,请求成功（status_code:200）
2025-10-11 09:51:10 | INFO | extra_reqlog.py:12 : 在<frame at 0x000001DA5CE37230, file 'C:\\Users\\admin\\Desktop\\yiyuan_spider\\API\\API_TaoKe\\API_Taoke_DingXiang.py', line 48, code get_campaign>发起了调用,请求成功（status_code:200）
2025-10-11 09:51:10 | INFO | tb_tk_淘宝联盟_数据分析_定向计划报表_分天明细_202509.py:36 : 林内热水器旗舰店,['2025-10-10', '2025-10-09', '2025-10-08', '2025-10-07', '2025-10-06', '2025-10-05', '2025-10-04', '2025-10-03', '2025-10-02', '2025-10-01', '2025-09-30', '2025-09-29', '2025-09-28', '2025-09-27', '2025-09-26', '2025-09-25', '2025-09-24', '2025-09-23', '2025-09-22', '2025-09-21', '2025-09-20', '2025-09-19', '2025-09-18', '2025-09-17', '2025-09-16', '2025-09-15', '2025-09-14', '2025-09-13', '2025-09-12', '2025-09-11']已入库
2025-10-11 09:51:10 | INFO | tb_tk_淘宝联盟_数据分析_定向计划报表_分天明细_202509.py:37 : ----------------------------------------------------------------------------------------------------
2025-10-11 09:51:10 | INFO | tb_tk_淘宝联盟_数据分析_定向计划报表_分天明细_202509.py:38 : 
************************************************************************************************************************
2025-10-11 09:51:23 | INFO | tb_tk_淘宝联盟_商品分析_202504.py:63 : 
========================================================================================================================
正在采集林内官方旗舰店，2025-10-09的数据
2025-10-11 09:51:23 | INFO | extra_reqlog.py:12 : 在<frame at 0x00000242D84511B0, file 'C:\\Users\\admin\\Desktop\\yiyuan_spider\\API\\API_TaoKe\\API_TaoKe_Good.py', line 120, code goods_task_status_list>发起了调用,请求成功（status_code:200）
2025-10-11 09:51:23 | INFO | API_TaoKe_Base.py:29 : {'2025-10-10 00:00:00~2025-10-10 23:59:59-超级淘客/全部活动-商品分析': 674509329, '2025-10-08 00:00:00~2025-10-08 23:59:59-超级淘客/全部活动-商品分析': 674509331, '2025-10-09 00:00:00~2025-10-09 23:59:59-超级淘客/全部活动-商品分析': 674509330, '2025-10-08 00:00:00~2025-10-08 23:59:59-超级U选/全部活动-商品分析': 674509015, '2025-10-09 00:00:00~2025-10-09 23:59:59-超级U选/全部活动-商品分析': 674509014, '2025-10-10 00:00:00~2025-10-10 23:59:59-超级U选/全部活动-商品分析': 674509013, '2025-10-07 00:00:00~2025-10-07 23:59:59-商品分析': 674235427}
2025-10-11 09:51:23 | INFO | extra_reqlog.py:12 : 在<frame at 0x00000242D8610040, file 'C:\\Users\\admin\\Desktop\\yiyuan_spider\\API\\API_TaoKe\\API_TaoKe_Good.py', line 167, code fetch_goods_file_link>发起了调用,请求成功（status_code:200）
2025-10-11 09:51:23 | INFO | downloader.py:81 : https://union-file-center.oss-cn-zhangjiakou.aliyuncs.com/online_0225cd88742bacdae7a1de06f578643e?Expires=1760147579&OSSAccessKeyId=LTAI4FmnP9ZhkUeeAQpo4VPC&Signature=BFg17O1rFd8Y2HZgO%2FrhGBofA5I%3D&response-content-disposition=attachment%3B%20filename%3D2025-10-09%2000%253A00%253A00%257E2025-10-09%2023%253A59%253A59-%25E8%25B6%2585%25E7%25BA%25A7%25E6%25B7%2598%25E5%25AE%25A2%252F%25E5%2585%25A8%25E9%2583%25A8%25E6%25B4%25BB%25E5%258A%25A8-%25E5%2595%2586%25E5%2593%2581%25E5%2588%2586%25E6%259E%2590.csv&response-content-type=text%2Fplain%3B%20charset%3DUTF-8
2025-10-11 09:51:23 | INFO | extra_reqlog.py:12 : 在<frame at 0x00000242D85FCB80, file 'C:\\Users\\admin\\Desktop\\yiyuan_spider\\extra\\downloader.py', line 83, code _make_request_get>发起了调用,请求成功（status_code:200）
2025-10-11 09:51:23 | INFO | tb_tk_淘宝联盟_商品分析_202504.py:79 : ['林内热水器旗舰店', '林内官方旗舰店'],2025-10-09已入库
2025-10-11 09:51:23 | INFO | tb_tk_淘宝联盟_商品分析_202504.py:63 : 
========================================================================================================================
正在采集林内官方旗舰店，2025-10-08的数据
2025-10-11 09:51:23 | INFO | extra_reqlog.py:12 : 在<frame at 0x00000242D84511B0, file 'C:\\Users\\admin\\Desktop\\yiyuan_spider\\API\\API_TaoKe\\API_TaoKe_Good.py', line 120, code goods_task_status_list>发起了调用,请求成功（status_code:200）
2025-10-11 09:51:23 | INFO | API_TaoKe_Base.py:29 : {'2025-10-10 00:00:00~2025-10-10 23:59:59-超级淘客/全部活动-商品分析': 674509329, '2025-10-08 00:00:00~2025-10-08 23:59:59-超级淘客/全部活动-商品分析': 674509331, '2025-10-09 00:00:00~2025-10-09 23:59:59-超级淘客/全部活动-商品分析': 674509330, '2025-10-08 00:00:00~2025-10-08 23:59:59-超级U选/全部活动-商品分析': 674509015, '2025-10-09 00:00:00~2025-10-09 23:59:59-超级U选/全部活动-商品分析': 674509014, '2025-10-10 00:00:00~2025-10-10 23:59:59-超级U选/全部活动-商品分析': 674509013, '2025-10-07 00:00:00~2025-10-07 23:59:59-商品分析': 674235427}
2025-10-11 09:51:23 | INFO | extra_reqlog.py:12 : 在<frame at 0x00000242D8610040, file 'C:\\Users\\admin\\Desktop\\yiyuan_spider\\API\\API_TaoKe\\API_TaoKe_Good.py', line 167, code fetch_goods_file_link>发起了调用,请求成功（status_code:200）
2025-10-11 09:51:23 | INFO | downloader.py:81 : https://union-file-center.oss-cn-zhangjiakou.aliyuncs.com/online_703386e6d3935aa01f3d43be230c1c46?Expires=1760147580&OSSAccessKeyId=LTAI4FmnP9ZhkUeeAQpo4VPC&Signature=PJJhJFfwwT9DhbewWoosWsOSKOo%3D&response-content-disposition=attachment%3B%20filename%3D2025-10-08%2000%253A00%253A00%257E2025-10-08%2023%253A59%253A59-%25E8%25B6%2585%25E7%25BA%25A7%25E6%25B7%2598%25E5%25AE%25A2%252F%25E5%2585%25A8%25E9%2583%25A8%25E6%25B4%25BB%25E5%258A%25A8-%25E5%2595%2586%25E5%2593%2581%25E5%2588%2586%25E6%259E%2590.csv&response-content-type=text%2Fplain%3B%20charset%3DUTF-8
2025-10-11 09:51:24 | INFO | extra_reqlog.py:12 : 在<frame at 0x00000242D85FCB80, file 'C:\\Users\\admin\\Desktop\\yiyuan_spider\\extra\\downloader.py', line 83, code _make_request_get>发起了调用,请求成功（status_code:200）
2025-10-11 09:51:24 | INFO | tb_tk_淘宝联盟_商品分析_202504.py:79 : ['林内热水器旗舰店', '林内官方旗舰店'],2025-10-08已入库
2025-10-11 09:51:24 | INFO | tb_tk_淘宝联盟_商品分析_202504.py:63 : 
========================================================================================================================
正在采集林内官方旗舰店，2025-10-10的数据
2025-10-11 09:51:24 | INFO | extra_reqlog.py:12 : 在<frame at 0x00000242D84511B0, file 'C:\\Users\\admin\\Desktop\\yiyuan_spider\\API\\API_TaoKe\\API_TaoKe_Good.py', line 120, code goods_task_status_list>发起了调用,请求成功（status_code:200）
2025-10-11 09:51:24 | INFO | API_TaoKe_Base.py:29 : {'2025-10-10 00:00:00~2025-10-10 23:59:59-超级淘客/全部活动-商品分析': 674509329, '2025-10-08 00:00:00~2025-10-08 23:59:59-超级淘客/全部活动-商品分析': 674509331, '2025-10-09 00:00:00~2025-10-09 23:59:59-超级淘客/全部活动-商品分析': 674509330, '2025-10-08 00:00:00~2025-10-08 23:59:59-超级U选/全部活动-商品分析': 674509015, '2025-10-09 00:00:00~2025-10-09 23:59:59-超级U选/全部活动-商品分析': 674509014, '2025-10-10 00:00:00~2025-10-10 23:59:59-超级U选/全部活动-商品分析': 674509013, '2025-10-07 00:00:00~2025-10-07 23:59:59-商品分析': 674235427}
2025-10-11 09:51:24 | INFO | extra_reqlog.py:12 : 在<frame at 0x00000242D8610040, file 'C:\\Users\\admin\\Desktop\\yiyuan_spider\\API\\API_TaoKe\\API_TaoKe_Good.py', line 167, code fetch_goods_file_link>发起了调用,请求成功（status_code:200）
2025-10-11 09:51:24 | INFO | downloader.py:81 : https://union-file-center.oss-cn-zhangjiakou.aliyuncs.com/online_c2e38ef5849ba2fe202afa6715a23c9c?Expires=1760147581&OSSAccessKeyId=LTAI4FmnP9ZhkUeeAQpo4VPC&Signature=SHyQAjjkQMqqaKpWY%2FIa%2F68PG2E%3D&response-content-disposition=attachment%3B%20filename%3D2025-10-10%2000%253A00%253A00%257E2025-10-10%2023%253A59%253A59-%25E8%25B6%2585%25E7%25BA%25A7%25E6%25B7%2598%25E5%25AE%25A2%252F%25E5%2585%25A8%25E9%2583%25A8%25E6%25B4%25BB%25E5%258A%25A8-%25E5%2595%2586%25E5%2593%2581%25E5%2588%2586%25E6%259E%2590.csv&response-content-type=text%2Fplain%3B%20charset%3DUTF-8
2025-10-11 09:51:24 | INFO | extra_reqlog.py:12 : 在<frame at 0x00000242D85FCB80, file 'C:\\Users\\admin\\Desktop\\yiyuan_spider\\extra\\downloader.py', line 83, code _make_request_get>发起了调用,请求成功（status_code:200）
2025-10-11 09:51:24 | INFO | tb_tk_淘宝联盟_商品分析_202504.py:79 : ['林内热水器旗舰店', '林内官方旗舰店'],2025-10-10已入库
2025-10-11 09:51:24 | INFO | extra_reqlog.py:12 : 在<frame at 0x00000242D84511B0, file 'C:\\Users\\admin\\Desktop\\yiyuan_spider\\API\\API_TaoKe\\API_TaoKe_Good.py', line 120, code goods_task_status_list>发起了调用,请求成功（status_code:200）
2025-10-11 09:51:24 | INFO | API_TaoKe_Base.py:29 : {'2025-10-10 00:00:00~2025-10-10 23:59:59-超级淘客/全部活动-商品分析': 674509329, '2025-10-08 00:00:00~2025-10-08 23:59:59-超级淘客/全部活动-商品分析': 674509331, '2025-10-09 00:00:00~2025-10-09 23:59:59-超级淘客/全部活动-商品分析': 674509330, '2025-10-08 00:00:00~2025-10-08 23:59:59-超级U选/全部活动-商品分析': 674509015, '2025-10-09 00:00:00~2025-10-09 23:59:59-超级U选/全部活动-商品分析': 674509014, '2025-10-10 00:00:00~2025-10-10 23:59:59-超级U选/全部活动-商品分析': 674509013, '2025-10-07 00:00:00~2025-10-07 23:59:59-商品分析': 674235427}
2025-10-11 09:51:24 | INFO | API_TaoKe_Good.py:78 : 
------------------------------------------------------------------------------------------------------------------------
在创建 2025-10-10 00:00:00~2025-10-10 23:59:59-普通招商/全部活动 报告
2025-10-11 09:51:25 | INFO | extra_reqlog.py:12 : 在<frame at 0x00000242D85ECE40, file 'C:\\Users\\admin\\Desktop\\yiyuan_spider\\API\\API_TaoKe\\API_TaoKe_Good.py', line 65, code tb_tk_goods_analysis>发起了调用,请求成功（status_code:200）
2025-10-11 09:51:25 | SUCCESS | API_TaoKe_Good.py:66 : 成功！！！普通招商/全部活动创建任务日期:2025-10-10
2025-10-11 09:51:25 | INFO | API_TaoKe_Good.py:89 : 任务已创建，674509949
2025-10-11 09:51:25 | INFO | API_TaoKe_Good.py:78 : 
------------------------------------------------------------------------------------------------------------------------
在创建 2025-10-09 00:00:00~2025-10-09 23:59:59-普通招商/全部活动 报告
2025-10-11 09:51:25 | INFO | extra_reqlog.py:12 : 在<frame at 0x00000242D85ECE40, file 'C:\\Users\\admin\\Desktop\\yiyuan_spider\\API\\API_TaoKe\\API_TaoKe_Good.py', line 65, code tb_tk_goods_analysis>发起了调用,请求成功（status_code:200）
2025-10-11 09:51:25 | SUCCESS | API_TaoKe_Good.py:66 : 成功！！！普通招商/全部活动创建任务日期:2025-10-09
2025-10-11 09:51:25 | INFO | API_TaoKe_Good.py:89 : 任务已创建，674509952
2025-10-11 09:51:25 | INFO | API_TaoKe_Good.py:78 : 
------------------------------------------------------------------------------------------------------------------------
在创建 2025-10-08 00:00:00~2025-10-08 23:59:59-普通招商/全部活动 报告
2025-10-11 09:51:25 | INFO | extra_reqlog.py:12 : 在<frame at 0x00000242D85ECE40, file 'C:\\Users\\admin\\Desktop\\yiyuan_spider\\API\\API_TaoKe\\API_TaoKe_Good.py', line 65, code tb_tk_goods_analysis>发起了调用,请求成功（status_code:200）
2025-10-11 09:51:25 | SUCCESS | API_TaoKe_Good.py:66 : 成功！！！普通招商/全部活动创建任务日期:2025-10-08
2025-10-11 09:51:25 | INFO | API_TaoKe_Good.py:89 : 任务已创建，674509953
2025-10-11 09:51:25 | INFO | tb_tk_淘宝联盟_商品分析_202504.py:63 : 
========================================================================================================================
正在采集林内官方旗舰店，2025-10-09的数据
2025-10-11 09:51:25 | INFO | extra_reqlog.py:12 : 在<frame at 0x00000242D84511B0, file 'C:\\Users\\admin\\Desktop\\yiyuan_spider\\API\\API_TaoKe\\API_TaoKe_Good.py', line 120, code goods_task_status_list>发起了调用,请求成功（status_code:200）
2025-10-11 09:51:25 | INFO | API_TaoKe_Base.py:29 : {'2025-10-10 00:00:00~2025-10-10 23:59:59-超级淘客/全部活动-商品分析': 674509329, '2025-10-08 00:00:00~2025-10-08 23:59:59-超级淘客/全部活动-商品分析': 674509331, '2025-10-09 00:00:00~2025-10-09 23:59:59-超级淘客/全部活动-商品分析': 674509330, '2025-10-08 00:00:00~2025-10-08 23:59:59-超级U选/全部活动-商品分析': 674509015, '2025-10-09 00:00:00~2025-10-09 23:59:59-超级U选/全部活动-商品分析': 674509014, '2025-10-10 00:00:00~2025-10-10 23:59:59-超级U选/全部活动-商品分析': 674509013, '2025-10-07 00:00:00~2025-10-07 23:59:59-商品分析': 674235427}
2025-10-11 09:51:25 | INFO | extra_reqlog.py:12 : 在<frame at 0x00000242D85ECE40, file 'C:\\Users\\admin\\Desktop\\yiyuan_spider\\API\\API_TaoKe\\API_TaoKe_Good.py', line 65, code tb_tk_goods_analysis>发起了调用,请求成功（status_code:200）
2025-10-11 09:51:25 | SUCCESS | API_TaoKe_Good.py:66 : 成功！！！普通招商/全部活动创建任务日期:2025-10-09
2025-10-11 09:51:25 | INFO | API_TaoKe_Good.py:143 : 任务已经存在
2025-10-11 09:51:25 | INFO | tb_tk_淘宝联盟_商品分析_202504.py:63 : 
========================================================================================================================
正在采集林内官方旗舰店，2025-10-08的数据
2025-10-11 09:51:25 | INFO | extra_reqlog.py:12 : 在<frame at 0x00000242D84511B0, file 'C:\\Users\\admin\\Desktop\\yiyuan_spider\\API\\API_TaoKe\\API_TaoKe_Good.py', line 120, code goods_task_status_list>发起了调用,请求成功（status_code:200）
2025-10-11 09:51:25 | INFO | API_TaoKe_Base.py:29 : {'2025-10-10 00:00:00~2025-10-10 23:59:59-超级淘客/全部活动-商品分析': 674509329, '2025-10-08 00:00:00~2025-10-08 23:59:59-超级淘客/全部活动-商品分析': 674509331, '2025-10-09 00:00:00~2025-10-09 23:59:59-超级淘客/全部活动-商品分析': 674509330, '2025-10-08 00:00:00~2025-10-08 23:59:59-超级U选/全部活动-商品分析': 674509015, '2025-10-09 00:00:00~2025-10-09 23:59:59-超级U选/全部活动-商品分析': 674509014, '2025-10-10 00:00:00~2025-10-10 23:59:59-超级U选/全部活动-商品分析': 674509013, '2025-10-07 00:00:00~2025-10-07 23:59:59-商品分析': 674235427}
2025-10-11 09:51:25 | INFO | extra_reqlog.py:12 : 在<frame at 0x00000242D85ECE40, file 'C:\\Users\\admin\\Desktop\\yiyuan_spider\\API\\API_TaoKe\\API_TaoKe_Good.py', line 65, code tb_tk_goods_analysis>发起了调用,请求成功（status_code:200）
2025-10-11 09:51:25 | SUCCESS | API_TaoKe_Good.py:66 : 成功！！！普通招商/全部活动创建任务日期:2025-10-08
2025-10-11 09:51:25 | INFO | API_TaoKe_Good.py:143 : 任务已经存在
2025-10-11 09:51:25 | INFO | tb_tk_淘宝联盟_商品分析_202504.py:63 : 
========================================================================================================================
正在采集林内官方旗舰店，2025-10-10的数据
2025-10-11 09:51:26 | INFO | extra_reqlog.py:12 : 在<frame at 0x00000242D84511B0, file 'C:\\Users\\admin\\Desktop\\yiyuan_spider\\API\\API_TaoKe\\API_TaoKe_Good.py', line 120, code goods_task_status_list>发起了调用,请求成功（status_code:200）
2025-10-11 09:51:26 | INFO | API_TaoKe_Base.py:29 : {'2025-10-10 00:00:00~2025-10-10 23:59:59-超级淘客/全部活动-商品分析': 674509329, '2025-10-08 00:00:00~2025-10-08 23:59:59-超级淘客/全部活动-商品分析': 674509331, '2025-10-09 00:00:00~2025-10-09 23:59:59-超级淘客/全部活动-商品分析': 674509330, '2025-10-08 00:00:00~2025-10-08 23:59:59-超级U选/全部活动-商品分析': 674509015, '2025-10-09 00:00:00~2025-10-09 23:59:59-超级U选/全部活动-商品分析': 674509014, '2025-10-10 00:00:00~2025-10-10 23:59:59-超级U选/全部活动-商品分析': 674509013, '2025-10-07 00:00:00~2025-10-07 23:59:59-商品分析': 674235427}
2025-10-11 09:51:26 | INFO | extra_reqlog.py:12 : 在<frame at 0x00000242D85ECE40, file 'C:\\Users\\admin\\Desktop\\yiyuan_spider\\API\\API_TaoKe\\API_TaoKe_Good.py', line 65, code tb_tk_goods_analysis>发起了调用,请求成功（status_code:200）
2025-10-11 09:51:26 | SUCCESS | API_TaoKe_Good.py:66 : 成功！！！普通招商/全部活动创建任务日期:2025-10-10
2025-10-11 09:51:26 | INFO | API_TaoKe_Good.py:143 : 任务已经存在
2025-10-11 09:51:31 | INFO | data_collector.py:34 : 
************************************************************************************************************************
2025-10-11 09:51:31 | INFO | data_collector.py:35 : 开始采集：tb_tk_淘宝联盟_数据分析_cps订单明细_订单结算明细报表_202505
2025-10-11 09:51:31 | INFO | data_collector.py:36 : 接收到的命令行参数: ['C:\\Users\\admin\\Desktop\\yiyuan_spider\\执行脚本\\淘系_淘宝联盟\\tb_tk_淘宝联盟_数据分析_cps订单明细_订单结算明细报表_202505.py']
2025-10-11 09:51:31 | INFO | data_collector.py:67 : 采集日期列表['2025-10-10', '2025-10-09', '2025-10-08', '2025-10-07', '2025-10-06', '2025-10-05', '2025-10-04', '2025-10-03', '2025-10-02', '2025-10-01'],采集店铺['林内热水器旗舰店', '林内官方旗舰店']
2025-10-11 09:51:32 | INFO | extra_reqlog.py:12 : 在<frame at 0x0000016B060A1120, file 'C:\\Users\\admin\\Desktop\\yiyuan_spider\\API\\API_TaoKe\\API_TaoKe_Cps.py', line 59, code tb_tk_cps_settlement_report>发起了调用,请求成功（status_code:200）
2025-10-11 09:51:32 | SUCCESS | API_TaoKe_Cps.py:60 : 成功！！！创建任务日期:2025-10-01_2025-10-10
2025-10-11 09:51:32 | INFO | extra_reqlog.py:12 : 在<frame at 0x0000016B060E4040, file 'C:\\Users\\admin\\Desktop\\yiyuan_spider\\API\\API_TaoKe\\API_TaoKe_Cps.py', line 94, code cps_task_status_list>发起了调用,请求成功（status_code:200）
2025-10-11 09:51:32 | INFO | API_TaoKe_Base.py:29 : {'2025-10-01 00:00:00~2025-10-10 23:59:59-订单结算明细报表': 245383992, '2025-09-30 00:00:00~2025-10-09 23:59:59-订单结算明细报表': 245239568, '2025-09-29 00:00:00~2025-10-08 23:59:59-订单结算明细报表': 244981696, '2025-09-09 00:00:00~2025-09-30 18:37:50-订单结算明细报表': 244313887, '2025-09-01 00:00:00~2025-09-30 18:04:30-订单结算明细报表': 244311077, '2025-09-27 00:00:00~2025-09-29 23:59:59-订单结算明细报表': 244263748, '2025-09-23 00:00:00~2025-09-30 10:57:26-订单结算明细报表': 244261795, '2025-09-26 00:00:00~2025-09-28 23:59:59-订单结算明细报表': 244111978, '2025-09-25 00:00:00~2025-09-27 23:59:59-订单结算明细报表': 244016824, '2025-09-23 00:00:00~2025-09-25 23:59:59-订单结算明细报表': 243826591}
2025-10-11 09:51:32 | INFO | tb_tk_淘宝联盟_数据分析_cps订单明细_订单结算明细报表_202505.py:50 : 
========================================================================================================================
开始采集林内官方旗舰店，2025-10-01_2025-10-10的数据
2025-10-11 09:51:37 | INFO | extra_reqlog.py:12 : 在<frame at 0x0000016B060E4230, file 'C:\\Users\\admin\\Desktop\\yiyuan_spider\\API\\API_TaoKe\\API_TaoKe_Cps.py', line 121, code fetch_cps_file_link>发起了调用,请求成功（status_code:200）
2025-10-11 09:51:37 | INFO | API_TaoKe_Cps.py:123 : https://union-file-center.oss-cn-zhangjiakou.aliyuncs.com/adv_34274104_1_3_1759248000000_1760111999000?Expires=1760147593&OSSAccessKeyId=LTAI4FmnP9ZhkUeeAQpo4VPC&Signature=cQ%2F%2FKuEgxkjK8GyMqsh%2F9yvvlBE%3D&response-content-disposition=attachment%3B%20filename%3D2025-10-01%2000%253A00%253A00%257E2025-10-10%2023%253A59%253A59-%25E8%25AE%25A2%25E5%258D%2595%25E7%25BB%2593%25E7%25AE%2597%25E6%2598%258E%25E7%25BB%2586%25E6%258A%25A5%25E8%25A1%25A8.csv&response-content-type=text%2Fplain%3B%20charset%3DUTF-8
2025-10-11 09:51:37 | INFO | downloader.py:81 : https://union-file-center.oss-cn-zhangjiakou.aliyuncs.com/adv_34274104_1_3_1759248000000_1760111999000?Expires=1760147593&OSSAccessKeyId=LTAI4FmnP9ZhkUeeAQpo4VPC&Signature=cQ%2F%2FKuEgxkjK8GyMqsh%2F9yvvlBE%3D&response-content-disposition=attachment%3B%20filename%3D2025-10-01%2000%253A00%253A00%257E2025-10-10%2023%253A59%253A59-%25E8%25AE%25A2%25E5%258D%2595%25E7%25BB%2593%25E7%25AE%2597%25E6%2598%258E%25E7%25BB%2586%25E6%258A%25A5%25E8%25A1%25A8.csv&response-content-type=text%2Fplain%3B%20charset%3DUTF-8
2025-10-11 09:51:37 | INFO | extra_reqlog.py:12 : 在<frame at 0x0000016B060D96C0, file 'C:\\Users\\admin\\Desktop\\yiyuan_spider\\extra\\downloader.py', line 83, code _make_request_get>发起了调用,请求成功（status_code:200）
2025-10-11 09:51:37 | INFO | tb_tk_淘宝联盟_数据分析_cps订单明细_订单结算明细报表_202505.py:64 : 林内官方旗舰店,2025-10-01_2025-10-10已入库
2025-10-11 09:51:37 | INFO | tb_tk_淘宝联盟_数据分析_cps订单明细_订单结算明细报表_202505.py:65 : ----------------------------------------------------------------------------------------------------
2025-10-11 09:51:37 | INFO | extra_reqlog.py:12 : 在<frame at 0x0000016B060A1120, file 'C:\\Users\\admin\\Desktop\\yiyuan_spider\\API\\API_TaoKe\\API_TaoKe_Cps.py', line 59, code tb_tk_cps_settlement_report>发起了调用,请求成功（status_code:200）
2025-10-11 09:51:37 | SUCCESS | API_TaoKe_Cps.py:60 : 成功！！！创建任务日期:2025-10-01_2025-10-10
2025-10-11 09:51:37 | INFO | extra_reqlog.py:12 : 在<frame at 0x0000016B060E4040, file 'C:\\Users\\admin\\Desktop\\yiyuan_spider\\API\\API_TaoKe\\API_TaoKe_Cps.py', line 94, code cps_task_status_list>发起了调用,请求成功（status_code:200）
2025-10-11 09:51:37 | INFO | API_TaoKe_Base.py:29 : {'2025-09-30 00:00:00~2025-10-09 23:59:59-订单结算明细报表': 245239782, '2025-09-29 00:00:00~2025-10-08 23:59:59-订单结算明细报表': 244981876, '2025-09-27 00:00:00~2025-09-29 23:59:59-订单结算明细报表': 244262427, '2025-09-26 00:00:00~2025-09-28 23:59:59-订单结算明细报表': 244112064, '2025-09-25 00:00:00~2025-09-27 23:59:59-订单结算明细报表': 244019583, '2025-09-23 00:00:00~2025-09-25 23:59:59-订单结算明细报表': 243826791, '2025-09-22 00:00:00~2025-09-24 23:59:59-订单结算明细报表': 243718711, '2025-09-21 00:00:00~2025-09-23 23:59:59-订单结算明细报表': 243614377, '2025-09-20 00:00:00~2025-09-22 23:59:59-订单结算明细报表': 243519828}
2025-10-11 09:51:37 | INFO | tb_tk_淘宝联盟_数据分析_cps订单明细_订单结算明细报表_202505.py:41 : 等待30s
2025-10-11 09:51:56 | INFO | tb_tk_淘宝联盟_商品分析_202504.py:63 : 
========================================================================================================================
正在采集林内官方旗舰店，2025-10-09的数据
2025-10-11 09:51:56 | INFO | extra_reqlog.py:12 : 在<frame at 0x00000242D84511B0, file 'C:\\Users\\admin\\Desktop\\yiyuan_spider\\API\\API_TaoKe\\API_TaoKe_Good.py', line 120, code goods_task_status_list>发起了调用,请求成功（status_code:200）
2025-10-11 09:51:56 | INFO | API_TaoKe_Base.py:29 : {'2025-10-10 00:00:00~2025-10-10 23:59:59-普通招商/全部活动-商品分析': 674509949, '2025-10-08 00:00:00~2025-10-08 23:59:59-普通招商/全部活动-商品分析': 674509953, '2025-10-09 00:00:00~2025-10-09 23:59:59-普通招商/全部活动-商品分析': 674509952, '2025-10-10 00:00:00~2025-10-10 23:59:59-超级淘客/全部活动-商品分析': 674509329, '2025-10-08 00:00:00~2025-10-08 23:59:59-超级淘客/全部活动-商品分析': 674509331, '2025-10-09 00:00:00~2025-10-09 23:59:59-超级淘客/全部活动-商品分析': 674509330, '2025-10-08 00:00:00~2025-10-08 23:59:59-超级U选/全部活动-商品分析': 674509015, '2025-10-09 00:00:00~2025-10-09 23:59:59-超级U选/全部活动-商品分析': 674509014, '2025-10-10 00:00:00~2025-10-10 23:59:59-超级U选/全部活动-商品分析': 674509013, '2025-10-07 00:00:00~2025-10-07 23:59:59-商品分析': 674235427}
2025-10-11 09:51:56 | INFO | extra_reqlog.py:12 : 在<frame at 0x00000242D8610040, file 'C:\\Users\\admin\\Desktop\\yiyuan_spider\\API\\API_TaoKe\\API_TaoKe_Good.py', line 167, code fetch_goods_file_link>发起了调用,请求成功（status_code:200）
2025-10-11 09:51:56 | INFO | downloader.py:81 : https://union-file-center.oss-cn-zhangjiakou.aliyuncs.com/online_5c901c819e54fbb1dbcaea0fc5740732?Expires=1760147613&OSSAccessKeyId=LTAI4FmnP9ZhkUeeAQpo4VPC&Signature=PT6xmbfgquKgB3t3ELKj%2B4r%2BDnc%3D&response-content-disposition=attachment%3B%20filename%3D2025-10-09%2000%253A00%253A00%257E2025-10-09%2023%253A59%253A59-%25E6%2599%25AE%25E9%2580%259A%25E6%258B%259B%25E5%2595%2586%252F%25E5%2585%25A8%25E9%2583%25A8%25E6%25B4%25BB%25E5%258A%25A8-%25E5%2595%2586%25E5%2593%2581%25E5%2588%2586%25E6%259E%2590.csv&response-content-type=text%2Fplain%3B%20charset%3DUTF-8
2025-10-11 09:51:56 | INFO | extra_reqlog.py:12 : 在<frame at 0x00000242D85FCB80, file 'C:\\Users\\admin\\Desktop\\yiyuan_spider\\extra\\downloader.py', line 83, code _make_request_get>发起了调用,请求成功（status_code:200）
2025-10-11 09:51:56 | INFO | tb_tk_淘宝联盟_商品分析_202504.py:79 : ['林内热水器旗舰店', '林内官方旗舰店'],2025-10-09已入库
2025-10-11 09:51:56 | INFO | tb_tk_淘宝联盟_商品分析_202504.py:63 : 
========================================================================================================================
正在采集林内官方旗舰店，2025-10-08的数据
2025-10-11 09:51:56 | INFO | extra_reqlog.py:12 : 在<frame at 0x00000242D84511B0, file 'C:\\Users\\admin\\Desktop\\yiyuan_spider\\API\\API_TaoKe\\API_TaoKe_Good.py', line 120, code goods_task_status_list>发起了调用,请求成功（status_code:200）
2025-10-11 09:51:56 | INFO | API_TaoKe_Base.py:29 : {'2025-10-10 00:00:00~2025-10-10 23:59:59-普通招商/全部活动-商品分析': 674509949, '2025-10-08 00:00:00~2025-10-08 23:59:59-普通招商/全部活动-商品分析': 674509953, '2025-10-09 00:00:00~2025-10-09 23:59:59-普通招商/全部活动-商品分析': 674509952, '2025-10-10 00:00:00~2025-10-10 23:59:59-超级淘客/全部活动-商品分析': 674509329, '2025-10-08 00:00:00~2025-10-08 23:59:59-超级淘客/全部活动-商品分析': 674509331, '2025-10-09 00:00:00~2025-10-09 23:59:59-超级淘客/全部活动-商品分析': 674509330, '2025-10-08 00:00:00~2025-10-08 23:59:59-超级U选/全部活动-商品分析': 674509015, '2025-10-09 00:00:00~2025-10-09 23:59:59-超级U选/全部活动-商品分析': 674509014, '2025-10-10 00:00:00~2025-10-10 23:59:59-超级U选/全部活动-商品分析': 674509013, '2025-10-07 00:00:00~2025-10-07 23:59:59-商品分析': 674235427}
2025-10-11 09:51:57 | INFO | extra_reqlog.py:12 : 在<frame at 0x00000242D8610040, file 'C:\\Users\\admin\\Desktop\\yiyuan_spider\\API\\API_TaoKe\\API_TaoKe_Good.py', line 167, code fetch_goods_file_link>发起了调用,请求成功（status_code:200）
2025-10-11 09:51:57 | INFO | downloader.py:81 : https://union-file-center.oss-cn-zhangjiakou.aliyuncs.com/online_f9ebcbad7c94d285b0303969eed351af?Expires=1760147613&OSSAccessKeyId=LTAI4FmnP9ZhkUeeAQpo4VPC&Signature=J%2Fd97eeVZQq1XSfsqj8277FHJRM%3D&response-content-disposition=attachment%3B%20filename%3D2025-10-08%2000%253A00%253A00%257E2025-10-08%2023%253A59%253A59-%25E6%2599%25AE%25E9%2580%259A%25E6%258B%259B%25E5%2595%2586%252F%25E5%2585%25A8%25E9%2583%25A8%25E6%25B4%25BB%25E5%258A%25A8-%25E5%2595%2586%25E5%2593%2581%25E5%2588%2586%25E6%259E%2590.csv&response-content-type=text%2Fplain%3B%20charset%3DUTF-8
2025-10-11 09:51:57 | INFO | extra_reqlog.py:12 : 在<frame at 0x00000242D85FCB80, file 'C:\\Users\\admin\\Desktop\\yiyuan_spider\\extra\\downloader.py', line 83, code _make_request_get>发起了调用,请求成功（status_code:200）
2025-10-11 09:51:57 | INFO | tb_tk_淘宝联盟_商品分析_202504.py:79 : ['林内热水器旗舰店', '林内官方旗舰店'],2025-10-08已入库
2025-10-11 09:51:57 | INFO | tb_tk_淘宝联盟_商品分析_202504.py:63 : 
========================================================================================================================
正在采集林内官方旗舰店，2025-10-10的数据
2025-10-11 09:51:57 | INFO | extra_reqlog.py:12 : 在<frame at 0x00000242D84511B0, file 'C:\\Users\\admin\\Desktop\\yiyuan_spider\\API\\API_TaoKe\\API_TaoKe_Good.py', line 120, code goods_task_status_list>发起了调用,请求成功（status_code:200）
2025-10-11 09:51:57 | INFO | API_TaoKe_Base.py:29 : {'2025-10-10 00:00:00~2025-10-10 23:59:59-普通招商/全部活动-商品分析': 674509949, '2025-10-08 00:00:00~2025-10-08 23:59:59-普通招商/全部活动-商品分析': 674509953, '2025-10-09 00:00:00~2025-10-09 23:59:59-普通招商/全部活动-商品分析': 674509952, '2025-10-10 00:00:00~2025-10-10 23:59:59-超级淘客/全部活动-商品分析': 674509329, '2025-10-08 00:00:00~2025-10-08 23:59:59-超级淘客/全部活动-商品分析': 674509331, '2025-10-09 00:00:00~2025-10-09 23:59:59-超级淘客/全部活动-商品分析': 674509330, '2025-10-08 00:00:00~2025-10-08 23:59:59-超级U选/全部活动-商品分析': 674509015, '2025-10-09 00:00:00~2025-10-09 23:59:59-超级U选/全部活动-商品分析': 674509014, '2025-10-10 00:00:00~2025-10-10 23:59:59-超级U选/全部活动-商品分析': 674509013, '2025-10-07 00:00:00~2025-10-07 23:59:59-商品分析': 674235427}
2025-10-11 09:51:57 | INFO | extra_reqlog.py:12 : 在<frame at 0x00000242D8610040, file 'C:\\Users\\admin\\Desktop\\yiyuan_spider\\API\\API_TaoKe\\API_TaoKe_Good.py', line 167, code fetch_goods_file_link>发起了调用,请求成功（status_code:200）
2025-10-11 09:51:57 | INFO | downloader.py:81 : https://union-file-center.oss-cn-zhangjiakou.aliyuncs.com/online_816fe9804e9b324f2291ed6031a7ab00?Expires=1760147614&OSSAccessKeyId=LTAI4FmnP9ZhkUeeAQpo4VPC&Signature=42eocisoyy5uM1Xs2JZVVpZqMTU%3D&response-content-disposition=attachment%3B%20filename%3D2025-10-10%2000%253A00%253A00%257E2025-10-10%2023%253A59%253A59-%25E6%2599%25AE%25E9%2580%259A%25E6%258B%259B%25E5%2595%2586%252F%25E5%2585%25A8%25E9%2583%25A8%25E6%25B4%25BB%25E5%258A%25A8-%25E5%2595%2586%25E5%2593%2581%25E5%2588%2586%25E6%259E%2590.csv&response-content-type=text%2Fplain%3B%20charset%3DUTF-8
2025-10-11 09:51:57 | INFO | extra_reqlog.py:12 : 在<frame at 0x00000242D85FCB80, file 'C:\\Users\\admin\\Desktop\\yiyuan_spider\\extra\\downloader.py', line 83, code _make_request_get>发起了调用,请求成功（status_code:200）
2025-10-11 09:51:57 | INFO | tb_tk_淘宝联盟_商品分析_202504.py:79 : ['林内热水器旗舰店', '林内官方旗舰店'],2025-10-10已入库
2025-10-11 09:51:57 | INFO | tb_tk_淘宝联盟_商品分析_202504.py:86 : ----------------------------------------------------------------------------------------------------
2025-10-11 09:51:57 | INFO | extra_reqlog.py:12 : 在<frame at 0x00000242D84511B0, file 'C:\\Users\\admin\\Desktop\\yiyuan_spider\\API\\API_TaoKe\\API_TaoKe_Good.py', line 120, code goods_task_status_list>发起了调用,请求成功（status_code:200）
2025-10-11 09:51:57 | INFO | API_TaoKe_Base.py:29 : {'2025-10-07 00:00:00~2025-10-07 23:59:59-商品分析': 674236672}
2025-10-11 09:51:57 | INFO | API_TaoKe_Good.py:78 : 
------------------------------------------------------------------------------------------------------------------------
在创建 2025-10-10 00:00:00~2025-10-10 23:59:59-超级U选/全部活动 报告
2025-10-11 09:51:58 | INFO | extra_reqlog.py:12 : 在<frame at 0x00000242D85ECE40, file 'C:\\Users\\admin\\Desktop\\yiyuan_spider\\API\\API_TaoKe\\API_TaoKe_Good.py', line 65, code tb_tk_goods_analysis>发起了调用,请求成功（status_code:200）
2025-10-11 09:51:58 | SUCCESS | API_TaoKe_Good.py:66 : 成功！！！超级U选/全部活动创建任务日期:2025-10-10
2025-10-11 09:51:58 | INFO | API_TaoKe_Good.py:89 : 任务已创建，674510708
2025-10-11 09:51:58 | INFO | API_TaoKe_Good.py:78 : 
------------------------------------------------------------------------------------------------------------------------
在创建 2025-10-09 00:00:00~2025-10-09 23:59:59-超级U选/全部活动 报告
2025-10-11 09:51:58 | INFO | extra_reqlog.py:12 : 在<frame at 0x00000242D85ECE40, file 'C:\\Users\\admin\\Desktop\\yiyuan_spider\\API\\API_TaoKe\\API_TaoKe_Good.py', line 65, code tb_tk_goods_analysis>发起了调用,请求成功（status_code:200）
2025-10-11 09:51:58 | SUCCESS | API_TaoKe_Good.py:66 : 成功！！！超级U选/全部活动创建任务日期:2025-10-09
2025-10-11 09:51:58 | INFO | API_TaoKe_Good.py:89 : 任务已创建，674510710
2025-10-11 09:51:58 | INFO | API_TaoKe_Good.py:78 : 
------------------------------------------------------------------------------------------------------------------------
在创建 2025-10-08 00:00:00~2025-10-08 23:59:59-超级U选/全部活动 报告
2025-10-11 09:51:58 | INFO | extra_reqlog.py:12 : 在<frame at 0x00000242D85ECE40, file 'C:\\Users\\admin\\Desktop\\yiyuan_spider\\API\\API_TaoKe\\API_TaoKe_Good.py', line 65, code tb_tk_goods_analysis>发起了调用,请求成功（status_code:200）
2025-10-11 09:51:58 | SUCCESS | API_TaoKe_Good.py:66 : 成功！！！超级U选/全部活动创建任务日期:2025-10-08
2025-10-11 09:51:58 | INFO | API_TaoKe_Good.py:89 : 任务已创建，674510711
2025-10-11 09:51:58 | INFO | tb_tk_淘宝联盟_商品分析_202504.py:63 : 
========================================================================================================================
正在采集林内热水器旗舰店，2025-10-09的数据
2025-10-11 09:51:58 | INFO | extra_reqlog.py:12 : 在<frame at 0x00000242D84511B0, file 'C:\\Users\\admin\\Desktop\\yiyuan_spider\\API\\API_TaoKe\\API_TaoKe_Good.py', line 120, code goods_task_status_list>发起了调用,请求成功（status_code:200）
2025-10-11 09:51:58 | INFO | API_TaoKe_Base.py:29 : {'2025-10-07 00:00:00~2025-10-07 23:59:59-商品分析': 674236672}
2025-10-11 09:51:58 | INFO | extra_reqlog.py:12 : 在<frame at 0x00000242D85ECE40, file 'C:\\Users\\admin\\Desktop\\yiyuan_spider\\API\\API_TaoKe\\API_TaoKe_Good.py', line 65, code tb_tk_goods_analysis>发起了调用,请求成功（status_code:200）
2025-10-11 09:51:58 | SUCCESS | API_TaoKe_Good.py:66 : 成功！！！超级U选/全部活动创建任务日期:2025-10-09
2025-10-11 09:51:58 | INFO | API_TaoKe_Good.py:143 : 任务已经存在
2025-10-11 09:51:58 | INFO | tb_tk_淘宝联盟_商品分析_202504.py:63 : 
========================================================================================================================
正在采集林内热水器旗舰店，2025-10-08的数据
2025-10-11 09:51:58 | INFO | extra_reqlog.py:12 : 在<frame at 0x00000242D84511B0, file 'C:\\Users\\admin\\Desktop\\yiyuan_spider\\API\\API_TaoKe\\API_TaoKe_Good.py', line 120, code goods_task_status_list>发起了调用,请求成功（status_code:200）
2025-10-11 09:51:58 | INFO | API_TaoKe_Base.py:29 : {'2025-10-07 00:00:00~2025-10-07 23:59:59-商品分析': 674236672}
2025-10-11 09:51:58 | INFO | extra_reqlog.py:12 : 在<frame at 0x00000242D85ECE40, file 'C:\\Users\\admin\\Desktop\\yiyuan_spider\\API\\API_TaoKe\\API_TaoKe_Good.py', line 65, code tb_tk_goods_analysis>发起了调用,请求成功（status_code:200）
2025-10-11 09:51:58 | SUCCESS | API_TaoKe_Good.py:66 : 成功！！！超级U选/全部活动创建任务日期:2025-10-08
2025-10-11 09:51:58 | INFO | API_TaoKe_Good.py:143 : 任务已经存在
2025-10-11 09:51:58 | INFO | tb_tk_淘宝联盟_商品分析_202504.py:63 : 
========================================================================================================================
正在采集林内热水器旗舰店，2025-10-10的数据
2025-10-11 09:51:59 | INFO | extra_reqlog.py:12 : 在<frame at 0x00000242D84511B0, file 'C:\\Users\\admin\\Desktop\\yiyuan_spider\\API\\API_TaoKe\\API_TaoKe_Good.py', line 120, code goods_task_status_list>发起了调用,请求成功（status_code:200）
2025-10-11 09:51:59 | INFO | API_TaoKe_Base.py:29 : {'2025-10-07 00:00:00~2025-10-07 23:59:59-商品分析': 674236672}
2025-10-11 09:51:59 | INFO | extra_reqlog.py:12 : 在<frame at 0x00000242D85ECE40, file 'C:\\Users\\admin\\Desktop\\yiyuan_spider\\API\\API_TaoKe\\API_TaoKe_Good.py', line 65, code tb_tk_goods_analysis>发起了调用,请求成功（status_code:200）
2025-10-11 09:51:59 | SUCCESS | API_TaoKe_Good.py:66 : 成功！！！超级U选/全部活动创建任务日期:2025-10-10
2025-10-11 09:51:59 | INFO | API_TaoKe_Good.py:143 : 任务已经存在
2025-10-11 09:52:08 | INFO | extra_reqlog.py:12 : 在<frame at 0x0000016B060E4040, file 'C:\\Users\\admin\\Desktop\\yiyuan_spider\\API\\API_TaoKe\\API_TaoKe_Cps.py', line 94, code cps_task_status_list>发起了调用,请求成功（status_code:200）
2025-10-11 09:52:08 | INFO | API_TaoKe_Base.py:29 : {'2025-09-30 00:00:00~2025-10-09 23:59:59-订单结算明细报表': 245239782, '2025-09-29 00:00:00~2025-10-08 23:59:59-订单结算明细报表': 244981876, '2025-09-27 00:00:00~2025-09-29 23:59:59-订单结算明细报表': 244262427, '2025-09-26 00:00:00~2025-09-28 23:59:59-订单结算明细报表': 244112064, '2025-09-25 00:00:00~2025-09-27 23:59:59-订单结算明细报表': 244019583, '2025-09-23 00:00:00~2025-09-25 23:59:59-订单结算明细报表': 243826791, '2025-09-22 00:00:00~2025-09-24 23:59:59-订单结算明细报表': 243718711, '2025-09-21 00:00:00~2025-09-23 23:59:59-订单结算明细报表': 243614377, '2025-09-20 00:00:00~2025-09-22 23:59:59-订单结算明细报表': 243519828}
2025-10-11 09:52:08 | INFO | tb_tk_淘宝联盟_数据分析_cps订单明细_订单结算明细报表_202505.py:48 : {}
2025-10-11 09:52:08 | INFO | tb_tk_淘宝联盟_数据分析_cps订单明细_订单结算明细报表_202505.py:50 : 
========================================================================================================================
开始采集林内热水器旗舰店，2025-10-01_2025-10-10的数据
2025-10-11 09:52:13 | INFO | extra_reqlog.py:12 : 在<frame at 0x0000016B060E4230, file 'C:\\Users\\admin\\Desktop\\yiyuan_spider\\API\\API_TaoKe\\API_TaoKe_Cps.py', line 121, code fetch_cps_file_link>发起了调用,请求成功（status_code:200）
2025-10-11 09:52:13 | INFO | API_TaoKe_Cps.py:123 : None
2025-10-11 09:52:13 | INFO | downloader.py:81 : None
2025-10-11 09:52:13 | ERROR | downloader.py:86 : 网络请求失败: Invalid URL 'None': No scheme supplied. Perhaps you meant https://None?
2025-10-11 09:52:13 | ERROR | downloader.py:139 : 网络请求失败: Invalid URL 'None': No scheme supplied. Perhaps you meant https://None?
2025-10-11 09:52:13 | ERROR | downloader.py:206 : 下载csv文件失败: Invalid URL 'None': No scheme supplied. Perhaps you meant https://None?
2025-10-11 09:52:29 | INFO | tb_tk_淘宝联盟_商品分析_202504.py:63 : 
========================================================================================================================
正在采集林内热水器旗舰店，2025-10-09的数据
2025-10-11 09:52:29 | INFO | extra_reqlog.py:12 : 在<frame at 0x00000242D84511B0, file 'C:\\Users\\admin\\Desktop\\yiyuan_spider\\API\\API_TaoKe\\API_TaoKe_Good.py', line 120, code goods_task_status_list>发起了调用,请求成功（status_code:200）
2025-10-11 09:52:29 | INFO | API_TaoKe_Base.py:29 : {'2025-10-08 00:00:00~2025-10-08 23:59:59-超级U选/全部活动-商品分析': 674510711, '2025-10-10 00:00:00~2025-10-10 23:59:59-超级U选/全部活动-商品分析': 674510708, '2025-10-09 00:00:00~2025-10-09 23:59:59-超级U选/全部活动-商品分析': 674510710, '2025-10-07 00:00:00~2025-10-07 23:59:59-商品分析': 674236672}
2025-10-11 09:52:29 | INFO | extra_reqlog.py:12 : 在<frame at 0x00000242D8610040, file 'C:\\Users\\admin\\Desktop\\yiyuan_spider\\API\\API_TaoKe\\API_TaoKe_Good.py', line 167, code fetch_goods_file_link>发起了调用,请求成功（status_code:200）
2025-10-11 09:52:29 | INFO | downloader.py:81 : https://union-file-center.oss-cn-zhangjiakou.aliyuncs.com/online_c127fee15b01d76b9b5aee9149e1b3cd?Expires=1760147646&OSSAccessKeyId=LTAI4FmnP9ZhkUeeAQpo4VPC&Signature=CmhqNeP9Nxsew3qaEJeCWjORt6A%3D&response-content-disposition=attachment%3B%20filename%3D2025-10-09%2000%253A00%253A00%257E2025-10-09%2023%253A59%253A59-%25E8%25B6%2585%25E7%25BA%25A7U%25E9%2580%2589%252F%25E5%2585%25A8%25E9%2583%25A8%25E6%25B4%25BB%25E5%258A%25A8-%25E5%2595%2586%25E5%2593%2581%25E5%2588%2586%25E6%259E%2590.csv&response-content-type=text%2Fplain%3B%20charset%3DUTF-8
2025-10-11 09:52:29 | INFO | extra_reqlog.py:12 : 在<frame at 0x00000242D85FCB80, file 'C:\\Users\\admin\\Desktop\\yiyuan_spider\\extra\\downloader.py', line 83, code _make_request_get>发起了调用,请求成功（status_code:200）
2025-10-11 09:52:29 | INFO | tb_tk_淘宝联盟_商品分析_202504.py:79 : ['林内热水器旗舰店', '林内官方旗舰店'],2025-10-09已入库
2025-10-11 09:52:29 | INFO | tb_tk_淘宝联盟_商品分析_202504.py:63 : 
========================================================================================================================
正在采集林内热水器旗舰店，2025-10-08的数据
2025-10-11 09:52:29 | INFO | extra_reqlog.py:12 : 在<frame at 0x00000242D84511B0, file 'C:\\Users\\admin\\Desktop\\yiyuan_spider\\API\\API_TaoKe\\API_TaoKe_Good.py', line 120, code goods_task_status_list>发起了调用,请求成功（status_code:200）
2025-10-11 09:52:29 | INFO | API_TaoKe_Base.py:29 : {'2025-10-08 00:00:00~2025-10-08 23:59:59-超级U选/全部活动-商品分析': 674510711, '2025-10-10 00:00:00~2025-10-10 23:59:59-超级U选/全部活动-商品分析': 674510708, '2025-10-09 00:00:00~2025-10-09 23:59:59-超级U选/全部活动-商品分析': 674510710, '2025-10-07 00:00:00~2025-10-07 23:59:59-商品分析': 674236672}
2025-10-11 09:52:29 | INFO | extra_reqlog.py:12 : 在<frame at 0x00000242D8610040, file 'C:\\Users\\admin\\Desktop\\yiyuan_spider\\API\\API_TaoKe\\API_TaoKe_Good.py', line 167, code fetch_goods_file_link>发起了调用,请求成功（status_code:200）
2025-10-11 09:52:29 | INFO | downloader.py:81 : https://union-file-center.oss-cn-zhangjiakou.aliyuncs.com/online_4d5620dce025b37a2630b201e3fee12b?Expires=1760147646&OSSAccessKeyId=LTAI4FmnP9ZhkUeeAQpo4VPC&Signature=AOnLZoty1gtjJBCyL7TS2zYIEs8%3D&response-content-disposition=attachment%3B%20filename%3D2025-10-08%2000%253A00%253A00%257E2025-10-08%2023%253A59%253A59-%25E8%25B6%2585%25E7%25BA%25A7U%25E9%2580%2589%252F%25E5%2585%25A8%25E9%2583%25A8%25E6%25B4%25BB%25E5%258A%25A8-%25E5%2595%2586%25E5%2593%2581%25E5%2588%2586%25E6%259E%2590.csv&response-content-type=text%2Fplain%3B%20charset%3DUTF-8
2025-10-11 09:52:30 | INFO | extra_reqlog.py:12 : 在<frame at 0x00000242D85FCB80, file 'C:\\Users\\admin\\Desktop\\yiyuan_spider\\extra\\downloader.py', line 83, code _make_request_get>发起了调用,请求成功（status_code:200）
2025-10-11 09:52:30 | INFO | tb_tk_淘宝联盟_商品分析_202504.py:79 : ['林内热水器旗舰店', '林内官方旗舰店'],2025-10-08已入库
2025-10-11 09:52:30 | INFO | tb_tk_淘宝联盟_商品分析_202504.py:63 : 
========================================================================================================================
正在采集林内热水器旗舰店，2025-10-10的数据
2025-10-11 09:52:30 | INFO | extra_reqlog.py:12 : 在<frame at 0x00000242D84511B0, file 'C:\\Users\\admin\\Desktop\\yiyuan_spider\\API\\API_TaoKe\\API_TaoKe_Good.py', line 120, code goods_task_status_list>发起了调用,请求成功（status_code:200）
2025-10-11 09:52:30 | INFO | API_TaoKe_Base.py:29 : {'2025-10-08 00:00:00~2025-10-08 23:59:59-超级U选/全部活动-商品分析': 674510711, '2025-10-10 00:00:00~2025-10-10 23:59:59-超级U选/全部活动-商品分析': 674510708, '2025-10-09 00:00:00~2025-10-09 23:59:59-超级U选/全部活动-商品分析': 674510710, '2025-10-07 00:00:00~2025-10-07 23:59:59-商品分析': 674236672}
2025-10-11 09:52:30 | INFO | extra_reqlog.py:12 : 在<frame at 0x00000242D8610040, file 'C:\\Users\\admin\\Desktop\\yiyuan_spider\\API\\API_TaoKe\\API_TaoKe_Good.py', line 167, code fetch_goods_file_link>发起了调用,请求成功（status_code:200）
2025-10-11 09:52:30 | INFO | downloader.py:81 : https://union-file-center.oss-cn-zhangjiakou.aliyuncs.com/online_2835fe8acabf6c778c8634ee6e2fb73a?Expires=1760147646&OSSAccessKeyId=LTAI4FmnP9ZhkUeeAQpo4VPC&Signature=rTPe5U1%2F%2FasdkmULZJtz7DMy%2Foo%3D&response-content-disposition=attachment%3B%20filename%3D2025-10-10%2000%253A00%253A00%257E2025-10-10%2023%253A59%253A59-%25E8%25B6%2585%25E7%25BA%25A7U%25E9%2580%2589%252F%25E5%2585%25A8%25E9%2583%25A8%25E6%25B4%25BB%25E5%258A%25A8-%25E5%2595%2586%25E5%2593%2581%25E5%2588%2586%25E6%259E%2590.csv&response-content-type=text%2Fplain%3B%20charset%3DUTF-8
2025-10-11 09:52:30 | INFO | extra_reqlog.py:12 : 在<frame at 0x00000242D85FCB80, file 'C:\\Users\\admin\\Desktop\\yiyuan_spider\\extra\\downloader.py', line 83, code _make_request_get>发起了调用,请求成功（status_code:200）
2025-10-11 09:52:30 | INFO | tb_tk_淘宝联盟_商品分析_202504.py:79 : ['林内热水器旗舰店', '林内官方旗舰店'],2025-10-10已入库
2025-10-11 09:52:30 | INFO | extra_reqlog.py:12 : 在<frame at 0x00000242D84511B0, file 'C:\\Users\\admin\\Desktop\\yiyuan_spider\\API\\API_TaoKe\\API_TaoKe_Good.py', line 120, code goods_task_status_list>发起了调用,请求成功（status_code:200）
2025-10-11 09:52:30 | INFO | API_TaoKe_Base.py:29 : {'2025-10-08 00:00:00~2025-10-08 23:59:59-超级U选/全部活动-商品分析': 674510711, '2025-10-10 00:00:00~2025-10-10 23:59:59-超级U选/全部活动-商品分析': 674510708, '2025-10-09 00:00:00~2025-10-09 23:59:59-超级U选/全部活动-商品分析': 674510710, '2025-10-07 00:00:00~2025-10-07 23:59:59-商品分析': 674236672}
2025-10-11 09:52:30 | INFO | API_TaoKe_Good.py:78 : 
------------------------------------------------------------------------------------------------------------------------
在创建 2025-10-10 00:00:00~2025-10-10 23:59:59-超级淘客/全部活动 报告
2025-10-11 09:52:30 | INFO | extra_reqlog.py:12 : 在<frame at 0x00000242D85ECE40, file 'C:\\Users\\admin\\Desktop\\yiyuan_spider\\API\\API_TaoKe\\API_TaoKe_Good.py', line 65, code tb_tk_goods_analysis>发起了调用,请求成功（status_code:200）
2025-10-11 09:52:30 | SUCCESS | API_TaoKe_Good.py:66 : 成功！！！超级淘客/全部活动创建任务日期:2025-10-10
2025-10-11 09:52:30 | INFO | API_TaoKe_Good.py:89 : 任务已创建，674511247
2025-10-11 09:52:30 | INFO | API_TaoKe_Good.py:78 : 
------------------------------------------------------------------------------------------------------------------------
在创建 2025-10-09 00:00:00~2025-10-09 23:59:59-超级淘客/全部活动 报告
2025-10-11 09:52:31 | INFO | extra_reqlog.py:12 : 在<frame at 0x00000242D85ECE40, file 'C:\\Users\\admin\\Desktop\\yiyuan_spider\\API\\API_TaoKe\\API_TaoKe_Good.py', line 65, code tb_tk_goods_analysis>发起了调用,请求成功（status_code:200）
2025-10-11 09:52:31 | SUCCESS | API_TaoKe_Good.py:66 : 成功！！！超级淘客/全部活动创建任务日期:2025-10-09
2025-10-11 09:52:31 | INFO | API_TaoKe_Good.py:89 : 任务已创建，674511248
2025-10-11 09:52:31 | INFO | API_TaoKe_Good.py:78 : 
------------------------------------------------------------------------------------------------------------------------
在创建 2025-10-08 00:00:00~2025-10-08 23:59:59-超级淘客/全部活动 报告
2025-10-11 09:52:31 | INFO | extra_reqlog.py:12 : 在<frame at 0x00000242D85ECE40, file 'C:\\Users\\admin\\Desktop\\yiyuan_spider\\API\\API_TaoKe\\API_TaoKe_Good.py', line 65, code tb_tk_goods_analysis>发起了调用,请求成功（status_code:200）
2025-10-11 09:52:31 | SUCCESS | API_TaoKe_Good.py:66 : 成功！！！超级淘客/全部活动创建任务日期:2025-10-08
2025-10-11 09:52:31 | INFO | API_TaoKe_Good.py:89 : 任务已创建，674511249
2025-10-11 09:52:31 | INFO | tb_tk_淘宝联盟_商品分析_202504.py:63 : 
========================================================================================================================
正在采集林内热水器旗舰店，2025-10-09的数据
2025-10-11 09:52:31 | INFO | extra_reqlog.py:12 : 在<frame at 0x00000242D84511B0, file 'C:\\Users\\admin\\Desktop\\yiyuan_spider\\API\\API_TaoKe\\API_TaoKe_Good.py', line 120, code goods_task_status_list>发起了调用,请求成功（status_code:200）
2025-10-11 09:52:31 | INFO | API_TaoKe_Base.py:29 : {'2025-10-08 00:00:00~2025-10-08 23:59:59-超级U选/全部活动-商品分析': 674510711, '2025-10-10 00:00:00~2025-10-10 23:59:59-超级U选/全部活动-商品分析': 674510708, '2025-10-09 00:00:00~2025-10-09 23:59:59-超级U选/全部活动-商品分析': 674510710, '2025-10-07 00:00:00~2025-10-07 23:59:59-商品分析': 674236672}
2025-10-11 09:52:31 | INFO | extra_reqlog.py:12 : 在<frame at 0x00000242D85ECE40, file 'C:\\Users\\admin\\Desktop\\yiyuan_spider\\API\\API_TaoKe\\API_TaoKe_Good.py', line 65, code tb_tk_goods_analysis>发起了调用,请求成功（status_code:200）
2025-10-11 09:52:31 | SUCCESS | API_TaoKe_Good.py:66 : 成功！！！超级淘客/全部活动创建任务日期:2025-10-09
2025-10-11 09:52:31 | INFO | API_TaoKe_Good.py:143 : 任务已经存在
2025-10-11 09:52:31 | INFO | tb_tk_淘宝联盟_商品分析_202504.py:63 : 
========================================================================================================================
正在采集林内热水器旗舰店，2025-10-08的数据
2025-10-11 09:52:31 | INFO | extra_reqlog.py:12 : 在<frame at 0x00000242D84511B0, file 'C:\\Users\\admin\\Desktop\\yiyuan_spider\\API\\API_TaoKe\\API_TaoKe_Good.py', line 120, code goods_task_status_list>发起了调用,请求成功（status_code:200）
2025-10-11 09:52:31 | INFO | API_TaoKe_Base.py:29 : {'2025-10-08 00:00:00~2025-10-08 23:59:59-超级U选/全部活动-商品分析': 674510711, '2025-10-10 00:00:00~2025-10-10 23:59:59-超级U选/全部活动-商品分析': 674510708, '2025-10-09 00:00:00~2025-10-09 23:59:59-超级U选/全部活动-商品分析': 674510710, '2025-10-07 00:00:00~2025-10-07 23:59:59-商品分析': 674236672}
2025-10-11 09:52:31 | INFO | extra_reqlog.py:12 : 在<frame at 0x00000242D85ECE40, file 'C:\\Users\\admin\\Desktop\\yiyuan_spider\\API\\API_TaoKe\\API_TaoKe_Good.py', line 65, code tb_tk_goods_analysis>发起了调用,请求成功（status_code:200）
2025-10-11 09:52:31 | SUCCESS | API_TaoKe_Good.py:66 : 成功！！！超级淘客/全部活动创建任务日期:2025-10-08
2025-10-11 09:52:31 | INFO | API_TaoKe_Good.py:143 : 任务已经存在
2025-10-11 09:52:31 | INFO | tb_tk_淘宝联盟_商品分析_202504.py:63 : 
========================================================================================================================
正在采集林内热水器旗舰店，2025-10-10的数据
2025-10-11 09:52:31 | INFO | extra_reqlog.py:12 : 在<frame at 0x00000242D84511B0, file 'C:\\Users\\admin\\Desktop\\yiyuan_spider\\API\\API_TaoKe\\API_TaoKe_Good.py', line 120, code goods_task_status_list>发起了调用,请求成功（status_code:200）
2025-10-11 09:52:31 | INFO | API_TaoKe_Base.py:29 : {'2025-10-08 00:00:00~2025-10-08 23:59:59-超级U选/全部活动-商品分析': 674510711, '2025-10-10 00:00:00~2025-10-10 23:59:59-超级U选/全部活动-商品分析': 674510708, '2025-10-09 00:00:00~2025-10-09 23:59:59-超级U选/全部活动-商品分析': 674510710, '2025-10-07 00:00:00~2025-10-07 23:59:59-商品分析': 674236672}
2025-10-11 09:52:31 | INFO | extra_reqlog.py:12 : 在<frame at 0x00000242D85ECE40, file 'C:\\Users\\admin\\Desktop\\yiyuan_spider\\API\\API_TaoKe\\API_TaoKe_Good.py', line 65, code tb_tk_goods_analysis>发起了调用,请求成功（status_code:200）
2025-10-11 09:52:31 | SUCCESS | API_TaoKe_Good.py:66 : 成功！！！超级淘客/全部活动创建任务日期:2025-10-10
2025-10-11 09:52:31 | INFO | API_TaoKe_Good.py:143 : 任务已经存在
2025-10-11 09:53:01 | INFO | tb_tk_淘宝联盟_商品分析_202504.py:63 : 
========================================================================================================================
正在采集林内热水器旗舰店，2025-10-09的数据
2025-10-11 09:53:02 | INFO | extra_reqlog.py:12 : 在<frame at 0x00000242D84511B0, file 'C:\\Users\\admin\\Desktop\\yiyuan_spider\\API\\API_TaoKe\\API_TaoKe_Good.py', line 120, code goods_task_status_list>发起了调用,请求成功（status_code:200）
2025-10-11 09:53:02 | INFO | API_TaoKe_Base.py:29 : {'2025-10-08 00:00:00~2025-10-08 23:59:59-超级淘客/全部活动-商品分析': 674511249, '2025-10-09 00:00:00~2025-10-09 23:59:59-超级淘客/全部活动-商品分析': 674511248, '2025-10-10 00:00:00~2025-10-10 23:59:59-超级淘客/全部活动-商品分析': 674511247, '2025-10-08 00:00:00~2025-10-08 23:59:59-超级U选/全部活动-商品分析': 674510711, '2025-10-10 00:00:00~2025-10-10 23:59:59-超级U选/全部活动-商品分析': 674510708, '2025-10-09 00:00:00~2025-10-09 23:59:59-超级U选/全部活动-商品分析': 674510710, '2025-10-07 00:00:00~2025-10-07 23:59:59-商品分析': 674236672}
2025-10-11 09:53:02 | INFO | extra_reqlog.py:12 : 在<frame at 0x00000242D8610040, file 'C:\\Users\\admin\\Desktop\\yiyuan_spider\\API\\API_TaoKe\\API_TaoKe_Good.py', line 167, code fetch_goods_file_link>发起了调用,请求成功（status_code:200）
2025-10-11 09:53:02 | INFO | downloader.py:81 : https://union-file-center.oss-cn-zhangjiakou.aliyuncs.com/online_72ad2a5d14ffd828cdbfc514f7941018?Expires=1760147678&OSSAccessKeyId=LTAI4FmnP9ZhkUeeAQpo4VPC&Signature=E%2FtJG0Lki111gvfiRB9taa1vaq8%3D&response-content-disposition=attachment%3B%20filename%3D2025-10-09%2000%253A00%253A00%257E2025-10-09%2023%253A59%253A59-%25E8%25B6%2585%25E7%25BA%25A7%25E6%25B7%2598%25E5%25AE%25A2%252F%25E5%2585%25A8%25E9%2583%25A8%25E6%25B4%25BB%25E5%258A%25A8-%25E5%2595%2586%25E5%2593%2581%25E5%2588%2586%25E6%259E%2590.csv&response-content-type=text%2Fplain%3B%20charset%3DUTF-8
2025-10-11 09:53:02 | INFO | extra_reqlog.py:12 : 在<frame at 0x00000242D85FCB80, file 'C:\\Users\\admin\\Desktop\\yiyuan_spider\\extra\\downloader.py', line 83, code _make_request_get>发起了调用,请求成功（status_code:200）
2025-10-11 09:53:02 | INFO | tb_tk_淘宝联盟_商品分析_202504.py:79 : ['林内热水器旗舰店', '林内官方旗舰店'],2025-10-09已入库
2025-10-11 09:53:02 | INFO | tb_tk_淘宝联盟_商品分析_202504.py:63 : 
========================================================================================================================
正在采集林内热水器旗舰店，2025-10-08的数据
2025-10-11 09:53:02 | INFO | extra_reqlog.py:12 : 在<frame at 0x00000242D84511B0, file 'C:\\Users\\admin\\Desktop\\yiyuan_spider\\API\\API_TaoKe\\API_TaoKe_Good.py', line 120, code goods_task_status_list>发起了调用,请求成功（status_code:200）
2025-10-11 09:53:02 | INFO | API_TaoKe_Base.py:29 : {'2025-10-08 00:00:00~2025-10-08 23:59:59-超级淘客/全部活动-商品分析': 674511249, '2025-10-09 00:00:00~2025-10-09 23:59:59-超级淘客/全部活动-商品分析': 674511248, '2025-10-10 00:00:00~2025-10-10 23:59:59-超级淘客/全部活动-商品分析': 674511247, '2025-10-08 00:00:00~2025-10-08 23:59:59-超级U选/全部活动-商品分析': 674510711, '2025-10-10 00:00:00~2025-10-10 23:59:59-超级U选/全部活动-商品分析': 674510708, '2025-10-09 00:00:00~2025-10-09 23:59:59-超级U选/全部活动-商品分析': 674510710, '2025-10-07 00:00:00~2025-10-07 23:59:59-商品分析': 674236672}
2025-10-11 09:53:02 | INFO | extra_reqlog.py:12 : 在<frame at 0x00000242D8610040, file 'C:\\Users\\admin\\Desktop\\yiyuan_spider\\API\\API_TaoKe\\API_TaoKe_Good.py', line 167, code fetch_goods_file_link>发起了调用,请求成功（status_code:200）
2025-10-11 09:53:02 | INFO | downloader.py:81 : https://union-file-center.oss-cn-zhangjiakou.aliyuncs.com/online_32c03fa80bee075d05e0b5b0936b0ef6?Expires=1760147679&OSSAccessKeyId=LTAI4FmnP9ZhkUeeAQpo4VPC&Signature=1Qc4mYJJoOXmcoWgGr5DmrNDbm4%3D&response-content-disposition=attachment%3B%20filename%3D2025-10-08%2000%253A00%253A00%257E2025-10-08%2023%253A59%253A59-%25E8%25B6%2585%25E7%25BA%25A7%25E6%25B7%2598%25E5%25AE%25A2%252F%25E5%2585%25A8%25E9%2583%25A8%25E6%25B4%25BB%25E5%258A%25A8-%25E5%2595%2586%25E5%2593%2581%25E5%2588%2586%25E6%259E%2590.csv&response-content-type=text%2Fplain%3B%20charset%3DUTF-8
2025-10-11 09:53:02 | INFO | extra_reqlog.py:12 : 在<frame at 0x00000242D85FCB80, file 'C:\\Users\\admin\\Desktop\\yiyuan_spider\\extra\\downloader.py', line 83, code _make_request_get>发起了调用,请求成功（status_code:200）
2025-10-11 09:53:02 | INFO | tb_tk_淘宝联盟_商品分析_202504.py:79 : ['林内热水器旗舰店', '林内官方旗舰店'],2025-10-08已入库
2025-10-11 09:53:02 | INFO | tb_tk_淘宝联盟_商品分析_202504.py:63 : 
========================================================================================================================
正在采集林内热水器旗舰店，2025-10-10的数据
2025-10-11 09:53:02 | INFO | extra_reqlog.py:12 : 在<frame at 0x00000242D84511B0, file 'C:\\Users\\admin\\Desktop\\yiyuan_spider\\API\\API_TaoKe\\API_TaoKe_Good.py', line 120, code goods_task_status_list>发起了调用,请求成功（status_code:200）
2025-10-11 09:53:02 | INFO | API_TaoKe_Base.py:29 : {'2025-10-08 00:00:00~2025-10-08 23:59:59-超级淘客/全部活动-商品分析': 674511249, '2025-10-09 00:00:00~2025-10-09 23:59:59-超级淘客/全部活动-商品分析': 674511248, '2025-10-10 00:00:00~2025-10-10 23:59:59-超级淘客/全部活动-商品分析': 674511247, '2025-10-08 00:00:00~2025-10-08 23:59:59-超级U选/全部活动-商品分析': 674510711, '2025-10-10 00:00:00~2025-10-10 23:59:59-超级U选/全部活动-商品分析': 674510708, '2025-10-09 00:00:00~2025-10-09 23:59:59-超级U选/全部活动-商品分析': 674510710, '2025-10-07 00:00:00~2025-10-07 23:59:59-商品分析': 674236672}
2025-10-11 09:53:03 | INFO | extra_reqlog.py:12 : 在<frame at 0x00000242D8610040, file 'C:\\Users\\admin\\Desktop\\yiyuan_spider\\API\\API_TaoKe\\API_TaoKe_Good.py', line 167, code fetch_goods_file_link>发起了调用,请求成功（status_code:200）
2025-10-11 09:53:03 | INFO | downloader.py:81 : https://union-file-center.oss-cn-zhangjiakou.aliyuncs.com/online_d535c0aa9283c01fce2793867e995eb0?Expires=1760147679&OSSAccessKeyId=LTAI4FmnP9ZhkUeeAQpo4VPC&Signature=OD2D4b5MFjPgS%2FT46ZtWYBTz5tI%3D&response-content-disposition=attachment%3B%20filename%3D2025-10-10%2000%253A00%253A00%257E2025-10-10%2023%253A59%253A59-%25E8%25B6%2585%25E7%25BA%25A7%25E6%25B7%2598%25E5%25AE%25A2%252F%25E5%2585%25A8%25E9%2583%25A8%25E6%25B4%25BB%25E5%258A%25A8-%25E5%2595%2586%25E5%2593%2581%25E5%2588%2586%25E6%259E%2590.csv&response-content-type=text%2Fplain%3B%20charset%3DUTF-8
2025-10-11 09:53:03 | INFO | extra_reqlog.py:12 : 在<frame at 0x00000242D85FCB80, file 'C:\\Users\\admin\\Desktop\\yiyuan_spider\\extra\\downloader.py', line 83, code _make_request_get>发起了调用,请求成功（status_code:200）
2025-10-11 09:53:03 | INFO | tb_tk_淘宝联盟_商品分析_202504.py:79 : ['林内热水器旗舰店', '林内官方旗舰店'],2025-10-10已入库
2025-10-11 09:53:03 | INFO | extra_reqlog.py:12 : 在<frame at 0x00000242D84511B0, file 'C:\\Users\\admin\\Desktop\\yiyuan_spider\\API\\API_TaoKe\\API_TaoKe_Good.py', line 120, code goods_task_status_list>发起了调用,请求成功（status_code:200）
2025-10-11 09:53:03 | INFO | API_TaoKe_Base.py:29 : {'2025-10-08 00:00:00~2025-10-08 23:59:59-超级淘客/全部活动-商品分析': 674511249, '2025-10-09 00:00:00~2025-10-09 23:59:59-超级淘客/全部活动-商品分析': 674511248, '2025-10-10 00:00:00~2025-10-10 23:59:59-超级淘客/全部活动-商品分析': 674511247, '2025-10-08 00:00:00~2025-10-08 23:59:59-超级U选/全部活动-商品分析': 674510711, '2025-10-10 00:00:00~2025-10-10 23:59:59-超级U选/全部活动-商品分析': 674510708, '2025-10-09 00:00:00~2025-10-09 23:59:59-超级U选/全部活动-商品分析': 674510710, '2025-10-07 00:00:00~2025-10-07 23:59:59-商品分析': 674236672}
2025-10-11 09:53:03 | INFO | API_TaoKe_Good.py:78 : 
------------------------------------------------------------------------------------------------------------------------
在创建 2025-10-10 00:00:00~2025-10-10 23:59:59-普通招商/全部活动 报告
2025-10-11 09:53:03 | INFO | extra_reqlog.py:12 : 在<frame at 0x00000242D85ECE40, file 'C:\\Users\\admin\\Desktop\\yiyuan_spider\\API\\API_TaoKe\\API_TaoKe_Good.py', line 65, code tb_tk_goods_analysis>发起了调用,请求成功（status_code:200）
2025-10-11 09:53:03 | SUCCESS | API_TaoKe_Good.py:66 : 成功！！！普通招商/全部活动创建任务日期:2025-10-10
2025-10-11 09:53:03 | INFO | API_TaoKe_Good.py:89 : 任务已创建，674511868
2025-10-11 09:53:03 | INFO | API_TaoKe_Good.py:78 : 
------------------------------------------------------------------------------------------------------------------------
在创建 2025-10-09 00:00:00~2025-10-09 23:59:59-普通招商/全部活动 报告
2025-10-11 09:53:03 | INFO | extra_reqlog.py:12 : 在<frame at 0x00000242D85ECE40, file 'C:\\Users\\admin\\Desktop\\yiyuan_spider\\API\\API_TaoKe\\API_TaoKe_Good.py', line 65, code tb_tk_goods_analysis>发起了调用,请求成功（status_code:200）
2025-10-11 09:53:03 | SUCCESS | API_TaoKe_Good.py:66 : 成功！！！普通招商/全部活动创建任务日期:2025-10-09
2025-10-11 09:53:03 | INFO | API_TaoKe_Good.py:89 : 任务已创建，674511869
2025-10-11 09:53:03 | INFO | API_TaoKe_Good.py:78 : 
------------------------------------------------------------------------------------------------------------------------
在创建 2025-10-08 00:00:00~2025-10-08 23:59:59-普通招商/全部活动 报告
2025-10-11 09:53:03 | INFO | extra_reqlog.py:12 : 在<frame at 0x00000242D85ECE40, file 'C:\\Users\\admin\\Desktop\\yiyuan_spider\\API\\API_TaoKe\\API_TaoKe_Good.py', line 65, code tb_tk_goods_analysis>发起了调用,请求成功（status_code:200）
2025-10-11 09:53:03 | SUCCESS | API_TaoKe_Good.py:66 : 成功！！！普通招商/全部活动创建任务日期:2025-10-08
2025-10-11 09:53:03 | INFO | API_TaoKe_Good.py:89 : 任务已创建，674511870
2025-10-11 09:53:03 | INFO | tb_tk_淘宝联盟_商品分析_202504.py:63 : 
========================================================================================================================
正在采集林内热水器旗舰店，2025-10-09的数据
2025-10-11 09:53:04 | INFO | extra_reqlog.py:12 : 在<frame at 0x00000242D84511B0, file 'C:\\Users\\admin\\Desktop\\yiyuan_spider\\API\\API_TaoKe\\API_TaoKe_Good.py', line 120, code goods_task_status_list>发起了调用,请求成功（status_code:200）
2025-10-11 09:53:04 | INFO | API_TaoKe_Base.py:29 : {'2025-10-08 00:00:00~2025-10-08 23:59:59-超级淘客/全部活动-商品分析': 674511249, '2025-10-09 00:00:00~2025-10-09 23:59:59-超级淘客/全部活动-商品分析': 674511248, '2025-10-10 00:00:00~2025-10-10 23:59:59-超级淘客/全部活动-商品分析': 674511247, '2025-10-08 00:00:00~2025-10-08 23:59:59-超级U选/全部活动-商品分析': 674510711, '2025-10-10 00:00:00~2025-10-10 23:59:59-超级U选/全部活动-商品分析': 674510708, '2025-10-09 00:00:00~2025-10-09 23:59:59-超级U选/全部活动-商品分析': 674510710, '2025-10-07 00:00:00~2025-10-07 23:59:59-商品分析': 674236672}
2025-10-11 09:53:04 | INFO | extra_reqlog.py:12 : 在<frame at 0x00000242D85ECE40, file 'C:\\Users\\admin\\Desktop\\yiyuan_spider\\API\\API_TaoKe\\API_TaoKe_Good.py', line 65, code tb_tk_goods_analysis>发起了调用,请求成功（status_code:200）
2025-10-11 09:53:04 | SUCCESS | API_TaoKe_Good.py:66 : 成功！！！普通招商/全部活动创建任务日期:2025-10-09
2025-10-11 09:53:04 | INFO | API_TaoKe_Good.py:143 : 任务已经存在
2025-10-11 09:53:04 | INFO | tb_tk_淘宝联盟_商品分析_202504.py:63 : 
========================================================================================================================
正在采集林内热水器旗舰店，2025-10-08的数据
2025-10-11 09:53:04 | INFO | extra_reqlog.py:12 : 在<frame at 0x00000242D84511B0, file 'C:\\Users\\admin\\Desktop\\yiyuan_spider\\API\\API_TaoKe\\API_TaoKe_Good.py', line 120, code goods_task_status_list>发起了调用,请求成功（status_code:200）
2025-10-11 09:53:04 | INFO | API_TaoKe_Base.py:29 : {'2025-10-08 00:00:00~2025-10-08 23:59:59-超级淘客/全部活动-商品分析': 674511249, '2025-10-09 00:00:00~2025-10-09 23:59:59-超级淘客/全部活动-商品分析': 674511248, '2025-10-10 00:00:00~2025-10-10 23:59:59-超级淘客/全部活动-商品分析': 674511247, '2025-10-08 00:00:00~2025-10-08 23:59:59-超级U选/全部活动-商品分析': 674510711, '2025-10-10 00:00:00~2025-10-10 23:59:59-超级U选/全部活动-商品分析': 674510708, '2025-10-09 00:00:00~2025-10-09 23:59:59-超级U选/全部活动-商品分析': 674510710, '2025-10-07 00:00:00~2025-10-07 23:59:59-商品分析': 674236672}
2025-10-11 09:53:04 | INFO | extra_reqlog.py:12 : 在<frame at 0x00000242D85ECE40, file 'C:\\Users\\admin\\Desktop\\yiyuan_spider\\API\\API_TaoKe\\API_TaoKe_Good.py', line 65, code tb_tk_goods_analysis>发起了调用,请求成功（status_code:200）
2025-10-11 09:53:04 | SUCCESS | API_TaoKe_Good.py:66 : 成功！！！普通招商/全部活动创建任务日期:2025-10-08
2025-10-11 09:53:04 | INFO | API_TaoKe_Good.py:143 : 任务已经存在
2025-10-11 09:53:04 | INFO | tb_tk_淘宝联盟_商品分析_202504.py:63 : 
========================================================================================================================
正在采集林内热水器旗舰店，2025-10-10的数据
2025-10-11 09:53:04 | INFO | extra_reqlog.py:12 : 在<frame at 0x00000242D84511B0, file 'C:\\Users\\admin\\Desktop\\yiyuan_spider\\API\\API_TaoKe\\API_TaoKe_Good.py', line 120, code goods_task_status_list>发起了调用,请求成功（status_code:200）
2025-10-11 09:53:04 | INFO | API_TaoKe_Base.py:29 : {'2025-10-08 00:00:00~2025-10-08 23:59:59-超级淘客/全部活动-商品分析': 674511249, '2025-10-09 00:00:00~2025-10-09 23:59:59-超级淘客/全部活动-商品分析': 674511248, '2025-10-10 00:00:00~2025-10-10 23:59:59-超级淘客/全部活动-商品分析': 674511247, '2025-10-08 00:00:00~2025-10-08 23:59:59-超级U选/全部活动-商品分析': 674510711, '2025-10-10 00:00:00~2025-10-10 23:59:59-超级U选/全部活动-商品分析': 674510708, '2025-10-09 00:00:00~2025-10-09 23:59:59-超级U选/全部活动-商品分析': 674510710, '2025-10-07 00:00:00~2025-10-07 23:59:59-商品分析': 674236672}
2025-10-11 09:53:04 | INFO | extra_reqlog.py:12 : 在<frame at 0x00000242D85ECE40, file 'C:\\Users\\admin\\Desktop\\yiyuan_spider\\API\\API_TaoKe\\API_TaoKe_Good.py', line 65, code tb_tk_goods_analysis>发起了调用,请求成功（status_code:200）
2025-10-11 09:53:04 | SUCCESS | API_TaoKe_Good.py:66 : 成功！！！普通招商/全部活动创建任务日期:2025-10-10
2025-10-11 09:53:04 | INFO | API_TaoKe_Good.py:143 : 任务已经存在
2025-10-11 09:53:34 | INFO | tb_tk_淘宝联盟_商品分析_202504.py:63 : 
========================================================================================================================
正在采集林内热水器旗舰店，2025-10-09的数据
2025-10-11 09:53:34 | INFO | extra_reqlog.py:12 : 在<frame at 0x00000242D84511B0, file 'C:\\Users\\admin\\Desktop\\yiyuan_spider\\API\\API_TaoKe\\API_TaoKe_Good.py', line 120, code goods_task_status_list>发起了调用,请求成功（status_code:200）
2025-10-11 09:53:34 | INFO | API_TaoKe_Base.py:29 : {'2025-10-08 00:00:00~2025-10-08 23:59:59-普通招商/全部活动-商品分析': 674511870, '2025-10-09 00:00:00~2025-10-09 23:59:59-普通招商/全部活动-商品分析': 674511869, '2025-10-10 00:00:00~2025-10-10 23:59:59-普通招商/全部活动-商品分析': 674511868, '2025-10-08 00:00:00~2025-10-08 23:59:59-超级淘客/全部活动-商品分析': 674511249, '2025-10-09 00:00:00~2025-10-09 23:59:59-超级淘客/全部活动-商品分析': 674511248, '2025-10-10 00:00:00~2025-10-10 23:59:59-超级淘客/全部活动-商品分析': 674511247, '2025-10-08 00:00:00~2025-10-08 23:59:59-超级U选/全部活动-商品分析': 674510711, '2025-10-10 00:00:00~2025-10-10 23:59:59-超级U选/全部活动-商品分析': 674510708, '2025-10-09 00:00:00~2025-10-09 23:59:59-超级U选/全部活动-商品分析': 674510710, '2025-10-07 00:00:00~2025-10-07 23:59:59-商品分析': 674236672}
2025-10-11 09:53:34 | INFO | extra_reqlog.py:12 : 在<frame at 0x00000242D8610040, file 'C:\\Users\\admin\\Desktop\\yiyuan_spider\\API\\API_TaoKe\\API_TaoKe_Good.py', line 167, code fetch_goods_file_link>发起了调用,请求成功（status_code:200）
2025-10-11 09:53:34 | INFO | downloader.py:81 : https://union-file-center.oss-cn-zhangjiakou.aliyuncs.com/online_dcdab2d0c923e0d5f1a584e911972b6d?Expires=1760147711&OSSAccessKeyId=LTAI4FmnP9ZhkUeeAQpo4VPC&Signature=4vfzB78W1xj9C4iRqKPYGvyGlqw%3D&response-content-disposition=attachment%3B%20filename%3D2025-10-09%2000%253A00%253A00%257E2025-10-09%2023%253A59%253A59-%25E6%2599%25AE%25E9%2580%259A%25E6%258B%259B%25E5%2595%2586%252F%25E5%2585%25A8%25E9%2583%25A8%25E6%25B4%25BB%25E5%258A%25A8-%25E5%2595%2586%25E5%2593%2581%25E5%2588%2586%25E6%259E%2590.csv&response-content-type=text%2Fplain%3B%20charset%3DUTF-8
2025-10-11 09:53:35 | INFO | extra_reqlog.py:12 : 在<frame at 0x00000242D85FCB80, file 'C:\\Users\\admin\\Desktop\\yiyuan_spider\\extra\\downloader.py', line 83, code _make_request_get>发起了调用,请求成功（status_code:200）
2025-10-11 09:53:35 | INFO | tb_tk_淘宝联盟_商品分析_202504.py:79 : ['林内热水器旗舰店', '林内官方旗舰店'],2025-10-09已入库
2025-10-11 09:53:35 | INFO | tb_tk_淘宝联盟_商品分析_202504.py:63 : 
========================================================================================================================
正在采集林内热水器旗舰店，2025-10-08的数据
2025-10-11 09:53:35 | INFO | extra_reqlog.py:12 : 在<frame at 0x00000242D84511B0, file 'C:\\Users\\admin\\Desktop\\yiyuan_spider\\API\\API_TaoKe\\API_TaoKe_Good.py', line 120, code goods_task_status_list>发起了调用,请求成功（status_code:200）
2025-10-11 09:53:35 | INFO | API_TaoKe_Base.py:29 : {'2025-10-08 00:00:00~2025-10-08 23:59:59-普通招商/全部活动-商品分析': 674511870, '2025-10-09 00:00:00~2025-10-09 23:59:59-普通招商/全部活动-商品分析': 674511869, '2025-10-10 00:00:00~2025-10-10 23:59:59-普通招商/全部活动-商品分析': 674511868, '2025-10-08 00:00:00~2025-10-08 23:59:59-超级淘客/全部活动-商品分析': 674511249, '2025-10-09 00:00:00~2025-10-09 23:59:59-超级淘客/全部活动-商品分析': 674511248, '2025-10-10 00:00:00~2025-10-10 23:59:59-超级淘客/全部活动-商品分析': 674511247, '2025-10-08 00:00:00~2025-10-08 23:59:59-超级U选/全部活动-商品分析': 674510711, '2025-10-10 00:00:00~2025-10-10 23:59:59-超级U选/全部活动-商品分析': 674510708, '2025-10-09 00:00:00~2025-10-09 23:59:59-超级U选/全部活动-商品分析': 674510710, '2025-10-07 00:00:00~2025-10-07 23:59:59-商品分析': 674236672}
2025-10-11 09:53:35 | INFO | extra_reqlog.py:12 : 在<frame at 0x00000242D8610040, file 'C:\\Users\\admin\\Desktop\\yiyuan_spider\\API\\API_TaoKe\\API_TaoKe_Good.py', line 167, code fetch_goods_file_link>发起了调用,请求成功（status_code:200）
2025-10-11 09:53:35 | INFO | downloader.py:81 : https://union-file-center.oss-cn-zhangjiakou.aliyuncs.com/online_9e0e37c701abe1c682629956d8625161?Expires=1760147711&OSSAccessKeyId=LTAI4FmnP9ZhkUeeAQpo4VPC&Signature=MUD2IW7DwTp48RGF77e9%2B2iT2oU%3D&response-content-disposition=attachment%3B%20filename%3D2025-10-08%2000%253A00%253A00%257E2025-10-08%2023%253A59%253A59-%25E6%2599%25AE%25E9%2580%259A%25E6%258B%259B%25E5%2595%2586%252F%25E5%2585%25A8%25E9%2583%25A8%25E6%25B4%25BB%25E5%258A%25A8-%25E5%2595%2586%25E5%2593%2581%25E5%2588%2586%25E6%259E%2590.csv&response-content-type=text%2Fplain%3B%20charset%3DUTF-8
2025-10-11 09:53:35 | INFO | extra_reqlog.py:12 : 在<frame at 0x00000242D85FCB80, file 'C:\\Users\\admin\\Desktop\\yiyuan_spider\\extra\\downloader.py', line 83, code _make_request_get>发起了调用,请求成功（status_code:200）
2025-10-11 09:53:35 | INFO | tb_tk_淘宝联盟_商品分析_202504.py:79 : ['林内热水器旗舰店', '林内官方旗舰店'],2025-10-08已入库
2025-10-11 09:53:35 | INFO | tb_tk_淘宝联盟_商品分析_202504.py:63 : 
========================================================================================================================
正在采集林内热水器旗舰店，2025-10-10的数据
2025-10-11 09:53:35 | INFO | extra_reqlog.py:12 : 在<frame at 0x00000242D84511B0, file 'C:\\Users\\admin\\Desktop\\yiyuan_spider\\API\\API_TaoKe\\API_TaoKe_Good.py', line 120, code goods_task_status_list>发起了调用,请求成功（status_code:200）
2025-10-11 09:53:35 | INFO | API_TaoKe_Base.py:29 : {'2025-10-08 00:00:00~2025-10-08 23:59:59-普通招商/全部活动-商品分析': 674511870, '2025-10-09 00:00:00~2025-10-09 23:59:59-普通招商/全部活动-商品分析': 674511869, '2025-10-10 00:00:00~2025-10-10 23:59:59-普通招商/全部活动-商品分析': 674511868, '2025-10-08 00:00:00~2025-10-08 23:59:59-超级淘客/全部活动-商品分析': 674511249, '2025-10-09 00:00:00~2025-10-09 23:59:59-超级淘客/全部活动-商品分析': 674511248, '2025-10-10 00:00:00~2025-10-10 23:59:59-超级淘客/全部活动-商品分析': 674511247, '2025-10-08 00:00:00~2025-10-08 23:59:59-超级U选/全部活动-商品分析': 674510711, '2025-10-10 00:00:00~2025-10-10 23:59:59-超级U选/全部活动-商品分析': 674510708, '2025-10-09 00:00:00~2025-10-09 23:59:59-超级U选/全部活动-商品分析': 674510710, '2025-10-07 00:00:00~2025-10-07 23:59:59-商品分析': 674236672}
2025-10-11 09:53:35 | INFO | extra_reqlog.py:12 : 在<frame at 0x00000242D8610040, file 'C:\\Users\\admin\\Desktop\\yiyuan_spider\\API\\API_TaoKe\\API_TaoKe_Good.py', line 167, code fetch_goods_file_link>发起了调用,请求成功（status_code:200）
2025-10-11 09:53:35 | INFO | downloader.py:81 : https://union-file-center.oss-cn-zhangjiakou.aliyuncs.com/online_4a821bfdafbbf212ec2a47560d5597a6?Expires=1760147712&OSSAccessKeyId=LTAI4FmnP9ZhkUeeAQpo4VPC&Signature=tiBJL65h2d30kK9UCowUp5%2Fmj6k%3D&response-content-disposition=attachment%3B%20filename%3D2025-10-10%2000%253A00%253A00%257E2025-10-10%2023%253A59%253A59-%25E6%2599%25AE%25E9%2580%259A%25E6%258B%259B%25E5%2595%2586%252F%25E5%2585%25A8%25E9%2583%25A8%25E6%25B4%25BB%25E5%258A%25A8-%25E5%2595%2586%25E5%2593%2581%25E5%2588%2586%25E6%259E%2590.csv&response-content-type=text%2Fplain%3B%20charset%3DUTF-8
2025-10-11 09:53:35 | INFO | extra_reqlog.py:12 : 在<frame at 0x00000242D85FCB80, file 'C:\\Users\\admin\\Desktop\\yiyuan_spider\\extra\\downloader.py', line 83, code _make_request_get>发起了调用,请求成功（status_code:200）
2025-10-11 09:53:36 | INFO | tb_tk_淘宝联盟_商品分析_202504.py:79 : ['林内热水器旗舰店', '林内官方旗舰店'],2025-10-10已入库
2025-10-11 09:53:36 | INFO | tb_tk_淘宝联盟_商品分析_202504.py:86 : ----------------------------------------------------------------------------------------------------
2025-10-11 09:53:36 | INFO | tb_tk_淘宝联盟_商品分析_202504.py:87 : 
************************************************************************************************************************
