2025-09-02 09:58:55 | INFO | data_collector.py:34 : 
************************************************************************************************************************
2025-09-02 09:58:55 | INFO | data_collector.py:35 : 开始采集：tb_tk_淘宝联盟_服务商合作_普通招商_我报名的活动_报名的商品_202509
2025-09-02 09:58:55 | INFO | data_collector.py:36 : 接收到的命令行参数: ['C:\\Users\\admin\\Desktop\\yiyuan_spider\\淘系_淘宝联盟\\tb_tk_淘宝联盟_服务商合作_普通招商_我报名的活动_报名的商品.py']
2025-09-02 09:58:55 | INFO | data_collector.py:67 : 采集日期列表['2025-09-01'],采集店铺['林内官方旗舰店']
2025-09-02 09:58:55 | INFO | tb_tk_淘宝联盟_服务商合作_普通招商_我报名的活动_报名的商品.py:66 : 正常采集第1页数据
2025-09-02 09:59:33 | INFO | data_collector.py:34 : 
************************************************************************************************************************
2025-09-02 09:59:33 | INFO | data_collector.py:35 : 开始采集：tb_tk_淘宝联盟_服务商合作_普通招商_我报名的活动_报名的商品_202509
2025-09-02 09:59:33 | INFO | data_collector.py:36 : 接收到的命令行参数: ['C:\\Users\\admin\\Desktop\\yiyuan_spider\\淘系_淘宝联盟\\tb_tk_淘宝联盟_服务商合作_普通招商_我报名的活动_报名的商品.py']
2025-09-02 09:59:33 | INFO | data_collector.py:67 : 采集日期列表['2025-09-01'],采集店铺['林内官方旗舰店']
2025-09-02 09:59:33 | INFO | tb_tk_淘宝联盟_服务商合作_普通招商_我报名的活动_报名的商品.py:66 : 正常采集第1页数据
2025-09-02 09:59:35 | INFO | extra_reqlog.py:12 : 在<frame at 0x000001D10BF02040, file 'C:\\Users\\admin\\Desktop\\yiyuan_spider\\TaoBaoLianMengApi\\TaoKeDataAnalysisApi.py', line 87, code tb_tk_my_enrolled_products>发起了调用,请求成功（status_code:200）
2025-09-02 09:59:35 | SUCCESS | TaoKeDataAnalysisApi.py:88 : 第1获取成功！！！
2025-09-02 09:59:35 | INFO | tb_tk_淘宝联盟_服务商合作_普通招商_我报名的活动_报名的商品.py:66 : 正常采集第2页数据
2025-09-02 09:59:35 | INFO | extra_reqlog.py:12 : 在<frame at 0x000001D10BF02040, file 'C:\\Users\\admin\\Desktop\\yiyuan_spider\\TaoBaoLianMengApi\\TaoKeDataAnalysisApi.py', line 87, code tb_tk_my_enrolled_products>发起了调用,请求成功（status_code:200）
2025-09-02 09:59:35 | SUCCESS | TaoKeDataAnalysisApi.py:88 : 第2获取成功！！！
2025-09-02 09:59:35 | INFO | tb_tk_淘宝联盟_服务商合作_普通招商_我报名的活动_报名的商品.py:66 : 正常采集第3页数据
2025-09-02 09:59:37 | INFO | extra_reqlog.py:12 : 在<frame at 0x000001D10BF02040, file 'C:\\Users\\admin\\Desktop\\yiyuan_spider\\TaoBaoLianMengApi\\TaoKeDataAnalysisApi.py', line 87, code tb_tk_my_enrolled_products>发起了调用,请求成功（status_code:200）
2025-09-02 09:59:37 | SUCCESS | TaoKeDataAnalysisApi.py:88 : 第3获取成功！！！
2025-09-02 09:59:37 | INFO | tb_tk_淘宝联盟_服务商合作_普通招商_我报名的活动_报名的商品.py:82 : ----------------------------------------------------------------------------------------------------
2025-09-02 09:59:37 | INFO | tb_tk_淘宝联盟_服务商合作_普通招商_我报名的活动_报名的商品.py:83 : 
************************************************************************************************************************
2025-09-02 10:15:21 | INFO | data_collector.py:34 : 
************************************************************************************************************************
2025-09-02 10:15:21 | INFO | data_collector.py:35 : 开始采集：tb_tk_淘宝联盟_服务商合作_普通招商_我报名的活动_报名的商品_202509
2025-09-02 10:15:21 | INFO | data_collector.py:36 : 接收到的命令行参数: ['C:\\Users\\admin\\Desktop\\yiyuan_spider\\淘系_淘宝联盟\\tb_tk_淘宝联盟_服务商合作_普通招商_我报名的活动_报名的商品.py']
2025-09-02 10:15:21 | INFO | data_collector.py:67 : 采集日期列表['2025-09-01'],采集店铺['林内官方旗舰店']
2025-09-02 10:15:21 | INFO | tb_tk_淘宝联盟_服务商合作_普通招商_我报名的活动_报名的商品.py:77 : 正常采集第1页数据
2025-09-02 10:15:22 | INFO | extra_reqlog.py:12 : 在<frame at 0x000001F31A6FE440, file 'C:\\Users\\admin\\Desktop\\yiyuan_spider\\TaoBaoLianMengApi\\TaoKeDataAnalysisApi.py', line 87, code tb_tk_my_enrolled_products>发起了调用,请求成功（status_code:200）
2025-09-02 10:15:22 | SUCCESS | TaoKeDataAnalysisApi.py:88 : 第1获取成功！！！
2025-09-02 10:15:22 | INFO | tb_tk_淘宝联盟_服务商合作_普通招商_我报名的活动_报名的商品.py:94 : ----------------------------------------------------------------------------------------------------
2025-09-02 10:15:22 | INFO | tb_tk_淘宝联盟_服务商合作_普通招商_我报名的活动_报名的商品.py:95 : 
************************************************************************************************************************
2025-09-02 10:16:58 | INFO | data_collector.py:34 : 
************************************************************************************************************************
2025-09-02 10:16:58 | INFO | data_collector.py:35 : 开始采集：tb_tk_淘宝联盟_服务商合作_普通招商_我报名的活动_报名的商品_202509
2025-09-02 10:16:58 | INFO | data_collector.py:36 : 接收到的命令行参数: ['C:\\Users\\admin\\Desktop\\yiyuan_spider\\淘系_淘宝联盟\\tb_tk_淘宝联盟_服务商合作_普通招商_我报名的活动_报名的商品.py']
2025-09-02 10:16:58 | INFO | data_collector.py:67 : 采集日期列表['2025-09-01'],采集店铺['林内官方旗舰店']
2025-09-02 10:16:58 | INFO | tb_tk_淘宝联盟_服务商合作_普通招商_我报名的活动_报名的商品.py:77 : 正常采集第1页数据
2025-09-02 10:17:00 | INFO | extra_reqlog.py:12 : 在<frame at 0x000001175B89E440, file 'C:\\Users\\admin\\Desktop\\yiyuan_spider\\TaoBaoLianMengApi\\TaoKeDataAnalysisApi.py', line 87, code tb_tk_my_enrolled_products>发起了调用,请求成功（status_code:200）
2025-09-02 10:17:00 | SUCCESS | TaoKeDataAnalysisApi.py:88 : 第1获取成功！！！
2025-09-02 10:17:00 | INFO | database_manager.py:95 : 【tb_tk_淘宝联盟_服务商合作_普通招商_我报名的活动_报名的商品_202509】不存在,为您重新创建: (1146, "Table 'yiyuan_test.tb_tk_淘宝联盟_服务商合作_普通招商_我报名的活动_报名的商品_202509' doesn't exist")
2025-09-02 10:17:00 | INFO | database_manager.py:159 : 表 `tb_tk_淘宝联盟_服务商合作_普通招商_我报名的活动_报名的商品_202509` 创建成功
2025-09-02 10:17:00 | INFO | tb_tk_淘宝联盟_服务商合作_普通招商_我报名的活动_报名的商品.py:93 : ----------------------------------------------------------------------------------------------------
2025-09-02 10:17:00 | INFO | tb_tk_淘宝联盟_服务商合作_普通招商_我报名的活动_报名的商品.py:94 : 
************************************************************************************************************************
2025-09-02 10:33:02 | INFO | data_collector.py:34 : 
************************************************************************************************************************
2025-09-02 10:33:02 | INFO | data_collector.py:35 : 开始采集：tb_tk_淘宝联盟_服务商合作_普通招商_我报名的活动_报名的商品_202509
2025-09-02 10:33:02 | INFO | data_collector.py:36 : 接收到的命令行参数: ['C:\\Users\\admin\\Desktop\\yiyuan_spider\\淘系_淘宝联盟\\tb_tk_淘宝联盟_服务商合作_普通招商_我报名的活动_报名的商品.py']
2025-09-02 10:33:02 | INFO | data_collector.py:67 : 采集日期列表['2025-09-01'],采集店铺['林内官方旗舰店']
2025-09-02 10:33:02 | INFO | tb_tk_淘宝联盟_服务商合作_普通招商_我报名的活动_报名的商品.py:84 : 正常采集第1页数据
2025-09-02 10:33:04 | INFO | extra_reqlog.py:12 : 在<frame at 0x000001E0800E2440, file 'C:\\Users\\admin\\Desktop\\yiyuan_spider\\TaoBaoLianMengApi\\TaoKeDataAnalysisApi.py', line 87, code tb_tk_my_enrolled_products>发起了调用,请求成功（status_code:200）
2025-09-02 10:33:04 | SUCCESS | TaoKeDataAnalysisApi.py:88 : 第1获取成功！！！
2025-09-02 10:33:04 | INFO | database_manager.py:95 : 【tb_tk_淘宝联盟_服务商合作_普通招商_我报名的活动_报名的商品_202509】不存在,为您重新创建: (1146, "Table 'yiyuan_test.tb_tk_淘宝联盟_服务商合作_普通招商_我报名的活动_报名的商品_202509' doesn't exist")
2025-09-02 10:33:04 | INFO | database_manager.py:159 : 表 `tb_tk_淘宝联盟_服务商合作_普通招商_我报名的活动_报名的商品_202509` 创建成功
2025-09-02 10:33:04 | INFO | tb_tk_淘宝联盟_服务商合作_普通招商_我报名的活动_报名的商品.py:99 : ----------------------------------------------------------------------------------------------------
2025-09-02 10:33:04 | INFO | tb_tk_淘宝联盟_服务商合作_普通招商_我报名的活动_报名的商品.py:100 : 
************************************************************************************************************************
2025-09-02 10:38:08 | INFO | data_collector.py:34 : 
************************************************************************************************************************
2025-09-02 10:38:08 | INFO | data_collector.py:35 : 开始采集：tb_tk_淘宝联盟_服务商合作_普通招商_我报名的活动_报名的商品_202509
2025-09-02 10:38:08 | INFO | data_collector.py:36 : 接收到的命令行参数: ['C:\\Users\\admin\\Desktop\\yiyuan_spider\\淘系_淘宝联盟\\tb_tk_淘宝联盟_服务商合作_普通招商_我报名的活动_报名的商品.py']
2025-09-02 10:38:08 | INFO | data_collector.py:67 : 采集日期列表['2025-09-01'],采集店铺['林内官方旗舰店']
2025-09-02 10:38:08 | INFO | tb_tk_淘宝联盟_服务商合作_普通招商_我报名的活动_报名的商品.py:84 : 正常采集第1页数据
2025-09-02 10:38:10 | INFO | extra_reqlog.py:12 : 在<frame at 0x000002277F47A640, file 'C:\\Users\\admin\\Desktop\\yiyuan_spider\\TaoBaoLianMengApi\\TaoKeDataAnalysisApi.py', line 87, code tb_tk_my_enrolled_products>发起了调用,请求成功（status_code:200）
2025-09-02 10:38:10 | SUCCESS | TaoKeDataAnalysisApi.py:88 : 第1获取成功！！！
2025-09-02 10:38:10 | INFO | database_manager.py:95 : 【tb_tk_淘宝联盟_服务商合作_普通招商_我报名的活动_报名的商品_202509】不存在,为您重新创建: (1146, "Table 'yiyuan_test.tb_tk_淘宝联盟_服务商合作_普通招商_我报名的活动_报名的商品_202509' doesn't exist")
2025-09-02 10:38:10 | INFO | database_manager.py:159 : 表 `tb_tk_淘宝联盟_服务商合作_普通招商_我报名的活动_报名的商品_202509` 创建成功
2025-09-02 10:38:10 | INFO | tb_tk_淘宝联盟_服务商合作_普通招商_我报名的活动_报名的商品.py:84 : 正常采集第2页数据
2025-09-02 10:38:12 | INFO | extra_reqlog.py:12 : 在<frame at 0x000002277F47A640, file 'C:\\Users\\admin\\Desktop\\yiyuan_spider\\TaoBaoLianMengApi\\TaoKeDataAnalysisApi.py', line 87, code tb_tk_my_enrolled_products>发起了调用,请求成功（status_code:200）
2025-09-02 10:38:12 | SUCCESS | TaoKeDataAnalysisApi.py:88 : 第2获取成功！！！
2025-09-02 10:38:12 | INFO | tb_tk_淘宝联盟_服务商合作_普通招商_我报名的活动_报名的商品.py:84 : 正常采集第3页数据
2025-09-02 10:38:13 | INFO | extra_reqlog.py:12 : 在<frame at 0x000002277F47A640, file 'C:\\Users\\admin\\Desktop\\yiyuan_spider\\TaoBaoLianMengApi\\TaoKeDataAnalysisApi.py', line 87, code tb_tk_my_enrolled_products>发起了调用,请求成功（status_code:200）
2025-09-02 10:38:13 | SUCCESS | TaoKeDataAnalysisApi.py:88 : 第3获取成功！！！
2025-09-02 10:38:13 | INFO | tb_tk_淘宝联盟_服务商合作_普通招商_我报名的活动_报名的商品.py:84 : 正常采集第4页数据
2025-09-02 10:38:14 | INFO | extra_reqlog.py:12 : 在<frame at 0x000002277F47A640, file 'C:\\Users\\admin\\Desktop\\yiyuan_spider\\TaoBaoLianMengApi\\TaoKeDataAnalysisApi.py', line 87, code tb_tk_my_enrolled_products>发起了调用,请求成功（status_code:200）
2025-09-02 10:38:14 | SUCCESS | TaoKeDataAnalysisApi.py:88 : 第4获取成功！！！
2025-09-02 10:38:14 | INFO | tb_tk_淘宝联盟_服务商合作_普通招商_我报名的活动_报名的商品.py:84 : 正常采集第5页数据
2025-09-02 10:38:16 | INFO | extra_reqlog.py:12 : 在<frame at 0x000002277F47A640, file 'C:\\Users\\admin\\Desktop\\yiyuan_spider\\TaoBaoLianMengApi\\TaoKeDataAnalysisApi.py', line 87, code tb_tk_my_enrolled_products>发起了调用,请求成功（status_code:200）
2025-09-02 10:38:16 | SUCCESS | TaoKeDataAnalysisApi.py:88 : 第5获取成功！！！
2025-09-02 10:38:16 | INFO | tb_tk_淘宝联盟_服务商合作_普通招商_我报名的活动_报名的商品.py:84 : 正常采集第6页数据
2025-09-02 10:38:17 | INFO | extra_reqlog.py:12 : 在<frame at 0x000002277F47A640, file 'C:\\Users\\admin\\Desktop\\yiyuan_spider\\TaoBaoLianMengApi\\TaoKeDataAnalysisApi.py', line 87, code tb_tk_my_enrolled_products>发起了调用,请求成功（status_code:200）
2025-09-02 10:38:17 | SUCCESS | TaoKeDataAnalysisApi.py:88 : 第6获取成功！！！
2025-09-02 10:38:18 | INFO | tb_tk_淘宝联盟_服务商合作_普通招商_我报名的活动_报名的商品.py:84 : 正常采集第7页数据
2025-09-02 10:38:19 | INFO | extra_reqlog.py:12 : 在<frame at 0x000002277F47A640, file 'C:\\Users\\admin\\Desktop\\yiyuan_spider\\TaoBaoLianMengApi\\TaoKeDataAnalysisApi.py', line 87, code tb_tk_my_enrolled_products>发起了调用,请求成功（status_code:200）
2025-09-02 10:38:19 | SUCCESS | TaoKeDataAnalysisApi.py:88 : 第7获取成功！！！
2025-09-02 10:38:19 | INFO | tb_tk_淘宝联盟_服务商合作_普通招商_我报名的活动_报名的商品.py:84 : 正常采集第8页数据
2025-09-02 10:38:21 | INFO | extra_reqlog.py:12 : 在<frame at 0x000002277F47A640, file 'C:\\Users\\admin\\Desktop\\yiyuan_spider\\TaoBaoLianMengApi\\TaoKeDataAnalysisApi.py', line 87, code tb_tk_my_enrolled_products>发起了调用,请求成功（status_code:200）
2025-09-02 10:38:21 | SUCCESS | TaoKeDataAnalysisApi.py:88 : 第8获取成功！！！
2025-09-02 10:38:21 | INFO | tb_tk_淘宝联盟_服务商合作_普通招商_我报名的活动_报名的商品.py:84 : 正常采集第9页数据
2025-09-02 10:38:22 | INFO | extra_reqlog.py:12 : 在<frame at 0x000002277F47A640, file 'C:\\Users\\admin\\Desktop\\yiyuan_spider\\TaoBaoLianMengApi\\TaoKeDataAnalysisApi.py', line 87, code tb_tk_my_enrolled_products>发起了调用,请求成功（status_code:200）
2025-09-02 10:38:22 | SUCCESS | TaoKeDataAnalysisApi.py:88 : 第9获取成功！！！
2025-09-02 10:38:23 | INFO | tb_tk_淘宝联盟_服务商合作_普通招商_我报名的活动_报名的商品.py:84 : 正常采集第10页数据
2025-09-02 10:38:24 | INFO | extra_reqlog.py:12 : 在<frame at 0x000002277F47A640, file 'C:\\Users\\admin\\Desktop\\yiyuan_spider\\TaoBaoLianMengApi\\TaoKeDataAnalysisApi.py', line 87, code tb_tk_my_enrolled_products>发起了调用,请求成功（status_code:200）
2025-09-02 10:38:24 | SUCCESS | TaoKeDataAnalysisApi.py:88 : 第10获取成功！！！
2025-09-02 10:38:24 | INFO | tb_tk_淘宝联盟_服务商合作_普通招商_我报名的活动_报名的商品.py:84 : 正常采集第11页数据
2025-09-02 10:38:25 | INFO | extra_reqlog.py:12 : 在<frame at 0x000002277F47A640, file 'C:\\Users\\admin\\Desktop\\yiyuan_spider\\TaoBaoLianMengApi\\TaoKeDataAnalysisApi.py', line 87, code tb_tk_my_enrolled_products>发起了调用,请求成功（status_code:200）
2025-09-02 10:38:25 | SUCCESS | TaoKeDataAnalysisApi.py:88 : 第11获取成功！！！
2025-09-02 10:38:26 | INFO | tb_tk_淘宝联盟_服务商合作_普通招商_我报名的活动_报名的商品.py:84 : 正常采集第12页数据
2025-09-02 10:38:27 | INFO | extra_reqlog.py:12 : 在<frame at 0x000002277F47A640, file 'C:\\Users\\admin\\Desktop\\yiyuan_spider\\TaoBaoLianMengApi\\TaoKeDataAnalysisApi.py', line 87, code tb_tk_my_enrolled_products>发起了调用,请求成功（status_code:200）
2025-09-02 10:38:27 | SUCCESS | TaoKeDataAnalysisApi.py:88 : 第12获取成功！！！
2025-09-02 10:38:27 | INFO | tb_tk_淘宝联盟_服务商合作_普通招商_我报名的活动_报名的商品.py:84 : 正常采集第13页数据
2025-09-02 10:38:28 | INFO | extra_reqlog.py:12 : 在<frame at 0x000002277F47A640, file 'C:\\Users\\admin\\Desktop\\yiyuan_spider\\TaoBaoLianMengApi\\TaoKeDataAnalysisApi.py', line 87, code tb_tk_my_enrolled_products>发起了调用,请求成功（status_code:200）
2025-09-02 10:38:28 | SUCCESS | TaoKeDataAnalysisApi.py:88 : 第13获取成功！！！
2025-09-02 10:38:28 | INFO | tb_tk_淘宝联盟_服务商合作_普通招商_我报名的活动_报名的商品.py:84 : 正常采集第14页数据
2025-09-02 10:38:29 | INFO | extra_reqlog.py:12 : 在<frame at 0x000002277F47A640, file 'C:\\Users\\admin\\Desktop\\yiyuan_spider\\TaoBaoLianMengApi\\TaoKeDataAnalysisApi.py', line 87, code tb_tk_my_enrolled_products>发起了调用,请求成功（status_code:200）
2025-09-02 10:38:29 | SUCCESS | TaoKeDataAnalysisApi.py:88 : 第14获取成功！！！
2025-09-02 10:38:29 | INFO | tb_tk_淘宝联盟_服务商合作_普通招商_我报名的活动_报名的商品.py:99 : ----------------------------------------------------------------------------------------------------
2025-09-02 10:38:29 | INFO | tb_tk_淘宝联盟_服务商合作_普通招商_我报名的活动_报名的商品.py:100 : 
************************************************************************************************************************
2025-09-02 10:44:03 | INFO | data_collector.py:34 : 
************************************************************************************************************************
2025-09-02 10:44:03 | INFO | data_collector.py:35 : 开始采集：tb_tk_淘宝联盟_服务商合作_普通招商_我报名的活动_报名的商品_202509
2025-09-02 10:44:03 | INFO | data_collector.py:36 : 接收到的命令行参数: ['C:\\Users\\admin\\Desktop\\yiyuan_spider\\淘系_淘宝联盟\\tb_tk_淘宝联盟_服务商合作_普通招商_我报名的活动_报名的商品.py']
2025-09-02 10:44:03 | INFO | data_collector.py:67 : 采集日期列表['2025-09-01'],采集店铺['林内官方旗舰店']
2025-09-02 10:44:03 | INFO | tb_tk_淘宝联盟_服务商合作_普通招商_我报名的活动_报名的商品.py:84 : 正常采集第1页数据
2025-09-02 10:44:05 | INFO | extra_reqlog.py:12 : 在<frame at 0x00000266567A2440, file 'C:\\Users\\admin\\Desktop\\yiyuan_spider\\TaoBaoLianMengApi\\TaoKeDataAnalysisApi.py', line 87, code tb_tk_my_enrolled_products>发起了调用,请求成功（status_code:200）
2025-09-02 10:44:05 | SUCCESS | TaoKeDataAnalysisApi.py:88 : 第1获取成功！！！
2025-09-02 10:44:05 | INFO | database_manager.py:95 : 【tb_tk_淘宝联盟_服务商合作_普通招商_我报名的活动_报名的商品_202509】不存在,为您重新创建: (1146, "Table 'yiyuan_test.tb_tk_淘宝联盟_服务商合作_普通招商_我报名的活动_报名的商品_202509' doesn't exist")
2025-09-02 10:44:05 | INFO | database_manager.py:159 : 表 `tb_tk_淘宝联盟_服务商合作_普通招商_我报名的活动_报名的商品_202509` 创建成功
2025-09-02 10:44:05 | INFO | tb_tk_淘宝联盟_服务商合作_普通招商_我报名的活动_报名的商品.py:84 : 正常采集第2页数据
2025-09-02 10:44:07 | INFO | extra_reqlog.py:12 : 在<frame at 0x00000266567A2440, file 'C:\\Users\\admin\\Desktop\\yiyuan_spider\\TaoBaoLianMengApi\\TaoKeDataAnalysisApi.py', line 87, code tb_tk_my_enrolled_products>发起了调用,请求成功（status_code:200）
2025-09-02 10:44:07 | SUCCESS | TaoKeDataAnalysisApi.py:88 : 第2获取成功！！！
2025-09-02 10:44:07 | INFO | tb_tk_淘宝联盟_服务商合作_普通招商_我报名的活动_报名的商品.py:84 : 正常采集第3页数据
2025-09-02 10:44:09 | INFO | extra_reqlog.py:12 : 在<frame at 0x00000266567A2440, file 'C:\\Users\\admin\\Desktop\\yiyuan_spider\\TaoBaoLianMengApi\\TaoKeDataAnalysisApi.py', line 87, code tb_tk_my_enrolled_products>发起了调用,请求成功（status_code:200）
2025-09-02 10:44:09 | SUCCESS | TaoKeDataAnalysisApi.py:88 : 第3获取成功！！！
2025-09-02 10:44:09 | INFO | tb_tk_淘宝联盟_服务商合作_普通招商_我报名的活动_报名的商品.py:84 : 正常采集第4页数据
2025-09-02 10:44:10 | INFO | extra_reqlog.py:12 : 在<frame at 0x00000266567A2440, file 'C:\\Users\\admin\\Desktop\\yiyuan_spider\\TaoBaoLianMengApi\\TaoKeDataAnalysisApi.py', line 87, code tb_tk_my_enrolled_products>发起了调用,请求成功（status_code:200）
2025-09-02 10:44:10 | SUCCESS | TaoKeDataAnalysisApi.py:88 : 第4获取成功！！！
2025-09-02 10:44:10 | INFO | tb_tk_淘宝联盟_服务商合作_普通招商_我报名的活动_报名的商品.py:84 : 正常采集第5页数据
2025-09-02 10:44:11 | INFO | extra_reqlog.py:12 : 在<frame at 0x00000266567A2440, file 'C:\\Users\\admin\\Desktop\\yiyuan_spider\\TaoBaoLianMengApi\\TaoKeDataAnalysisApi.py', line 87, code tb_tk_my_enrolled_products>发起了调用,请求成功（status_code:200）
2025-09-02 10:44:11 | SUCCESS | TaoKeDataAnalysisApi.py:88 : 第5获取成功！！！
2025-09-02 10:44:11 | INFO | tb_tk_淘宝联盟_服务商合作_普通招商_我报名的活动_报名的商品.py:84 : 正常采集第6页数据
2025-09-02 10:44:13 | INFO | extra_reqlog.py:12 : 在<frame at 0x00000266567A2440, file 'C:\\Users\\admin\\Desktop\\yiyuan_spider\\TaoBaoLianMengApi\\TaoKeDataAnalysisApi.py', line 87, code tb_tk_my_enrolled_products>发起了调用,请求成功（status_code:200）
2025-09-02 10:44:13 | SUCCESS | TaoKeDataAnalysisApi.py:88 : 第6获取成功！！！
2025-09-02 10:44:13 | INFO | tb_tk_淘宝联盟_服务商合作_普通招商_我报名的活动_报名的商品.py:84 : 正常采集第7页数据
2025-09-02 10:44:14 | INFO | extra_reqlog.py:12 : 在<frame at 0x00000266567A2440, file 'C:\\Users\\admin\\Desktop\\yiyuan_spider\\TaoBaoLianMengApi\\TaoKeDataAnalysisApi.py', line 87, code tb_tk_my_enrolled_products>发起了调用,请求成功（status_code:200）
2025-09-02 10:44:14 | SUCCESS | TaoKeDataAnalysisApi.py:88 : 第7获取成功！！！
2025-09-02 10:44:15 | INFO | tb_tk_淘宝联盟_服务商合作_普通招商_我报名的活动_报名的商品.py:84 : 正常采集第8页数据
2025-09-02 10:44:16 | INFO | extra_reqlog.py:12 : 在<frame at 0x00000266567A2440, file 'C:\\Users\\admin\\Desktop\\yiyuan_spider\\TaoBaoLianMengApi\\TaoKeDataAnalysisApi.py', line 87, code tb_tk_my_enrolled_products>发起了调用,请求成功（status_code:200）
2025-09-02 10:44:16 | SUCCESS | TaoKeDataAnalysisApi.py:88 : 第8获取成功！！！
2025-09-02 10:44:16 | INFO | tb_tk_淘宝联盟_服务商合作_普通招商_我报名的活动_报名的商品.py:84 : 正常采集第9页数据
2025-09-02 10:44:18 | INFO | extra_reqlog.py:12 : 在<frame at 0x00000266567A2440, file 'C:\\Users\\admin\\Desktop\\yiyuan_spider\\TaoBaoLianMengApi\\TaoKeDataAnalysisApi.py', line 87, code tb_tk_my_enrolled_products>发起了调用,请求成功（status_code:200）
2025-09-02 10:44:18 | SUCCESS | TaoKeDataAnalysisApi.py:88 : 第9获取成功！！！
2025-09-02 10:44:18 | INFO | tb_tk_淘宝联盟_服务商合作_普通招商_我报名的活动_报名的商品.py:84 : 正常采集第10页数据
2025-09-02 10:44:19 | INFO | extra_reqlog.py:12 : 在<frame at 0x00000266567A2440, file 'C:\\Users\\admin\\Desktop\\yiyuan_spider\\TaoBaoLianMengApi\\TaoKeDataAnalysisApi.py', line 87, code tb_tk_my_enrolled_products>发起了调用,请求成功（status_code:200）
2025-09-02 10:44:19 | SUCCESS | TaoKeDataAnalysisApi.py:88 : 第10获取成功！！！
2025-09-02 10:44:19 | INFO | tb_tk_淘宝联盟_服务商合作_普通招商_我报名的活动_报名的商品.py:84 : 正常采集第11页数据
2025-09-02 10:44:21 | INFO | extra_reqlog.py:12 : 在<frame at 0x00000266567A2440, file 'C:\\Users\\admin\\Desktop\\yiyuan_spider\\TaoBaoLianMengApi\\TaoKeDataAnalysisApi.py', line 87, code tb_tk_my_enrolled_products>发起了调用,请求成功（status_code:200）
2025-09-02 10:44:21 | SUCCESS | TaoKeDataAnalysisApi.py:88 : 第11获取成功！！！
2025-09-02 10:44:21 | INFO | tb_tk_淘宝联盟_服务商合作_普通招商_我报名的活动_报名的商品.py:84 : 正常采集第12页数据
2025-09-02 10:44:22 | INFO | extra_reqlog.py:12 : 在<frame at 0x00000266567A2440, file 'C:\\Users\\admin\\Desktop\\yiyuan_spider\\TaoBaoLianMengApi\\TaoKeDataAnalysisApi.py', line 87, code tb_tk_my_enrolled_products>发起了调用,请求成功（status_code:200）
2025-09-02 10:44:22 | SUCCESS | TaoKeDataAnalysisApi.py:88 : 第12获取成功！！！
2025-09-02 10:44:22 | INFO | tb_tk_淘宝联盟_服务商合作_普通招商_我报名的活动_报名的商品.py:84 : 正常采集第13页数据
2025-09-02 10:44:23 | INFO | extra_reqlog.py:12 : 在<frame at 0x00000266567A2440, file 'C:\\Users\\admin\\Desktop\\yiyuan_spider\\TaoBaoLianMengApi\\TaoKeDataAnalysisApi.py', line 87, code tb_tk_my_enrolled_products>发起了调用,请求成功（status_code:200）
2025-09-02 10:44:23 | SUCCESS | TaoKeDataAnalysisApi.py:88 : 第13获取成功！！！
2025-09-02 10:44:24 | INFO | tb_tk_淘宝联盟_服务商合作_普通招商_我报名的活动_报名的商品.py:84 : 正常采集第14页数据
2025-09-02 10:44:24 | INFO | extra_reqlog.py:12 : 在<frame at 0x00000266567A2440, file 'C:\\Users\\admin\\Desktop\\yiyuan_spider\\TaoBaoLianMengApi\\TaoKeDataAnalysisApi.py', line 87, code tb_tk_my_enrolled_products>发起了调用,请求成功（status_code:200）
2025-09-02 10:44:24 | SUCCESS | TaoKeDataAnalysisApi.py:88 : 第14获取成功！！！
2025-09-02 10:44:24 | INFO | tb_tk_淘宝联盟_服务商合作_普通招商_我报名的活动_报名的商品.py:99 : ----------------------------------------------------------------------------------------------------
2025-09-02 10:44:24 | INFO | tb_tk_淘宝联盟_服务商合作_普通招商_我报名的活动_报名的商品.py:100 : 
************************************************************************************************************************
2025-09-02 10:47:05 | INFO | data_collector.py:34 : 
************************************************************************************************************************
2025-09-02 10:47:05 | INFO | data_collector.py:35 : 开始采集：tb_tk_淘宝联盟_服务商合作_普通招商_我报名的活动_报名的商品_202509
2025-09-02 10:47:05 | INFO | data_collector.py:36 : 接收到的命令行参数: ['C:\\Users\\admin\\Desktop\\yiyuan_spider\\淘系_淘宝联盟\\tb_tk_淘宝联盟_服务商合作_普通招商_我报名的活动_报名的商品.py']
2025-09-02 10:47:05 | INFO | data_collector.py:67 : 采集日期列表['2025-09-01'],采集店铺['林内热水器旗舰店']
2025-09-02 10:47:10 | INFO | tb_tk_淘宝联盟_服务商合作_普通招商_我报名的活动_报名的商品.py:84 : 正常采集第1页数据
2025-09-02 10:47:11 | INFO | extra_reqlog.py:12 : 在<frame at 0x0000028E6AEA2440, file 'C:\\Users\\admin\\Desktop\\yiyuan_spider\\TaoBaoLianMengApi\\TaoKeDataAnalysisApi.py', line 87, code tb_tk_my_enrolled_products>发起了调用,请求成功（status_code:200）
2025-09-02 10:47:11 | SUCCESS | TaoKeDataAnalysisApi.py:88 : 第1获取成功！！！
2025-09-02 10:47:12 | INFO | tb_tk_淘宝联盟_服务商合作_普通招商_我报名的活动_报名的商品.py:84 : 正常采集第2页数据
2025-09-02 10:47:14 | INFO | extra_reqlog.py:12 : 在<frame at 0x0000028E6AEA2440, file 'C:\\Users\\admin\\Desktop\\yiyuan_spider\\TaoBaoLianMengApi\\TaoKeDataAnalysisApi.py', line 87, code tb_tk_my_enrolled_products>发起了调用,请求成功（status_code:200）
2025-09-02 10:47:14 | SUCCESS | TaoKeDataAnalysisApi.py:88 : 第2获取成功！！！
2025-09-02 10:47:14 | INFO | tb_tk_淘宝联盟_服务商合作_普通招商_我报名的活动_报名的商品.py:84 : 正常采集第3页数据
2025-09-02 10:47:15 | INFO | extra_reqlog.py:12 : 在<frame at 0x0000028E6AEA2440, file 'C:\\Users\\admin\\Desktop\\yiyuan_spider\\TaoBaoLianMengApi\\TaoKeDataAnalysisApi.py', line 87, code tb_tk_my_enrolled_products>发起了调用,请求成功（status_code:200）
2025-09-02 10:47:15 | SUCCESS | TaoKeDataAnalysisApi.py:88 : 第3获取成功！！！
2025-09-02 10:47:15 | INFO | tb_tk_淘宝联盟_服务商合作_普通招商_我报名的活动_报名的商品.py:84 : 正常采集第4页数据
2025-09-02 10:47:16 | INFO | extra_reqlog.py:12 : 在<frame at 0x0000028E6AEA2440, file 'C:\\Users\\admin\\Desktop\\yiyuan_spider\\TaoBaoLianMengApi\\TaoKeDataAnalysisApi.py', line 87, code tb_tk_my_enrolled_products>发起了调用,请求成功（status_code:200）
2025-09-02 10:47:16 | SUCCESS | TaoKeDataAnalysisApi.py:88 : 第4获取成功！！！
2025-09-02 10:47:16 | INFO | tb_tk_淘宝联盟_服务商合作_普通招商_我报名的活动_报名的商品.py:84 : 正常采集第5页数据
2025-09-02 10:47:16 | INFO | extra_reqlog.py:12 : 在<frame at 0x0000028E6AEA2440, file 'C:\\Users\\admin\\Desktop\\yiyuan_spider\\TaoBaoLianMengApi\\TaoKeDataAnalysisApi.py', line 87, code tb_tk_my_enrolled_products>发起了调用,请求成功（status_code:200）
2025-09-02 10:47:16 | SUCCESS | TaoKeDataAnalysisApi.py:88 : 第5获取成功！！！
2025-09-02 10:47:16 | INFO | tb_tk_淘宝联盟_服务商合作_普通招商_我报名的活动_报名的商品.py:84 : 正常采集第6页数据
2025-09-02 10:47:16 | INFO | extra_reqlog.py:12 : 在<frame at 0x0000028E6AEA2440, file 'C:\\Users\\admin\\Desktop\\yiyuan_spider\\TaoBaoLianMengApi\\TaoKeDataAnalysisApi.py', line 87, code tb_tk_my_enrolled_products>发起了调用,请求成功（status_code:200）
2025-09-02 10:47:16 | SUCCESS | TaoKeDataAnalysisApi.py:88 : 第6获取成功！！！
2025-09-02 10:47:16 | INFO | tb_tk_淘宝联盟_服务商合作_普通招商_我报名的活动_报名的商品.py:84 : 正常采集第7页数据
2025-09-02 10:47:17 | INFO | extra_reqlog.py:12 : 在<frame at 0x0000028E6AEA2440, file 'C:\\Users\\admin\\Desktop\\yiyuan_spider\\TaoBaoLianMengApi\\TaoKeDataAnalysisApi.py', line 87, code tb_tk_my_enrolled_products>发起了调用,请求成功（status_code:200）
2025-09-02 10:47:17 | SUCCESS | TaoKeDataAnalysisApi.py:88 : 第7获取成功！！！
2025-09-02 10:47:17 | INFO | tb_tk_淘宝联盟_服务商合作_普通招商_我报名的活动_报名的商品.py:84 : 正常采集第8页数据
2025-09-02 10:47:17 | INFO | extra_reqlog.py:12 : 在<frame at 0x0000028E6AEA2440, file 'C:\\Users\\admin\\Desktop\\yiyuan_spider\\TaoBaoLianMengApi\\TaoKeDataAnalysisApi.py', line 87, code tb_tk_my_enrolled_products>发起了调用,请求成功（status_code:200）
2025-09-02 10:47:17 | SUCCESS | TaoKeDataAnalysisApi.py:88 : 第8获取成功！！！
2025-09-02 10:47:17 | INFO | tb_tk_淘宝联盟_服务商合作_普通招商_我报名的活动_报名的商品.py:84 : 正常采集第9页数据
2025-09-02 10:47:17 | INFO | extra_reqlog.py:12 : 在<frame at 0x0000028E6AEA2440, file 'C:\\Users\\admin\\Desktop\\yiyuan_spider\\TaoBaoLianMengApi\\TaoKeDataAnalysisApi.py', line 87, code tb_tk_my_enrolled_products>发起了调用,请求成功（status_code:200）
2025-09-02 10:47:17 | SUCCESS | TaoKeDataAnalysisApi.py:88 : 第9获取成功！！！
2025-09-02 10:47:17 | INFO | tb_tk_淘宝联盟_服务商合作_普通招商_我报名的活动_报名的商品.py:84 : 正常采集第10页数据
2025-09-02 10:47:17 | INFO | extra_reqlog.py:12 : 在<frame at 0x0000028E6AEA2440, file 'C:\\Users\\admin\\Desktop\\yiyuan_spider\\TaoBaoLianMengApi\\TaoKeDataAnalysisApi.py', line 87, code tb_tk_my_enrolled_products>发起了调用,请求成功（status_code:200）
2025-09-02 10:47:17 | SUCCESS | TaoKeDataAnalysisApi.py:88 : 第10获取成功！！！
2025-09-02 10:47:17 | INFO | tb_tk_淘宝联盟_服务商合作_普通招商_我报名的活动_报名的商品.py:84 : 正常采集第11页数据
2025-09-02 10:47:18 | INFO | extra_reqlog.py:12 : 在<frame at 0x0000028E6AEA2440, file 'C:\\Users\\admin\\Desktop\\yiyuan_spider\\TaoBaoLianMengApi\\TaoKeDataAnalysisApi.py', line 87, code tb_tk_my_enrolled_products>发起了调用,请求成功（status_code:200）
2025-09-02 10:47:18 | SUCCESS | TaoKeDataAnalysisApi.py:88 : 第11获取成功！！！
2025-09-02 10:47:18 | INFO | tb_tk_淘宝联盟_服务商合作_普通招商_我报名的活动_报名的商品.py:84 : 正常采集第12页数据
2025-09-02 10:47:18 | INFO | extra_reqlog.py:12 : 在<frame at 0x0000028E6AEA2440, file 'C:\\Users\\admin\\Desktop\\yiyuan_spider\\TaoBaoLianMengApi\\TaoKeDataAnalysisApi.py', line 87, code tb_tk_my_enrolled_products>发起了调用,请求成功（status_code:200）
2025-09-02 10:47:18 | SUCCESS | TaoKeDataAnalysisApi.py:88 : 第12获取成功！！！
2025-09-02 10:47:18 | INFO | tb_tk_淘宝联盟_服务商合作_普通招商_我报名的活动_报名的商品.py:84 : 正常采集第13页数据
2025-09-02 10:47:18 | INFO | extra_reqlog.py:12 : 在<frame at 0x0000028E6AEA2440, file 'C:\\Users\\admin\\Desktop\\yiyuan_spider\\TaoBaoLianMengApi\\TaoKeDataAnalysisApi.py', line 87, code tb_tk_my_enrolled_products>发起了调用,请求成功（status_code:200）
2025-09-02 10:47:18 | SUCCESS | TaoKeDataAnalysisApi.py:88 : 第13获取成功！！！
2025-09-02 10:47:18 | INFO | tb_tk_淘宝联盟_服务商合作_普通招商_我报名的活动_报名的商品.py:84 : 正常采集第14页数据
2025-09-02 10:47:18 | INFO | extra_reqlog.py:12 : 在<frame at 0x0000028E6AEA2440, file 'C:\\Users\\admin\\Desktop\\yiyuan_spider\\TaoBaoLianMengApi\\TaoKeDataAnalysisApi.py', line 87, code tb_tk_my_enrolled_products>发起了调用,请求成功（status_code:200）
2025-09-02 10:47:18 | SUCCESS | TaoKeDataAnalysisApi.py:88 : 第14获取成功！！！
2025-09-02 10:47:18 | INFO | tb_tk_淘宝联盟_服务商合作_普通招商_我报名的活动_报名的商品.py:99 : ----------------------------------------------------------------------------------------------------
2025-09-02 10:47:18 | INFO | tb_tk_淘宝联盟_服务商合作_普通招商_我报名的活动_报名的商品.py:100 : 
************************************************************************************************************************
