2025-09-18 09:19:55 | INFO | rinnai_dy_抖店_售后_售后工作台_退款管理_202411.py:9 : 
************************************************************************************************************************
2025-09-18 09:19:56 | INFO | excel_to_db.py:56 : 成功读取文件: E:\1\售后单-2025-09-18 09_17_16.xlsx, 共 3594 行数据
2025-09-18 09:19:58 | INFO | rinnai_dy_抖店_售后_售后工作台_退款管理_202411.py:29 : ----------------------------------------------------------------------------------------------------
2025-09-18 09:19:58 | INFO | rinnai_dy_抖店_售后_售后工作台_退款管理_202411.py:30 : 
************************************************************************************************************************
2025-09-18 09:20:21 | INFO | rinnai_dy_抖店_售后_售后工作台_退款管理_202411.py:9 : 
************************************************************************************************************************
2025-09-18 09:20:22 | INFO | excel_to_db.py:56 : 成功读取文件: E:\1\售后单-2025-09-18 09_17_16.xlsx, 共 3594 行数据
2025-09-18 09:20:23 | INFO | rinnai_dy_抖店_售后_售后工作台_退款管理_202411.py:29 : ----------------------------------------------------------------------------------------------------
2025-09-18 09:20:23 | INFO | rinnai_dy_抖店_售后_售后工作台_退款管理_202411.py:30 : 
************************************************************************************************************************
2025-09-18 09:23:00 | INFO | rinnai_dy_抖店_售后_售后工作台_退款管理_202411.py:9 : 
************************************************************************************************************************
2025-09-18 09:23:00 | INFO | excel_to_db.py:56 : 成功读取文件: E:\1\售后单-2025-09-18 09_21_34.xlsx, 共 2 行数据
2025-09-18 09:23:00 | INFO | rinnai_dy_抖店_售后_售后工作台_退款管理_202411.py:30 : ----------------------------------------------------------------------------------------------------
2025-09-18 09:23:00 | INFO | rinnai_dy_抖店_售后_售后工作台_退款管理_202411.py:31 : 
************************************************************************************************************************
2025-09-18 09:29:04 | INFO | dy_抖店_订单_订单管理_自定义报表_订单维度_202505.py:9 : 
************************************************************************************************************************
2025-09-18 09:29:17 | INFO | dy_抖店_订单_订单管理_自定义报表_订单维度_202505.py:9 : 
************************************************************************************************************************
2025-09-18 09:29:17 | INFO | excel_to_db.py:56 : 成功读取文件: E:\1\7551232835630432554_58jvKe3Sv4_1758158709\1758158683_28ffddd0b60016349a1e353a15039666SpFNBUDN.csv, 共 17 行数据
2025-09-18 09:29:17 | ERROR | database_manager.py:85 : 执行 SQL 语句时发生错误: (1054, "Unknown column '先享换新抵扣.1' in 'field list'")
2025-09-18 09:55:19 | INFO | dy_抖店_订单_订单管理_自定义报表_订单维度_202505.py:9 : 
************************************************************************************************************************
2025-09-18 09:55:19 | INFO | excel_to_db.py:56 : 成功读取文件: E:\1\7551232835630432554_58jvKe3Sv4_1758158709\1758158683_28ffddd0b60016349a1e353a15039666SpFNBUDN.csv, 共 17 行数据
2025-09-18 09:55:19 | INFO | dy_抖店_订单_订单管理_自定义报表_订单维度_202505.py:30 : ----------------------------------------------------------------------------------------------------
2025-09-18 09:55:19 | INFO | dy_抖店_订单_订单管理_自定义报表_订单维度_202505.py:31 : 
************************************************************************************************************************
2025-09-18 14:01:08 | INFO | 并行多次程序.py:79 : 开始并行执行 4 个程序
2025-09-18 14:01:08 | INFO | 并行多次程序.py:23 : 开始执行 淘宝联盟CPS订单明细: python tb_tk_淘宝联盟_数据分析_cps订单明细_订单结算明细报表_202505.py
2025-09-18 14:01:08 | INFO | 并行多次程序.py:23 : 开始执行 淘宝联盟商品分析: python tb_tk_淘宝联盟_商品分析_202504.py
2025-09-18 14:01:08 | INFO | 并行多次程序.py:23 : 开始执行 我报名的商品: python tb_tk_淘宝联盟_服务商合作_普通招商_我报名的活动_报名的商品.py
2025-09-18 14:01:08 | INFO | 并行多次程序.py:23 : 开始执行 tb_tk_淘宝联盟_数据分析_定向计划报表_分天明细_202509: python tb_tk_淘宝联盟_数据分析_定向计划报表_分天明细_202509.py
2025-09-18 14:01:08 | ERROR | 并行多次程序.py:65 : 执行 淘宝联盟商品分析 时出错: [WinError 267] 目录名称无效。
2025-09-18 14:01:08 | ERROR | 并行多次程序.py:65 : 执行 淘宝联盟CPS订单明细 时出错: [WinError 267] 目录名称无效。
2025-09-18 14:01:08 | ERROR | 并行多次程序.py:65 : 执行 我报名的商品 时出错: [WinError 267] 目录名称无效。
2025-09-18 14:01:08 | ERROR | 并行多次程序.py:65 : 执行 tb_tk_淘宝联盟_数据分析_定向计划报表_分天明细_202509 时出错: [WinError 267] 目录名称无效。
2025-09-18 14:01:08 | INFO | 并行多次程序.py:102 : 执行完成: 成功 0 个，失败 4 个
2025-09-18 14:01:08 | INFO | 并行多次程序.py:143 : ==================================================
2025-09-18 14:01:08 | INFO | 并行多次程序.py:144 : 执行结果汇总:
