2025-09-29 08:56:56 | INFO | data_collector.py:34 : 
************************************************************************************************************************
2025-09-29 08:56:56 | INFO | data_collector.py:35 : 开始采集：tb_tk_淘宝联盟_商品分析_202504
2025-09-29 08:56:56 | INFO | data_collector.py:36 : 接收到的命令行参数: ['C:\\Users\\admin\\Desktop\\yiyuan_spider\\执行脚本\\淘系_淘宝联盟\\tb_tk_淘宝联盟_商品分析_202504.py']
2025-09-29 08:56:56 | INFO | data_collector.py:67 : 采集日期列表['2025-09-28', '2025-09-27', '2025-09-26'],采集店铺['林内热水器旗舰店', '林内官方旗舰店']
2025-09-29 08:56:57 | INFO | extra_reqlog.py:12 : 在<frame at 0x0000019152C811B0, file 'C:\\Users\\admin\\Desktop\\yiyuan_spider\\API\\API_TaoKe\\API_TaoKe_Good.py', line 120, code goods_task_status_list>发起了调用,请求成功（status_code:200）
2025-09-29 08:56:57 | INFO | API_TaoKe_Good.py:78 : 
------------------------------------------------------------------------------------------------------------------------
在创建 2025-09-28 00:00:00~2025-09-28 23:59:59-超级U选/全部活动 报告
2025-09-29 08:56:57 | INFO | extra_reqlog.py:12 : 在<frame at 0x0000019152E1CA40, file 'C:\\Users\\admin\\Desktop\\yiyuan_spider\\API\\API_TaoKe\\API_TaoKe_Good.py', line 65, code tb_tk_goods_analysis>发起了调用,请求成功（status_code:200）
2025-09-29 08:56:57 | SUCCESS | API_TaoKe_Good.py:66 : 成功！！！超级U选/全部活动创建任务日期:2025-09-28
2025-09-29 08:56:57 | INFO | API_TaoKe_Good.py:89 : 任务已创建，670423532
2025-09-29 08:56:57 | INFO | API_TaoKe_Good.py:78 : 
------------------------------------------------------------------------------------------------------------------------
在创建 2025-09-27 00:00:00~2025-09-27 23:59:59-超级U选/全部活动 报告
2025-09-29 08:56:57 | INFO | extra_reqlog.py:12 : 在<frame at 0x0000019152E1CA40, file 'C:\\Users\\admin\\Desktop\\yiyuan_spider\\API\\API_TaoKe\\API_TaoKe_Good.py', line 65, code tb_tk_goods_analysis>发起了调用,请求成功（status_code:200）
2025-09-29 08:56:57 | SUCCESS | API_TaoKe_Good.py:66 : 成功！！！超级U选/全部活动创建任务日期:2025-09-27
2025-09-29 08:56:57 | INFO | API_TaoKe_Good.py:89 : 任务已创建，670423533
2025-09-29 08:56:57 | INFO | API_TaoKe_Good.py:78 : 
------------------------------------------------------------------------------------------------------------------------
在创建 2025-09-26 00:00:00~2025-09-26 23:59:59-超级U选/全部活动 报告
2025-09-29 08:56:57 | INFO | extra_reqlog.py:12 : 在<frame at 0x0000019152E1CA40, file 'C:\\Users\\admin\\Desktop\\yiyuan_spider\\API\\API_TaoKe\\API_TaoKe_Good.py', line 65, code tb_tk_goods_analysis>发起了调用,请求成功（status_code:200）
2025-09-29 08:56:57 | SUCCESS | API_TaoKe_Good.py:66 : 成功！！！超级U选/全部活动创建任务日期:2025-09-26
2025-09-29 08:56:57 | INFO | API_TaoKe_Good.py:89 : 任务已创建，670423534
2025-09-29 08:56:57 | INFO | tb_tk_淘宝联盟_商品分析_202504.py:63 : 
========================================================================================================================
正在采集林内官方旗舰店，2025-09-27的数据
2025-09-29 08:56:57 | INFO | extra_reqlog.py:12 : 在<frame at 0x0000019152C811B0, file 'C:\\Users\\admin\\Desktop\\yiyuan_spider\\API\\API_TaoKe\\API_TaoKe_Good.py', line 120, code goods_task_status_list>发起了调用,请求成功（status_code:200）
2025-09-29 08:56:57 | INFO | extra_reqlog.py:12 : 在<frame at 0x0000019152E1CA40, file 'C:\\Users\\admin\\Desktop\\yiyuan_spider\\API\\API_TaoKe\\API_TaoKe_Good.py', line 65, code tb_tk_goods_analysis>发起了调用,请求成功（status_code:200）
2025-09-29 08:56:57 | SUCCESS | API_TaoKe_Good.py:66 : 成功！！！超级U选/全部活动创建任务日期:2025-09-27
2025-09-29 08:56:57 | INFO | API_TaoKe_Good.py:143 : 任务已经存在
2025-09-29 08:56:57 | INFO | tb_tk_淘宝联盟_商品分析_202504.py:63 : 
========================================================================================================================
正在采集林内官方旗舰店，2025-09-26的数据
2025-09-29 08:56:57 | INFO | extra_reqlog.py:12 : 在<frame at 0x0000019152C811B0, file 'C:\\Users\\admin\\Desktop\\yiyuan_spider\\API\\API_TaoKe\\API_TaoKe_Good.py', line 120, code goods_task_status_list>发起了调用,请求成功（status_code:200）
2025-09-29 08:56:58 | INFO | extra_reqlog.py:12 : 在<frame at 0x0000019152E1CA40, file 'C:\\Users\\admin\\Desktop\\yiyuan_spider\\API\\API_TaoKe\\API_TaoKe_Good.py', line 65, code tb_tk_goods_analysis>发起了调用,请求成功（status_code:200）
2025-09-29 08:56:58 | SUCCESS | API_TaoKe_Good.py:66 : 成功！！！超级U选/全部活动创建任务日期:2025-09-26
2025-09-29 08:56:58 | INFO | API_TaoKe_Good.py:143 : 任务已经存在
2025-09-29 08:56:58 | INFO | tb_tk_淘宝联盟_商品分析_202504.py:63 : 
========================================================================================================================
正在采集林内官方旗舰店，2025-09-28的数据
2025-09-29 08:56:58 | INFO | extra_reqlog.py:12 : 在<frame at 0x0000019152C811B0, file 'C:\\Users\\admin\\Desktop\\yiyuan_spider\\API\\API_TaoKe\\API_TaoKe_Good.py', line 120, code goods_task_status_list>发起了调用,请求成功（status_code:200）
2025-09-29 08:56:58 | INFO | extra_reqlog.py:12 : 在<frame at 0x0000019152E1CA40, file 'C:\\Users\\admin\\Desktop\\yiyuan_spider\\API\\API_TaoKe\\API_TaoKe_Good.py', line 65, code tb_tk_goods_analysis>发起了调用,请求成功（status_code:200）
2025-09-29 08:56:58 | SUCCESS | API_TaoKe_Good.py:66 : 成功！！！超级U选/全部活动创建任务日期:2025-09-28
2025-09-29 08:56:58 | INFO | API_TaoKe_Good.py:143 : 任务已经存在
2025-09-29 08:57:00 | INFO | data_collector.py:34 : 
************************************************************************************************************************
2025-09-29 08:57:00 | INFO | data_collector.py:35 : 开始采集：tb_tk_淘宝联盟_数据分析_cps订单明细_订单结算明细报表_202505
2025-09-29 08:57:00 | INFO | data_collector.py:36 : 接收到的命令行参数: ['C:\\Users\\admin\\Desktop\\yiyuan_spider\\执行脚本\\淘系_淘宝联盟\\tb_tk_淘宝联盟_数据分析_cps订单明细_订单结算明细报表_202505.py']
2025-09-29 08:57:00 | INFO | data_collector.py:67 : 采集日期列表['2025-09-28', '2025-09-27', '2025-09-26'],采集店铺['林内热水器旗舰店', '林内官方旗舰店']
2025-09-29 08:57:00 | INFO | extra_reqlog.py:12 : 在<frame at 0x000002A6A2E91120, file 'C:\\Users\\admin\\Desktop\\yiyuan_spider\\API\\API_TaoKe\\API_TaoKe_Cps.py', line 58, code tb_tk_cps_settlement_report>发起了调用,请求成功（status_code:200）
2025-09-29 08:57:00 | SUCCESS | API_TaoKe_Cps.py:59 : 成功！！！创建任务日期:2025-09-26_2025-09-28
2025-09-29 08:57:00 | INFO | extra_reqlog.py:12 : 在<frame at 0x000002A6A2EC8D60, file 'C:\\Users\\admin\\Desktop\\yiyuan_spider\\API\\API_TaoKe\\API_TaoKe_Cps.py', line 93, code cps_task_status_list>发起了调用,请求成功（status_code:200）
2025-09-29 08:57:00 | INFO | tb_tk_淘宝联盟_数据分析_cps订单明细_订单结算明细报表_202505.py:40 : 等待30s
2025-09-29 08:57:03 | INFO | data_collector.py:34 : 
************************************************************************************************************************
2025-09-29 08:57:03 | INFO | data_collector.py:35 : 开始采集：tb_tk_淘宝联盟_数据分析_定向计划报表_分天明细_202509
2025-09-29 08:57:03 | INFO | data_collector.py:36 : 接收到的命令行参数: ['C:\\Users\\admin\\Desktop\\yiyuan_spider\\执行脚本\\淘系_淘宝联盟\\tb_tk_淘宝联盟_数据分析_定向计划报表_分天明细_202509.py']
2025-09-29 08:57:03 | INFO | data_collector.py:67 : 采集日期列表['2025-09-28', '2025-09-27', '2025-09-26', '2025-09-25', '2025-09-24', '2025-09-23', '2025-09-22', '2025-09-21', '2025-09-20', '2025-09-19', '2025-09-18', '2025-09-17', '2025-09-16', '2025-09-15', '2025-09-14', '2025-09-13', '2025-09-12', '2025-09-11', '2025-09-10', '2025-09-09', '2025-09-08', '2025-09-07', '2025-09-06', '2025-09-05', '2025-09-04', '2025-09-03', '2025-09-02', '2025-09-01', '2025-08-31', '2025-08-30'],采集店铺['林内热水器旗舰店', '林内官方旗舰店']
2025-09-29 08:57:03 | INFO | tb_tk_淘宝联盟_数据分析_定向计划报表_分天明细_202509.py:22 : 正常采集第【林内官方旗舰店】数据
2025-09-29 08:57:03 | INFO | downloader.py:80 : https://ad.alimama.com/openapi/param2/1/gateway.unionadv/data.event.taoke.campaign.json?t=1759107423331&_tb_token_=f7eea15fae3e8&itemId=&cStep=0&startDate=2025-08-30&endDate=2025-09-28&campaignTemplateId=992&advPageEnum=adv_992&pageNo=1&pageSize=2000
2025-09-29 08:57:03 | INFO | extra_reqlog.py:12 : 在<frame at 0x00000221BB970040, file 'C:\\Users\\admin\\Desktop\\yiyuan_spider\\extra\\downloader.py', line 82, code _make_request_get>发起了调用,请求成功（status_code:200）
2025-09-29 08:57:03 | INFO | extra_reqlog.py:12 : 在<frame at 0x00000221BA883100, file 'C:\\Users\\admin\\Desktop\\yiyuan_spider\\API\\API_TaoKe\\API_Taoke_DingXiang.py', line 48, code get_campaign>发起了调用,请求成功（status_code:200）
2025-09-29 08:57:03 | INFO | tb_tk_淘宝联盟_数据分析_定向计划报表_分天明细_202509.py:36 : 林内官方旗舰店,['2025-09-28', '2025-09-27', '2025-09-26', '2025-09-25', '2025-09-24', '2025-09-23', '2025-09-22', '2025-09-21', '2025-09-20', '2025-09-19', '2025-09-18', '2025-09-17', '2025-09-16', '2025-09-15', '2025-09-14', '2025-09-13', '2025-09-12', '2025-09-11', '2025-09-10', '2025-09-09', '2025-09-08', '2025-09-07', '2025-09-06', '2025-09-05', '2025-09-04', '2025-09-03', '2025-09-02', '2025-09-01', '2025-08-31', '2025-08-30']已入库
2025-09-29 08:57:03 | INFO | tb_tk_淘宝联盟_数据分析_定向计划报表_分天明细_202509.py:37 : ----------------------------------------------------------------------------------------------------
2025-09-29 08:57:03 | INFO | tb_tk_淘宝联盟_数据分析_定向计划报表_分天明细_202509.py:22 : 正常采集第【林内热水器旗舰店】数据
2025-09-29 08:57:03 | INFO | downloader.py:80 : https://ad.alimama.com/openapi/param2/1/gateway.unionadv/data.event.taoke.campaign.json?t=1759107423891&_tb_token_=5b07e0d1a5b8b&itemId=&cStep=0&startDate=2025-08-30&endDate=2025-09-28&campaignTemplateId=992&advPageEnum=adv_992&pageNo=1&pageSize=2000
2025-09-29 08:57:04 | INFO | extra_reqlog.py:12 : 在<frame at 0x00000221BB970040, file 'C:\\Users\\admin\\Desktop\\yiyuan_spider\\extra\\downloader.py', line 82, code _make_request_get>发起了调用,请求成功（status_code:200）
2025-09-29 08:57:04 | INFO | extra_reqlog.py:12 : 在<frame at 0x00000221BA883100, file 'C:\\Users\\admin\\Desktop\\yiyuan_spider\\API\\API_TaoKe\\API_Taoke_DingXiang.py', line 48, code get_campaign>发起了调用,请求成功（status_code:200）
2025-09-29 08:57:04 | INFO | tb_tk_淘宝联盟_数据分析_定向计划报表_分天明细_202509.py:36 : 林内热水器旗舰店,['2025-09-28', '2025-09-27', '2025-09-26', '2025-09-25', '2025-09-24', '2025-09-23', '2025-09-22', '2025-09-21', '2025-09-20', '2025-09-19', '2025-09-18', '2025-09-17', '2025-09-16', '2025-09-15', '2025-09-14', '2025-09-13', '2025-09-12', '2025-09-11', '2025-09-10', '2025-09-09', '2025-09-08', '2025-09-07', '2025-09-06', '2025-09-05', '2025-09-04', '2025-09-03', '2025-09-02', '2025-09-01', '2025-08-31', '2025-08-30']已入库
2025-09-29 08:57:04 | INFO | tb_tk_淘宝联盟_数据分析_定向计划报表_分天明细_202509.py:37 : ----------------------------------------------------------------------------------------------------
2025-09-29 08:57:04 | INFO | tb_tk_淘宝联盟_数据分析_定向计划报表_分天明细_202509.py:38 : 
************************************************************************************************************************
2025-09-29 08:57:06 | INFO | data_collector.py:34 : 
************************************************************************************************************************
2025-09-29 08:57:06 | INFO | data_collector.py:35 : 开始采集：tb_tk_淘宝联盟_服务商合作_普通招商_我报名的活动_报名的商品_202509
2025-09-29 08:57:06 | INFO | data_collector.py:36 : 接收到的命令行参数: ['C:\\Users\\admin\\Desktop\\yiyuan_spider\\执行脚本\\淘系_淘宝联盟\\tb_tk_淘宝联盟_服务商合作_普通招商_我报名的活动_报名的商品.py']
2025-09-29 08:57:06 | INFO | data_collector.py:67 : 采集日期列表['2025-09-28'],采集店铺['林内热水器旗舰店', '林内官方旗舰店']
2025-09-29 08:57:06 | INFO | tb_tk_淘宝联盟_服务商合作_普通招商_我报名的活动_报名的商品.py:81 : 正常采集第1页数据
2025-09-29 08:57:07 | INFO | extra_reqlog.py:12 : 在<frame at 0x00000223D3BE9440, file 'C:\\Users\\admin\\Desktop\\yiyuan_spider\\API\\API_TaoKe\\API_TaoKe_MyProducts.py', line 45, code tb_tk_my_enrolled_products>发起了调用,请求成功（status_code:200）
2025-09-29 08:57:07 | SUCCESS | API_TaoKe_MyProducts.py:46 : 第1获取成功！！！
2025-09-29 08:57:07 | INFO | tb_tk_淘宝联盟_服务商合作_普通招商_我报名的活动_报名的商品.py:96 : ----------------------------------------------------------------------------------------------------
2025-09-29 08:57:07 | INFO | tb_tk_淘宝联盟_服务商合作_普通招商_我报名的活动_报名的商品.py:81 : 正常采集第1页数据
2025-09-29 08:57:08 | INFO | extra_reqlog.py:12 : 在<frame at 0x00000223D3BE9440, file 'C:\\Users\\admin\\Desktop\\yiyuan_spider\\API\\API_TaoKe\\API_TaoKe_MyProducts.py', line 45, code tb_tk_my_enrolled_products>发起了调用,请求成功（status_code:200）
2025-09-29 08:57:08 | SUCCESS | API_TaoKe_MyProducts.py:46 : 第1获取成功！！！
2025-09-29 08:57:08 | INFO | tb_tk_淘宝联盟_服务商合作_普通招商_我报名的活动_报名的商品.py:96 : ----------------------------------------------------------------------------------------------------
2025-09-29 08:57:08 | INFO | tb_tk_淘宝联盟_服务商合作_普通招商_我报名的活动_报名的商品.py:97 : 
************************************************************************************************************************
2025-09-29 08:57:28 | INFO | tb_tk_淘宝联盟_商品分析_202504.py:63 : 
========================================================================================================================
正在采集林内官方旗舰店，2025-09-27的数据
2025-09-29 08:57:28 | INFO | extra_reqlog.py:12 : 在<frame at 0x0000019152C811B0, file 'C:\\Users\\admin\\Desktop\\yiyuan_spider\\API\\API_TaoKe\\API_TaoKe_Good.py', line 120, code goods_task_status_list>发起了调用,请求成功（status_code:200）
2025-09-29 08:57:28 | INFO | extra_reqlog.py:12 : 在<frame at 0x0000019152E1D040, file 'C:\\Users\\admin\\Desktop\\yiyuan_spider\\API\\API_TaoKe\\API_TaoKe_Good.py', line 167, code fetch_goods_file_link>发起了调用,请求成功（status_code:200）
2025-09-29 08:57:28 | INFO | downloader.py:80 : https://union-file-center.oss-cn-zhangjiakou.aliyuncs.com/online_ac6ae285467a167f078afb1d8a3f0085?Expires=1759107497&OSSAccessKeyId=LTAI4FmnP9ZhkUeeAQpo4VPC&Signature=xffqZFOEzY4pOH07xuGlmuIcomI%3D&response-content-disposition=attachment%3B%20filename%3D2025-09-27%2000%253A00%253A00%257E2025-09-27%2023%253A59%253A59-%25E8%25B6%2585%25E7%25BA%25A7U%25E9%2580%2589%252F%25E5%2585%25A8%25E9%2583%25A8%25E6%25B4%25BB%25E5%258A%25A8-%25E5%2595%2586%25E5%2593%2581%25E5%2588%2586%25E6%259E%2590.csv&response-content-type=text%2Fplain%3B%20charset%3DUTF-8
2025-09-29 08:57:28 | INFO | extra_reqlog.py:12 : 在<frame at 0x0000019152E2D300, file 'C:\\Users\\admin\\Desktop\\yiyuan_spider\\extra\\downloader.py', line 82, code _make_request_get>发起了调用,请求成功（status_code:200）
2025-09-29 08:57:28 | INFO | tb_tk_淘宝联盟_商品分析_202504.py:79 : ['林内热水器旗舰店', '林内官方旗舰店'],2025-09-27已入库
2025-09-29 08:57:28 | INFO | tb_tk_淘宝联盟_商品分析_202504.py:63 : 
========================================================================================================================
正在采集林内官方旗舰店，2025-09-26的数据
2025-09-29 08:57:29 | INFO | extra_reqlog.py:12 : 在<frame at 0x0000019152C811B0, file 'C:\\Users\\admin\\Desktop\\yiyuan_spider\\API\\API_TaoKe\\API_TaoKe_Good.py', line 120, code goods_task_status_list>发起了调用,请求成功（status_code:200）
2025-09-29 08:57:29 | INFO | extra_reqlog.py:12 : 在<frame at 0x0000019152E1D040, file 'C:\\Users\\admin\\Desktop\\yiyuan_spider\\API\\API_TaoKe\\API_TaoKe_Good.py', line 167, code fetch_goods_file_link>发起了调用,请求成功（status_code:200）
2025-09-29 08:57:29 | INFO | downloader.py:80 : https://union-file-center.oss-cn-zhangjiakou.aliyuncs.com/online_b6e20ac666ddfc40eb1c83c9b34fc815?Expires=1759107497&OSSAccessKeyId=LTAI4FmnP9ZhkUeeAQpo4VPC&Signature=K%2FB6MtQBmMW4F9%2BT7Mp5usf5aug%3D&response-content-disposition=attachment%3B%20filename%3D2025-09-26%2000%253A00%253A00%257E2025-09-26%2023%253A59%253A59-%25E8%25B6%2585%25E7%25BA%25A7U%25E9%2580%2589%252F%25E5%2585%25A8%25E9%2583%25A8%25E6%25B4%25BB%25E5%258A%25A8-%25E5%2595%2586%25E5%2593%2581%25E5%2588%2586%25E6%259E%2590.csv&response-content-type=text%2Fplain%3B%20charset%3DUTF-8
2025-09-29 08:57:29 | INFO | extra_reqlog.py:12 : 在<frame at 0x0000019152E2D300, file 'C:\\Users\\admin\\Desktop\\yiyuan_spider\\extra\\downloader.py', line 82, code _make_request_get>发起了调用,请求成功（status_code:200）
2025-09-29 08:57:29 | INFO | tb_tk_淘宝联盟_商品分析_202504.py:79 : ['林内热水器旗舰店', '林内官方旗舰店'],2025-09-26已入库
2025-09-29 08:57:29 | INFO | tb_tk_淘宝联盟_商品分析_202504.py:63 : 
========================================================================================================================
正在采集林内官方旗舰店，2025-09-28的数据
2025-09-29 08:57:29 | INFO | extra_reqlog.py:12 : 在<frame at 0x0000019152C811B0, file 'C:\\Users\\admin\\Desktop\\yiyuan_spider\\API\\API_TaoKe\\API_TaoKe_Good.py', line 120, code goods_task_status_list>发起了调用,请求成功（status_code:200）
2025-09-29 08:57:29 | INFO | extra_reqlog.py:12 : 在<frame at 0x0000019152E1D040, file 'C:\\Users\\admin\\Desktop\\yiyuan_spider\\API\\API_TaoKe\\API_TaoKe_Good.py', line 167, code fetch_goods_file_link>发起了调用,请求成功（status_code:200）
2025-09-29 08:57:29 | INFO | downloader.py:80 : https://union-file-center.oss-cn-zhangjiakou.aliyuncs.com/online_fb66a9fe6720fe330241ba6b3282c319?Expires=1759107498&OSSAccessKeyId=LTAI4FmnP9ZhkUeeAQpo4VPC&Signature=Ujm5mBLNWq%2FiUnlMjCYN1NtiUKI%3D&response-content-disposition=attachment%3B%20filename%3D2025-09-28%2000%253A00%253A00%257E2025-09-28%2023%253A59%253A59-%25E8%25B6%2585%25E7%25BA%25A7U%25E9%2580%2589%252F%25E5%2585%25A8%25E9%2583%25A8%25E6%25B4%25BB%25E5%258A%25A8-%25E5%2595%2586%25E5%2593%2581%25E5%2588%2586%25E6%259E%2590.csv&response-content-type=text%2Fplain%3B%20charset%3DUTF-8
2025-09-29 08:57:30 | INFO | extra_reqlog.py:12 : 在<frame at 0x0000019152E2D300, file 'C:\\Users\\admin\\Desktop\\yiyuan_spider\\extra\\downloader.py', line 82, code _make_request_get>发起了调用,请求成功（status_code:200）
2025-09-29 08:57:30 | INFO | tb_tk_淘宝联盟_商品分析_202504.py:79 : ['林内热水器旗舰店', '林内官方旗舰店'],2025-09-28已入库
2025-09-29 08:57:30 | INFO | extra_reqlog.py:12 : 在<frame at 0x0000019152C811B0, file 'C:\\Users\\admin\\Desktop\\yiyuan_spider\\API\\API_TaoKe\\API_TaoKe_Good.py', line 120, code goods_task_status_list>发起了调用,请求成功（status_code:200）
2025-09-29 08:57:30 | INFO | API_TaoKe_Good.py:78 : 
------------------------------------------------------------------------------------------------------------------------
在创建 2025-09-28 00:00:00~2025-09-28 23:59:59-超级淘客/全部活动 报告
2025-09-29 08:57:30 | INFO | extra_reqlog.py:12 : 在<frame at 0x0000019152E1CA40, file 'C:\\Users\\admin\\Desktop\\yiyuan_spider\\API\\API_TaoKe\\API_TaoKe_Good.py', line 65, code tb_tk_goods_analysis>发起了调用,请求成功（status_code:200）
2025-09-29 08:57:30 | SUCCESS | API_TaoKe_Good.py:66 : 成功！！！超级淘客/全部活动创建任务日期:2025-09-28
2025-09-29 08:57:30 | INFO | API_TaoKe_Good.py:89 : 任务已创建，670423582
2025-09-29 08:57:30 | INFO | API_TaoKe_Good.py:78 : 
------------------------------------------------------------------------------------------------------------------------
在创建 2025-09-27 00:00:00~2025-09-27 23:59:59-超级淘客/全部活动 报告
2025-09-29 08:57:30 | INFO | extra_reqlog.py:12 : 在<frame at 0x0000019152E1CA40, file 'C:\\Users\\admin\\Desktop\\yiyuan_spider\\API\\API_TaoKe\\API_TaoKe_Good.py', line 65, code tb_tk_goods_analysis>发起了调用,请求成功（status_code:200）
2025-09-29 08:57:30 | SUCCESS | API_TaoKe_Good.py:66 : 成功！！！超级淘客/全部活动创建任务日期:2025-09-27
2025-09-29 08:57:30 | INFO | API_TaoKe_Good.py:89 : 任务已创建，670423583
2025-09-29 08:57:30 | INFO | API_TaoKe_Good.py:78 : 
------------------------------------------------------------------------------------------------------------------------
在创建 2025-09-26 00:00:00~2025-09-26 23:59:59-超级淘客/全部活动 报告
2025-09-29 08:57:30 | INFO | extra_reqlog.py:12 : 在<frame at 0x0000019152E1CA40, file 'C:\\Users\\admin\\Desktop\\yiyuan_spider\\API\\API_TaoKe\\API_TaoKe_Good.py', line 65, code tb_tk_goods_analysis>发起了调用,请求成功（status_code:200）
2025-09-29 08:57:30 | SUCCESS | API_TaoKe_Good.py:66 : 成功！！！超级淘客/全部活动创建任务日期:2025-09-26
2025-09-29 08:57:30 | INFO | API_TaoKe_Good.py:89 : 任务已创建，670423584
2025-09-29 08:57:30 | INFO | tb_tk_淘宝联盟_商品分析_202504.py:63 : 
========================================================================================================================
正在采集林内官方旗舰店，2025-09-27的数据
2025-09-29 08:57:30 | INFO | extra_reqlog.py:12 : 在<frame at 0x000002A6A2EC8D60, file 'C:\\Users\\admin\\Desktop\\yiyuan_spider\\API\\API_TaoKe\\API_TaoKe_Cps.py', line 93, code cps_task_status_list>发起了调用,请求成功（status_code:200）
2025-09-29 08:57:30 | INFO | tb_tk_淘宝联盟_数据分析_cps订单明细_订单结算明细报表_202505.py:47 : {'2025-09-26 00:00:00~2025-09-28 23:59:59-订单结算明细报表': 244111978}
2025-09-29 08:57:30 | INFO | tb_tk_淘宝联盟_数据分析_cps订单明细_订单结算明细报表_202505.py:40 : 等待30s
2025-09-29 08:57:30 | INFO | extra_reqlog.py:12 : 在<frame at 0x0000019152C811B0, file 'C:\\Users\\admin\\Desktop\\yiyuan_spider\\API\\API_TaoKe\\API_TaoKe_Good.py', line 120, code goods_task_status_list>发起了调用,请求成功（status_code:200）
2025-09-29 08:57:30 | INFO | extra_reqlog.py:12 : 在<frame at 0x0000019152E1CA40, file 'C:\\Users\\admin\\Desktop\\yiyuan_spider\\API\\API_TaoKe\\API_TaoKe_Good.py', line 65, code tb_tk_goods_analysis>发起了调用,请求成功（status_code:200）
2025-09-29 08:57:30 | SUCCESS | API_TaoKe_Good.py:66 : 成功！！！超级淘客/全部活动创建任务日期:2025-09-27
2025-09-29 08:57:30 | INFO | API_TaoKe_Good.py:143 : 任务已经存在
2025-09-29 08:57:30 | INFO | tb_tk_淘宝联盟_商品分析_202504.py:63 : 
========================================================================================================================
正在采集林内官方旗舰店，2025-09-26的数据
2025-09-29 08:57:31 | INFO | extra_reqlog.py:12 : 在<frame at 0x0000019152C811B0, file 'C:\\Users\\admin\\Desktop\\yiyuan_spider\\API\\API_TaoKe\\API_TaoKe_Good.py', line 120, code goods_task_status_list>发起了调用,请求成功（status_code:200）
2025-09-29 08:57:31 | INFO | extra_reqlog.py:12 : 在<frame at 0x0000019152E1CA40, file 'C:\\Users\\admin\\Desktop\\yiyuan_spider\\API\\API_TaoKe\\API_TaoKe_Good.py', line 65, code tb_tk_goods_analysis>发起了调用,请求成功（status_code:200）
2025-09-29 08:57:31 | SUCCESS | API_TaoKe_Good.py:66 : 成功！！！超级淘客/全部活动创建任务日期:2025-09-26
2025-09-29 08:57:31 | INFO | API_TaoKe_Good.py:143 : 任务已经存在
2025-09-29 08:57:31 | INFO | tb_tk_淘宝联盟_商品分析_202504.py:63 : 
========================================================================================================================
正在采集林内官方旗舰店，2025-09-28的数据
2025-09-29 08:57:31 | INFO | extra_reqlog.py:12 : 在<frame at 0x0000019152C811B0, file 'C:\\Users\\admin\\Desktop\\yiyuan_spider\\API\\API_TaoKe\\API_TaoKe_Good.py', line 120, code goods_task_status_list>发起了调用,请求成功（status_code:200）
2025-09-29 08:57:31 | INFO | extra_reqlog.py:12 : 在<frame at 0x0000019152E1CA40, file 'C:\\Users\\admin\\Desktop\\yiyuan_spider\\API\\API_TaoKe\\API_TaoKe_Good.py', line 65, code tb_tk_goods_analysis>发起了调用,请求成功（status_code:200）
2025-09-29 08:57:31 | SUCCESS | API_TaoKe_Good.py:66 : 成功！！！超级淘客/全部活动创建任务日期:2025-09-28
2025-09-29 08:57:31 | INFO | API_TaoKe_Good.py:143 : 任务已经存在
2025-09-29 08:58:00 | INFO | extra_reqlog.py:12 : 在<frame at 0x000002A6A2EC8D60, file 'C:\\Users\\admin\\Desktop\\yiyuan_spider\\API\\API_TaoKe\\API_TaoKe_Cps.py', line 93, code cps_task_status_list>发起了调用,请求成功（status_code:200）
2025-09-29 08:58:00 | INFO | tb_tk_淘宝联盟_数据分析_cps订单明细_订单结算明细报表_202505.py:47 : {}
2025-09-29 08:58:00 | INFO | tb_tk_淘宝联盟_数据分析_cps订单明细_订单结算明细报表_202505.py:49 : 
========================================================================================================================
开始采集林内官方旗舰店，2025-09-26_2025-09-28的数据
2025-09-29 08:58:01 | INFO | tb_tk_淘宝联盟_商品分析_202504.py:63 : 
========================================================================================================================
正在采集林内官方旗舰店，2025-09-27的数据
2025-09-29 08:58:01 | INFO | extra_reqlog.py:12 : 在<frame at 0x0000019152C811B0, file 'C:\\Users\\admin\\Desktop\\yiyuan_spider\\API\\API_TaoKe\\API_TaoKe_Good.py', line 120, code goods_task_status_list>发起了调用,请求成功（status_code:200）
2025-09-29 08:58:01 | INFO | extra_reqlog.py:12 : 在<frame at 0x0000019152E1D040, file 'C:\\Users\\admin\\Desktop\\yiyuan_spider\\API\\API_TaoKe\\API_TaoKe_Good.py', line 167, code fetch_goods_file_link>发起了调用,请求成功（status_code:200）
2025-09-29 08:58:01 | INFO | downloader.py:80 : https://union-file-center.oss-cn-zhangjiakou.aliyuncs.com/online_3277862fc4d3b2569f7a72d578eedfef?Expires=1759107530&OSSAccessKeyId=LTAI4FmnP9ZhkUeeAQpo4VPC&Signature=%2FDKD661WbRy7Gs7gRxwkz%2Fh79CM%3D&response-content-disposition=attachment%3B%20filename%3D2025-09-27%2000%253A00%253A00%257E2025-09-27%2023%253A59%253A59-%25E8%25B6%2585%25E7%25BA%25A7%25E6%25B7%2598%25E5%25AE%25A2%252F%25E5%2585%25A8%25E9%2583%25A8%25E6%25B4%25BB%25E5%258A%25A8-%25E5%2595%2586%25E5%2593%2581%25E5%2588%2586%25E6%259E%2590.csv&response-content-type=text%2Fplain%3B%20charset%3DUTF-8
2025-09-29 08:58:01 | INFO | extra_reqlog.py:12 : 在<frame at 0x0000019152E2D300, file 'C:\\Users\\admin\\Desktop\\yiyuan_spider\\extra\\downloader.py', line 82, code _make_request_get>发起了调用,请求成功（status_code:200）
2025-09-29 08:58:02 | INFO | tb_tk_淘宝联盟_商品分析_202504.py:79 : ['林内热水器旗舰店', '林内官方旗舰店'],2025-09-27已入库
2025-09-29 08:58:02 | INFO | tb_tk_淘宝联盟_商品分析_202504.py:63 : 
========================================================================================================================
正在采集林内官方旗舰店，2025-09-26的数据
2025-09-29 08:58:02 | INFO | extra_reqlog.py:12 : 在<frame at 0x0000019152C811B0, file 'C:\\Users\\admin\\Desktop\\yiyuan_spider\\API\\API_TaoKe\\API_TaoKe_Good.py', line 120, code goods_task_status_list>发起了调用,请求成功（status_code:200）
2025-09-29 08:58:02 | INFO | extra_reqlog.py:12 : 在<frame at 0x0000019152E1D040, file 'C:\\Users\\admin\\Desktop\\yiyuan_spider\\API\\API_TaoKe\\API_TaoKe_Good.py', line 167, code fetch_goods_file_link>发起了调用,请求成功（status_code:200）
2025-09-29 08:58:02 | INFO | downloader.py:80 : https://union-file-center.oss-cn-zhangjiakou.aliyuncs.com/online_8c756d37e379f71f503f261e76d94a5b?Expires=1759107530&OSSAccessKeyId=LTAI4FmnP9ZhkUeeAQpo4VPC&Signature=tTOAVMf%2F1av2WKV7Q9UseihZ8q4%3D&response-content-disposition=attachment%3B%20filename%3D2025-09-26%2000%253A00%253A00%257E2025-09-26%2023%253A59%253A59-%25E8%25B6%2585%25E7%25BA%25A7%25E6%25B7%2598%25E5%25AE%25A2%252F%25E5%2585%25A8%25E9%2583%25A8%25E6%25B4%25BB%25E5%258A%25A8-%25E5%2595%2586%25E5%2593%2581%25E5%2588%2586%25E6%259E%2590.csv&response-content-type=text%2Fplain%3B%20charset%3DUTF-8
2025-09-29 08:58:02 | INFO | extra_reqlog.py:12 : 在<frame at 0x0000019152E2D300, file 'C:\\Users\\admin\\Desktop\\yiyuan_spider\\extra\\downloader.py', line 82, code _make_request_get>发起了调用,请求成功（status_code:200）
2025-09-29 08:58:02 | INFO | tb_tk_淘宝联盟_商品分析_202504.py:79 : ['林内热水器旗舰店', '林内官方旗舰店'],2025-09-26已入库
2025-09-29 08:58:02 | INFO | tb_tk_淘宝联盟_商品分析_202504.py:63 : 
========================================================================================================================
正在采集林内官方旗舰店，2025-09-28的数据
2025-09-29 08:58:02 | INFO | extra_reqlog.py:12 : 在<frame at 0x0000019152C811B0, file 'C:\\Users\\admin\\Desktop\\yiyuan_spider\\API\\API_TaoKe\\API_TaoKe_Good.py', line 120, code goods_task_status_list>发起了调用,请求成功（status_code:200）
2025-09-29 08:58:02 | INFO | extra_reqlog.py:12 : 在<frame at 0x0000019152E1D040, file 'C:\\Users\\admin\\Desktop\\yiyuan_spider\\API\\API_TaoKe\\API_TaoKe_Good.py', line 167, code fetch_goods_file_link>发起了调用,请求成功（status_code:200）
2025-09-29 08:58:02 | INFO | downloader.py:80 : https://union-file-center.oss-cn-zhangjiakou.aliyuncs.com/online_6d0f315875b154080c61bf1446596449?Expires=1759107531&OSSAccessKeyId=LTAI4FmnP9ZhkUeeAQpo4VPC&Signature=UGMp7p7F8Wvnm1OwjPNPnSjzduM%3D&response-content-disposition=attachment%3B%20filename%3D2025-09-28%2000%253A00%253A00%257E2025-09-28%2023%253A59%253A59-%25E8%25B6%2585%25E7%25BA%25A7%25E6%25B7%2598%25E5%25AE%25A2%252F%25E5%2585%25A8%25E9%2583%25A8%25E6%25B4%25BB%25E5%258A%25A8-%25E5%2595%2586%25E5%2593%2581%25E5%2588%2586%25E6%259E%2590.csv&response-content-type=text%2Fplain%3B%20charset%3DUTF-8
2025-09-29 08:58:03 | INFO | extra_reqlog.py:12 : 在<frame at 0x0000019152E2D300, file 'C:\\Users\\admin\\Desktop\\yiyuan_spider\\extra\\downloader.py', line 82, code _make_request_get>发起了调用,请求成功（status_code:200）
2025-09-29 08:58:03 | INFO | tb_tk_淘宝联盟_商品分析_202504.py:79 : ['林内热水器旗舰店', '林内官方旗舰店'],2025-09-28已入库
2025-09-29 08:58:03 | INFO | extra_reqlog.py:12 : 在<frame at 0x0000019152C811B0, file 'C:\\Users\\admin\\Desktop\\yiyuan_spider\\API\\API_TaoKe\\API_TaoKe_Good.py', line 120, code goods_task_status_list>发起了调用,请求成功（status_code:200）
2025-09-29 08:58:03 | INFO | API_TaoKe_Good.py:78 : 
------------------------------------------------------------------------------------------------------------------------
在创建 2025-09-28 00:00:00~2025-09-28 23:59:59-普通招商/全部活动 报告
2025-09-29 08:58:03 | INFO | extra_reqlog.py:12 : 在<frame at 0x0000019152E1CA40, file 'C:\\Users\\admin\\Desktop\\yiyuan_spider\\API\\API_TaoKe\\API_TaoKe_Good.py', line 65, code tb_tk_goods_analysis>发起了调用,请求成功（status_code:200）
2025-09-29 08:58:03 | SUCCESS | API_TaoKe_Good.py:66 : 成功！！！普通招商/全部活动创建任务日期:2025-09-28
2025-09-29 08:58:03 | INFO | API_TaoKe_Good.py:89 : 任务已创建，670423813
2025-09-29 08:58:03 | INFO | API_TaoKe_Good.py:78 : 
------------------------------------------------------------------------------------------------------------------------
在创建 2025-09-27 00:00:00~2025-09-27 23:59:59-普通招商/全部活动 报告
2025-09-29 08:58:03 | INFO | extra_reqlog.py:12 : 在<frame at 0x0000019152E1CA40, file 'C:\\Users\\admin\\Desktop\\yiyuan_spider\\API\\API_TaoKe\\API_TaoKe_Good.py', line 65, code tb_tk_goods_analysis>发起了调用,请求成功（status_code:200）
2025-09-29 08:58:03 | SUCCESS | API_TaoKe_Good.py:66 : 成功！！！普通招商/全部活动创建任务日期:2025-09-27
2025-09-29 08:58:03 | INFO | API_TaoKe_Good.py:89 : 任务已创建，670423814
2025-09-29 08:58:03 | INFO | API_TaoKe_Good.py:78 : 
------------------------------------------------------------------------------------------------------------------------
在创建 2025-09-26 00:00:00~2025-09-26 23:59:59-普通招商/全部活动 报告
2025-09-29 08:58:03 | INFO | extra_reqlog.py:12 : 在<frame at 0x0000019152E1CA40, file 'C:\\Users\\admin\\Desktop\\yiyuan_spider\\API\\API_TaoKe\\API_TaoKe_Good.py', line 65, code tb_tk_goods_analysis>发起了调用,请求成功（status_code:200）
2025-09-29 08:58:03 | SUCCESS | API_TaoKe_Good.py:66 : 成功！！！普通招商/全部活动创建任务日期:2025-09-26
2025-09-29 08:58:03 | INFO | API_TaoKe_Good.py:89 : 任务已创建，670423815
2025-09-29 08:58:03 | INFO | tb_tk_淘宝联盟_商品分析_202504.py:63 : 
========================================================================================================================
正在采集林内官方旗舰店，2025-09-27的数据
2025-09-29 08:58:03 | INFO | extra_reqlog.py:12 : 在<frame at 0x0000019152C811B0, file 'C:\\Users\\admin\\Desktop\\yiyuan_spider\\API\\API_TaoKe\\API_TaoKe_Good.py', line 120, code goods_task_status_list>发起了调用,请求成功（status_code:200）
2025-09-29 08:58:04 | INFO | extra_reqlog.py:12 : 在<frame at 0x0000019152E1CA40, file 'C:\\Users\\admin\\Desktop\\yiyuan_spider\\API\\API_TaoKe\\API_TaoKe_Good.py', line 65, code tb_tk_goods_analysis>发起了调用,请求成功（status_code:200）
2025-09-29 08:58:04 | SUCCESS | API_TaoKe_Good.py:66 : 成功！！！普通招商/全部活动创建任务日期:2025-09-27
2025-09-29 08:58:04 | INFO | API_TaoKe_Good.py:143 : 任务已经存在
2025-09-29 08:58:04 | INFO | tb_tk_淘宝联盟_商品分析_202504.py:63 : 
========================================================================================================================
正在采集林内官方旗舰店，2025-09-26的数据
2025-09-29 08:58:04 | INFO | extra_reqlog.py:12 : 在<frame at 0x0000019152C811B0, file 'C:\\Users\\admin\\Desktop\\yiyuan_spider\\API\\API_TaoKe\\API_TaoKe_Good.py', line 120, code goods_task_status_list>发起了调用,请求成功（status_code:200）
2025-09-29 08:58:04 | INFO | extra_reqlog.py:12 : 在<frame at 0x0000019152E1CA40, file 'C:\\Users\\admin\\Desktop\\yiyuan_spider\\API\\API_TaoKe\\API_TaoKe_Good.py', line 65, code tb_tk_goods_analysis>发起了调用,请求成功（status_code:200）
2025-09-29 08:58:04 | SUCCESS | API_TaoKe_Good.py:66 : 成功！！！普通招商/全部活动创建任务日期:2025-09-26
2025-09-29 08:58:04 | INFO | API_TaoKe_Good.py:143 : 任务已经存在
2025-09-29 08:58:04 | INFO | tb_tk_淘宝联盟_商品分析_202504.py:63 : 
========================================================================================================================
正在采集林内官方旗舰店，2025-09-28的数据
2025-09-29 08:58:04 | INFO | extra_reqlog.py:12 : 在<frame at 0x0000019152C811B0, file 'C:\\Users\\admin\\Desktop\\yiyuan_spider\\API\\API_TaoKe\\API_TaoKe_Good.py', line 120, code goods_task_status_list>发起了调用,请求成功（status_code:200）
2025-09-29 08:58:04 | INFO | extra_reqlog.py:12 : 在<frame at 0x0000019152E1CA40, file 'C:\\Users\\admin\\Desktop\\yiyuan_spider\\API\\API_TaoKe\\API_TaoKe_Good.py', line 65, code tb_tk_goods_analysis>发起了调用,请求成功（status_code:200）
2025-09-29 08:58:04 | SUCCESS | API_TaoKe_Good.py:66 : 成功！！！普通招商/全部活动创建任务日期:2025-09-28
2025-09-29 08:58:04 | INFO | API_TaoKe_Good.py:143 : 任务已经存在
2025-09-29 08:58:06 | INFO | extra_reqlog.py:12 : 在<frame at 0x000002A6A2EBCE40, file 'C:\\Users\\admin\\Desktop\\yiyuan_spider\\API\\API_TaoKe\\API_TaoKe_Cps.py', line 119, code fetch_cps_file_link>发起了调用,请求成功（status_code:200）
2025-09-29 08:58:06 | INFO | API_TaoKe_Cps.py:121 : https://union-file-center.oss-cn-zhangjiakou.aliyuncs.com/adv_34274104_1_3_1758816000000_1759075199000?Expires=1759107534&OSSAccessKeyId=LTAI4FmnP9ZhkUeeAQpo4VPC&Signature=%2Bzmf1vP94JCM8aQvKavM%2FZ%2Fkhts%3D&response-content-disposition=attachment%3B%20filename%3D2025-09-26%2000%253A00%253A00%257E2025-09-28%2023%253A59%253A59-%25E8%25AE%25A2%25E5%258D%2595%25E7%25BB%2593%25E7%25AE%2597%25E6%2598%258E%25E7%25BB%2586%25E6%258A%25A5%25E8%25A1%25A8.csv&response-content-type=text%2Fplain%3B%20charset%3DUTF-8
2025-09-29 08:58:06 | INFO | downloader.py:80 : https://union-file-center.oss-cn-zhangjiakou.aliyuncs.com/adv_34274104_1_3_1758816000000_1759075199000?Expires=1759107534&OSSAccessKeyId=LTAI4FmnP9ZhkUeeAQpo4VPC&Signature=%2Bzmf1vP94JCM8aQvKavM%2FZ%2Fkhts%3D&response-content-disposition=attachment%3B%20filename%3D2025-09-26%2000%253A00%253A00%257E2025-09-28%2023%253A59%253A59-%25E8%25AE%25A2%25E5%258D%2595%25E7%25BB%2593%25E7%25AE%2597%25E6%2598%258E%25E7%25BB%2586%25E6%258A%25A5%25E8%25A1%25A8.csv&response-content-type=text%2Fplain%3B%20charset%3DUTF-8
2025-09-29 08:58:06 | INFO | extra_reqlog.py:12 : 在<frame at 0x000002A6A2EC9A80, file 'C:\\Users\\admin\\Desktop\\yiyuan_spider\\extra\\downloader.py', line 82, code _make_request_get>发起了调用,请求成功（status_code:200）
2025-09-29 08:58:06 | INFO | tb_tk_淘宝联盟_数据分析_cps订单明细_订单结算明细报表_202505.py:63 : 林内官方旗舰店,2025-09-26_2025-09-28已入库
2025-09-29 08:58:06 | INFO | tb_tk_淘宝联盟_数据分析_cps订单明细_订单结算明细报表_202505.py:64 : ----------------------------------------------------------------------------------------------------
2025-09-29 08:58:06 | INFO | extra_reqlog.py:12 : 在<frame at 0x000002A6A2E91120, file 'C:\\Users\\admin\\Desktop\\yiyuan_spider\\API\\API_TaoKe\\API_TaoKe_Cps.py', line 58, code tb_tk_cps_settlement_report>发起了调用,请求成功（status_code:200）
2025-09-29 08:58:06 | SUCCESS | API_TaoKe_Cps.py:59 : 成功！！！创建任务日期:2025-09-26_2025-09-28
2025-09-29 08:58:06 | INFO | extra_reqlog.py:12 : 在<frame at 0x000002A6A2EC8D60, file 'C:\\Users\\admin\\Desktop\\yiyuan_spider\\API\\API_TaoKe\\API_TaoKe_Cps.py', line 93, code cps_task_status_list>发起了调用,请求成功（status_code:200）
2025-09-29 08:58:06 | INFO | tb_tk_淘宝联盟_数据分析_cps订单明细_订单结算明细报表_202505.py:40 : 等待30s
2025-09-29 08:58:34 | INFO | tb_tk_淘宝联盟_商品分析_202504.py:63 : 
========================================================================================================================
正在采集林内官方旗舰店，2025-09-27的数据
2025-09-29 08:58:34 | INFO | extra_reqlog.py:12 : 在<frame at 0x0000019152C811B0, file 'C:\\Users\\admin\\Desktop\\yiyuan_spider\\API\\API_TaoKe\\API_TaoKe_Good.py', line 120, code goods_task_status_list>发起了调用,请求成功（status_code:200）
2025-09-29 08:58:34 | INFO | extra_reqlog.py:12 : 在<frame at 0x0000019152E1D040, file 'C:\\Users\\admin\\Desktop\\yiyuan_spider\\API\\API_TaoKe\\API_TaoKe_Good.py', line 167, code fetch_goods_file_link>发起了调用,请求成功（status_code:200）
2025-09-29 08:58:34 | INFO | downloader.py:80 : https://union-file-center.oss-cn-zhangjiakou.aliyuncs.com/online_2f44b411db378badb0d5fb4bb55ace08?Expires=1759107563&OSSAccessKeyId=LTAI4FmnP9ZhkUeeAQpo4VPC&Signature=8rbgsGq8jH9xLtDoLnEBAkA4Cwc%3D&response-content-disposition=attachment%3B%20filename%3D2025-09-27%2000%253A00%253A00%257E2025-09-27%2023%253A59%253A59-%25E6%2599%25AE%25E9%2580%259A%25E6%258B%259B%25E5%2595%2586%252F%25E5%2585%25A8%25E9%2583%25A8%25E6%25B4%25BB%25E5%258A%25A8-%25E5%2595%2586%25E5%2593%2581%25E5%2588%2586%25E6%259E%2590.csv&response-content-type=text%2Fplain%3B%20charset%3DUTF-8
2025-09-29 08:58:35 | INFO | extra_reqlog.py:12 : 在<frame at 0x0000019152E2D300, file 'C:\\Users\\admin\\Desktop\\yiyuan_spider\\extra\\downloader.py', line 82, code _make_request_get>发起了调用,请求成功（status_code:200）
2025-09-29 08:58:35 | INFO | tb_tk_淘宝联盟_商品分析_202504.py:79 : ['林内热水器旗舰店', '林内官方旗舰店'],2025-09-27已入库
2025-09-29 08:58:35 | INFO | tb_tk_淘宝联盟_商品分析_202504.py:63 : 
========================================================================================================================
正在采集林内官方旗舰店，2025-09-26的数据
2025-09-29 08:58:35 | INFO | extra_reqlog.py:12 : 在<frame at 0x0000019152C811B0, file 'C:\\Users\\admin\\Desktop\\yiyuan_spider\\API\\API_TaoKe\\API_TaoKe_Good.py', line 120, code goods_task_status_list>发起了调用,请求成功（status_code:200）
2025-09-29 08:58:35 | INFO | extra_reqlog.py:12 : 在<frame at 0x0000019152E1CA40, file 'C:\\Users\\admin\\Desktop\\yiyuan_spider\\API\\API_TaoKe\\API_TaoKe_Good.py', line 65, code tb_tk_goods_analysis>发起了调用,请求成功（status_code:200）
2025-09-29 08:58:35 | SUCCESS | API_TaoKe_Good.py:66 : 成功！！！普通招商/全部活动创建任务日期:2025-09-26
2025-09-29 08:58:35 | INFO | API_TaoKe_Good.py:143 : 任务已经存在
2025-09-29 08:58:35 | INFO | tb_tk_淘宝联盟_商品分析_202504.py:63 : 
========================================================================================================================
正在采集林内官方旗舰店，2025-09-28的数据
2025-09-29 08:58:35 | INFO | extra_reqlog.py:12 : 在<frame at 0x0000019152C811B0, file 'C:\\Users\\admin\\Desktop\\yiyuan_spider\\API\\API_TaoKe\\API_TaoKe_Good.py', line 120, code goods_task_status_list>发起了调用,请求成功（status_code:200）
2025-09-29 08:58:35 | INFO | extra_reqlog.py:12 : 在<frame at 0x0000019152E1D040, file 'C:\\Users\\admin\\Desktop\\yiyuan_spider\\API\\API_TaoKe\\API_TaoKe_Good.py', line 167, code fetch_goods_file_link>发起了调用,请求成功（status_code:200）
2025-09-29 08:58:35 | INFO | downloader.py:80 : https://union-file-center.oss-cn-zhangjiakou.aliyuncs.com/online_d6781b607dc9729ae8295349d89130cf?Expires=1759107564&OSSAccessKeyId=LTAI4FmnP9ZhkUeeAQpo4VPC&Signature=FuzLEPlOkk55nx9gZr5aoa0wTPU%3D&response-content-disposition=attachment%3B%20filename%3D2025-09-28%2000%253A00%253A00%257E2025-09-28%2023%253A59%253A59-%25E6%2599%25AE%25E9%2580%259A%25E6%258B%259B%25E5%2595%2586%252F%25E5%2585%25A8%25E9%2583%25A8%25E6%25B4%25BB%25E5%258A%25A8-%25E5%2595%2586%25E5%2593%2581%25E5%2588%2586%25E6%259E%2590.csv&response-content-type=text%2Fplain%3B%20charset%3DUTF-8
2025-09-29 08:58:36 | INFO | extra_reqlog.py:12 : 在<frame at 0x0000019152E2D300, file 'C:\\Users\\admin\\Desktop\\yiyuan_spider\\extra\\downloader.py', line 82, code _make_request_get>发起了调用,请求成功（status_code:200）
2025-09-29 08:58:36 | INFO | tb_tk_淘宝联盟_商品分析_202504.py:79 : ['林内热水器旗舰店', '林内官方旗舰店'],2025-09-28已入库
2025-09-29 08:58:36 | INFO | extra_reqlog.py:12 : 在<frame at 0x000002A6A2EC8D60, file 'C:\\Users\\admin\\Desktop\\yiyuan_spider\\API\\API_TaoKe\\API_TaoKe_Cps.py', line 93, code cps_task_status_list>发起了调用,请求成功（status_code:200）
2025-09-29 08:58:36 | INFO | tb_tk_淘宝联盟_数据分析_cps订单明细_订单结算明细报表_202505.py:47 : {}
2025-09-29 08:58:36 | INFO | tb_tk_淘宝联盟_数据分析_cps订单明细_订单结算明细报表_202505.py:49 : 
========================================================================================================================
开始采集林内热水器旗舰店，2025-09-26_2025-09-28的数据
2025-09-29 08:58:41 | INFO | extra_reqlog.py:12 : 在<frame at 0x000002A6A2EBCE40, file 'C:\\Users\\admin\\Desktop\\yiyuan_spider\\API\\API_TaoKe\\API_TaoKe_Cps.py', line 119, code fetch_cps_file_link>发起了调用,请求成功（status_code:200）
2025-09-29 08:58:41 | INFO | API_TaoKe_Cps.py:121 : None
2025-09-29 08:58:41 | INFO | downloader.py:80 : None
2025-09-29 08:58:41 | ERROR | downloader.py:85 : 网络请求失败: Invalid URL 'None': No scheme supplied. Perhaps you meant https://None?
2025-09-29 08:58:41 | ERROR | downloader.py:138 : 网络请求失败: Invalid URL 'None': No scheme supplied. Perhaps you meant https://None?
2025-09-29 08:58:41 | ERROR | downloader.py:156 : 下载Excel文件失败: Invalid URL 'None': No scheme supplied. Perhaps you meant https://None?
2025-09-29 08:59:06 | INFO | tb_tk_淘宝联盟_商品分析_202504.py:63 : 
========================================================================================================================
正在采集林内官方旗舰店，2025-09-27的数据
2025-09-29 08:59:06 | INFO | extra_reqlog.py:12 : 在<frame at 0x0000019152C811B0, file 'C:\\Users\\admin\\Desktop\\yiyuan_spider\\API\\API_TaoKe\\API_TaoKe_Good.py', line 120, code goods_task_status_list>发起了调用,请求成功（status_code:200）
2025-09-29 08:59:06 | INFO | extra_reqlog.py:12 : 在<frame at 0x0000019152E1D040, file 'C:\\Users\\admin\\Desktop\\yiyuan_spider\\API\\API_TaoKe\\API_TaoKe_Good.py', line 167, code fetch_goods_file_link>发起了调用,请求成功（status_code:200）
2025-09-29 08:59:06 | INFO | downloader.py:80 : https://union-file-center.oss-cn-zhangjiakou.aliyuncs.com/online_2f44b411db378badb0d5fb4bb55ace08?Expires=1759107595&OSSAccessKeyId=LTAI4FmnP9ZhkUeeAQpo4VPC&Signature=kR5INO4sw7P2fT1%2Fqgfv03AKKV8%3D&response-content-disposition=attachment%3B%20filename%3D2025-09-27%2000%253A00%253A00%257E2025-09-27%2023%253A59%253A59-%25E6%2599%25AE%25E9%2580%259A%25E6%258B%259B%25E5%2595%2586%252F%25E5%2585%25A8%25E9%2583%25A8%25E6%25B4%25BB%25E5%258A%25A8-%25E5%2595%2586%25E5%2593%2581%25E5%2588%2586%25E6%259E%2590.csv&response-content-type=text%2Fplain%3B%20charset%3DUTF-8
2025-09-29 08:59:06 | INFO | extra_reqlog.py:12 : 在<frame at 0x0000019152E2D300, file 'C:\\Users\\admin\\Desktop\\yiyuan_spider\\extra\\downloader.py', line 82, code _make_request_get>发起了调用,请求成功（status_code:200）
2025-09-29 08:59:06 | INFO | tb_tk_淘宝联盟_商品分析_202504.py:79 : ['林内热水器旗舰店', '林内官方旗舰店'],2025-09-27已入库
2025-09-29 08:59:06 | INFO | tb_tk_淘宝联盟_商品分析_202504.py:63 : 
========================================================================================================================
正在采集林内官方旗舰店，2025-09-26的数据
2025-09-29 08:59:06 | INFO | extra_reqlog.py:12 : 在<frame at 0x0000019152C811B0, file 'C:\\Users\\admin\\Desktop\\yiyuan_spider\\API\\API_TaoKe\\API_TaoKe_Good.py', line 120, code goods_task_status_list>发起了调用,请求成功（status_code:200）
2025-09-29 08:59:07 | INFO | extra_reqlog.py:12 : 在<frame at 0x0000019152E1D040, file 'C:\\Users\\admin\\Desktop\\yiyuan_spider\\API\\API_TaoKe\\API_TaoKe_Good.py', line 167, code fetch_goods_file_link>发起了调用,请求成功（status_code:200）
2025-09-29 08:59:07 | INFO | downloader.py:80 : https://union-file-center.oss-cn-zhangjiakou.aliyuncs.com/online_50f152121279b386813d60b4d539a83a?Expires=1759107595&OSSAccessKeyId=LTAI4FmnP9ZhkUeeAQpo4VPC&Signature=NVMKfcGjT1dLnnUQbJbQ1IvFXvU%3D&response-content-disposition=attachment%3B%20filename%3D2025-09-26%2000%253A00%253A00%257E2025-09-26%2023%253A59%253A59-%25E6%2599%25AE%25E9%2580%259A%25E6%258B%259B%25E5%2595%2586%252F%25E5%2585%25A8%25E9%2583%25A8%25E6%25B4%25BB%25E5%258A%25A8-%25E5%2595%2586%25E5%2593%2581%25E5%2588%2586%25E6%259E%2590.csv&response-content-type=text%2Fplain%3B%20charset%3DUTF-8
2025-09-29 08:59:07 | INFO | extra_reqlog.py:12 : 在<frame at 0x0000019152E2D300, file 'C:\\Users\\admin\\Desktop\\yiyuan_spider\\extra\\downloader.py', line 82, code _make_request_get>发起了调用,请求成功（status_code:200）
2025-09-29 08:59:07 | INFO | tb_tk_淘宝联盟_商品分析_202504.py:79 : ['林内热水器旗舰店', '林内官方旗舰店'],2025-09-26已入库
2025-09-29 08:59:07 | INFO | tb_tk_淘宝联盟_商品分析_202504.py:63 : 
========================================================================================================================
正在采集林内官方旗舰店，2025-09-28的数据
2025-09-29 08:59:07 | INFO | extra_reqlog.py:12 : 在<frame at 0x0000019152C811B0, file 'C:\\Users\\admin\\Desktop\\yiyuan_spider\\API\\API_TaoKe\\API_TaoKe_Good.py', line 120, code goods_task_status_list>发起了调用,请求成功（status_code:200）
2025-09-29 08:59:07 | INFO | extra_reqlog.py:12 : 在<frame at 0x0000019152E1D040, file 'C:\\Users\\admin\\Desktop\\yiyuan_spider\\API\\API_TaoKe\\API_TaoKe_Good.py', line 167, code fetch_goods_file_link>发起了调用,请求成功（status_code:200）
2025-09-29 08:59:07 | INFO | downloader.py:80 : https://union-file-center.oss-cn-zhangjiakou.aliyuncs.com/online_d6781b607dc9729ae8295349d89130cf?Expires=1759107596&OSSAccessKeyId=LTAI4FmnP9ZhkUeeAQpo4VPC&Signature=iWQJd%2FIJDXGkw1ZD8GqE1hg54TM%3D&response-content-disposition=attachment%3B%20filename%3D2025-09-28%2000%253A00%253A00%257E2025-09-28%2023%253A59%253A59-%25E6%2599%25AE%25E9%2580%259A%25E6%258B%259B%25E5%2595%2586%252F%25E5%2585%25A8%25E9%2583%25A8%25E6%25B4%25BB%25E5%258A%25A8-%25E5%2595%2586%25E5%2593%2581%25E5%2588%2586%25E6%259E%2590.csv&response-content-type=text%2Fplain%3B%20charset%3DUTF-8
2025-09-29 08:59:07 | INFO | extra_reqlog.py:12 : 在<frame at 0x0000019152E2D300, file 'C:\\Users\\admin\\Desktop\\yiyuan_spider\\extra\\downloader.py', line 82, code _make_request_get>发起了调用,请求成功（status_code:200）
2025-09-29 08:59:07 | INFO | tb_tk_淘宝联盟_商品分析_202504.py:79 : ['林内热水器旗舰店', '林内官方旗舰店'],2025-09-28已入库
2025-09-29 08:59:07 | INFO | tb_tk_淘宝联盟_商品分析_202504.py:86 : ----------------------------------------------------------------------------------------------------
2025-09-29 08:59:07 | INFO | extra_reqlog.py:12 : 在<frame at 0x0000019152C811B0, file 'C:\\Users\\admin\\Desktop\\yiyuan_spider\\API\\API_TaoKe\\API_TaoKe_Good.py', line 120, code goods_task_status_list>发起了调用,请求成功（status_code:200）
2025-09-29 08:59:07 | INFO | API_TaoKe_Good.py:78 : 
------------------------------------------------------------------------------------------------------------------------
在创建 2025-09-28 00:00:00~2025-09-28 23:59:59-超级U选/全部活动 报告
2025-09-29 08:59:08 | INFO | extra_reqlog.py:12 : 在<frame at 0x0000019152E1CA40, file 'C:\\Users\\admin\\Desktop\\yiyuan_spider\\API\\API_TaoKe\\API_TaoKe_Good.py', line 65, code tb_tk_goods_analysis>发起了调用,请求成功（status_code:200）
2025-09-29 08:59:08 | SUCCESS | API_TaoKe_Good.py:66 : 成功！！！超级U选/全部活动创建任务日期:2025-09-28
2025-09-29 08:59:08 | INFO | API_TaoKe_Good.py:89 : 任务已创建，670425251
2025-09-29 08:59:08 | INFO | API_TaoKe_Good.py:78 : 
------------------------------------------------------------------------------------------------------------------------
在创建 2025-09-27 00:00:00~2025-09-27 23:59:59-超级U选/全部活动 报告
2025-09-29 08:59:08 | INFO | extra_reqlog.py:12 : 在<frame at 0x0000019152E1CA40, file 'C:\\Users\\admin\\Desktop\\yiyuan_spider\\API\\API_TaoKe\\API_TaoKe_Good.py', line 65, code tb_tk_goods_analysis>发起了调用,请求成功（status_code:200）
2025-09-29 08:59:08 | SUCCESS | API_TaoKe_Good.py:66 : 成功！！！超级U选/全部活动创建任务日期:2025-09-27
2025-09-29 08:59:08 | INFO | API_TaoKe_Good.py:89 : 任务已创建，670425252
2025-09-29 08:59:08 | INFO | API_TaoKe_Good.py:78 : 
------------------------------------------------------------------------------------------------------------------------
在创建 2025-09-26 00:00:00~2025-09-26 23:59:59-超级U选/全部活动 报告
2025-09-29 08:59:08 | INFO | extra_reqlog.py:12 : 在<frame at 0x0000019152E1CA40, file 'C:\\Users\\admin\\Desktop\\yiyuan_spider\\API\\API_TaoKe\\API_TaoKe_Good.py', line 65, code tb_tk_goods_analysis>发起了调用,请求成功（status_code:200）
2025-09-29 08:59:08 | SUCCESS | API_TaoKe_Good.py:66 : 成功！！！超级U选/全部活动创建任务日期:2025-09-26
2025-09-29 08:59:08 | INFO | API_TaoKe_Good.py:89 : 任务已创建，670425253
2025-09-29 08:59:08 | INFO | tb_tk_淘宝联盟_商品分析_202504.py:63 : 
========================================================================================================================
正在采集林内热水器旗舰店，2025-09-27的数据
2025-09-29 08:59:08 | INFO | extra_reqlog.py:12 : 在<frame at 0x0000019152C811B0, file 'C:\\Users\\admin\\Desktop\\yiyuan_spider\\API\\API_TaoKe\\API_TaoKe_Good.py', line 120, code goods_task_status_list>发起了调用,请求成功（status_code:200）
2025-09-29 08:59:08 | INFO | extra_reqlog.py:12 : 在<frame at 0x0000019152E1CA40, file 'C:\\Users\\admin\\Desktop\\yiyuan_spider\\API\\API_TaoKe\\API_TaoKe_Good.py', line 65, code tb_tk_goods_analysis>发起了调用,请求成功（status_code:200）
2025-09-29 08:59:08 | SUCCESS | API_TaoKe_Good.py:66 : 成功！！！超级U选/全部活动创建任务日期:2025-09-27
2025-09-29 08:59:08 | INFO | API_TaoKe_Good.py:143 : 任务已经存在
2025-09-29 08:59:08 | INFO | tb_tk_淘宝联盟_商品分析_202504.py:63 : 
========================================================================================================================
正在采集林内热水器旗舰店，2025-09-26的数据
2025-09-29 08:59:08 | INFO | extra_reqlog.py:12 : 在<frame at 0x0000019152C811B0, file 'C:\\Users\\admin\\Desktop\\yiyuan_spider\\API\\API_TaoKe\\API_TaoKe_Good.py', line 120, code goods_task_status_list>发起了调用,请求成功（status_code:200）
2025-09-29 08:59:08 | INFO | extra_reqlog.py:12 : 在<frame at 0x0000019152E1CA40, file 'C:\\Users\\admin\\Desktop\\yiyuan_spider\\API\\API_TaoKe\\API_TaoKe_Good.py', line 65, code tb_tk_goods_analysis>发起了调用,请求成功（status_code:200）
2025-09-29 08:59:08 | SUCCESS | API_TaoKe_Good.py:66 : 成功！！！超级U选/全部活动创建任务日期:2025-09-26
2025-09-29 08:59:08 | INFO | API_TaoKe_Good.py:143 : 任务已经存在
2025-09-29 08:59:08 | INFO | tb_tk_淘宝联盟_商品分析_202504.py:63 : 
========================================================================================================================
正在采集林内热水器旗舰店，2025-09-28的数据
2025-09-29 08:59:09 | INFO | extra_reqlog.py:12 : 在<frame at 0x0000019152C811B0, file 'C:\\Users\\admin\\Desktop\\yiyuan_spider\\API\\API_TaoKe\\API_TaoKe_Good.py', line 120, code goods_task_status_list>发起了调用,请求成功（status_code:200）
2025-09-29 08:59:09 | INFO | extra_reqlog.py:12 : 在<frame at 0x0000019152E1CA40, file 'C:\\Users\\admin\\Desktop\\yiyuan_spider\\API\\API_TaoKe\\API_TaoKe_Good.py', line 65, code tb_tk_goods_analysis>发起了调用,请求成功（status_code:200）
2025-09-29 08:59:09 | SUCCESS | API_TaoKe_Good.py:66 : 成功！！！超级U选/全部活动创建任务日期:2025-09-28
2025-09-29 08:59:09 | INFO | API_TaoKe_Good.py:143 : 任务已经存在
2025-09-29 08:59:39 | INFO | tb_tk_淘宝联盟_商品分析_202504.py:63 : 
========================================================================================================================
正在采集林内热水器旗舰店，2025-09-27的数据
2025-09-29 08:59:39 | INFO | extra_reqlog.py:12 : 在<frame at 0x0000019152C811B0, file 'C:\\Users\\admin\\Desktop\\yiyuan_spider\\API\\API_TaoKe\\API_TaoKe_Good.py', line 120, code goods_task_status_list>发起了调用,请求成功（status_code:200）
2025-09-29 08:59:39 | INFO | extra_reqlog.py:12 : 在<frame at 0x0000019152E1CA40, file 'C:\\Users\\admin\\Desktop\\yiyuan_spider\\API\\API_TaoKe\\API_TaoKe_Good.py', line 65, code tb_tk_goods_analysis>发起了调用,请求成功（status_code:200）
2025-09-29 08:59:39 | SUCCESS | API_TaoKe_Good.py:66 : 成功！！！超级U选/全部活动创建任务日期:2025-09-27
2025-09-29 08:59:39 | INFO | API_TaoKe_Good.py:143 : 任务已经存在
2025-09-29 08:59:39 | INFO | tb_tk_淘宝联盟_商品分析_202504.py:63 : 
========================================================================================================================
正在采集林内热水器旗舰店，2025-09-26的数据
2025-09-29 08:59:39 | INFO | extra_reqlog.py:12 : 在<frame at 0x0000019152C811B0, file 'C:\\Users\\admin\\Desktop\\yiyuan_spider\\API\\API_TaoKe\\API_TaoKe_Good.py', line 120, code goods_task_status_list>发起了调用,请求成功（status_code:200）
2025-09-29 08:59:39 | INFO | extra_reqlog.py:12 : 在<frame at 0x0000019152E1CA40, file 'C:\\Users\\admin\\Desktop\\yiyuan_spider\\API\\API_TaoKe\\API_TaoKe_Good.py', line 65, code tb_tk_goods_analysis>发起了调用,请求成功（status_code:200）
2025-09-29 08:59:39 | SUCCESS | API_TaoKe_Good.py:66 : 成功！！！超级U选/全部活动创建任务日期:2025-09-26
2025-09-29 08:59:39 | INFO | API_TaoKe_Good.py:143 : 任务已经存在
2025-09-29 08:59:39 | INFO | tb_tk_淘宝联盟_商品分析_202504.py:63 : 
========================================================================================================================
正在采集林内热水器旗舰店，2025-09-28的数据
2025-09-29 08:59:39 | INFO | extra_reqlog.py:12 : 在<frame at 0x0000019152C811B0, file 'C:\\Users\\admin\\Desktop\\yiyuan_spider\\API\\API_TaoKe\\API_TaoKe_Good.py', line 120, code goods_task_status_list>发起了调用,请求成功（status_code:200）
2025-09-29 08:59:39 | INFO | extra_reqlog.py:12 : 在<frame at 0x0000019152E1CA40, file 'C:\\Users\\admin\\Desktop\\yiyuan_spider\\API\\API_TaoKe\\API_TaoKe_Good.py', line 65, code tb_tk_goods_analysis>发起了调用,请求成功（status_code:200）
2025-09-29 08:59:39 | SUCCESS | API_TaoKe_Good.py:66 : 成功！！！超级U选/全部活动创建任务日期:2025-09-28
2025-09-29 08:59:39 | INFO | API_TaoKe_Good.py:143 : 任务已经存在
2025-09-29 09:00:09 | INFO | tb_tk_淘宝联盟_商品分析_202504.py:63 : 
========================================================================================================================
正在采集林内热水器旗舰店，2025-09-27的数据
2025-09-29 09:00:10 | INFO | extra_reqlog.py:12 : 在<frame at 0x0000019152C811B0, file 'C:\\Users\\admin\\Desktop\\yiyuan_spider\\API\\API_TaoKe\\API_TaoKe_Good.py', line 120, code goods_task_status_list>发起了调用,请求成功（status_code:200）
2025-09-29 09:00:10 | INFO | extra_reqlog.py:12 : 在<frame at 0x0000019152E1D040, file 'C:\\Users\\admin\\Desktop\\yiyuan_spider\\API\\API_TaoKe\\API_TaoKe_Good.py', line 167, code fetch_goods_file_link>发起了调用,请求成功（status_code:200）
2025-09-29 09:00:10 | INFO | downloader.py:80 : https://union-file-center.oss-cn-zhangjiakou.aliyuncs.com/online_cf1f44c88d018ea694eeb20059122db0?Expires=1759107658&OSSAccessKeyId=LTAI4FmnP9ZhkUeeAQpo4VPC&Signature=DkZaYQqcl3QjITbhZesLm1MiLCo%3D&response-content-disposition=attachment%3B%20filename%3D2025-09-27%2000%253A00%253A00%257E2025-09-27%2023%253A59%253A59-%25E8%25B6%2585%25E7%25BA%25A7U%25E9%2580%2589%252F%25E5%2585%25A8%25E9%2583%25A8%25E6%25B4%25BB%25E5%258A%25A8-%25E5%2595%2586%25E5%2593%2581%25E5%2588%2586%25E6%259E%2590.csv&response-content-type=text%2Fplain%3B%20charset%3DUTF-8
2025-09-29 09:00:10 | INFO | extra_reqlog.py:12 : 在<frame at 0x0000019152E2D300, file 'C:\\Users\\admin\\Desktop\\yiyuan_spider\\extra\\downloader.py', line 82, code _make_request_get>发起了调用,请求成功（status_code:200）
2025-09-29 09:00:10 | INFO | tb_tk_淘宝联盟_商品分析_202504.py:79 : ['林内热水器旗舰店', '林内官方旗舰店'],2025-09-27已入库
2025-09-29 09:00:10 | INFO | tb_tk_淘宝联盟_商品分析_202504.py:63 : 
========================================================================================================================
正在采集林内热水器旗舰店，2025-09-26的数据
2025-09-29 09:00:10 | INFO | extra_reqlog.py:12 : 在<frame at 0x0000019152C811B0, file 'C:\\Users\\admin\\Desktop\\yiyuan_spider\\API\\API_TaoKe\\API_TaoKe_Good.py', line 120, code goods_task_status_list>发起了调用,请求成功（status_code:200）
2025-09-29 09:00:10 | INFO | extra_reqlog.py:12 : 在<frame at 0x0000019152E1D040, file 'C:\\Users\\admin\\Desktop\\yiyuan_spider\\API\\API_TaoKe\\API_TaoKe_Good.py', line 167, code fetch_goods_file_link>发起了调用,请求成功（status_code:200）
2025-09-29 09:00:10 | INFO | downloader.py:80 : https://union-file-center.oss-cn-zhangjiakou.aliyuncs.com/online_2e42a2b9c6f8a1a58366ea0b6fb346dc?Expires=1759107659&OSSAccessKeyId=LTAI4FmnP9ZhkUeeAQpo4VPC&Signature=GKoEpXLzPFfwFNvSpY72LTZwJdo%3D&response-content-disposition=attachment%3B%20filename%3D2025-09-26%2000%253A00%253A00%257E2025-09-26%2023%253A59%253A59-%25E8%25B6%2585%25E7%25BA%25A7U%25E9%2580%2589%252F%25E5%2585%25A8%25E9%2583%25A8%25E6%25B4%25BB%25E5%258A%25A8-%25E5%2595%2586%25E5%2593%2581%25E5%2588%2586%25E6%259E%2590.csv&response-content-type=text%2Fplain%3B%20charset%3DUTF-8
2025-09-29 09:00:10 | INFO | extra_reqlog.py:12 : 在<frame at 0x0000019152E2D300, file 'C:\\Users\\admin\\Desktop\\yiyuan_spider\\extra\\downloader.py', line 82, code _make_request_get>发起了调用,请求成功（status_code:200）
2025-09-29 09:00:11 | INFO | tb_tk_淘宝联盟_商品分析_202504.py:79 : ['林内热水器旗舰店', '林内官方旗舰店'],2025-09-26已入库
2025-09-29 09:00:11 | INFO | tb_tk_淘宝联盟_商品分析_202504.py:63 : 
========================================================================================================================
正在采集林内热水器旗舰店，2025-09-28的数据
2025-09-29 09:00:11 | INFO | extra_reqlog.py:12 : 在<frame at 0x0000019152C811B0, file 'C:\\Users\\admin\\Desktop\\yiyuan_spider\\API\\API_TaoKe\\API_TaoKe_Good.py', line 120, code goods_task_status_list>发起了调用,请求成功（status_code:200）
2025-09-29 09:00:11 | INFO | extra_reqlog.py:12 : 在<frame at 0x0000019152E1D040, file 'C:\\Users\\admin\\Desktop\\yiyuan_spider\\API\\API_TaoKe\\API_TaoKe_Good.py', line 167, code fetch_goods_file_link>发起了调用,请求成功（status_code:200）
2025-09-29 09:00:11 | INFO | downloader.py:80 : https://union-file-center.oss-cn-zhangjiakou.aliyuncs.com/online_f16070489608404eb5fb0058f89bda8a?Expires=1759107659&OSSAccessKeyId=LTAI4FmnP9ZhkUeeAQpo4VPC&Signature=YkgHt0B46q5R0z5L%2FYCIAGeNbKg%3D&response-content-disposition=attachment%3B%20filename%3D2025-09-28%2000%253A00%253A00%257E2025-09-28%2023%253A59%253A59-%25E8%25B6%2585%25E7%25BA%25A7U%25E9%2580%2589%252F%25E5%2585%25A8%25E9%2583%25A8%25E6%25B4%25BB%25E5%258A%25A8-%25E5%2595%2586%25E5%2593%2581%25E5%2588%2586%25E6%259E%2590.csv&response-content-type=text%2Fplain%3B%20charset%3DUTF-8
2025-09-29 09:00:11 | INFO | extra_reqlog.py:12 : 在<frame at 0x0000019152E2D300, file 'C:\\Users\\admin\\Desktop\\yiyuan_spider\\extra\\downloader.py', line 82, code _make_request_get>发起了调用,请求成功（status_code:200）
2025-09-29 09:00:11 | INFO | tb_tk_淘宝联盟_商品分析_202504.py:79 : ['林内热水器旗舰店', '林内官方旗舰店'],2025-09-28已入库
2025-09-29 09:00:11 | INFO | extra_reqlog.py:12 : 在<frame at 0x0000019152C811B0, file 'C:\\Users\\admin\\Desktop\\yiyuan_spider\\API\\API_TaoKe\\API_TaoKe_Good.py', line 120, code goods_task_status_list>发起了调用,请求成功（status_code:200）
2025-09-29 09:00:11 | INFO | API_TaoKe_Good.py:78 : 
------------------------------------------------------------------------------------------------------------------------
在创建 2025-09-28 00:00:00~2025-09-28 23:59:59-超级淘客/全部活动 报告
2025-09-29 09:00:11 | INFO | extra_reqlog.py:12 : 在<frame at 0x0000019152E1CA40, file 'C:\\Users\\admin\\Desktop\\yiyuan_spider\\API\\API_TaoKe\\API_TaoKe_Good.py', line 65, code tb_tk_goods_analysis>发起了调用,请求成功（status_code:200）
2025-09-29 09:00:11 | SUCCESS | API_TaoKe_Good.py:66 : 成功！！！超级淘客/全部活动创建任务日期:2025-09-28
2025-09-29 09:00:11 | INFO | API_TaoKe_Good.py:89 : 任务已创建，670425881
2025-09-29 09:00:11 | INFO | API_TaoKe_Good.py:78 : 
------------------------------------------------------------------------------------------------------------------------
在创建 2025-09-27 00:00:00~2025-09-27 23:59:59-超级淘客/全部活动 报告
2025-09-29 09:00:11 | INFO | extra_reqlog.py:12 : 在<frame at 0x0000019152E1CA40, file 'C:\\Users\\admin\\Desktop\\yiyuan_spider\\API\\API_TaoKe\\API_TaoKe_Good.py', line 65, code tb_tk_goods_analysis>发起了调用,请求成功（status_code:200）
2025-09-29 09:00:11 | SUCCESS | API_TaoKe_Good.py:66 : 成功！！！超级淘客/全部活动创建任务日期:2025-09-27
2025-09-29 09:00:11 | INFO | API_TaoKe_Good.py:89 : 任务已创建，670425882
2025-09-29 09:00:11 | INFO | API_TaoKe_Good.py:78 : 
------------------------------------------------------------------------------------------------------------------------
在创建 2025-09-26 00:00:00~2025-09-26 23:59:59-超级淘客/全部活动 报告
2025-09-29 09:00:12 | INFO | extra_reqlog.py:12 : 在<frame at 0x0000019152E1CA40, file 'C:\\Users\\admin\\Desktop\\yiyuan_spider\\API\\API_TaoKe\\API_TaoKe_Good.py', line 65, code tb_tk_goods_analysis>发起了调用,请求成功（status_code:200）
2025-09-29 09:00:12 | SUCCESS | API_TaoKe_Good.py:66 : 成功！！！超级淘客/全部活动创建任务日期:2025-09-26
2025-09-29 09:00:12 | INFO | API_TaoKe_Good.py:89 : 任务已创建，670425883
2025-09-29 09:00:12 | INFO | tb_tk_淘宝联盟_商品分析_202504.py:63 : 
========================================================================================================================
正在采集林内热水器旗舰店，2025-09-27的数据
2025-09-29 09:00:12 | INFO | extra_reqlog.py:12 : 在<frame at 0x0000019152C811B0, file 'C:\\Users\\admin\\Desktop\\yiyuan_spider\\API\\API_TaoKe\\API_TaoKe_Good.py', line 120, code goods_task_status_list>发起了调用,请求成功（status_code:200）
2025-09-29 09:00:12 | INFO | extra_reqlog.py:12 : 在<frame at 0x0000019152E1CA40, file 'C:\\Users\\admin\\Desktop\\yiyuan_spider\\API\\API_TaoKe\\API_TaoKe_Good.py', line 65, code tb_tk_goods_analysis>发起了调用,请求成功（status_code:200）
2025-09-29 09:00:12 | SUCCESS | API_TaoKe_Good.py:66 : 成功！！！超级淘客/全部活动创建任务日期:2025-09-27
2025-09-29 09:00:12 | INFO | API_TaoKe_Good.py:143 : 任务已经存在
2025-09-29 09:00:12 | INFO | tb_tk_淘宝联盟_商品分析_202504.py:63 : 
========================================================================================================================
正在采集林内热水器旗舰店，2025-09-26的数据
2025-09-29 09:00:12 | INFO | extra_reqlog.py:12 : 在<frame at 0x0000019152C811B0, file 'C:\\Users\\admin\\Desktop\\yiyuan_spider\\API\\API_TaoKe\\API_TaoKe_Good.py', line 120, code goods_task_status_list>发起了调用,请求成功（status_code:200）
2025-09-29 09:00:12 | INFO | extra_reqlog.py:12 : 在<frame at 0x0000019152E1CA40, file 'C:\\Users\\admin\\Desktop\\yiyuan_spider\\API\\API_TaoKe\\API_TaoKe_Good.py', line 65, code tb_tk_goods_analysis>发起了调用,请求成功（status_code:200）
2025-09-29 09:00:12 | SUCCESS | API_TaoKe_Good.py:66 : 成功！！！超级淘客/全部活动创建任务日期:2025-09-26
2025-09-29 09:00:12 | INFO | API_TaoKe_Good.py:143 : 任务已经存在
2025-09-29 09:00:12 | INFO | tb_tk_淘宝联盟_商品分析_202504.py:63 : 
========================================================================================================================
正在采集林内热水器旗舰店，2025-09-28的数据
2025-09-29 09:00:12 | INFO | extra_reqlog.py:12 : 在<frame at 0x0000019152C811B0, file 'C:\\Users\\admin\\Desktop\\yiyuan_spider\\API\\API_TaoKe\\API_TaoKe_Good.py', line 120, code goods_task_status_list>发起了调用,请求成功（status_code:200）
2025-09-29 09:00:12 | INFO | extra_reqlog.py:12 : 在<frame at 0x0000019152E1CA40, file 'C:\\Users\\admin\\Desktop\\yiyuan_spider\\API\\API_TaoKe\\API_TaoKe_Good.py', line 65, code tb_tk_goods_analysis>发起了调用,请求成功（status_code:200）
2025-09-29 09:00:12 | SUCCESS | API_TaoKe_Good.py:66 : 成功！！！超级淘客/全部活动创建任务日期:2025-09-28
2025-09-29 09:00:12 | INFO | API_TaoKe_Good.py:143 : 任务已经存在
2025-09-29 09:00:42 | INFO | tb_tk_淘宝联盟_商品分析_202504.py:63 : 
========================================================================================================================
正在采集林内热水器旗舰店，2025-09-27的数据
2025-09-29 09:00:43 | INFO | extra_reqlog.py:12 : 在<frame at 0x0000019152C811B0, file 'C:\\Users\\admin\\Desktop\\yiyuan_spider\\API\\API_TaoKe\\API_TaoKe_Good.py', line 120, code goods_task_status_list>发起了调用,请求成功（status_code:200）
2025-09-29 09:00:43 | INFO | extra_reqlog.py:12 : 在<frame at 0x0000019152E1D040, file 'C:\\Users\\admin\\Desktop\\yiyuan_spider\\API\\API_TaoKe\\API_TaoKe_Good.py', line 167, code fetch_goods_file_link>发起了调用,请求成功（status_code:200）
2025-09-29 09:00:43 | INFO | downloader.py:80 : https://union-file-center.oss-cn-zhangjiakou.aliyuncs.com/online_4f5cb001296e8f112c34305d0c245d08?Expires=1759107691&OSSAccessKeyId=LTAI4FmnP9ZhkUeeAQpo4VPC&Signature=TduCGAlomySyySrsKOfEuC8wd%2FA%3D&response-content-disposition=attachment%3B%20filename%3D2025-09-27%2000%253A00%253A00%257E2025-09-27%2023%253A59%253A59-%25E8%25B6%2585%25E7%25BA%25A7%25E6%25B7%2598%25E5%25AE%25A2%252F%25E5%2585%25A8%25E9%2583%25A8%25E6%25B4%25BB%25E5%258A%25A8-%25E5%2595%2586%25E5%2593%2581%25E5%2588%2586%25E6%259E%2590.csv&response-content-type=text%2Fplain%3B%20charset%3DUTF-8
2025-09-29 09:00:43 | INFO | extra_reqlog.py:12 : 在<frame at 0x0000019152E2D300, file 'C:\\Users\\admin\\Desktop\\yiyuan_spider\\extra\\downloader.py', line 82, code _make_request_get>发起了调用,请求成功（status_code:200）
2025-09-29 09:00:43 | INFO | tb_tk_淘宝联盟_商品分析_202504.py:79 : ['林内热水器旗舰店', '林内官方旗舰店'],2025-09-27已入库
2025-09-29 09:00:43 | INFO | tb_tk_淘宝联盟_商品分析_202504.py:63 : 
========================================================================================================================
正在采集林内热水器旗舰店，2025-09-26的数据
2025-09-29 09:00:43 | INFO | extra_reqlog.py:12 : 在<frame at 0x0000019152C811B0, file 'C:\\Users\\admin\\Desktop\\yiyuan_spider\\API\\API_TaoKe\\API_TaoKe_Good.py', line 120, code goods_task_status_list>发起了调用,请求成功（status_code:200）
2025-09-29 09:00:43 | INFO | extra_reqlog.py:12 : 在<frame at 0x0000019152E1CA40, file 'C:\\Users\\admin\\Desktop\\yiyuan_spider\\API\\API_TaoKe\\API_TaoKe_Good.py', line 65, code tb_tk_goods_analysis>发起了调用,请求成功（status_code:200）
2025-09-29 09:00:43 | SUCCESS | API_TaoKe_Good.py:66 : 成功！！！超级淘客/全部活动创建任务日期:2025-09-26
2025-09-29 09:00:43 | INFO | API_TaoKe_Good.py:143 : 任务已经存在
2025-09-29 09:00:43 | INFO | tb_tk_淘宝联盟_商品分析_202504.py:63 : 
========================================================================================================================
正在采集林内热水器旗舰店，2025-09-28的数据
2025-09-29 09:00:43 | INFO | extra_reqlog.py:12 : 在<frame at 0x0000019152C811B0, file 'C:\\Users\\admin\\Desktop\\yiyuan_spider\\API\\API_TaoKe\\API_TaoKe_Good.py', line 120, code goods_task_status_list>发起了调用,请求成功（status_code:200）
2025-09-29 09:00:44 | INFO | extra_reqlog.py:12 : 在<frame at 0x0000019152E1D040, file 'C:\\Users\\admin\\Desktop\\yiyuan_spider\\API\\API_TaoKe\\API_TaoKe_Good.py', line 167, code fetch_goods_file_link>发起了调用,请求成功（status_code:200）
2025-09-29 09:00:44 | INFO | downloader.py:80 : https://union-file-center.oss-cn-zhangjiakou.aliyuncs.com/online_bfadbfc8264d32ef4928883eb2c29c28?Expires=1759107692&OSSAccessKeyId=LTAI4FmnP9ZhkUeeAQpo4VPC&Signature=uJ3%2BDyBdZs4TfgYj8f3W86pU37Y%3D&response-content-disposition=attachment%3B%20filename%3D2025-09-28%2000%253A00%253A00%257E2025-09-28%2023%253A59%253A59-%25E8%25B6%2585%25E7%25BA%25A7%25E6%25B7%2598%25E5%25AE%25A2%252F%25E5%2585%25A8%25E9%2583%25A8%25E6%25B4%25BB%25E5%258A%25A8-%25E5%2595%2586%25E5%2593%2581%25E5%2588%2586%25E6%259E%2590.csv&response-content-type=text%2Fplain%3B%20charset%3DUTF-8
2025-09-29 09:00:44 | INFO | extra_reqlog.py:12 : 在<frame at 0x0000019152E2D300, file 'C:\\Users\\admin\\Desktop\\yiyuan_spider\\extra\\downloader.py', line 82, code _make_request_get>发起了调用,请求成功（status_code:200）
2025-09-29 09:00:44 | INFO | tb_tk_淘宝联盟_商品分析_202504.py:79 : ['林内热水器旗舰店', '林内官方旗舰店'],2025-09-28已入库
2025-09-29 09:01:14 | INFO | tb_tk_淘宝联盟_商品分析_202504.py:63 : 
========================================================================================================================
正在采集林内热水器旗舰店，2025-09-27的数据
2025-09-29 09:01:14 | INFO | extra_reqlog.py:12 : 在<frame at 0x0000019152C811B0, file 'C:\\Users\\admin\\Desktop\\yiyuan_spider\\API\\API_TaoKe\\API_TaoKe_Good.py', line 120, code goods_task_status_list>发起了调用,请求成功（status_code:200）
2025-09-29 09:01:14 | INFO | extra_reqlog.py:12 : 在<frame at 0x0000019152E1D040, file 'C:\\Users\\admin\\Desktop\\yiyuan_spider\\API\\API_TaoKe\\API_TaoKe_Good.py', line 167, code fetch_goods_file_link>发起了调用,请求成功（status_code:200）
2025-09-29 09:01:14 | INFO | downloader.py:80 : https://union-file-center.oss-cn-zhangjiakou.aliyuncs.com/online_4f5cb001296e8f112c34305d0c245d08?Expires=1759107723&OSSAccessKeyId=LTAI4FmnP9ZhkUeeAQpo4VPC&Signature=0%2FTgETtGHQvr0WfAHNZIKMWm%2FEc%3D&response-content-disposition=attachment%3B%20filename%3D2025-09-27%2000%253A00%253A00%257E2025-09-27%2023%253A59%253A59-%25E8%25B6%2585%25E7%25BA%25A7%25E6%25B7%2598%25E5%25AE%25A2%252F%25E5%2585%25A8%25E9%2583%25A8%25E6%25B4%25BB%25E5%258A%25A8-%25E5%2595%2586%25E5%2593%2581%25E5%2588%2586%25E6%259E%2590.csv&response-content-type=text%2Fplain%3B%20charset%3DUTF-8
2025-09-29 09:01:14 | INFO | extra_reqlog.py:12 : 在<frame at 0x0000019152E2D300, file 'C:\\Users\\admin\\Desktop\\yiyuan_spider\\extra\\downloader.py', line 82, code _make_request_get>发起了调用,请求成功（status_code:200）
2025-09-29 09:01:14 | INFO | tb_tk_淘宝联盟_商品分析_202504.py:79 : ['林内热水器旗舰店', '林内官方旗舰店'],2025-09-27已入库
2025-09-29 09:01:14 | INFO | tb_tk_淘宝联盟_商品分析_202504.py:63 : 
========================================================================================================================
正在采集林内热水器旗舰店，2025-09-26的数据
2025-09-29 09:01:15 | INFO | extra_reqlog.py:12 : 在<frame at 0x0000019152C811B0, file 'C:\\Users\\admin\\Desktop\\yiyuan_spider\\API\\API_TaoKe\\API_TaoKe_Good.py', line 120, code goods_task_status_list>发起了调用,请求成功（status_code:200）
2025-09-29 09:01:15 | INFO | extra_reqlog.py:12 : 在<frame at 0x0000019152E1D040, file 'C:\\Users\\admin\\Desktop\\yiyuan_spider\\API\\API_TaoKe\\API_TaoKe_Good.py', line 167, code fetch_goods_file_link>发起了调用,请求成功（status_code:200）
2025-09-29 09:01:15 | INFO | downloader.py:80 : https://union-file-center.oss-cn-zhangjiakou.aliyuncs.com/online_f16abcbf3e0f6cda2ae664fccad0db74?Expires=1759107723&OSSAccessKeyId=LTAI4FmnP9ZhkUeeAQpo4VPC&Signature=0KJ%2F9nN3KacXVvuveX%2FQlf5nzHI%3D&response-content-disposition=attachment%3B%20filename%3D2025-09-26%2000%253A00%253A00%257E2025-09-26%2023%253A59%253A59-%25E8%25B6%2585%25E7%25BA%25A7%25E6%25B7%2598%25E5%25AE%25A2%252F%25E5%2585%25A8%25E9%2583%25A8%25E6%25B4%25BB%25E5%258A%25A8-%25E5%2595%2586%25E5%2593%2581%25E5%2588%2586%25E6%259E%2590.csv&response-content-type=text%2Fplain%3B%20charset%3DUTF-8
2025-09-29 09:01:15 | INFO | extra_reqlog.py:12 : 在<frame at 0x0000019152E2D300, file 'C:\\Users\\admin\\Desktop\\yiyuan_spider\\extra\\downloader.py', line 82, code _make_request_get>发起了调用,请求成功（status_code:200）
2025-09-29 09:01:15 | INFO | tb_tk_淘宝联盟_商品分析_202504.py:79 : ['林内热水器旗舰店', '林内官方旗舰店'],2025-09-26已入库
2025-09-29 09:01:15 | INFO | tb_tk_淘宝联盟_商品分析_202504.py:63 : 
========================================================================================================================
正在采集林内热水器旗舰店，2025-09-28的数据
2025-09-29 09:01:15 | INFO | extra_reqlog.py:12 : 在<frame at 0x0000019152C811B0, file 'C:\\Users\\admin\\Desktop\\yiyuan_spider\\API\\API_TaoKe\\API_TaoKe_Good.py', line 120, code goods_task_status_list>发起了调用,请求成功（status_code:200）
2025-09-29 09:01:15 | INFO | extra_reqlog.py:12 : 在<frame at 0x0000019152E1D040, file 'C:\\Users\\admin\\Desktop\\yiyuan_spider\\API\\API_TaoKe\\API_TaoKe_Good.py', line 167, code fetch_goods_file_link>发起了调用,请求成功（status_code:200）
2025-09-29 09:01:15 | INFO | downloader.py:80 : https://union-file-center.oss-cn-zhangjiakou.aliyuncs.com/online_bfadbfc8264d32ef4928883eb2c29c28?Expires=1759107724&OSSAccessKeyId=LTAI4FmnP9ZhkUeeAQpo4VPC&Signature=Mm4zKfMHVq%2FCl9sFPGJvN5Iwed0%3D&response-content-disposition=attachment%3B%20filename%3D2025-09-28%2000%253A00%253A00%257E2025-09-28%2023%253A59%253A59-%25E8%25B6%2585%25E7%25BA%25A7%25E6%25B7%2598%25E5%25AE%25A2%252F%25E5%2585%25A8%25E9%2583%25A8%25E6%25B4%25BB%25E5%258A%25A8-%25E5%2595%2586%25E5%2593%2581%25E5%2588%2586%25E6%259E%2590.csv&response-content-type=text%2Fplain%3B%20charset%3DUTF-8
2025-09-29 09:01:15 | INFO | extra_reqlog.py:12 : 在<frame at 0x0000019152E2D300, file 'C:\\Users\\admin\\Desktop\\yiyuan_spider\\extra\\downloader.py', line 82, code _make_request_get>发起了调用,请求成功（status_code:200）
2025-09-29 09:01:15 | INFO | tb_tk_淘宝联盟_商品分析_202504.py:79 : ['林内热水器旗舰店', '林内官方旗舰店'],2025-09-28已入库
2025-09-29 09:01:15 | INFO | extra_reqlog.py:12 : 在<frame at 0x0000019152C811B0, file 'C:\\Users\\admin\\Desktop\\yiyuan_spider\\API\\API_TaoKe\\API_TaoKe_Good.py', line 120, code goods_task_status_list>发起了调用,请求成功（status_code:200）
2025-09-29 09:01:15 | INFO | API_TaoKe_Good.py:78 : 
------------------------------------------------------------------------------------------------------------------------
在创建 2025-09-28 00:00:00~2025-09-28 23:59:59-普通招商/全部活动 报告
2025-09-29 09:01:16 | INFO | extra_reqlog.py:12 : 在<frame at 0x0000019152E1CA40, file 'C:\\Users\\admin\\Desktop\\yiyuan_spider\\API\\API_TaoKe\\API_TaoKe_Good.py', line 65, code tb_tk_goods_analysis>发起了调用,请求成功（status_code:200）
2025-09-29 09:01:16 | SUCCESS | API_TaoKe_Good.py:66 : 成功！！！普通招商/全部活动创建任务日期:2025-09-28
2025-09-29 09:01:16 | INFO | API_TaoKe_Good.py:89 : 任务已创建，670426136
2025-09-29 09:01:16 | INFO | API_TaoKe_Good.py:78 : 
------------------------------------------------------------------------------------------------------------------------
在创建 2025-09-27 00:00:00~2025-09-27 23:59:59-普通招商/全部活动 报告
2025-09-29 09:01:16 | INFO | extra_reqlog.py:12 : 在<frame at 0x0000019152E1CA40, file 'C:\\Users\\admin\\Desktop\\yiyuan_spider\\API\\API_TaoKe\\API_TaoKe_Good.py', line 65, code tb_tk_goods_analysis>发起了调用,请求成功（status_code:200）
2025-09-29 09:01:16 | SUCCESS | API_TaoKe_Good.py:66 : 成功！！！普通招商/全部活动创建任务日期:2025-09-27
2025-09-29 09:01:16 | INFO | API_TaoKe_Good.py:89 : 任务已创建，670426137
2025-09-29 09:01:16 | INFO | API_TaoKe_Good.py:78 : 
------------------------------------------------------------------------------------------------------------------------
在创建 2025-09-26 00:00:00~2025-09-26 23:59:59-普通招商/全部活动 报告
2025-09-29 09:01:16 | INFO | extra_reqlog.py:12 : 在<frame at 0x0000019152E1CA40, file 'C:\\Users\\admin\\Desktop\\yiyuan_spider\\API\\API_TaoKe\\API_TaoKe_Good.py', line 65, code tb_tk_goods_analysis>发起了调用,请求成功（status_code:200）
2025-09-29 09:01:16 | SUCCESS | API_TaoKe_Good.py:66 : 成功！！！普通招商/全部活动创建任务日期:2025-09-26
2025-09-29 09:01:16 | INFO | API_TaoKe_Good.py:89 : 任务已创建，670426138
2025-09-29 09:01:16 | INFO | tb_tk_淘宝联盟_商品分析_202504.py:63 : 
========================================================================================================================
正在采集林内热水器旗舰店，2025-09-27的数据
2025-09-29 09:01:16 | INFO | extra_reqlog.py:12 : 在<frame at 0x0000019152C811B0, file 'C:\\Users\\admin\\Desktop\\yiyuan_spider\\API\\API_TaoKe\\API_TaoKe_Good.py', line 120, code goods_task_status_list>发起了调用,请求成功（status_code:200）
2025-09-29 09:01:16 | INFO | extra_reqlog.py:12 : 在<frame at 0x0000019152E1CA40, file 'C:\\Users\\admin\\Desktop\\yiyuan_spider\\API\\API_TaoKe\\API_TaoKe_Good.py', line 65, code tb_tk_goods_analysis>发起了调用,请求成功（status_code:200）
2025-09-29 09:01:16 | SUCCESS | API_TaoKe_Good.py:66 : 成功！！！普通招商/全部活动创建任务日期:2025-09-27
2025-09-29 09:01:16 | INFO | API_TaoKe_Good.py:143 : 任务已经存在
2025-09-29 09:01:16 | INFO | tb_tk_淘宝联盟_商品分析_202504.py:63 : 
========================================================================================================================
正在采集林内热水器旗舰店，2025-09-26的数据
2025-09-29 09:01:16 | INFO | extra_reqlog.py:12 : 在<frame at 0x0000019152C811B0, file 'C:\\Users\\admin\\Desktop\\yiyuan_spider\\API\\API_TaoKe\\API_TaoKe_Good.py', line 120, code goods_task_status_list>发起了调用,请求成功（status_code:200）
2025-09-29 09:01:16 | INFO | extra_reqlog.py:12 : 在<frame at 0x0000019152E1CA40, file 'C:\\Users\\admin\\Desktop\\yiyuan_spider\\API\\API_TaoKe\\API_TaoKe_Good.py', line 65, code tb_tk_goods_analysis>发起了调用,请求成功（status_code:200）
2025-09-29 09:01:16 | SUCCESS | API_TaoKe_Good.py:66 : 成功！！！普通招商/全部活动创建任务日期:2025-09-26
2025-09-29 09:01:16 | INFO | API_TaoKe_Good.py:143 : 任务已经存在
2025-09-29 09:01:16 | INFO | tb_tk_淘宝联盟_商品分析_202504.py:63 : 
========================================================================================================================
正在采集林内热水器旗舰店，2025-09-28的数据
2025-09-29 09:01:17 | INFO | extra_reqlog.py:12 : 在<frame at 0x0000019152C811B0, file 'C:\\Users\\admin\\Desktop\\yiyuan_spider\\API\\API_TaoKe\\API_TaoKe_Good.py', line 120, code goods_task_status_list>发起了调用,请求成功（status_code:200）
2025-09-29 09:01:17 | INFO | extra_reqlog.py:12 : 在<frame at 0x0000019152E1CA40, file 'C:\\Users\\admin\\Desktop\\yiyuan_spider\\API\\API_TaoKe\\API_TaoKe_Good.py', line 65, code tb_tk_goods_analysis>发起了调用,请求成功（status_code:200）
2025-09-29 09:01:17 | SUCCESS | API_TaoKe_Good.py:66 : 成功！！！普通招商/全部活动创建任务日期:2025-09-28
2025-09-29 09:01:17 | INFO | API_TaoKe_Good.py:143 : 任务已经存在
2025-09-29 09:01:47 | INFO | tb_tk_淘宝联盟_商品分析_202504.py:63 : 
========================================================================================================================
正在采集林内热水器旗舰店，2025-09-27的数据
2025-09-29 09:01:47 | INFO | extra_reqlog.py:12 : 在<frame at 0x0000019152C811B0, file 'C:\\Users\\admin\\Desktop\\yiyuan_spider\\API\\API_TaoKe\\API_TaoKe_Good.py', line 120, code goods_task_status_list>发起了调用,请求成功（status_code:200）
2025-09-29 09:01:47 | INFO | extra_reqlog.py:12 : 在<frame at 0x0000019152E1D040, file 'C:\\Users\\admin\\Desktop\\yiyuan_spider\\API\\API_TaoKe\\API_TaoKe_Good.py', line 167, code fetch_goods_file_link>发起了调用,请求成功（status_code:200）
2025-09-29 09:01:47 | INFO | downloader.py:80 : https://union-file-center.oss-cn-zhangjiakou.aliyuncs.com/online_37dba190894d9a89560a52c5d320aee6?Expires=1759107756&OSSAccessKeyId=LTAI4FmnP9ZhkUeeAQpo4VPC&Signature=Yfo%2F8g7xVnuHGspnteujQ4C8GjY%3D&response-content-disposition=attachment%3B%20filename%3D2025-09-27%2000%253A00%253A00%257E2025-09-27%2023%253A59%253A59-%25E6%2599%25AE%25E9%2580%259A%25E6%258B%259B%25E5%2595%2586%252F%25E5%2585%25A8%25E9%2583%25A8%25E6%25B4%25BB%25E5%258A%25A8-%25E5%2595%2586%25E5%2593%2581%25E5%2588%2586%25E6%259E%2590.csv&response-content-type=text%2Fplain%3B%20charset%3DUTF-8
2025-09-29 09:01:47 | INFO | extra_reqlog.py:12 : 在<frame at 0x0000019152E2D300, file 'C:\\Users\\admin\\Desktop\\yiyuan_spider\\extra\\downloader.py', line 82, code _make_request_get>发起了调用,请求成功（status_code:200）
2025-09-29 09:01:47 | INFO | tb_tk_淘宝联盟_商品分析_202504.py:79 : ['林内热水器旗舰店', '林内官方旗舰店'],2025-09-27已入库
2025-09-29 09:01:47 | INFO | tb_tk_淘宝联盟_商品分析_202504.py:63 : 
========================================================================================================================
正在采集林内热水器旗舰店，2025-09-26的数据
2025-09-29 09:01:47 | INFO | extra_reqlog.py:12 : 在<frame at 0x0000019152C811B0, file 'C:\\Users\\admin\\Desktop\\yiyuan_spider\\API\\API_TaoKe\\API_TaoKe_Good.py', line 120, code goods_task_status_list>发起了调用,请求成功（status_code:200）
2025-09-29 09:01:47 | INFO | extra_reqlog.py:12 : 在<frame at 0x0000019152E1D040, file 'C:\\Users\\admin\\Desktop\\yiyuan_spider\\API\\API_TaoKe\\API_TaoKe_Good.py', line 167, code fetch_goods_file_link>发起了调用,请求成功（status_code:200）
2025-09-29 09:01:47 | INFO | downloader.py:80 : https://union-file-center.oss-cn-zhangjiakou.aliyuncs.com/online_57481d5a39c06196b76e324df5152e24?Expires=1759107756&OSSAccessKeyId=LTAI4FmnP9ZhkUeeAQpo4VPC&Signature=3yDpVV4jG%2BI6%2BtCdG1z6R%2Bsp6Z0%3D&response-content-disposition=attachment%3B%20filename%3D2025-09-26%2000%253A00%253A00%257E2025-09-26%2023%253A59%253A59-%25E6%2599%25AE%25E9%2580%259A%25E6%258B%259B%25E5%2595%2586%252F%25E5%2585%25A8%25E9%2583%25A8%25E6%25B4%25BB%25E5%258A%25A8-%25E5%2595%2586%25E5%2593%2581%25E5%2588%2586%25E6%259E%2590.csv&response-content-type=text%2Fplain%3B%20charset%3DUTF-8
2025-09-29 09:01:48 | INFO | extra_reqlog.py:12 : 在<frame at 0x0000019152E2D300, file 'C:\\Users\\admin\\Desktop\\yiyuan_spider\\extra\\downloader.py', line 82, code _make_request_get>发起了调用,请求成功（status_code:200）
2025-09-29 09:01:48 | INFO | tb_tk_淘宝联盟_商品分析_202504.py:79 : ['林内热水器旗舰店', '林内官方旗舰店'],2025-09-26已入库
2025-09-29 09:01:48 | INFO | tb_tk_淘宝联盟_商品分析_202504.py:63 : 
========================================================================================================================
正在采集林内热水器旗舰店，2025-09-28的数据
2025-09-29 09:01:48 | INFO | extra_reqlog.py:12 : 在<frame at 0x0000019152C811B0, file 'C:\\Users\\admin\\Desktop\\yiyuan_spider\\API\\API_TaoKe\\API_TaoKe_Good.py', line 120, code goods_task_status_list>发起了调用,请求成功（status_code:200）
2025-09-29 09:01:48 | INFO | extra_reqlog.py:12 : 在<frame at 0x0000019152E1D040, file 'C:\\Users\\admin\\Desktop\\yiyuan_spider\\API\\API_TaoKe\\API_TaoKe_Good.py', line 167, code fetch_goods_file_link>发起了调用,请求成功（status_code:200）
2025-09-29 09:01:48 | INFO | downloader.py:80 : https://union-file-center.oss-cn-zhangjiakou.aliyuncs.com/online_c0f9c7cb5d15f8a7a003ba18c5f74ce5?Expires=1759107757&OSSAccessKeyId=LTAI4FmnP9ZhkUeeAQpo4VPC&Signature=TQTiJY3DxAPRVBLlSvTepgfjYzI%3D&response-content-disposition=attachment%3B%20filename%3D2025-09-28%2000%253A00%253A00%257E2025-09-28%2023%253A59%253A59-%25E6%2599%25AE%25E9%2580%259A%25E6%258B%259B%25E5%2595%2586%252F%25E5%2585%25A8%25E9%2583%25A8%25E6%25B4%25BB%25E5%258A%25A8-%25E5%2595%2586%25E5%2593%2581%25E5%2588%2586%25E6%259E%2590.csv&response-content-type=text%2Fplain%3B%20charset%3DUTF-8
2025-09-29 09:01:48 | INFO | extra_reqlog.py:12 : 在<frame at 0x0000019152E2D300, file 'C:\\Users\\admin\\Desktop\\yiyuan_spider\\extra\\downloader.py', line 82, code _make_request_get>发起了调用,请求成功（status_code:200）
2025-09-29 09:01:48 | INFO | tb_tk_淘宝联盟_商品分析_202504.py:79 : ['林内热水器旗舰店', '林内官方旗舰店'],2025-09-28已入库
2025-09-29 09:01:48 | INFO | tb_tk_淘宝联盟_商品分析_202504.py:86 : ----------------------------------------------------------------------------------------------------
2025-09-29 09:01:48 | INFO | tb_tk_淘宝联盟_商品分析_202504.py:87 : 
************************************************************************************************************************
2025-09-29 14:24:53 | INFO | data_collector.py:34 : 
************************************************************************************************************************
2025-09-29 14:24:53 | INFO | data_collector.py:35 : 开始采集：jd_jdsz_报表_新建报表_店铺_202509
2025-09-29 14:24:53 | INFO | data_collector.py:36 : 接收到的命令行参数: ['C:\\Users\\admin\\Desktop\\yiyuan_spider\\执行脚本\\京东\\jd_jdsz_报表_新建报表_店铺_202509.py']
2025-09-29 14:24:53 | INFO | data_collector.py:67 : 采集日期列表['2025-09-28', '2025-09-27', '2025-09-26', '2025-09-25', '2025-09-24', '2025-09-23', '2025-09-22'],采集店铺['BMW官方旗舰店']
2025-09-29 14:24:53 | INFO | API_Jdsz_Base.py:67 : {'User-Mnp': '95facf74cfdbfa632cb1748a3d132b29', 'User-Mup': 1759127093309, 'Uuid': 'e8fc3992bdd6ce2cfbc9-199942540b2'}
2025-09-29 14:24:53 | INFO | extra_reqlog.py:12 : 在<frame at 0x0000024DA2C7BA40, file 'C:\\Users\\admin\\Desktop\\yiyuan_spider\\API\\API_JingDong\\API_Jdsz_Base.py', line 56, code fetch_basic_info>发起了调用,请求成功（status_code:200）
2025-09-29 14:24:53 | SUCCESS | API_Jdsz_Base.py:104 : 账号基本信息:{'message': '成功', 'content': {'mainAccount': {'shopName': 'BMW官方旗舰店', 'shopId': '743102', 'type': '', 'shopPackage': ''}, 'length': 1, 'childAccount': [], 'basicInfor': {'userPin': 'BMW官方旗舰店-一元', 'accountType': 1, 'latestVisitPlace': '--', 'shopName': 'BMW官方旗舰店', 'loginDaysLatest': '--', 'latestVisitTime': '--'}}, 'status': 0}
2025-09-29 14:24:53 | SUCCESS | API_Jdsz_Base.py:45 : 实例初始化成功
2025-09-29 14:24:53 | INFO | jd_jdsz_报表_新建报表_店铺_202509.py:20 : 正在采集【BMW官方旗舰店】,2025-09-22至2025-09-22数据
2025-09-29 14:24:53 | INFO | downloader.py:98 : POST请求URL: https://sz.jd.com/sz/api/selfHelpAnalysis/exportPreviewList.ajax
2025-09-29 14:24:54 | INFO | extra_reqlog.py:12 : 在<frame at 0x0000024DA2F69300, file 'C:\\Users\\admin\\Desktop\\yiyuan_spider\\extra\\downloader.py', line 115, code _make_request_post>发起了调用,请求成功（status_code:200）
2025-09-29 14:26:12 | INFO | data_collector.py:34 : 
************************************************************************************************************************
2025-09-29 14:26:12 | INFO | data_collector.py:35 : 开始采集：jd_jdsz_报表_新建报表_店铺_202509
2025-09-29 14:26:12 | INFO | data_collector.py:36 : 接收到的命令行参数: ['C:\\Users\\admin\\Desktop\\yiyuan_spider\\执行脚本\\京东\\jd_jdsz_报表_新建报表_店铺_202509.py']
2025-09-29 14:26:12 | INFO | data_collector.py:67 : 采集日期列表['2025-09-28', '2025-09-27', '2025-09-26', '2025-09-25', '2025-09-24', '2025-09-23', '2025-09-22'],采集店铺['BMW官方旗舰店']
2025-09-29 14:26:12 | INFO | API_Jdsz_Base.py:67 : {'User-Mnp': 'cefdc963fbd13b2fba9203ebff3f1aea', 'User-Mup': 1759127172322, 'Uuid': 'f3062cd82215cd617b80-19994267502'}
2025-09-29 14:26:12 | INFO | extra_reqlog.py:12 : 在<frame at 0x000001F5F44FF870, file 'C:\\Users\\admin\\Desktop\\yiyuan_spider\\API\\API_JingDong\\API_Jdsz_Base.py', line 56, code fetch_basic_info>发起了调用,请求成功（status_code:200）
2025-09-29 14:26:12 | SUCCESS | API_Jdsz_Base.py:104 : 账号基本信息:{'message': '成功', 'content': {'mainAccount': {'shopName': 'BMW官方旗舰店', 'shopId': '743102', 'type': '', 'shopPackage': ''}, 'length': 1, 'childAccount': [], 'basicInfor': {'userPin': 'BMW官方旗舰店-一元', 'accountType': 1, 'latestVisitPlace': '--', 'shopName': 'BMW官方旗舰店', 'loginDaysLatest': '--', 'latestVisitTime': '--'}}, 'status': 0}
2025-09-29 14:26:12 | SUCCESS | API_Jdsz_Base.py:45 : 实例初始化成功
2025-09-29 14:26:12 | INFO | jd_jdsz_报表_新建报表_店铺_202509.py:20 : 正在采集【BMW官方旗舰店】,2025-09-22至2025-09-22数据
2025-09-29 14:26:13 | INFO | downloader.py:98 : POST请求URL: https://sz.jd.com/sz/api/selfHelpAnalysis/exportPreviewList.ajax
2025-09-29 14:26:13 | INFO | extra_reqlog.py:12 : 在<frame at 0x000001F5F480D120, file 'C:\\Users\\admin\\Desktop\\yiyuan_spider\\extra\\downloader.py', line 115, code _make_request_post>发起了调用,请求成功（status_code:200）
2025-09-29 14:28:46 | INFO | data_collector.py:34 : 
************************************************************************************************************************
2025-09-29 14:28:46 | INFO | data_collector.py:35 : 开始采集：jd_jdsz_报表_新建报表_店铺_202509
2025-09-29 14:28:46 | INFO | data_collector.py:36 : 接收到的命令行参数: ['C:\\Users\\admin\\Desktop\\yiyuan_spider\\执行脚本\\京东\\jd_jdsz_报表_新建报表_店铺_202509.py']
2025-09-29 14:28:46 | INFO | data_collector.py:67 : 采集日期列表['2025-09-28', '2025-09-27', '2025-09-26', '2025-09-25', '2025-09-24', '2025-09-23', '2025-09-22'],采集店铺['BMW官方旗舰店']
2025-09-29 14:28:46 | INFO | API_Jdsz_Base.py:67 : {'User-Mnp': '06a3ae2db15389df1426b91f452df855', 'User-Mup': 1759127326458, 'Uuid': 'c8820f1eec6335a744ec-1999428cf19'}
2025-09-29 14:28:46 | INFO | extra_reqlog.py:12 : 在<frame at 0x0000014D06233870, file 'C:\\Users\\admin\\Desktop\\yiyuan_spider\\API\\API_JingDong\\API_Jdsz_Base.py', line 56, code fetch_basic_info>发起了调用,请求成功（status_code:200）
2025-09-29 14:28:46 | SUCCESS | API_Jdsz_Base.py:104 : 账号基本信息:{'message': '成功', 'content': {'mainAccount': {'shopName': 'BMW官方旗舰店', 'shopId': '743102', 'type': '', 'shopPackage': ''}, 'length': 1, 'childAccount': [], 'basicInfor': {'userPin': 'BMW官方旗舰店-一元', 'accountType': 1, 'latestVisitPlace': '--', 'shopName': 'BMW官方旗舰店', 'loginDaysLatest': '--', 'latestVisitTime': '--'}}, 'status': 0}
2025-09-29 14:28:46 | SUCCESS | API_Jdsz_Base.py:45 : 实例初始化成功
2025-09-29 14:28:46 | INFO | jd_jdsz_报表_新建报表_店铺_202509.py:20 : 正在采集【BMW官方旗舰店】,2025-09-22至2025-09-22数据
2025-09-29 14:28:46 | INFO | downloader.py:98 : POST请求URL: https://sz.jd.com/sz/api/selfHelpAnalysis/exportPreviewList.ajax
2025-09-29 14:28:47 | INFO | extra_reqlog.py:12 : 在<frame at 0x0000014D074D1120, file 'C:\\Users\\admin\\Desktop\\yiyuan_spider\\extra\\downloader.py', line 115, code _make_request_post>发起了调用,请求成功（status_code:200）
2025-09-29 14:28:47 | INFO | database_manager.py:100 : 【jd_jdsz_报表_新建报表_店铺_202509】不存在,为您重新创建: (1146, "Table 'yiyuan_test.jd_jdsz_报表_新建报表_店铺_202509' doesn't exist")
2025-09-29 14:28:47 | INFO | database_manager.py:164 : 表 `jd_jdsz_报表_新建报表_店铺_202509` 创建成功
2025-09-29 14:28:47 | INFO | jd_jdsz_报表_新建报表_店铺_202509.py:38 : BMW官方旗舰店,['2025-09-28', '2025-09-27', '2025-09-26', '2025-09-25', '2025-09-24', '2025-09-23', '2025-09-22']的数据已入库
2025-09-29 14:28:47 | INFO | jd_jdsz_报表_新建报表_店铺_202509.py:39 : ----------------------------------------------------------------------------------------------------
2025-09-29 14:28:47 | INFO | jd_jdsz_报表_新建报表_店铺_202509.py:40 : 
************************************************************************************************************************
