2025-12-02 11:35:04 | INFO | select_shop_date.py:34 :
************************************************************************************************************************
2025-12-02 11:35:04 | INFO | select_shop_date.py:35 : 开始采集：tb_tk_淘宝联盟_商品分析_202504
2025-12-02 11:35:04 | INFO | select_shop_date.py:36 : 接收到的命令行参数: ['C:\\Users\\admin\\Desktop\\yiyuan_spider\\执行脚本\\淘系_淘宝联盟\\tb_tk_淘宝联盟_商品分析_202504.py']
2025-12-02 11:35:04 | INFO | select_shop_date.py:67 : 采集日期列表['2025-12-01', '2025-11-30', '2025-11-29'],采集店铺['林内热水器旗舰店', '林内官方旗舰店']
2025-12-02 11:35:05 | INFO | extra_reqlog.py:12 : 在<frame at 0x00000188932511B0, file 'C:\\Users\\admin\\Desktop\\yiyuan_spider\\API\\API_TaoKe\\API_TaoKe_Good.py', line 120, code goods_task_status_list>发起了调用,请求成功（status_code:200）
2025-12-02 11:35:05 | INFO | API_TaoKe_Base.py:29 : {'2025-11-28 00:00:00~2025-11-28 23:59:59-商品分析': 692197409}
2025-12-02 11:35:05 | INFO | API_TaoKe_Good.py:78 : 
------------------------------------------------------------------------------------------------------------------------
在创建 2025-12-01 00:00:00~2025-12-01 23:59:59-超级U选/全部活动 报告
2025-12-02 11:35:05 | INFO | extra_reqlog.py:12 : 在<frame at 0x00000188933ECE40, file 'C:\\Users\\admin\\Desktop\\yiyuan_spider\\API\\API_TaoKe\\API_TaoKe_Good.py', line 65, code tb_tk_goods_analysis>发起了调用,请求成功（status_code:200）
2025-12-02 11:35:05 | SUCCESS | API_TaoKe_Good.py:66 : 成功！！！超级U选/全部活动创建任务日期:2025-12-01
2025-12-02 11:35:05 | INFO | API_TaoKe_Good.py:89 : 任务已创建，692446645
2025-12-02 11:35:05 | INFO | API_TaoKe_Good.py:78 : 
------------------------------------------------------------------------------------------------------------------------
在创建 2025-11-30 00:00:00~2025-11-30 23:59:59-超级U选/全部活动 报告
2025-12-02 11:35:05 | INFO | extra_reqlog.py:12 : 在<frame at 0x00000188933ECE40, file 'C:\\Users\\admin\\Desktop\\yiyuan_spider\\API\\API_TaoKe\\API_TaoKe_Good.py', line 65, code tb_tk_goods_analysis>发起了调用,请求成功（status_code:200）
2025-12-02 11:35:05 | SUCCESS | API_TaoKe_Good.py:66 : 成功！！！超级U选/全部活动创建任务日期:2025-11-30
2025-12-02 11:35:05 | INFO | API_TaoKe_Good.py:89 : 任务已创建，692446646
2025-12-02 11:35:05 | INFO | API_TaoKe_Good.py:78 : 
------------------------------------------------------------------------------------------------------------------------
在创建 2025-11-29 00:00:00~2025-11-29 23:59:59-超级U选/全部活动 报告
2025-12-02 11:35:05 | INFO | extra_reqlog.py:12 : 在<frame at 0x00000188933ECE40, file 'C:\\Users\\admin\\Desktop\\yiyuan_spider\\API\\API_TaoKe\\API_TaoKe_Good.py', line 65, code tb_tk_goods_analysis>发起了调用,请求成功（status_code:200）
2025-12-02 11:35:05 | SUCCESS | API_TaoKe_Good.py:66 : 成功！！！超级U选/全部活动创建任务日期:2025-11-29
2025-12-02 11:35:05 | INFO | API_TaoKe_Good.py:89 : 任务已创建，692446647
2025-12-02 11:35:05 | INFO | tb_tk_淘宝联盟_商品分析_202504.py:63 : 
========================================================================================================================
正在采集林内官方旗舰店，2025-12-01的数据
2025-12-02 11:35:05 | INFO | extra_reqlog.py:12 : 在<frame at 0x00000188932511B0, file 'C:\\Users\\admin\\Desktop\\yiyuan_spider\\API\\API_TaoKe\\API_TaoKe_Good.py', line 120, code goods_task_status_list>发起了调用,请求成功（status_code:200）
2025-12-02 11:35:05 | INFO | API_TaoKe_Base.py:29 : {'2025-11-28 00:00:00~2025-11-28 23:59:59-商品分析': 692197409}
2025-12-02 11:35:05 | INFO | extra_reqlog.py:12 : 在<frame at 0x00000188933ECE40, file 'C:\\Users\\admin\\Desktop\\yiyuan_spider\\API\\API_TaoKe\\API_TaoKe_Good.py', line 65, code tb_tk_goods_analysis>发起了调用,请求成功（status_code:200）
2025-12-02 11:35:05 | SUCCESS | API_TaoKe_Good.py:66 : 成功！！！超级U选/全部活动创建任务日期:2025-12-01
2025-12-02 11:35:05 | INFO | API_TaoKe_Good.py:143 : 任务已经存在
2025-12-02 11:35:05 | INFO | tb_tk_淘宝联盟_商品分析_202504.py:63 : 
========================================================================================================================
正在采集林内官方旗舰店，2025-11-29的数据
2025-12-02 11:35:06 | INFO | extra_reqlog.py:12 : 在<frame at 0x00000188932511B0, file 'C:\\Users\\admin\\Desktop\\yiyuan_spider\\API\\API_TaoKe\\API_TaoKe_Good.py', line 120, code goods_task_status_list>发起了调用,请求成功（status_code:200）
2025-12-02 11:35:06 | INFO | API_TaoKe_Base.py:29 : {'2025-11-28 00:00:00~2025-11-28 23:59:59-商品分析': 692197409}
2025-12-02 11:35:06 | INFO | extra_reqlog.py:12 : 在<frame at 0x00000188933ECE40, file 'C:\\Users\\admin\\Desktop\\yiyuan_spider\\API\\API_TaoKe\\API_TaoKe_Good.py', line 65, code tb_tk_goods_analysis>发起了调用,请求成功（status_code:200）
2025-12-02 11:35:06 | SUCCESS | API_TaoKe_Good.py:66 : 成功！！！超级U选/全部活动创建任务日期:2025-11-29
2025-12-02 11:35:06 | INFO | API_TaoKe_Good.py:143 : 任务已经存在
2025-12-02 11:35:06 | INFO | tb_tk_淘宝联盟_商品分析_202504.py:63 : 
========================================================================================================================
正在采集林内官方旗舰店，2025-11-30的数据
2025-12-02 11:35:06 | INFO | extra_reqlog.py:12 : 在<frame at 0x00000188932511B0, file 'C:\\Users\\admin\\Desktop\\yiyuan_spider\\API\\API_TaoKe\\API_TaoKe_Good.py', line 120, code goods_task_status_list>发起了调用,请求成功（status_code:200）
2025-12-02 11:35:06 | INFO | API_TaoKe_Base.py:29 : {'2025-11-28 00:00:00~2025-11-28 23:59:59-商品分析': 692197409}
2025-12-02 11:35:06 | INFO | extra_reqlog.py:12 : 在<frame at 0x00000188933ECE40, file 'C:\\Users\\admin\\Desktop\\yiyuan_spider\\API\\API_TaoKe\\API_TaoKe_Good.py', line 65, code tb_tk_goods_analysis>发起了调用,请求成功（status_code:200）
2025-12-02 11:35:06 | SUCCESS | API_TaoKe_Good.py:66 : 成功！！！超级U选/全部活动创建任务日期:2025-11-30
2025-12-02 11:35:06 | INFO | API_TaoKe_Good.py:143 : 任务已经存在
2025-12-02 11:35:08 | INFO | select_shop_date.py:34 :
************************************************************************************************************************
2025-12-02 11:35:08 | INFO | select_shop_date.py:35 : 开始采集：tb_tk_淘宝联盟_数据分析_cps订单明细_订单结算明细报表_202505
2025-12-02 11:35:08 | INFO | select_shop_date.py:36 : 接收到的命令行参数: ['C:\\Users\\admin\\Desktop\\yiyuan_spider\\执行脚本\\淘系_淘宝联盟\\tb_tk_淘宝联盟_数据分析_cps订单明细_订单结算明细报表_202505.py']
2025-12-02 11:35:08 | INFO | select_shop_date.py:67 : 采集日期列表['2025-12-01', '2025-11-30', '2025-11-29', '2025-11-28', '2025-11-27', '2025-11-26', '2025-11-25', '2025-11-24', '2025-11-23', '2025-11-22'],采集店铺['林内热水器旗舰店', '林内官方旗舰店']
2025-12-02 11:35:08 | INFO | extra_reqlog.py:12 : 在<frame at 0x000001E34D251120, file 'C:\\Users\\admin\\Desktop\\yiyuan_spider\\API\\API_TaoKe\\API_TaoKe_Cps.py', line 59, code tb_tk_cps_settlement_report>发起了调用,请求成功（status_code:200）
2025-12-02 11:35:08 | SUCCESS | API_TaoKe_Cps.py:60 : 成功！！！创建任务日期:2025-11-22_2025-12-01
2025-12-02 11:35:08 | INFO | extra_reqlog.py:12 : 在<frame at 0x000001E34D0E3C50, file 'C:\\Users\\admin\\Desktop\\yiyuan_spider\\API\\API_TaoKe\\API_TaoKe_Cps.py', line 94, code cps_task_status_list>发起了调用,请求成功（status_code:200）
2025-12-02 11:35:08 | INFO | API_TaoKe_Base.py:29 : {'2025-11-01 00:00:00~2025-11-30 23:59:59-订单结算明细报表': 251963626, '2025-11-21 00:00:00~2025-11-30 23:59:59-订单结算明细报表': 251912588, '2025-11-01 00:00:00~2025-11-28 14:10:51-订单结算明细报表': 251562330, '2025-11-17 00:00:00~2025-11-26 23:59:59-订单结算明细报表': 251390729, '2025-08-01 00:00:00~2025-08-31 23:59:59-订单结算明细报表': 251105519, '2025-11-15 00:00:00~2025-11-24 23:59:59-订单结算明细报表': 251144768, '2025-10-26 00:00:00~2025-11-24 23:59:59-订单结算明细报表': 251144527, '2025-11-18 00:00:00~2025-11-25 10:29:48-订单成功明细报表': 251108265, '2025-10-01 00:00:00~2025-10-31 23:59:59-订单结算明细报表': 249861124}
2025-12-02 11:35:08 | INFO | tb_tk_淘宝联盟_数据分析_cps订单明细_订单结算明细报表_202505.py:41 : 等待100s
2025-12-02 11:35:10 | INFO | select_shop_date.py:34 :
************************************************************************************************************************
2025-12-02 11:35:10 | INFO | select_shop_date.py:35 : 开始采集：tb_tk_淘宝联盟_数据分析_定向计划报表_分天明细_202509
2025-12-02 11:35:10 | INFO | select_shop_date.py:36 : 接收到的命令行参数: ['C:\\Users\\admin\\Desktop\\yiyuan_spider\\执行脚本\\淘系_淘宝联盟\\tb_tk_淘宝联盟_数据分析_定向计划报表_分天明细_202509.py']
2025-12-02 11:35:10 | INFO | select_shop_date.py:67 : 采集日期列表['2025-12-01', '2025-11-30', '2025-11-29', '2025-11-28', '2025-11-27', '2025-11-26', '2025-11-25', '2025-11-24', '2025-11-23', '2025-11-22', '2025-11-21', '2025-11-20', '2025-11-19', '2025-11-18', '2025-11-17', '2025-11-16', '2025-11-15', '2025-11-14', '2025-11-13', '2025-11-12', '2025-11-11', '2025-11-10', '2025-11-09', '2025-11-08', '2025-11-07', '2025-11-06', '2025-11-05', '2025-11-04', '2025-11-03', '2025-11-02'],采集店铺['林内热水器旗舰店', '林内官方旗舰店']
2025-12-02 11:35:10 | INFO | tb_tk_淘宝联盟_数据分析_定向计划报表_分天明细_202509.py:22 : 正常采集第【林内官方旗舰店】数据
2025-12-02 11:35:10 | INFO | downloader.py:81 : https://ad.alimama.com/openapi/param2/1/gateway.unionadv/data.event.taoke.campaign.json?t=1764646510810&_tb_token_=f7ee5eee3431e&itemId=&cStep=0&startDate=2025-11-02&endDate=2025-12-01&campaignTemplateId=992&advPageEnum=adv_992&pageNo=1&pageSize=2000
2025-12-02 11:35:11 | INFO | extra_reqlog.py:12 : 在<frame at 0x000001B3CE1D4040, file 'C:\\Users\\admin\\Desktop\\yiyuan_spider\\extra\\downloader.py', line 83, code _make_request_get>发起了调用,请求成功（status_code:200）
2025-12-02 11:35:11 | INFO | extra_reqlog.py:12 : 在<frame at 0x000001B3CD015410, file 'C:\\Users\\admin\\Desktop\\yiyuan_spider\\API\\API_TaoKe\\API_Taoke_DingXiang.py', line 48, code get_campaign>发起了调用,请求成功（status_code:200）
2025-12-02 11:35:11 | INFO | tb_tk_淘宝联盟_数据分析_定向计划报表_分天明细_202509.py:36 : 林内官方旗舰店,['2025-12-01', '2025-11-30', '2025-11-29', '2025-11-28', '2025-11-27', '2025-11-26', '2025-11-25', '2025-11-24', '2025-11-23', '2025-11-22', '2025-11-21', '2025-11-20', '2025-11-19', '2025-11-18', '2025-11-17', '2025-11-16', '2025-11-15', '2025-11-14', '2025-11-13', '2025-11-12', '2025-11-11', '2025-11-10', '2025-11-09', '2025-11-08', '2025-11-07', '2025-11-06', '2025-11-05', '2025-11-04', '2025-11-03', '2025-11-02']已入库
2025-12-02 11:35:11 | INFO | tb_tk_淘宝联盟_数据分析_定向计划报表_分天明细_202509.py:37 : ----------------------------------------------------------------------------------------------------
2025-12-02 11:35:11 | INFO | tb_tk_淘宝联盟_数据分析_定向计划报表_分天明细_202509.py:22 : 正常采集第【林内热水器旗舰店】数据
2025-12-02 11:35:11 | INFO | downloader.py:81 : https://ad.alimama.com/openapi/param2/1/gateway.unionadv/data.event.taoke.campaign.json?t=1764646511251&_tb_token_=7957b3a7467bb&itemId=&cStep=0&startDate=2025-11-02&endDate=2025-12-01&campaignTemplateId=992&advPageEnum=adv_992&pageNo=1&pageSize=2000
2025-12-02 11:35:11 | INFO | extra_reqlog.py:12 : 在<frame at 0x000001B3CE1D4040, file 'C:\\Users\\admin\\Desktop\\yiyuan_spider\\extra\\downloader.py', line 83, code _make_request_get>发起了调用,请求成功（status_code:200）
2025-12-02 11:35:11 | INFO | extra_reqlog.py:12 : 在<frame at 0x000001B3CD015410, file 'C:\\Users\\admin\\Desktop\\yiyuan_spider\\API\\API_TaoKe\\API_Taoke_DingXiang.py', line 48, code get_campaign>发起了调用,请求成功（status_code:200）
2025-12-02 11:35:11 | INFO | tb_tk_淘宝联盟_数据分析_定向计划报表_分天明细_202509.py:36 : 林内热水器旗舰店,['2025-12-01', '2025-11-30', '2025-11-29', '2025-11-28', '2025-11-27', '2025-11-26', '2025-11-25', '2025-11-24', '2025-11-23', '2025-11-22', '2025-11-21', '2025-11-20', '2025-11-19', '2025-11-18', '2025-11-17', '2025-11-16', '2025-11-15', '2025-11-14', '2025-11-13', '2025-11-12', '2025-11-11', '2025-11-10', '2025-11-09', '2025-11-08', '2025-11-07', '2025-11-06', '2025-11-05', '2025-11-04', '2025-11-03', '2025-11-02']已入库
2025-12-02 11:35:11 | INFO | tb_tk_淘宝联盟_数据分析_定向计划报表_分天明细_202509.py:37 : ----------------------------------------------------------------------------------------------------
2025-12-02 11:35:11 | INFO | tb_tk_淘宝联盟_数据分析_定向计划报表_分天明细_202509.py:38 : 
************************************************************************************************************************
2025-12-02 11:35:12 | INFO | select_shop_date.py:34 :
************************************************************************************************************************
2025-12-02 11:35:12 | INFO | select_shop_date.py:35 : 开始采集：tb_tk_淘宝联盟_服务商合作_普通招商_我报名的活动_报名的商品_202509
2025-12-02 11:35:12 | INFO | select_shop_date.py:36 : 接收到的命令行参数: ['C:\\Users\\admin\\Desktop\\yiyuan_spider\\执行脚本\\淘系_淘宝联盟\\tb_tk_淘宝联盟_服务商合作_普通招商_我报名的活动_报名的商品.py']
2025-12-02 11:35:12 | INFO | select_shop_date.py:67 : 采集日期列表['2025-12-01'],采集店铺['林内热水器旗舰店', '林内官方旗舰店']
2025-12-02 11:35:12 | INFO | tb_tk_淘宝联盟_服务商合作_普通招商_我报名的活动_报名的商品.py:81 : 正常采集第1页数据
2025-12-02 11:35:13 | INFO | extra_reqlog.py:12 : 在<frame at 0x000001D0F3789440, file 'C:\\Users\\admin\\Desktop\\yiyuan_spider\\API\\API_TaoKe\\API_TaoKe_MyProducts.py', line 45, code tb_tk_my_enrolled_products>发起了调用,请求成功（status_code:200）
2025-12-02 11:35:13 | SUCCESS | API_TaoKe_MyProducts.py:46 : 第1获取成功！！！
2025-12-02 11:35:13 | INFO | tb_tk_淘宝联盟_服务商合作_普通招商_我报名的活动_报名的商品.py:97 : ----------------------------------------------------------------------------------------------------
2025-12-02 11:35:13 | INFO | tb_tk_淘宝联盟_服务商合作_普通招商_我报名的活动_报名的商品.py:81 : 正常采集第1页数据
2025-12-02 11:35:16 | INFO | extra_reqlog.py:12 : 在<frame at 0x000001D0F3789440, file 'C:\\Users\\admin\\Desktop\\yiyuan_spider\\API\\API_TaoKe\\API_TaoKe_MyProducts.py', line 45, code tb_tk_my_enrolled_products>发起了调用,请求成功（status_code:200）
2025-12-02 11:35:16 | SUCCESS | API_TaoKe_MyProducts.py:46 : 第1获取成功！！！
2025-12-02 11:35:16 | INFO | tb_tk_淘宝联盟_服务商合作_普通招商_我报名的活动_报名的商品.py:97 : ----------------------------------------------------------------------------------------------------
2025-12-02 11:35:16 | INFO | tb_tk_淘宝联盟_服务商合作_普通招商_我报名的活动_报名的商品.py:98 : 
************************************************************************************************************************
2025-12-02 11:35:36 | INFO | tb_tk_淘宝联盟_商品分析_202504.py:63 : 
========================================================================================================================
正在采集林内官方旗舰店，2025-12-01的数据
2025-12-02 11:35:36 | INFO | extra_reqlog.py:12 : 在<frame at 0x00000188932511B0, file 'C:\\Users\\admin\\Desktop\\yiyuan_spider\\API\\API_TaoKe\\API_TaoKe_Good.py', line 120, code goods_task_status_list>发起了调用,请求成功（status_code:200）
2025-12-02 11:35:36 | INFO | API_TaoKe_Base.py:29 : {'2025-11-28 00:00:00~2025-11-28 23:59:59-商品分析': 692197409}
2025-12-02 11:35:36 | INFO | extra_reqlog.py:12 : 在<frame at 0x00000188933ECE40, file 'C:\\Users\\admin\\Desktop\\yiyuan_spider\\API\\API_TaoKe\\API_TaoKe_Good.py', line 65, code tb_tk_goods_analysis>发起了调用,请求成功（status_code:200）
2025-12-02 11:35:36 | SUCCESS | API_TaoKe_Good.py:66 : 成功！！！超级U选/全部活动创建任务日期:2025-12-01
2025-12-02 11:35:36 | INFO | API_TaoKe_Good.py:143 : 任务已经存在
2025-12-02 11:35:36 | INFO | tb_tk_淘宝联盟_商品分析_202504.py:63 : 
========================================================================================================================
正在采集林内官方旗舰店，2025-11-29的数据
2025-12-02 11:35:36 | INFO | extra_reqlog.py:12 : 在<frame at 0x00000188932511B0, file 'C:\\Users\\admin\\Desktop\\yiyuan_spider\\API\\API_TaoKe\\API_TaoKe_Good.py', line 120, code goods_task_status_list>发起了调用,请求成功（status_code:200）
2025-12-02 11:35:36 | INFO | API_TaoKe_Base.py:29 : {'2025-11-28 00:00:00~2025-11-28 23:59:59-商品分析': 692197409}
2025-12-02 11:35:37 | INFO | extra_reqlog.py:12 : 在<frame at 0x00000188933ECE40, file 'C:\\Users\\admin\\Desktop\\yiyuan_spider\\API\\API_TaoKe\\API_TaoKe_Good.py', line 65, code tb_tk_goods_analysis>发起了调用,请求成功（status_code:200）
2025-12-02 11:35:37 | SUCCESS | API_TaoKe_Good.py:66 : 成功！！！超级U选/全部活动创建任务日期:2025-11-29
2025-12-02 11:35:37 | INFO | API_TaoKe_Good.py:143 : 任务已经存在
2025-12-02 11:35:37 | INFO | tb_tk_淘宝联盟_商品分析_202504.py:63 : 
========================================================================================================================
正在采集林内官方旗舰店，2025-11-30的数据
2025-12-02 11:35:37 | INFO | extra_reqlog.py:12 : 在<frame at 0x00000188932511B0, file 'C:\\Users\\admin\\Desktop\\yiyuan_spider\\API\\API_TaoKe\\API_TaoKe_Good.py', line 120, code goods_task_status_list>发起了调用,请求成功（status_code:200）
2025-12-02 11:35:37 | INFO | API_TaoKe_Base.py:29 : {'2025-11-28 00:00:00~2025-11-28 23:59:59-商品分析': 692197409}
2025-12-02 11:35:37 | INFO | extra_reqlog.py:12 : 在<frame at 0x00000188933ECE40, file 'C:\\Users\\admin\\Desktop\\yiyuan_spider\\API\\API_TaoKe\\API_TaoKe_Good.py', line 65, code tb_tk_goods_analysis>发起了调用,请求成功（status_code:200）
2025-12-02 11:35:37 | SUCCESS | API_TaoKe_Good.py:66 : 成功！！！超级U选/全部活动创建任务日期:2025-11-30
2025-12-02 11:35:37 | INFO | API_TaoKe_Good.py:143 : 任务已经存在
2025-12-02 11:36:07 | INFO | tb_tk_淘宝联盟_商品分析_202504.py:63 : 
========================================================================================================================
正在采集林内官方旗舰店，2025-12-01的数据
2025-12-02 11:36:07 | INFO | extra_reqlog.py:12 : 在<frame at 0x00000188932511B0, file 'C:\\Users\\admin\\Desktop\\yiyuan_spider\\API\\API_TaoKe\\API_TaoKe_Good.py', line 120, code goods_task_status_list>发起了调用,请求成功（status_code:200）
2025-12-02 11:36:07 | INFO | API_TaoKe_Base.py:29 : {'2025-11-29 00:00:00~2025-11-29 23:59:59-超级U选/全部活动-商品分析': 692446647, '2025-11-30 00:00:00~2025-11-30 23:59:59-超级U选/全部活动-商品分析': 692446646, '2025-12-01 00:00:00~2025-12-01 23:59:59-超级U选/全部活动-商品分析': 692446645, '2025-11-28 00:00:00~2025-11-28 23:59:59-商品分析': 692197409}
2025-12-02 11:36:07 | INFO | extra_reqlog.py:12 : 在<frame at 0x0000018893408040, file 'C:\\Users\\admin\\Desktop\\yiyuan_spider\\API\\API_TaoKe\\API_TaoKe_Good.py', line 167, code fetch_goods_file_link>发起了调用,请求成功（status_code:200）
2025-12-02 11:36:07 | INFO | downloader.py:81 : https://union-file-center.oss-cn-zhangjiakou.aliyuncs.com/online_3d9ebba121a371482911ac5493851300?Expires=1764646577&OSSAccessKeyId=LTAI4FmnP9ZhkUeeAQpo4VPC&Signature=pufIuMH9AzCNAP7RwAok4eY8EJ8%3D&response-content-disposition=attachment%3B%20filename%3D2025-12-01%2000%253A00%253A00%257E2025-12-01%2023%253A59%253A59-%25E8%25B6%2585%25E7%25BA%25A7U%25E9%2580%2589%252F%25E5%2585%25A8%25E9%2583%25A8%25E6%25B4%25BB%25E5%258A%25A8-%25E5%2595%2586%25E5%2593%2581%25E5%2588%2586%25E6%259E%2590.csv&response-content-type=text%2Fplain%3B%20charset%3DUTF-8
2025-12-02 11:36:07 | INFO | extra_reqlog.py:12 : 在<frame at 0x00000188933FCB80, file 'C:\\Users\\admin\\Desktop\\yiyuan_spider\\extra\\downloader.py', line 83, code _make_request_get>发起了调用,请求成功（status_code:200）
2025-12-02 11:36:07 | INFO | tb_tk_淘宝联盟_商品分析_202504.py:79 : ['林内热水器旗舰店', '林内官方旗舰店'],2025-12-01已入库
2025-12-02 11:36:07 | INFO | tb_tk_淘宝联盟_商品分析_202504.py:63 : 
========================================================================================================================
正在采集林内官方旗舰店，2025-11-29的数据
2025-12-02 11:36:08 | INFO | extra_reqlog.py:12 : 在<frame at 0x00000188932511B0, file 'C:\\Users\\admin\\Desktop\\yiyuan_spider\\API\\API_TaoKe\\API_TaoKe_Good.py', line 120, code goods_task_status_list>发起了调用,请求成功（status_code:200）
2025-12-02 11:36:08 | INFO | API_TaoKe_Base.py:29 : {'2025-11-29 00:00:00~2025-11-29 23:59:59-超级U选/全部活动-商品分析': 692446647, '2025-11-30 00:00:00~2025-11-30 23:59:59-超级U选/全部活动-商品分析': 692446646, '2025-12-01 00:00:00~2025-12-01 23:59:59-超级U选/全部活动-商品分析': 692446645, '2025-11-28 00:00:00~2025-11-28 23:59:59-商品分析': 692197409}
2025-12-02 11:36:08 | INFO | extra_reqlog.py:12 : 在<frame at 0x0000018893408040, file 'C:\\Users\\admin\\Desktop\\yiyuan_spider\\API\\API_TaoKe\\API_TaoKe_Good.py', line 167, code fetch_goods_file_link>发起了调用,请求成功（status_code:200）
2025-12-02 11:36:08 | INFO | downloader.py:81 : https://union-file-center.oss-cn-zhangjiakou.aliyuncs.com/online_175b5c1bb7cf46d439e9247166518e85?Expires=1764646578&OSSAccessKeyId=LTAI4FmnP9ZhkUeeAQpo4VPC&Signature=wOwy8s4pFKvZuw1kNzgWrdoLhJI%3D&response-content-disposition=attachment%3B%20filename%3D2025-11-29%2000%253A00%253A00%257E2025-11-29%2023%253A59%253A59-%25E8%25B6%2585%25E7%25BA%25A7U%25E9%2580%2589%252F%25E5%2585%25A8%25E9%2583%25A8%25E6%25B4%25BB%25E5%258A%25A8-%25E5%2595%2586%25E5%2593%2581%25E5%2588%2586%25E6%259E%2590.csv&response-content-type=text%2Fplain%3B%20charset%3DUTF-8
2025-12-02 11:36:08 | INFO | extra_reqlog.py:12 : 在<frame at 0x00000188933FCB80, file 'C:\\Users\\admin\\Desktop\\yiyuan_spider\\extra\\downloader.py', line 83, code _make_request_get>发起了调用,请求成功（status_code:200）
2025-12-02 11:36:08 | INFO | tb_tk_淘宝联盟_商品分析_202504.py:79 : ['林内热水器旗舰店', '林内官方旗舰店'],2025-11-29已入库
2025-12-02 11:36:08 | INFO | tb_tk_淘宝联盟_商品分析_202504.py:63 : 
========================================================================================================================
正在采集林内官方旗舰店，2025-11-30的数据
2025-12-02 11:36:08 | INFO | extra_reqlog.py:12 : 在<frame at 0x00000188932511B0, file 'C:\\Users\\admin\\Desktop\\yiyuan_spider\\API\\API_TaoKe\\API_TaoKe_Good.py', line 120, code goods_task_status_list>发起了调用,请求成功（status_code:200）
2025-12-02 11:36:08 | INFO | API_TaoKe_Base.py:29 : {'2025-11-29 00:00:00~2025-11-29 23:59:59-超级U选/全部活动-商品分析': 692446647, '2025-11-30 00:00:00~2025-11-30 23:59:59-超级U选/全部活动-商品分析': 692446646, '2025-12-01 00:00:00~2025-12-01 23:59:59-超级U选/全部活动-商品分析': 692446645, '2025-11-28 00:00:00~2025-11-28 23:59:59-商品分析': 692197409}
2025-12-02 11:36:08 | INFO | extra_reqlog.py:12 : 在<frame at 0x0000018893408040, file 'C:\\Users\\admin\\Desktop\\yiyuan_spider\\API\\API_TaoKe\\API_TaoKe_Good.py', line 167, code fetch_goods_file_link>发起了调用,请求成功（status_code:200）
2025-12-02 11:36:08 | INFO | downloader.py:81 : https://union-file-center.oss-cn-zhangjiakou.aliyuncs.com/online_8505eae78b5985715a1ec921096a36bd?Expires=1764646578&OSSAccessKeyId=LTAI4FmnP9ZhkUeeAQpo4VPC&Signature=uREm5H9K89t%2BDvicG11xgKhkZFg%3D&response-content-disposition=attachment%3B%20filename%3D2025-11-30%2000%253A00%253A00%257E2025-11-30%2023%253A59%253A59-%25E8%25B6%2585%25E7%25BA%25A7U%25E9%2580%2589%252F%25E5%2585%25A8%25E9%2583%25A8%25E6%25B4%25BB%25E5%258A%25A8-%25E5%2595%2586%25E5%2593%2581%25E5%2588%2586%25E6%259E%2590.csv&response-content-type=text%2Fplain%3B%20charset%3DUTF-8
2025-12-02 11:36:08 | INFO | extra_reqlog.py:12 : 在<frame at 0x00000188933FCB80, file 'C:\\Users\\admin\\Desktop\\yiyuan_spider\\extra\\downloader.py', line 83, code _make_request_get>发起了调用,请求成功（status_code:200）
2025-12-02 11:36:08 | INFO | tb_tk_淘宝联盟_商品分析_202504.py:79 : ['林内热水器旗舰店', '林内官方旗舰店'],2025-11-30已入库
2025-12-02 11:36:09 | INFO | extra_reqlog.py:12 : 在<frame at 0x00000188932511B0, file 'C:\\Users\\admin\\Desktop\\yiyuan_spider\\API\\API_TaoKe\\API_TaoKe_Good.py', line 120, code goods_task_status_list>发起了调用,请求成功（status_code:200）
2025-12-02 11:36:09 | INFO | API_TaoKe_Base.py:29 : {'2025-11-29 00:00:00~2025-11-29 23:59:59-超级U选/全部活动-商品分析': 692446647, '2025-11-30 00:00:00~2025-11-30 23:59:59-超级U选/全部活动-商品分析': 692446646, '2025-12-01 00:00:00~2025-12-01 23:59:59-超级U选/全部活动-商品分析': 692446645, '2025-11-28 00:00:00~2025-11-28 23:59:59-商品分析': 692197409}
2025-12-02 11:36:09 | INFO | API_TaoKe_Good.py:78 : 
------------------------------------------------------------------------------------------------------------------------
在创建 2025-12-01 00:00:00~2025-12-01 23:59:59-超级淘客/全部活动 报告
2025-12-02 11:36:09 | INFO | extra_reqlog.py:12 : 在<frame at 0x00000188933ECE40, file 'C:\\Users\\admin\\Desktop\\yiyuan_spider\\API\\API_TaoKe\\API_TaoKe_Good.py', line 65, code tb_tk_goods_analysis>发起了调用,请求成功（status_code:200）
2025-12-02 11:36:09 | SUCCESS | API_TaoKe_Good.py:66 : 成功！！！超级淘客/全部活动创建任务日期:2025-12-01
2025-12-02 11:36:09 | INFO | API_TaoKe_Good.py:89 : 任务已创建，692446918
2025-12-02 11:36:09 | INFO | API_TaoKe_Good.py:78 : 
------------------------------------------------------------------------------------------------------------------------
在创建 2025-11-30 00:00:00~2025-11-30 23:59:59-超级淘客/全部活动 报告
2025-12-02 11:36:09 | INFO | extra_reqlog.py:12 : 在<frame at 0x00000188933ECE40, file 'C:\\Users\\admin\\Desktop\\yiyuan_spider\\API\\API_TaoKe\\API_TaoKe_Good.py', line 65, code tb_tk_goods_analysis>发起了调用,请求成功（status_code:200）
2025-12-02 11:36:09 | SUCCESS | API_TaoKe_Good.py:66 : 成功！！！超级淘客/全部活动创建任务日期:2025-11-30
2025-12-02 11:36:09 | INFO | API_TaoKe_Good.py:89 : 任务已创建，692446919
2025-12-02 11:36:09 | INFO | API_TaoKe_Good.py:78 : 
------------------------------------------------------------------------------------------------------------------------
在创建 2025-11-29 00:00:00~2025-11-29 23:59:59-超级淘客/全部活动 报告
2025-12-02 11:36:09 | INFO | extra_reqlog.py:12 : 在<frame at 0x00000188933ECE40, file 'C:\\Users\\admin\\Desktop\\yiyuan_spider\\API\\API_TaoKe\\API_TaoKe_Good.py', line 65, code tb_tk_goods_analysis>发起了调用,请求成功（status_code:200）
2025-12-02 11:36:09 | SUCCESS | API_TaoKe_Good.py:66 : 成功！！！超级淘客/全部活动创建任务日期:2025-11-29
2025-12-02 11:36:09 | INFO | API_TaoKe_Good.py:89 : 任务已创建，692446920
2025-12-02 11:36:09 | INFO | tb_tk_淘宝联盟_商品分析_202504.py:63 : 
========================================================================================================================
正在采集林内官方旗舰店，2025-12-01的数据
2025-12-02 11:36:09 | INFO | extra_reqlog.py:12 : 在<frame at 0x00000188932511B0, file 'C:\\Users\\admin\\Desktop\\yiyuan_spider\\API\\API_TaoKe\\API_TaoKe_Good.py', line 120, code goods_task_status_list>发起了调用,请求成功（status_code:200）
2025-12-02 11:36:09 | INFO | API_TaoKe_Base.py:29 : {'2025-11-29 00:00:00~2025-11-29 23:59:59-超级U选/全部活动-商品分析': 692446647, '2025-11-30 00:00:00~2025-11-30 23:59:59-超级U选/全部活动-商品分析': 692446646, '2025-12-01 00:00:00~2025-12-01 23:59:59-超级U选/全部活动-商品分析': 692446645, '2025-11-28 00:00:00~2025-11-28 23:59:59-商品分析': 692197409}
2025-12-02 11:36:09 | INFO | extra_reqlog.py:12 : 在<frame at 0x00000188933ECE40, file 'C:\\Users\\admin\\Desktop\\yiyuan_spider\\API\\API_TaoKe\\API_TaoKe_Good.py', line 65, code tb_tk_goods_analysis>发起了调用,请求成功（status_code:200）
2025-12-02 11:36:09 | SUCCESS | API_TaoKe_Good.py:66 : 成功！！！超级淘客/全部活动创建任务日期:2025-12-01
2025-12-02 11:36:09 | INFO | API_TaoKe_Good.py:143 : 任务已经存在
2025-12-02 11:36:09 | INFO | tb_tk_淘宝联盟_商品分析_202504.py:63 : 
========================================================================================================================
正在采集林内官方旗舰店，2025-11-29的数据
2025-12-02 11:36:09 | INFO | extra_reqlog.py:12 : 在<frame at 0x00000188932511B0, file 'C:\\Users\\admin\\Desktop\\yiyuan_spider\\API\\API_TaoKe\\API_TaoKe_Good.py', line 120, code goods_task_status_list>发起了调用,请求成功（status_code:200）
2025-12-02 11:36:09 | INFO | API_TaoKe_Base.py:29 : {'2025-11-29 00:00:00~2025-11-29 23:59:59-超级U选/全部活动-商品分析': 692446647, '2025-11-30 00:00:00~2025-11-30 23:59:59-超级U选/全部活动-商品分析': 692446646, '2025-12-01 00:00:00~2025-12-01 23:59:59-超级U选/全部活动-商品分析': 692446645, '2025-11-28 00:00:00~2025-11-28 23:59:59-商品分析': 692197409}
2025-12-02 11:36:09 | INFO | extra_reqlog.py:12 : 在<frame at 0x00000188933ECE40, file 'C:\\Users\\admin\\Desktop\\yiyuan_spider\\API\\API_TaoKe\\API_TaoKe_Good.py', line 65, code tb_tk_goods_analysis>发起了调用,请求成功（status_code:200）
2025-12-02 11:36:09 | SUCCESS | API_TaoKe_Good.py:66 : 成功！！！超级淘客/全部活动创建任务日期:2025-11-29
2025-12-02 11:36:09 | INFO | API_TaoKe_Good.py:143 : 任务已经存在
2025-12-02 11:36:09 | INFO | tb_tk_淘宝联盟_商品分析_202504.py:63 : 
========================================================================================================================
正在采集林内官方旗舰店，2025-11-30的数据
2025-12-02 11:36:10 | INFO | extra_reqlog.py:12 : 在<frame at 0x00000188932511B0, file 'C:\\Users\\admin\\Desktop\\yiyuan_spider\\API\\API_TaoKe\\API_TaoKe_Good.py', line 120, code goods_task_status_list>发起了调用,请求成功（status_code:200）
2025-12-02 11:36:10 | INFO | API_TaoKe_Base.py:29 : {'2025-11-29 00:00:00~2025-11-29 23:59:59-超级U选/全部活动-商品分析': 692446647, '2025-11-30 00:00:00~2025-11-30 23:59:59-超级U选/全部活动-商品分析': 692446646, '2025-12-01 00:00:00~2025-12-01 23:59:59-超级U选/全部活动-商品分析': 692446645, '2025-11-28 00:00:00~2025-11-28 23:59:59-商品分析': 692197409}
2025-12-02 11:36:10 | INFO | extra_reqlog.py:12 : 在<frame at 0x00000188933ECE40, file 'C:\\Users\\admin\\Desktop\\yiyuan_spider\\API\\API_TaoKe\\API_TaoKe_Good.py', line 65, code tb_tk_goods_analysis>发起了调用,请求成功（status_code:200）
2025-12-02 11:36:10 | SUCCESS | API_TaoKe_Good.py:66 : 成功！！！超级淘客/全部活动创建任务日期:2025-11-30
2025-12-02 11:36:10 | INFO | API_TaoKe_Good.py:143 : 任务已经存在
2025-12-02 11:36:40 | INFO | tb_tk_淘宝联盟_商品分析_202504.py:63 : 
========================================================================================================================
正在采集林内官方旗舰店，2025-12-01的数据
2025-12-02 11:36:40 | INFO | extra_reqlog.py:12 : 在<frame at 0x00000188932511B0, file 'C:\\Users\\admin\\Desktop\\yiyuan_spider\\API\\API_TaoKe\\API_TaoKe_Good.py', line 120, code goods_task_status_list>发起了调用,请求成功（status_code:200）
2025-12-02 11:36:40 | INFO | API_TaoKe_Base.py:29 : {'2025-11-29 00:00:00~2025-11-29 23:59:59-超级淘客/全部活动-商品分析': 692446920, '2025-11-30 00:00:00~2025-11-30 23:59:59-超级淘客/全部活动-商品分析': 692446919, '2025-12-01 00:00:00~2025-12-01 23:59:59-超级淘客/全部活动-商品分析': 692446918, '2025-11-29 00:00:00~2025-11-29 23:59:59-超级U选/全部活动-商品分析': 692446647, '2025-11-30 00:00:00~2025-11-30 23:59:59-超级U选/全部活动-商品分析': 692446646, '2025-12-01 00:00:00~2025-12-01 23:59:59-超级U选/全部活动-商品分析': 692446645, '2025-11-28 00:00:00~2025-11-28 23:59:59-商品分析': 692197409}
2025-12-02 11:36:40 | INFO | extra_reqlog.py:12 : 在<frame at 0x0000018893408040, file 'C:\\Users\\admin\\Desktop\\yiyuan_spider\\API\\API_TaoKe\\API_TaoKe_Good.py', line 167, code fetch_goods_file_link>发起了调用,请求成功（status_code:200）
2025-12-02 11:36:40 | INFO | downloader.py:81 : https://union-file-center.oss-cn-zhangjiakou.aliyuncs.com/online_46dd46e1fb30330baee0ef34da34b324?Expires=1764646610&OSSAccessKeyId=LTAI4FmnP9ZhkUeeAQpo4VPC&Signature=eDcbqNpXLJ17kjEq2jdclna8lWs%3D&response-content-disposition=attachment%3B%20filename%3D2025-12-01%2000%253A00%253A00%257E2025-12-01%2023%253A59%253A59-%25E8%25B6%2585%25E7%25BA%25A7%25E6%25B7%2598%25E5%25AE%25A2%252F%25E5%2585%25A8%25E9%2583%25A8%25E6%25B4%25BB%25E5%258A%25A8-%25E5%2595%2586%25E5%2593%2581%25E5%2588%2586%25E6%259E%2590.csv&response-content-type=text%2Fplain%3B%20charset%3DUTF-8
2025-12-02 11:36:40 | INFO | extra_reqlog.py:12 : 在<frame at 0x00000188933FCB80, file 'C:\\Users\\admin\\Desktop\\yiyuan_spider\\extra\\downloader.py', line 83, code _make_request_get>发起了调用,请求成功（status_code:200）
2025-12-02 11:36:40 | INFO | tb_tk_淘宝联盟_商品分析_202504.py:79 : ['林内热水器旗舰店', '林内官方旗舰店'],2025-12-01已入库
2025-12-02 11:36:40 | INFO | tb_tk_淘宝联盟_商品分析_202504.py:63 : 
========================================================================================================================
正在采集林内官方旗舰店，2025-11-29的数据
2025-12-02 11:36:40 | INFO | extra_reqlog.py:12 : 在<frame at 0x00000188932511B0, file 'C:\\Users\\admin\\Desktop\\yiyuan_spider\\API\\API_TaoKe\\API_TaoKe_Good.py', line 120, code goods_task_status_list>发起了调用,请求成功（status_code:200）
2025-12-02 11:36:40 | INFO | API_TaoKe_Base.py:29 : {'2025-11-29 00:00:00~2025-11-29 23:59:59-超级淘客/全部活动-商品分析': 692446920, '2025-11-30 00:00:00~2025-11-30 23:59:59-超级淘客/全部活动-商品分析': 692446919, '2025-12-01 00:00:00~2025-12-01 23:59:59-超级淘客/全部活动-商品分析': 692446918, '2025-11-29 00:00:00~2025-11-29 23:59:59-超级U选/全部活动-商品分析': 692446647, '2025-11-30 00:00:00~2025-11-30 23:59:59-超级U选/全部活动-商品分析': 692446646, '2025-12-01 00:00:00~2025-12-01 23:59:59-超级U选/全部活动-商品分析': 692446645, '2025-11-28 00:00:00~2025-11-28 23:59:59-商品分析': 692197409}
2025-12-02 11:36:40 | INFO | extra_reqlog.py:12 : 在<frame at 0x0000018893408040, file 'C:\\Users\\admin\\Desktop\\yiyuan_spider\\API\\API_TaoKe\\API_TaoKe_Good.py', line 167, code fetch_goods_file_link>发起了调用,请求成功（status_code:200）
2025-12-02 11:36:40 | INFO | downloader.py:81 : https://union-file-center.oss-cn-zhangjiakou.aliyuncs.com/online_d6ce0b17ffec9a28da1362516bf36369?Expires=1764646610&OSSAccessKeyId=LTAI4FmnP9ZhkUeeAQpo4VPC&Signature=jhtlV63%2F0J0w4cguO1p3kmdbFUI%3D&response-content-disposition=attachment%3B%20filename%3D2025-11-29%2000%253A00%253A00%257E2025-11-29%2023%253A59%253A59-%25E8%25B6%2585%25E7%25BA%25A7%25E6%25B7%2598%25E5%25AE%25A2%252F%25E5%2585%25A8%25E9%2583%25A8%25E6%25B4%25BB%25E5%258A%25A8-%25E5%2595%2586%25E5%2593%2581%25E5%2588%2586%25E6%259E%2590.csv&response-content-type=text%2Fplain%3B%20charset%3DUTF-8
2025-12-02 11:36:41 | INFO | extra_reqlog.py:12 : 在<frame at 0x00000188933FCB80, file 'C:\\Users\\admin\\Desktop\\yiyuan_spider\\extra\\downloader.py', line 83, code _make_request_get>发起了调用,请求成功（status_code:200）
2025-12-02 11:36:41 | INFO | tb_tk_淘宝联盟_商品分析_202504.py:79 : ['林内热水器旗舰店', '林内官方旗舰店'],2025-11-29已入库
2025-12-02 11:36:41 | INFO | tb_tk_淘宝联盟_商品分析_202504.py:63 : 
========================================================================================================================
正在采集林内官方旗舰店，2025-11-30的数据
2025-12-02 11:36:41 | INFO | extra_reqlog.py:12 : 在<frame at 0x00000188932511B0, file 'C:\\Users\\admin\\Desktop\\yiyuan_spider\\API\\API_TaoKe\\API_TaoKe_Good.py', line 120, code goods_task_status_list>发起了调用,请求成功（status_code:200）
2025-12-02 11:36:41 | INFO | API_TaoKe_Base.py:29 : {'2025-11-29 00:00:00~2025-11-29 23:59:59-超级淘客/全部活动-商品分析': 692446920, '2025-11-30 00:00:00~2025-11-30 23:59:59-超级淘客/全部活动-商品分析': 692446919, '2025-12-01 00:00:00~2025-12-01 23:59:59-超级淘客/全部活动-商品分析': 692446918, '2025-11-29 00:00:00~2025-11-29 23:59:59-超级U选/全部活动-商品分析': 692446647, '2025-11-30 00:00:00~2025-11-30 23:59:59-超级U选/全部活动-商品分析': 692446646, '2025-12-01 00:00:00~2025-12-01 23:59:59-超级U选/全部活动-商品分析': 692446645, '2025-11-28 00:00:00~2025-11-28 23:59:59-商品分析': 692197409}
2025-12-02 11:36:41 | INFO | extra_reqlog.py:12 : 在<frame at 0x0000018893408040, file 'C:\\Users\\admin\\Desktop\\yiyuan_spider\\API\\API_TaoKe\\API_TaoKe_Good.py', line 167, code fetch_goods_file_link>发起了调用,请求成功（status_code:200）
2025-12-02 11:36:41 | INFO | downloader.py:81 : https://union-file-center.oss-cn-zhangjiakou.aliyuncs.com/online_f47da306abc2ce797645c89cd3a3c861?Expires=1764646611&OSSAccessKeyId=LTAI4FmnP9ZhkUeeAQpo4VPC&Signature=NvxzSN6yjx7NipQgTX72qDCnmoY%3D&response-content-disposition=attachment%3B%20filename%3D2025-11-30%2000%253A00%253A00%257E2025-11-30%2023%253A59%253A59-%25E8%25B6%2585%25E7%25BA%25A7%25E6%25B7%2598%25E5%25AE%25A2%252F%25E5%2585%25A8%25E9%2583%25A8%25E6%25B4%25BB%25E5%258A%25A8-%25E5%2595%2586%25E5%2593%2581%25E5%2588%2586%25E6%259E%2590.csv&response-content-type=text%2Fplain%3B%20charset%3DUTF-8
2025-12-02 11:36:41 | INFO | extra_reqlog.py:12 : 在<frame at 0x00000188933FCB80, file 'C:\\Users\\admin\\Desktop\\yiyuan_spider\\extra\\downloader.py', line 83, code _make_request_get>发起了调用,请求成功（status_code:200）
2025-12-02 11:36:41 | INFO | tb_tk_淘宝联盟_商品分析_202504.py:79 : ['林内热水器旗舰店', '林内官方旗舰店'],2025-11-30已入库
2025-12-02 11:36:41 | INFO | extra_reqlog.py:12 : 在<frame at 0x00000188932511B0, file 'C:\\Users\\admin\\Desktop\\yiyuan_spider\\API\\API_TaoKe\\API_TaoKe_Good.py', line 120, code goods_task_status_list>发起了调用,请求成功（status_code:200）
2025-12-02 11:36:41 | INFO | API_TaoKe_Base.py:29 : {'2025-11-29 00:00:00~2025-11-29 23:59:59-超级淘客/全部活动-商品分析': 692446920, '2025-11-30 00:00:00~2025-11-30 23:59:59-超级淘客/全部活动-商品分析': 692446919, '2025-12-01 00:00:00~2025-12-01 23:59:59-超级淘客/全部活动-商品分析': 692446918, '2025-11-29 00:00:00~2025-11-29 23:59:59-超级U选/全部活动-商品分析': 692446647, '2025-11-30 00:00:00~2025-11-30 23:59:59-超级U选/全部活动-商品分析': 692446646, '2025-12-01 00:00:00~2025-12-01 23:59:59-超级U选/全部活动-商品分析': 692446645, '2025-11-28 00:00:00~2025-11-28 23:59:59-商品分析': 692197409}
2025-12-02 11:36:41 | INFO | API_TaoKe_Good.py:78 : 
------------------------------------------------------------------------------------------------------------------------
在创建 2025-12-01 00:00:00~2025-12-01 23:59:59-普通招商/全部活动 报告
2025-12-02 11:36:41 | INFO | extra_reqlog.py:12 : 在<frame at 0x00000188933ECE40, file 'C:\\Users\\admin\\Desktop\\yiyuan_spider\\API\\API_TaoKe\\API_TaoKe_Good.py', line 65, code tb_tk_goods_analysis>发起了调用,请求成功（status_code:200）
2025-12-02 11:36:41 | SUCCESS | API_TaoKe_Good.py:66 : 成功！！！普通招商/全部活动创建任务日期:2025-12-01
2025-12-02 11:36:41 | INFO | API_TaoKe_Good.py:89 : 任务已创建，692447015
2025-12-02 11:36:41 | INFO | API_TaoKe_Good.py:78 : 
------------------------------------------------------------------------------------------------------------------------
在创建 2025-11-30 00:00:00~2025-11-30 23:59:59-普通招商/全部活动 报告
2025-12-02 11:36:41 | INFO | extra_reqlog.py:12 : 在<frame at 0x00000188933ECE40, file 'C:\\Users\\admin\\Desktop\\yiyuan_spider\\API\\API_TaoKe\\API_TaoKe_Good.py', line 65, code tb_tk_goods_analysis>发起了调用,请求成功（status_code:200）
2025-12-02 11:36:41 | SUCCESS | API_TaoKe_Good.py:66 : 成功！！！普通招商/全部活动创建任务日期:2025-11-30
2025-12-02 11:36:41 | INFO | API_TaoKe_Good.py:89 : 任务已创建，692447016
2025-12-02 11:36:41 | INFO | API_TaoKe_Good.py:78 : 
------------------------------------------------------------------------------------------------------------------------
在创建 2025-11-29 00:00:00~2025-11-29 23:59:59-普通招商/全部活动 报告
2025-12-02 11:36:42 | INFO | extra_reqlog.py:12 : 在<frame at 0x00000188933ECE40, file 'C:\\Users\\admin\\Desktop\\yiyuan_spider\\API\\API_TaoKe\\API_TaoKe_Good.py', line 65, code tb_tk_goods_analysis>发起了调用,请求成功（status_code:200）
2025-12-02 11:36:42 | SUCCESS | API_TaoKe_Good.py:66 : 成功！！！普通招商/全部活动创建任务日期:2025-11-29
2025-12-02 11:36:42 | INFO | API_TaoKe_Good.py:89 : 任务已创建，692447017
2025-12-02 11:36:42 | INFO | tb_tk_淘宝联盟_商品分析_202504.py:63 : 
========================================================================================================================
正在采集林内官方旗舰店，2025-12-01的数据
2025-12-02 11:36:42 | INFO | extra_reqlog.py:12 : 在<frame at 0x00000188932511B0, file 'C:\\Users\\admin\\Desktop\\yiyuan_spider\\API\\API_TaoKe\\API_TaoKe_Good.py', line 120, code goods_task_status_list>发起了调用,请求成功（status_code:200）
2025-12-02 11:36:42 | INFO | API_TaoKe_Base.py:29 : {'2025-11-29 00:00:00~2025-11-29 23:59:59-超级淘客/全部活动-商品分析': 692446920, '2025-11-30 00:00:00~2025-11-30 23:59:59-超级淘客/全部活动-商品分析': 692446919, '2025-12-01 00:00:00~2025-12-01 23:59:59-超级淘客/全部活动-商品分析': 692446918, '2025-11-29 00:00:00~2025-11-29 23:59:59-超级U选/全部活动-商品分析': 692446647, '2025-11-30 00:00:00~2025-11-30 23:59:59-超级U选/全部活动-商品分析': 692446646, '2025-12-01 00:00:00~2025-12-01 23:59:59-超级U选/全部活动-商品分析': 692446645, '2025-11-28 00:00:00~2025-11-28 23:59:59-商品分析': 692197409}
2025-12-02 11:36:42 | INFO | extra_reqlog.py:12 : 在<frame at 0x00000188933ECE40, file 'C:\\Users\\admin\\Desktop\\yiyuan_spider\\API\\API_TaoKe\\API_TaoKe_Good.py', line 65, code tb_tk_goods_analysis>发起了调用,请求成功（status_code:200）
2025-12-02 11:36:42 | SUCCESS | API_TaoKe_Good.py:66 : 成功！！！普通招商/全部活动创建任务日期:2025-12-01
2025-12-02 11:36:42 | INFO | API_TaoKe_Good.py:143 : 任务已经存在
2025-12-02 11:36:42 | INFO | tb_tk_淘宝联盟_商品分析_202504.py:63 : 
========================================================================================================================
正在采集林内官方旗舰店，2025-11-29的数据
2025-12-02 11:36:42 | INFO | extra_reqlog.py:12 : 在<frame at 0x00000188932511B0, file 'C:\\Users\\admin\\Desktop\\yiyuan_spider\\API\\API_TaoKe\\API_TaoKe_Good.py', line 120, code goods_task_status_list>发起了调用,请求成功（status_code:200）
2025-12-02 11:36:42 | INFO | API_TaoKe_Base.py:29 : {'2025-11-29 00:00:00~2025-11-29 23:59:59-超级淘客/全部活动-商品分析': 692446920, '2025-11-30 00:00:00~2025-11-30 23:59:59-超级淘客/全部活动-商品分析': 692446919, '2025-12-01 00:00:00~2025-12-01 23:59:59-超级淘客/全部活动-商品分析': 692446918, '2025-11-29 00:00:00~2025-11-29 23:59:59-超级U选/全部活动-商品分析': 692446647, '2025-11-30 00:00:00~2025-11-30 23:59:59-超级U选/全部活动-商品分析': 692446646, '2025-12-01 00:00:00~2025-12-01 23:59:59-超级U选/全部活动-商品分析': 692446645, '2025-11-28 00:00:00~2025-11-28 23:59:59-商品分析': 692197409}
2025-12-02 11:36:42 | INFO | extra_reqlog.py:12 : 在<frame at 0x00000188933ECE40, file 'C:\\Users\\admin\\Desktop\\yiyuan_spider\\API\\API_TaoKe\\API_TaoKe_Good.py', line 65, code tb_tk_goods_analysis>发起了调用,请求成功（status_code:200）
2025-12-02 11:36:42 | SUCCESS | API_TaoKe_Good.py:66 : 成功！！！普通招商/全部活动创建任务日期:2025-11-29
2025-12-02 11:36:42 | INFO | API_TaoKe_Good.py:143 : 任务已经存在
2025-12-02 11:36:42 | INFO | tb_tk_淘宝联盟_商品分析_202504.py:63 : 
========================================================================================================================
正在采集林内官方旗舰店，2025-11-30的数据
2025-12-02 11:36:42 | INFO | extra_reqlog.py:12 : 在<frame at 0x00000188932511B0, file 'C:\\Users\\admin\\Desktop\\yiyuan_spider\\API\\API_TaoKe\\API_TaoKe_Good.py', line 120, code goods_task_status_list>发起了调用,请求成功（status_code:200）
2025-12-02 11:36:42 | INFO | API_TaoKe_Base.py:29 : {'2025-11-29 00:00:00~2025-11-29 23:59:59-超级淘客/全部活动-商品分析': 692446920, '2025-11-30 00:00:00~2025-11-30 23:59:59-超级淘客/全部活动-商品分析': 692446919, '2025-12-01 00:00:00~2025-12-01 23:59:59-超级淘客/全部活动-商品分析': 692446918, '2025-11-29 00:00:00~2025-11-29 23:59:59-超级U选/全部活动-商品分析': 692446647, '2025-11-30 00:00:00~2025-11-30 23:59:59-超级U选/全部活动-商品分析': 692446646, '2025-12-01 00:00:00~2025-12-01 23:59:59-超级U选/全部活动-商品分析': 692446645, '2025-11-28 00:00:00~2025-11-28 23:59:59-商品分析': 692197409}
2025-12-02 11:36:42 | INFO | extra_reqlog.py:12 : 在<frame at 0x00000188933ECE40, file 'C:\\Users\\admin\\Desktop\\yiyuan_spider\\API\\API_TaoKe\\API_TaoKe_Good.py', line 65, code tb_tk_goods_analysis>发起了调用,请求成功（status_code:200）
2025-12-02 11:36:42 | SUCCESS | API_TaoKe_Good.py:66 : 成功！！！普通招商/全部活动创建任务日期:2025-11-30
2025-12-02 11:36:42 | INFO | API_TaoKe_Good.py:143 : 任务已经存在
2025-12-02 11:36:49 | INFO | extra_reqlog.py:12 : 在<frame at 0x000001E34D0E3C50, file 'C:\\Users\\admin\\Desktop\\yiyuan_spider\\API\\API_TaoKe\\API_TaoKe_Cps.py', line 94, code cps_task_status_list>发起了调用,请求成功（status_code:200）
2025-12-02 11:36:49 | INFO | API_TaoKe_Base.py:29 : {'2025-11-22 00:00:00~2025-12-01 23:59:59-订单结算明细报表': 252152389, '2025-11-01 00:00:00~2025-11-30 23:59:59-订单结算明细报表': 251963626, '2025-11-21 00:00:00~2025-11-30 23:59:59-订单结算明细报表': 251912588, '2025-11-01 00:00:00~2025-11-28 14:10:51-订单结算明细报表': 251562330, '2025-11-17 00:00:00~2025-11-26 23:59:59-订单结算明细报表': 251390729, '2025-08-01 00:00:00~2025-08-31 23:59:59-订单结算明细报表': 251105519, '2025-11-15 00:00:00~2025-11-24 23:59:59-订单结算明细报表': 251144768, '2025-10-26 00:00:00~2025-11-24 23:59:59-订单结算明细报表': 251144527, '2025-11-18 00:00:00~2025-11-25 10:29:48-订单成功明细报表': 251108265, '2025-10-01 00:00:00~2025-10-31 23:59:59-订单结算明细报表': 249861124}
2025-12-02 11:36:49 | INFO | tb_tk_淘宝联盟_数据分析_cps订单明细_订单结算明细报表_202505.py:48 : {}
2025-12-02 11:36:49 | INFO | tb_tk_淘宝联盟_数据分析_cps订单明细_订单结算明细报表_202505.py:50 : 
========================================================================================================================
开始采集林内官方旗舰店，2025-11-22_2025-12-01的数据
2025-12-02 11:36:54 | INFO | extra_reqlog.py:12 : 在<frame at 0x000001E34D294230, file 'C:\\Users\\admin\\Desktop\\yiyuan_spider\\API\\API_TaoKe\\API_TaoKe_Cps.py', line 121, code fetch_cps_file_link>发起了调用,请求成功（status_code:200）
2025-12-02 11:36:54 | INFO | API_TaoKe_Cps.py:123 : https://union-file-center.oss-cn-zhangjiakou.aliyuncs.com/adv_34274104_1_3_1763740800000_1764604799000?Expires=1764646624&OSSAccessKeyId=LTAI4FmnP9ZhkUeeAQpo4VPC&Signature=gdYBq%2Bzsp%2ByXamRG%2BrkuBcojzuc%3D&response-content-disposition=attachment%3B%20filename%3D2025-11-22%2000%253A00%253A00%257E2025-12-01%2023%253A59%253A59-%25E8%25AE%25A2%25E5%258D%2595%25E7%25BB%2593%25E7%25AE%2597%25E6%2598%258E%25E7%25BB%2586%25E6%258A%25A5%25E8%25A1%25A8.csv&response-content-type=text%2Fplain%3B%20charset%3DUTF-8
2025-12-02 11:36:54 | INFO | downloader.py:81 : https://union-file-center.oss-cn-zhangjiakou.aliyuncs.com/adv_34274104_1_3_1763740800000_1764604799000?Expires=1764646624&OSSAccessKeyId=LTAI4FmnP9ZhkUeeAQpo4VPC&Signature=gdYBq%2Bzsp%2ByXamRG%2BrkuBcojzuc%3D&response-content-disposition=attachment%3B%20filename%3D2025-11-22%2000%253A00%253A00%257E2025-12-01%2023%253A59%253A59-%25E8%25AE%25A2%25E5%258D%2595%25E7%25BB%2593%25E7%25AE%2597%25E6%2598%258E%25E7%25BB%2586%25E6%258A%25A5%25E8%25A1%25A8.csv&response-content-type=text%2Fplain%3B%20charset%3DUTF-8
2025-12-02 11:36:54 | INFO | extra_reqlog.py:12 : 在<frame at 0x000001E34D2896C0, file 'C:\\Users\\admin\\Desktop\\yiyuan_spider\\extra\\downloader.py', line 83, code _make_request_get>发起了调用,请求成功（status_code:200）
2025-12-02 11:36:54 | INFO | tb_tk_淘宝联盟_数据分析_cps订单明细_订单结算明细报表_202505.py:64 : 林内官方旗舰店,2025-11-22_2025-12-01已入库
2025-12-02 11:36:54 | INFO | tb_tk_淘宝联盟_数据分析_cps订单明细_订单结算明细报表_202505.py:65 : ----------------------------------------------------------------------------------------------------
2025-12-02 11:36:54 | INFO | extra_reqlog.py:12 : 在<frame at 0x000001E34D251120, file 'C:\\Users\\admin\\Desktop\\yiyuan_spider\\API\\API_TaoKe\\API_TaoKe_Cps.py', line 59, code tb_tk_cps_settlement_report>发起了调用,请求成功（status_code:200）
2025-12-02 11:36:54 | SUCCESS | API_TaoKe_Cps.py:60 : 成功！！！创建任务日期:2025-11-22_2025-12-01
2025-12-02 11:36:54 | INFO | extra_reqlog.py:12 : 在<frame at 0x000001E34D0E3C50, file 'C:\\Users\\admin\\Desktop\\yiyuan_spider\\API\\API_TaoKe\\API_TaoKe_Cps.py', line 94, code cps_task_status_list>发起了调用,请求成功（status_code:200）
2025-12-02 11:37:12 | INFO | tb_tk_淘宝联盟_商品分析_202504.py:63 : 
========================================================================================================================
正在采集林内官方旗舰店，2025-12-01的数据
2025-12-02 11:37:13 | INFO | extra_reqlog.py:12 : 在<frame at 0x00000188932511B0, file 'C:\\Users\\admin\\Desktop\\yiyuan_spider\\API\\API_TaoKe\\API_TaoKe_Good.py', line 120, code goods_task_status_list>发起了调用,请求成功（status_code:200）
2025-12-02 11:37:13 | INFO | API_TaoKe_Base.py:29 : {'2025-11-29 00:00:00~2025-11-29 23:59:59-普通招商/全部活动-商品分析': 692447017, '2025-11-30 00:00:00~2025-11-30 23:59:59-普通招商/全部活动-商品分析': 692447016, '2025-12-01 00:00:00~2025-12-01 23:59:59-普通招商/全部活动-商品分析': 692447015, '2025-11-29 00:00:00~2025-11-29 23:59:59-超级淘客/全部活动-商品分析': 692446920, '2025-11-30 00:00:00~2025-11-30 23:59:59-超级淘客/全部活动-商品分析': 692446919, '2025-12-01 00:00:00~2025-12-01 23:59:59-超级淘客/全部活动-商品分析': 692446918, '2025-11-29 00:00:00~2025-11-29 23:59:59-超级U选/全部活动-商品分析': 692446647, '2025-11-30 00:00:00~2025-11-30 23:59:59-超级U选/全部活动-商品分析': 692446646, '2025-12-01 00:00:00~2025-12-01 23:59:59-超级U选/全部活动-商品分析': 692446645, '2025-11-28 00:00:00~2025-11-28 23:59:59-商品分析': 692197409}
2025-12-02 11:37:13 | INFO | extra_reqlog.py:12 : 在<frame at 0x0000018893408040, file 'C:\\Users\\admin\\Desktop\\yiyuan_spider\\API\\API_TaoKe\\API_TaoKe_Good.py', line 167, code fetch_goods_file_link>发起了调用,请求成功（status_code:200）
2025-12-02 11:37:13 | INFO | downloader.py:81 : https://union-file-center.oss-cn-zhangjiakou.aliyuncs.com/online_823459f1ec429aec8b94d05260a3093b?Expires=1764646643&OSSAccessKeyId=LTAI4FmnP9ZhkUeeAQpo4VPC&Signature=%2B9TZtqD0vexr0pktQ8%2F6WPJbYJo%3D&response-content-disposition=attachment%3B%20filename%3D2025-12-01%2000%253A00%253A00%257E2025-12-01%2023%253A59%253A59-%25E6%2599%25AE%25E9%2580%259A%25E6%258B%259B%25E5%2595%2586%252F%25E5%2585%25A8%25E9%2583%25A8%25E6%25B4%25BB%25E5%258A%25A8-%25E5%2595%2586%25E5%2593%2581%25E5%2588%2586%25E6%259E%2590.csv&response-content-type=text%2Fplain%3B%20charset%3DUTF-8
2025-12-02 11:37:13 | INFO | extra_reqlog.py:12 : 在<frame at 0x00000188933FCB80, file 'C:\\Users\\admin\\Desktop\\yiyuan_spider\\extra\\downloader.py', line 83, code _make_request_get>发起了调用,请求成功（status_code:200）
2025-12-02 11:37:13 | INFO | tb_tk_淘宝联盟_商品分析_202504.py:79 : ['林内热水器旗舰店', '林内官方旗舰店'],2025-12-01已入库
2025-12-02 11:37:13 | INFO | tb_tk_淘宝联盟_商品分析_202504.py:63 : 
========================================================================================================================
正在采集林内官方旗舰店，2025-11-29的数据
2025-12-02 11:37:13 | INFO | extra_reqlog.py:12 : 在<frame at 0x00000188932511B0, file 'C:\\Users\\admin\\Desktop\\yiyuan_spider\\API\\API_TaoKe\\API_TaoKe_Good.py', line 120, code goods_task_status_list>发起了调用,请求成功（status_code:200）
2025-12-02 11:37:13 | INFO | API_TaoKe_Base.py:29 : {'2025-11-29 00:00:00~2025-11-29 23:59:59-普通招商/全部活动-商品分析': 692447017, '2025-11-30 00:00:00~2025-11-30 23:59:59-普通招商/全部活动-商品分析': 692447016, '2025-12-01 00:00:00~2025-12-01 23:59:59-普通招商/全部活动-商品分析': 692447015, '2025-11-29 00:00:00~2025-11-29 23:59:59-超级淘客/全部活动-商品分析': 692446920, '2025-11-30 00:00:00~2025-11-30 23:59:59-超级淘客/全部活动-商品分析': 692446919, '2025-12-01 00:00:00~2025-12-01 23:59:59-超级淘客/全部活动-商品分析': 692446918, '2025-11-29 00:00:00~2025-11-29 23:59:59-超级U选/全部活动-商品分析': 692446647, '2025-11-30 00:00:00~2025-11-30 23:59:59-超级U选/全部活动-商品分析': 692446646, '2025-12-01 00:00:00~2025-12-01 23:59:59-超级U选/全部活动-商品分析': 692446645, '2025-11-28 00:00:00~2025-11-28 23:59:59-商品分析': 692197409}
2025-12-02 11:37:13 | INFO | extra_reqlog.py:12 : 在<frame at 0x0000018893408040, file 'C:\\Users\\admin\\Desktop\\yiyuan_spider\\API\\API_TaoKe\\API_TaoKe_Good.py', line 167, code fetch_goods_file_link>发起了调用,请求成功（status_code:200）
2025-12-02 11:37:13 | INFO | downloader.py:81 : https://union-file-center.oss-cn-zhangjiakou.aliyuncs.com/online_2efd23cbf0c02759fb25cc005a2c4039?Expires=1764646643&OSSAccessKeyId=LTAI4FmnP9ZhkUeeAQpo4VPC&Signature=2XUv9FIhIs52y3wyKSoy1x2G4%2Bo%3D&response-content-disposition=attachment%3B%20filename%3D2025-11-29%2000%253A00%253A00%257E2025-11-29%2023%253A59%253A59-%25E6%2599%25AE%25E9%2580%259A%25E6%258B%259B%25E5%2595%2586%252F%25E5%2585%25A8%25E9%2583%25A8%25E6%25B4%25BB%25E5%258A%25A8-%25E5%2595%2586%25E5%2593%2581%25E5%2588%2586%25E6%259E%2590.csv&response-content-type=text%2Fplain%3B%20charset%3DUTF-8
2025-12-02 11:37:13 | INFO | extra_reqlog.py:12 : 在<frame at 0x00000188933FCB80, file 'C:\\Users\\admin\\Desktop\\yiyuan_spider\\extra\\downloader.py', line 83, code _make_request_get>发起了调用,请求成功（status_code:200）
2025-12-02 11:37:13 | INFO | tb_tk_淘宝联盟_商品分析_202504.py:79 : ['林内热水器旗舰店', '林内官方旗舰店'],2025-11-29已入库
2025-12-02 11:37:13 | INFO | tb_tk_淘宝联盟_商品分析_202504.py:63 : 
========================================================================================================================
正在采集林内官方旗舰店，2025-11-30的数据
2025-12-02 11:37:14 | INFO | extra_reqlog.py:12 : 在<frame at 0x00000188932511B0, file 'C:\\Users\\admin\\Desktop\\yiyuan_spider\\API\\API_TaoKe\\API_TaoKe_Good.py', line 120, code goods_task_status_list>发起了调用,请求成功（status_code:200）
2025-12-02 11:37:14 | INFO | API_TaoKe_Base.py:29 : {'2025-11-29 00:00:00~2025-11-29 23:59:59-普通招商/全部活动-商品分析': 692447017, '2025-11-30 00:00:00~2025-11-30 23:59:59-普通招商/全部活动-商品分析': 692447016, '2025-12-01 00:00:00~2025-12-01 23:59:59-普通招商/全部活动-商品分析': 692447015, '2025-11-29 00:00:00~2025-11-29 23:59:59-超级淘客/全部活动-商品分析': 692446920, '2025-11-30 00:00:00~2025-11-30 23:59:59-超级淘客/全部活动-商品分析': 692446919, '2025-12-01 00:00:00~2025-12-01 23:59:59-超级淘客/全部活动-商品分析': 692446918, '2025-11-29 00:00:00~2025-11-29 23:59:59-超级U选/全部活动-商品分析': 692446647, '2025-11-30 00:00:00~2025-11-30 23:59:59-超级U选/全部活动-商品分析': 692446646, '2025-12-01 00:00:00~2025-12-01 23:59:59-超级U选/全部活动-商品分析': 692446645, '2025-11-28 00:00:00~2025-11-28 23:59:59-商品分析': 692197409}
2025-12-02 11:37:14 | INFO | extra_reqlog.py:12 : 在<frame at 0x0000018893408040, file 'C:\\Users\\admin\\Desktop\\yiyuan_spider\\API\\API_TaoKe\\API_TaoKe_Good.py', line 167, code fetch_goods_file_link>发起了调用,请求成功（status_code:200）
2025-12-02 11:37:14 | INFO | downloader.py:81 : https://union-file-center.oss-cn-zhangjiakou.aliyuncs.com/online_84bee37f5b425cc6ddb85315b0333ca1?Expires=1764646644&OSSAccessKeyId=LTAI4FmnP9ZhkUeeAQpo4VPC&Signature=%2F4v9hEjYdeW9gdS4ZgkOUkr%2BE%2Bw%3D&response-content-disposition=attachment%3B%20filename%3D2025-11-30%2000%253A00%253A00%257E2025-11-30%2023%253A59%253A59-%25E6%2599%25AE%25E9%2580%259A%25E6%258B%259B%25E5%2595%2586%252F%25E5%2585%25A8%25E9%2583%25A8%25E6%25B4%25BB%25E5%258A%25A8-%25E5%2595%2586%25E5%2593%2581%25E5%2588%2586%25E6%259E%2590.csv&response-content-type=text%2Fplain%3B%20charset%3DUTF-8
2025-12-02 11:37:14 | INFO | extra_reqlog.py:12 : 在<frame at 0x00000188933FCB80, file 'C:\\Users\\admin\\Desktop\\yiyuan_spider\\extra\\downloader.py', line 83, code _make_request_get>发起了调用,请求成功（status_code:200）
2025-12-02 11:37:14 | INFO | tb_tk_淘宝联盟_商品分析_202504.py:79 : ['林内热水器旗舰店', '林内官方旗舰店'],2025-11-30已入库
2025-12-02 11:37:14 | INFO | tb_tk_淘宝联盟_商品分析_202504.py:86 : ----------------------------------------------------------------------------------------------------
2025-12-02 11:37:14 | INFO | extra_reqlog.py:12 : 在<frame at 0x00000188932511B0, file 'C:\\Users\\admin\\Desktop\\yiyuan_spider\\API\\API_TaoKe\\API_TaoKe_Good.py', line 120, code goods_task_status_list>发起了调用,请求成功（status_code:200）
