2025-08-27 17:21:00 | INFO | data_collector.py:34 : 
************************************************************************************************************************
2025-08-27 17:21:00 | INFO | data_collector.py:35 : 开始采集：tb_tk_淘宝联盟_商品分析_202504
2025-08-27 17:21:00 | INFO | data_collector.py:36 : 接收到的命令行参数: ['C:\\Users\\admin\\Desktop\\yiyuan_spider\\淘系_淘宝联盟\\tb_tk_淘宝联盟_商品分析_202504.py']
2025-08-27 17:21:00 | INFO | data_collector.py:67 : 采集日期列表['2025-08-26'],采集店铺['林内热水器旗舰店']
2025-08-27 17:21:00 | INFO | extra_reqlog.py:12 : 在<frame at 0x000001FB85964800, file 'C:\\Users\\admin\\Desktop\\yiyuan_spider\\TaoBaoLianMengApi\\TaoKeBaseApi.py', line 49, code task_status_list>发起了调用,请求成功（status_code:200）
2025-08-27 17:21:00 | INFO | TaoKeBaseApi.py:78 : {'data': {'result': [{'process': '100', 'fileName': '2025-08-24 00:00:00~2025-08-24 23:59:59-商品分析', 'bizType': 126, 'createTime': '2025-08-27 15:21:36', 'id': 658702744, 'memberId': 1220600123, 'status': 1}], 'prePage': 1, 'pageNo': 1, 'nextPage': 1, 'totalPages': 1, 'allDone': True, 'pageSize': 40, 'hasNext': False, 'totalCount': 1, 'hasPre': False}, 'success': True, 'resultCode': 200, 'bizErrorCode': 0}
2025-08-27 17:21:00 | INFO | TaoKeBaseApi.py:90 : {'2025-08-24 00:00:00~2025-08-24 23:59:59-商品分析': 658702744}
2025-08-27 17:21:00 | INFO | tb_tk_淘宝联盟_商品分析_202504.py:18 : 
------------------------------------------------------------------------------------------------------------------------
在创建 2025-08-26 00:00:00~2025-08-26 23:59:59-商品分析 报告
2025-08-27 17:21:00 | INFO | extra_reqlog.py:12 : 在<frame at 0x000001FB859672A0, file 'C:\\Users\\admin\\Desktop\\yiyuan_spider\\TaoBaoLianMengApi\\TaoKeDataAnalysisApi.py', line 47, code goods_analysis__goods_management>发起了调用,请求成功（status_code:200）
2025-08-27 17:21:00 | SUCCESS | TaoKeDataAnalysisApi.py:48 : 成功！！！创建任务日期:2025-08-26
2025-08-27 17:21:00 | INFO | tb_tk_淘宝联盟_商品分析_202504.py:30 : 任务已创建，658748120
2025-08-27 17:21:00 | INFO | tb_tk_淘宝联盟_商品分析_202504.py:82 : 待采集['2025-08-26']
2025-08-27 17:21:00 | INFO | tb_tk_淘宝联盟_商品分析_202504.py:85 : 
========================================================================================================================
正在采集林内热水器旗舰店，2025-08-26的数据
2025-08-27 17:21:01 | INFO | extra_reqlog.py:12 : 在<frame at 0x000001FB85964800, file 'C:\\Users\\admin\\Desktop\\yiyuan_spider\\TaoBaoLianMengApi\\TaoKeBaseApi.py', line 49, code task_status_list>发起了调用,请求成功（status_code:200）
2025-08-27 17:21:01 | INFO | TaoKeBaseApi.py:78 : {'data': {'result': [{'process': '0', 'fileName': '2025-08-26 00:00:00~2025-08-26 23:59:59-商品分析', 'bizType': 126, 'createTime': '2025-08-27 17:21:01', 'id': 658748120, 'memberId': 1220600123, 'status': 3}, {'process': '100', 'fileName': '2025-08-24 00:00:00~2025-08-24 23:59:59-商品分析', 'bizType': 126, 'createTime': '2025-08-27 15:21:36', 'id': 658702744, 'memberId': 1220600123, 'status': 1}], 'prePage': 1, 'pageNo': 1, 'nextPage': 1, 'totalPages': 1, 'allDone': False, 'pageSize': 40, 'hasNext': False, 'totalCount': 2, 'hasPre': False}, 'success': True, 'resultCode': 200, 'bizErrorCode': 0}
2025-08-27 17:21:01 | INFO | TaoKeBaseApi.py:90 : {'2025-08-24 00:00:00~2025-08-24 23:59:59-商品分析': 658702744}
2025-08-27 17:21:01 | INFO | extra_reqlog.py:12 : 在<frame at 0x000001FB859672A0, file 'C:\\Users\\admin\\Desktop\\yiyuan_spider\\TaoBaoLianMengApi\\TaoKeDataAnalysisApi.py', line 47, code goods_analysis__goods_management>发起了调用,请求成功（status_code:200）
2025-08-27 17:21:01 | SUCCESS | TaoKeDataAnalysisApi.py:48 : 成功！！！创建任务日期:2025-08-26
2025-08-27 17:21:01 | INFO | tb_tk_淘宝联盟_商品分析_202504.py:48 : 任务已经存在
2025-08-27 17:21:31 | INFO | tb_tk_淘宝联盟_商品分析_202504.py:82 : 待采集['2025-08-26']
2025-08-27 17:21:31 | INFO | tb_tk_淘宝联盟_商品分析_202504.py:85 : 
========================================================================================================================
正在采集林内热水器旗舰店，2025-08-26的数据
2025-08-27 17:21:31 | INFO | extra_reqlog.py:12 : 在<frame at 0x000001FB85964800, file 'C:\\Users\\admin\\Desktop\\yiyuan_spider\\TaoBaoLianMengApi\\TaoKeBaseApi.py', line 49, code task_status_list>发起了调用,请求成功（status_code:200）
2025-08-27 17:21:31 | INFO | TaoKeBaseApi.py:78 : {'data': {'result': [{'process': '100', 'fileName': '2025-08-26 00:00:00~2025-08-26 23:59:59-商品分析', 'bizType': 126, 'createTime': '2025-08-27 17:21:02', 'id': 658748120, 'memberId': 1220600123, 'status': 1}, {'process': '100', 'fileName': '2025-08-24 00:00:00~2025-08-24 23:59:59-商品分析', 'bizType': 126, 'createTime': '2025-08-27 15:21:36', 'id': 658702744, 'memberId': 1220600123, 'status': 1}], 'prePage': 1, 'pageNo': 1, 'nextPage': 1, 'totalPages': 1, 'allDone': True, 'pageSize': 40, 'hasNext': False, 'totalCount': 2, 'hasPre': False}, 'success': True, 'resultCode': 200, 'bizErrorCode': 0}
2025-08-27 17:21:31 | INFO | TaoKeBaseApi.py:90 : {'2025-08-26 00:00:00~2025-08-26 23:59:59-商品分析': 658748120, '2025-08-24 00:00:00~2025-08-24 23:59:59-商品分析': 658702744}
2025-08-27 17:21:31 | INFO | extra_reqlog.py:12 : 在<frame at 0x000001FB859A0240, file 'C:\\Users\\admin\\Desktop\\yiyuan_spider\\TaoBaoLianMengApi\\TaoKeBaseApi.py', line 114, code fetch_report_shop_data>发起了调用,请求成功（status_code:200）
2025-08-27 17:21:31 | INFO | TaoKeBaseApi.py:116 : https://union-file-center.oss-cn-zhangjiakou.aliyuncs.com/online_1edbef16864a3ab43b69bcca0f1a964a?Expires=1756286501&OSSAccessKeyId=LTAI4FmnP9ZhkUeeAQpo4VPC&Signature=CfTTa%2F3fBg8yAw9kNqefM7U9FqY%3D&response-content-disposition=attachment%3B%20filename%3D2025-08-26%2000%253A00%253A00%257E2025-08-26%2023%253A59%253A59-%25E5%2595%2586%25E5%2593%2581%25E5%2588%2586%25E6%259E%2590.csv&response-content-type=text%2Fplain%3B%20charset%3DUTF-8
2025-08-27 17:21:31 | INFO | downloader.py:72 : https://union-file-center.oss-cn-zhangjiakou.aliyuncs.com/online_1edbef16864a3ab43b69bcca0f1a964a?Expires=1756286501&OSSAccessKeyId=LTAI4FmnP9ZhkUeeAQpo4VPC&Signature=CfTTa%2F3fBg8yAw9kNqefM7U9FqY%3D&response-content-disposition=attachment%3B%20filename%3D2025-08-26%2000%253A00%253A00%257E2025-08-26%2023%253A59%253A59-%25E5%2595%2586%25E5%2593%2581%25E5%2588%2586%25E6%259E%2590.csv&response-content-type=text%2Fplain%3B%20charset%3DUTF-8
2025-08-27 17:21:31 | INFO | extra_reqlog.py:12 : 在<frame at 0x000001FB859A8040, file 'C:\\Users\\admin\\Desktop\\yiyuan_spider\\extra\\downloader.py', line 74, code make_request_get>发起了调用,请求成功（status_code:200）
2025-08-27 17:21:31 | INFO | tb_tk_淘宝联盟_商品分析_202504.py:108 : ['林内热水器旗舰店'],['2025-08-26']已入库
2025-08-27 17:21:31 | INFO | tb_tk_淘宝联盟_商品分析_202504.py:109 : ----------------------------------------------------------------------------------------------------
2025-08-27 17:21:31 | INFO | tb_tk_淘宝联盟_商品分析_202504.py:110 : 
************************************************************************************************************************
